Log file open, 09/14/18 01:51:12
LogWindows: Failed to load 'aqProf.dll' (GetLastError=126)
LogWindows: File 'aqProf.dll' does not exist
LogWindows: Failed to load 'VtuneApi.dll' (GetLastError=126)
LogWindows: File 'VtuneApi.dll' does not exist
LogWindows: Failed to load 'VtuneApi32e.dll' (GetLastError=126)
LogWindows: File 'VtuneApi32e.dll' does not exist
LogInit: Display: Running engine for game: MyProject
LogPlatformFile: Not using cached read wrapper
LogTaskGraph: Started task graph with 5 named threads and 11 total threads with 3 sets of task threads.
LogStats: Stats thread started at 0.202432
LogD3D11RHI: Loaded GFSDK_Aftermath_Lib.x64.dll
LogICUInternationalization: Display: ICU TimeZone Detection - Raw Offset: +1:00, Platform Override: ''
LogPluginManager: Mounting plugin Paper2D
LogPluginManager: Mounting plugin AISupport
LogPluginManager: Mounting plugin LightPropagationVolume
LogPluginManager: Mounting plugin CLionSourceCodeAccess
LogPluginManager: Mounting plugin CodeLiteSourceCodeAccess
LogPluginManager: Mounting plugin GitSourceControl
LogPluginManager: Mounting plugin KDevelopSourceCodeAccess
LogPluginManager: Mounting plugin NullSourceCodeAccess
LogPluginManager: Mounting plugin PerforceSourceControl
LogPluginManager: Mounting plugin SubversionSourceControl
LogPluginManager: Mounting plugin UObjectPlugin
LogPluginManager: Mounting plugin VisualStudioCodeSourceCodeAccess
LogPluginManager: Mounting plugin VisualStudioSourceCodeAccess
LogPluginManager: Mounting plugin XCodeSourceCodeAccess
LogPluginManager: Mounting plugin AssetManagerEditor
LogPluginManager: Mounting plugin CryptoKeys
LogPluginManager: Mounting plugin DataValidation
LogPluginManager: Mounting plugin EditorScriptingUtilities
LogPluginManager: Mounting plugin FacialAnimation
LogPluginManager: Mounting plugin GameplayTagsEditor
LogPluginManager: Mounting plugin MacGraphicsSwitching
LogPluginManager: Mounting plugin MeshEditor
LogPluginManager: Mounting plugin MobileLauncherProfileWizard
LogPluginManager: Mounting plugin PluginBrowser
LogPluginManager: Mounting plugin SpeedTreeImporter
LogPluginManager: Mounting plugin DatasmithContent
LogPluginManager: Mounting plugin AlembicImporter
LogPluginManager: Mounting plugin AppleImageUtils
LogPluginManager: Mounting plugin AppleVision
LogPluginManager: Mounting plugin BackChannel
LogPluginManager: Mounting plugin CharacterAI
LogPluginManager: Mounting plugin GeometryCache
LogPluginManager: Mounting plugin HTML5Networking
LogPluginManager: Mounting plugin ProxyLODPlugin
LogPluginManager: Mounting plugin MagicLeap
LogPluginManager: Mounting plugin MagicLeapEmulator
LogPluginManager: Mounting plugin MagicLeapMedia
LogPluginManager: Mounting plugin AndroidMedia
LogPluginManager: Mounting plugin AvfMedia
LogPluginManager: Mounting plugin ImgMedia
LogPluginManager: Mounting plugin LinearTimecode
LogPluginManager: Mounting plugin MediaCompositing
LogPluginManager: Mounting plugin MediaPlayerEditor
LogPluginManager: Mounting plugin WmfMedia
LogPluginManager: Mounting plugin TcpMessaging
LogPluginManager: Mounting plugin UdpMessaging
LogPluginManager: Mounting plugin ActorSequence
LogPluginManager: Mounting plugin LevelSequenceEditor
LogPluginManager: Mounting plugin MatineeToLevelSequence
LogPluginManager: Mounting plugin NetcodeUnitTest
LogPluginManager: Mounting plugin NUTUnrealEngine4
LogPluginManager: Mounting plugin OnlineSubsystemGooglePlay
LogPluginManager: Mounting plugin OnlineSubsystemIOS
LogPluginManager: Mounting plugin OnlineSubsystem
LogPluginManager: Mounting plugin OnlineSubsystemNull
LogPluginManager: Mounting plugin OnlineSubsystemUtils
LogPluginManager: Mounting plugin LauncherChunkInstaller
LogPluginManager: Mounting plugin AndroidDeviceProfileSelector
LogPluginManager: Mounting plugin AndroidMoviePlayer
LogPluginManager: Mounting plugin AndroidPermission
LogPluginManager: Mounting plugin AppleMoviePlayer
LogPluginManager: Mounting plugin ArchVisCharacter
LogPluginManager: Mounting plugin AudioCapture
LogPluginManager: Mounting plugin CableComponent
LogPluginManager: Mounting plugin CustomMeshComponent
LogPluginManager: Mounting plugin EditableMesh
LogPluginManager: Mounting plugin ExampleDeviceProfileSelector
LogPluginManager: Mounting plugin GoogleCloudMessaging
LogPluginManager: Mounting plugin ImmediatePhysics
LogPluginManager: Mounting plugin IOSDeviceProfileSelector
LogPluginManager: Mounting plugin LinuxDeviceProfileSelector
LogPluginManager: Mounting plugin LocationServicesBPLibrary
LogPluginManager: Mounting plugin MobilePatchingUtils
LogPluginManager: Mounting plugin OculusVR
LogPluginManager: Plugin shader directory ../../../Engine/Plugins/Runtime/Oculus/OculusVR/Shaders found
LogPluginManager: Mapping shader source directory ../../../Engine/Plugins/Runtime/Oculus/OculusVR/Shaders to virtual directory /Plugin/OculusVR
LogPluginManager: Mounting plugin PhysXVehicles
LogPluginManager: Mounting plugin ProceduralMeshComponent
LogPluginManager: Mounting plugin RuntimePhysXCooking
LogPluginManager: Mounting plugin SteamVR
LogPluginManager: Mounting plugin WindowsMoviePlayer
LogPluginManager: Mounting plugin DatasmithCADImporter
LogPluginManager: Mounting plugin DatasmithFBXImporter
LogPluginManager: Mounting plugin DatasmithImporter
LogPluginManager: Mounting plugin DatasmithMDLImporter
LogPluginManager: Mounting plugin StaticMeshEditorExtension
LogStreaming: Display: Took  0.322s to configure plugins.
LogInit: Using libcurl 7.55.1-DEV
LogInit:  - built for x86_64-pc-win32
LogInit:  - supports SSL with OpenSSL/1.0.2h
LogInit:  - supports HTTP deflate (compression) using libz 1.2.8
LogInit:  - other features:
LogInit:      CURL_VERSION_SSL
LogInit:      CURL_VERSION_LIBZ
LogInit:      CURL_VERSION_IPV6
LogInit:      CURL_VERSION_ASYNCHDNS
LogInit:      CURL_VERSION_LARGEFILE
LogInit:      CURL_VERSION_IDN
LogInit:  CurlRequestOptions (configurable via config and command line):
LogInit:  - bVerifyPeer = false  - Libcurl will NOT verify peer certificate
LogInit:  - bUseHttpProxy = false  - Libcurl will NOT use HTTP proxy
LogInit:  - bDontReuseConnections = false  - Libcurl will reuse connections
LogInit:  - CertBundlePath = nullptr  - Libcurl will use whatever was configured at build time.
LogInit:  - MaxHostConnections = 16  - Libcurl will limit the number of connections to a host
LogInit:  - LocalHostAddr = Default
LogInit:  - BufferSize = 65536
LogInit: WinSock: version 1.1 (2.2), MaxSocks=32767, MaxUdp=65467
LogInit: Build: ++UE4+Release-4.20-CL-4233996
LogInit: Engine Version: 4.20.2-4233996+++UE4+Release-4.20
LogInit: Compatible Engine Version: 4.20.0-4212847+++UE4+Release-4.20
LogInit: Net CL: 4212847
LogInit: OS: Windows 10 (), CPU:        Intel(R) Core(TM) i3-3110M CPU @ 2.40GHz, GPU: Intel(R) HD Graphics 4000
LogInit: Compiled (64-bit): Jul 26 2018 10:07:30
LogInit: Compiled with Visual C++: 19.13.26129.00
LogInit: Build Configuration: Development
LogInit: Branch Name: ++UE4+Release-4.20
LogInit: Command Line:  
LogInit: Base Directory: C:/Program Files/Epic Games/UE_4.20/Engine/Binaries/Win64/
LogInit: Installed Engine Build: 1
LogDevObjectVersion: Number of dev versions registered: 20
LogDevObjectVersion:   Dev-Blueprints (B0D832E4-1F89-4F0D-ACCF-7EB736FD4AA2): 10
LogDevObjectVersion:   Dev-Build (E1C64328-A22C-4D53-A36C-8E866417BD8C): 0
LogDevObjectVersion:   Dev-Core (375EC13C-06E4-48FB-B500-84F0262A717E): 2
LogDevObjectVersion:   Dev-Editor (E4B068ED-F494-42E9-A231-DA0B2E46BB41): 24
LogDevObjectVersion:   Dev-Framework (CFFC743F-43B0-4480-9391-14DF171D2073): 34
LogDevObjectVersion:   Dev-Mobile (B02B49B5-BB20-44E9-A304-32B752E40360): 2
LogDevObjectVersion:   Dev-Networking (A4E4105C-59A1-49B5-A7C5-40C4547EDFEE): 0
LogDevObjectVersion:   Dev-Online (39C831C9-5AE6-47DC-9A44-9C173E1C8E7C): 0
LogDevObjectVersion:   Dev-Physics (78F01B33-EBEA-4F98-B9B4-84EACCB95AA2): 0
LogDevObjectVersion:   Dev-Platform (6631380F-2D4D-43E0-8009-CF276956A95A): 0
LogDevObjectVersion:   Dev-Rendering (12F88B9F-8875-4AFC-A67C-D90C383ABD29): 26
LogDevObjectVersion:   Dev-Sequencer (7B5AE74C-D270-4C10-A958-57980B212A5A): 9
LogDevObjectVersion:   Dev-VR (D7296918-1DD6-4BDD-9DE2-64A83CC13884): 2
LogDevObjectVersion:   Dev-LoadTimes (C2A15278-BFE7-4AFE-6C17-90FF531DF755): 1
LogDevObjectVersion:   Private-Geometry (6EACA3D4-40EC-4CC1-B786-8BED09428FC5): 3
LogDevObjectVersion:   Dev-AnimPhys (29E575DD-E0A3-4627-9D10-D276232CDCEA): 17
LogDevObjectVersion:   Dev-ReflectionCapture (6B266CEC-1EC7-4B8F-A30B-E4D90942FC07): 1
LogDevObjectVersion:   Dev-Automation (0DF73D61-A23F-47EA-B727-89E90C41499A): 1
LogDevObjectVersion:   FortniteMain (601D1886-AC64-4F84-AA16-D3DE0DEAC7D6): 12
LogDevObjectVersion:   Dev-Enterprise (9DFFBCD6-494F-0158-E221-12823C92A888): 1
LogStreaming: Display: Took  0.001s to delete old logs.
LogInit: Presizing for max 8388607 objects, including 0 objects not considered by GC, pre-allocating 0 bytes for permanent pool.
LogInit: Object subsystem initialized
[2018.09.13-23.51.12:524][  0]LogInit: Selected Device Profile: [Windows]
[2018.09.13-23.51.12:524][  0]LogInit: Applying CVar settings loaded from the selected device profile: [Windows]
[2018.09.13-23.51.12:620][  0]LogHAL: Display: Platform has ~ 6 GB [6322470912 / 8589934592 / 6], which maps to Smaller [LargestMinGB=32, LargerMinGB=12, DefaultMinGB=8, SmallerMinGB=6, SmallestMinGB=0)
[2018.09.13-23.51.12:620][  0]LogInit: Setting Device Profile CVar: [[r.Vulkan.UseRealUBs:1]]
[2018.09.13-23.51.12:620][  0]LogInit: Going up to parent DeviceProfile []
[2018.09.13-23.51.12:621][  0]LogInit: Computer: PC_DONO
[2018.09.13-23.51.12:621][  0]LogInit: User: Donovan
[2018.09.13-23.51.12:621][  0]LogInit: CPU Page size=4096, Cores=2
[2018.09.13-23.51.12:621][  0]LogInit: High frequency timer resolution =2.338448 MHz
[2018.09.13-23.51.12:621][  0]LogMemory: Memory total: Physical=5.9GB (6GB approx)
[2018.09.13-23.51.12:621][  0]LogMemory: Platform Memory Stats for Windows
[2018.09.13-23.51.12:621][  0]LogMemory: Process Physical Memory: 100.25 MB used, 100.25 MB peak
[2018.09.13-23.51.12:621][  0]LogMemory: Process Virtual Memory: 84.02 MB used, 84.02 MB peak
[2018.09.13-23.51.12:621][  0]LogMemory: Physical Memory: 2399.53 MB used,  3630.05 MB free, 6029.58 MB total
[2018.09.13-23.51.12:621][  0]LogMemory: Virtual Memory: 4616.54 MB used,  3630.05 MB free, 134217728.00 MB total
[2018.09.13-23.51.13:194][  0]LogInit: Using OS detected language (fr-FR).
[2018.09.13-23.51.13:194][  0]LogInit: Using OS detected locale (fr-FR).
[2018.09.13-23.51.13:195][  0]LogTextLocalizationManager: No specific localization for 'fr-FR' exists, so the 'fr' localization will be used.
[2018.09.13-23.51.13:197][  0]LogStreaming: Display: Took  0.004s to InitEngineTextLocalization.
[2018.09.13-23.51.13:197][  0]LogInit: Setting process to per monitor DPI aware
[2018.09.13-23.51.13:242][  0]LogSlate: New Slate User Created.  User Index 0, Is Virtual User: 0
[2018.09.13-23.51.13:242][  0]LogSlate: Slate User Registered.  User Index 0, Is Virtual User: 0
[2018.09.13-23.51.13:591][  0]LogHMD: Failed to initialize OpenVR with code 110
[2018.09.13-23.51.13:591][  0]LogD3D11RHI: D3D11 adapters:
[2018.09.13-23.51.13:630][  0]LogD3D11RHI:    0. 'NVIDIA GeForce GT 720M' (Feature Level 11_0)
[2018.09.13-23.51.13:630][  0]LogD3D11RHI:       1999/0/3014 MB DedicatedVideo/DedicatedSystem/SharedSystem, Outputs:1, VendorId:0x10de
[2018.09.13-23.51.13:635][  0]LogD3D11RHI:    1. 'Intel(R) HD Graphics 4000' (Feature Level 11_0)
[2018.09.13-23.51.13:635][  0]LogD3D11RHI:       32/0/1760 MB DedicatedVideo/DedicatedSystem/SharedSystem, Outputs:0, VendorId:0x8086
[2018.09.13-23.51.13:639][  0]LogD3D11RHI:    2. 'Microsoft Basic Render Driver' (Feature Level 11_0)
[2018.09.13-23.51.13:639][  0]LogD3D11RHI:       0/0/3014 MB DedicatedVideo/DedicatedSystem/SharedSystem, Outputs:0, VendorId:0x1414
[2018.09.13-23.51.13:639][  0]LogD3D11RHI: Chosen D3D11 Adapter: 0
[2018.09.13-23.51.13:667][  0]LogD3D11RHI: Creating new Direct3DDevice
[2018.09.13-23.51.13:667][  0]LogD3D11RHI:     GPU DeviceId: 0x1140 (for the marketing name, search the web for "GPU Device Id")
[2018.09.13-23.51.13:667][  0]LogWindows: EnumDisplayDevices:
[2018.09.13-23.51.13:667][  0]LogWindows:    0. 'Intel(R) HD Graphics 4000' (P:1 D:1)
[2018.09.13-23.51.13:668][  0]LogWindows:    1. 'Intel(R) HD Graphics 4000' (P:0 D:0)
[2018.09.13-23.51.13:668][  0]LogWindows:    2. 'Intel(R) HD Graphics 4000' (P:0 D:0)
[2018.09.13-23.51.13:668][  0]LogWindows: DebugString: PrimaryIsNotTheChoosenAdapter PrimaryIsNotTheChoosenAdapter PrimaryIsNotTheChoosenAdapter FoundDriverCount:0 
[2018.09.13-23.51.13:668][  0]LogD3D11RHI:     Adapter Name: NVIDIA GeForce GT 720M
[2018.09.13-23.51.13:668][  0]LogD3D11RHI:   Driver Version: Unknown (internal:Unknown, unified:Unknown)
[2018.09.13-23.51.13:668][  0]LogD3D11RHI:      Driver Date: Unknown
[2018.09.13-23.51.13:668][  0]LogRHI: Texture pool is 1399 MB (70% of 1999 MB)
[2018.09.13-23.51.13:698][  0]LogD3D11RHI: Display: Timestamp queries are currently disabled on this hardware due to instability. Realtime GPU stats will not be available. You can override this behaviour by setting r.NVIDIATimestampWorkaround to 0
[2018.09.13-23.51.13:698][  0]LogD3D11RHI: Async texture creation enabled
[2018.09.13-23.51.13:714][  0]LogD3D11RHI: GPU Timing Frequency: 1000.000000 (Debug: 2 1)
[2018.09.13-23.51.13:716][  0]LogShaderCompilers: Guid format shader working directory is -28 characters bigger than the processId version (../../../../../../Users/Donovan/UE4_Project/GameJamProject/GameJam/MyProject/Intermediate/Shaders/WorkingDirectory/7988/).
[2018.09.13-23.51.13:716][  0]LogShaderCompilers: Cleaned the shader compiler working directory 'C:/Users/Donovan/AppData/Local/Temp/UnrealShaderWorkingDir/E1312EFD45F03C70C3A121A0050F7826/'.
[2018.09.13-23.51.14:190][  0]LogTemp: Display: Loaded TP AllDesktopTargetPlatform
[2018.09.13-23.51.14:213][  0]LogTemp: Display: Loaded TP MacClientTargetPlatform
[2018.09.13-23.51.14:245][  0]LogTemp: Display: Loaded TP MacNoEditorTargetPlatform
[2018.09.13-23.51.14:268][  0]LogTemp: Display: Loaded TP MacServerTargetPlatform
[2018.09.13-23.51.14:292][  0]LogTemp: Display: Loaded TP MacTargetPlatform
[2018.09.13-23.51.14:319][  0]LogTemp: Display: Loaded TP WindowsClientTargetPlatform
[2018.09.13-23.51.14:347][  0]LogTemp: Display: Loaded TP WindowsNoEditorTargetPlatform
[2018.09.13-23.51.14:370][  0]LogTemp: Display: Loaded TP WindowsServerTargetPlatform
[2018.09.13-23.51.14:381][  0]LogTemp: Display: Loaded TP WindowsTargetPlatform
[2018.09.13-23.51.14:521][  0]LogTemp: Display: Loaded TP AndroidTargetPlatform
[2018.09.13-23.51.14:521][  0]LogTemp: Display: Loaded TP AndroidTargetPlatform
[2018.09.13-23.51.14:521][  0]LogTemp: Display: Loaded TP AndroidTargetPlatform
[2018.09.13-23.51.14:521][  0]LogTemp: Display: Loaded TP AndroidTargetPlatform
[2018.09.13-23.51.14:521][  0]LogTemp: Display: Loaded TP AndroidTargetPlatform
[2018.09.13-23.51.14:521][  0]LogTemp: Display: Loaded TP AndroidTargetPlatform
[2018.09.13-23.51.14:521][  0]LogTemp: Display: Loaded TP AndroidTargetPlatform
[2018.09.13-23.51.14:521][  0]LogTemp: Display: Loaded TP AndroidTargetPlatform
[2018.09.13-23.51.14:521][  0]LogTemp: Display: Loaded TP AndroidTargetPlatform
[2018.09.13-23.51.14:521][  0]LogTemp: Display: Loaded TP AndroidTargetPlatform
[2018.09.13-23.51.14:521][  0]LogTemp: Display: Loaded TP AndroidTargetPlatform
[2018.09.13-23.51.14:521][  0]LogTemp: Display: Loaded TP AndroidTargetPlatform
[2018.09.13-23.51.14:521][  0]LogTemp: Display: Loaded TP AndroidTargetPlatform
[2018.09.13-23.51.14:521][  0]LogTemp: Display: Loaded TP AndroidTargetPlatform
[2018.09.13-23.51.14:521][  0]LogTemp: Display: Loaded TP AndroidTargetPlatform
[2018.09.13-23.51.14:521][  0]LogTemp: Display: Loaded TP AndroidTargetPlatform
[2018.09.13-23.51.14:521][  0]LogTemp: Display: Loaded TP AndroidTargetPlatform
[2018.09.13-23.51.14:521][  0]LogTemp: Display: Loaded TP AndroidTargetPlatform
[2018.09.13-23.51.14:523][  0]LogTemp: Display: Loaded TP HTML5TargetPlatform
[2018.09.13-23.51.14:601][  0]LogTemp: Display: Loaded TP IOSTargetPlatform
[2018.09.13-23.51.14:601][  0]LogTemp: Display: Loaded TP IOSTargetPlatform
[2018.09.13-23.51.14:640][  0]LogTemp: Display: Loaded TP TVOSTargetPlatform
[2018.09.13-23.51.14:641][  0]LogTemp: Display: Loaded TP TVOSTargetPlatform
[2018.09.13-23.51.14:660][  0]LogTemp: Display: Loaded TP LinuxClientTargetPlatform
[2018.09.13-23.51.14:680][  0]LogTemp: Display: Loaded TP LinuxNoEditorTargetPlatform
[2018.09.13-23.51.14:705][  0]LogTemp: Display: Loaded TP LinuxServerTargetPlatform
[2018.09.13-23.51.14:726][  0]LogTemp: Display: Loaded TP LinuxTargetPlatform
[2018.09.13-23.51.14:740][  0]LogTemp: Display: Loaded TP LuminTargetPlatform
[2018.09.13-23.51.14:740][  0]LogTargetPlatformManager: Display: Building Assets For Windows
[2018.09.13-23.51.14:845][  0]LogXGEController: Cleaning working directory: C:/Users/Donovan/AppData/Local/Temp/UnrealXGEWorkingDir/
[2018.09.13-23.51.14:845][  0]LogXGEController: Cannot use XGE Controller as Incredibuild is not installed on this machine.
[2018.09.13-23.51.14:845][  0]LogShaderCompilers: Cannot use XGE Shader Compiler as Incredibuild is not installed on this machine.
[2018.09.13-23.51.14:845][  0]LogShaderCompilers: Display: Using Local Shader Compiler.
[2018.09.13-23.51.16:051][  0]LogDerivedDataCache: Display: Max Cache Size: 512 MB
[2018.09.13-23.51.16:144][  0]LogDerivedDataCache: Loaded boot cache 0.09s 72MB C:/Users/Donovan/AppData/Local/UnrealEngine/4.20/DerivedDataCache/Boot.ddc.
[2018.09.13-23.51.16:145][  0]LogDerivedDataCache: Display: Loaded Boot cache: C:/Users/Donovan/AppData/Local/UnrealEngine/4.20/DerivedDataCache/Boot.ddc
[2018.09.13-23.51.16:145][  0]LogDerivedDataCache: FDerivedDataBackendGraph:  Pak pak cache file ../../../../../../Users/Donovan/UE4_Project/GameJamProject/GameJam/MyProject/DerivedDataCache/DDC.ddp not found, will not use a pak cache.
[2018.09.13-23.51.16:145][  0]LogDerivedDataCache: Unable to find inner node Pak for hierarchical cache Hierarchy.
[2018.09.13-23.51.16:145][  0]LogDerivedDataCache: FDerivedDataBackendGraph:  CompressedPak pak cache file ../../../../../../Users/Donovan/UE4_Project/GameJamProject/GameJam/MyProject/DerivedDataCache/Compressed.ddp not found, will not use a pak cache.
[2018.09.13-23.51.16:145][  0]LogDerivedDataCache: Unable to find inner node CompressedPak for hierarchical cache Hierarchy.
[2018.09.13-23.51.16:167][  0]LogDerivedDataCache: Display: Pak cache opened for reading ../../../Engine/DerivedDataCache/Compressed.ddp.
[2018.09.13-23.51.16:180][  0]LogDerivedDataCache: Using Local data cache path C:/Users/Donovan/AppData/Local/UnrealEngine/Common/DerivedDataCache: Writable
[2018.09.13-23.51.16:180][  0]LogDerivedDataCache: Shared data cache path not found in *engine.ini, will not use an Shared cache.
[2018.09.13-23.51.16:180][  0]LogDerivedDataCache: Unable to find inner node Shared for hierarchical cache Hierarchy.
[2018.09.13-23.51.16:210][  0]LogMaterial: Verifying Global Shaders for PCD3D_SM5
[2018.09.13-23.51.16:213][  0]LogSlate: Using FreeType 2.6.0
[2018.09.13-23.51.16:213][  0]LogSlate: SlateFontServices - WITH_FREETYPE: 1, WITH_HARFBUZZ: 1
[2018.09.13-23.51.16:322][  0]LogAssetRegistry: FAssetRegistry took 0.0287 seconds to start up
[2018.09.13-23.51.16:908][  0]LogInit: Selected Device Profile: [Windows]
[2018.09.13-23.51.16:992][  0]LogSimplygon: Simplygon DLL not present - disabling.
[2018.09.13-23.51.16:998][  0]LogMeshReduction: Using SimplygonSwarm for distributed automatic mesh merging
[2018.09.13-23.51.16:998][  0]LogMeshReduction: Using ProxyLODMeshReduction for automatic mesh merging
[2018.09.13-23.51.16:998][  0]LogMeshReduction: Using QuadricMeshReduction for automatic static mesh reduction
[2018.09.13-23.51.16:998][  0]LogMeshReduction: No automatic skeletal mesh reduction module available
[2018.09.13-23.51.17:151][  0]LogNetVersion: MyProject 1.0.0, NetCL: 4212847, EngineNetVer: 5, GameNetVer: 0 (Checksum: 1110078900)
[2018.09.13-23.51.17:987][  0]LogPackageLocalizationCache: Processed 13 localized package path(s) for 2 prioritized culture(s) in 0.206578 seconds
[2018.09.13-23.51.17:999][  0]LogUObjectArray: 38425 objects as part of root set at end of initial load.
[2018.09.13-23.51.17:999][  0]LogUObjectAllocator: 6690864 out of 0 bytes used by permanent object pool.
[2018.09.13-23.51.17:999][  0]LogUObjectArray: CloseDisregardForGC: 0/0 objects in disregard for GC pool
[2018.09.13-23.51.19:356][  0]LogTcpMessaging: Initializing TcpMessaging bridge
[2018.09.13-23.51.19:370][  0]LogUdpMessaging: Initializing bridge on interface 0.0.0.0:0 to multicast group 230.0.0.1:6666.
[2018.09.13-23.51.19:560][  0]SourceControl: Source control is disabled
[2018.09.13-23.51.19:560][  0]SourceControl: Source control is disabled
[2018.09.13-23.51.19:562][  0]SourceControl: Source control is disabled
[2018.09.13-23.51.19:564][  0]SourceControl: Source control is disabled
[2018.09.13-23.51.19:765][  0]LogAndroidPermission: UAndroidPermissionCallbackProxy::GetInstance
[2018.09.13-23.51.19:820][  0]LogOcInput: OculusInput pre-init called
[2018.09.13-23.51.22:704][  0]LogEngine: Initializing Engine...
[2018.09.13-23.51.22:705][  0]LogHMD: Failed to initialize OpenVR with code 110
[2018.09.13-23.51.22:707][  0]LogStats: UGameplayTagsManager::ConstructGameplayTagTree: ImportINI prefixes -  0.000 s
[2018.09.13-23.51.22:707][  0]LogStats: UGameplayTagsManager::ConstructGameplayTagTree: Construct from data asset -  0.000 s
[2018.09.13-23.51.22:707][  0]LogStats: UGameplayTagsManager::ConstructGameplayTagTree: ImportINI -  0.000 s
[2018.09.13-23.51.22:707][  0]LogStats: UGameplayTagsManager::ConstructGameplayTagTree: GameplayTagTreeChangedEvent.Broadcast -  0.000 s
[2018.09.13-23.51.23:074][  0]LogInit: Initializing FReadOnlyCVARCache
[2018.09.13-23.51.23:101][  0]LogAIModule: Creating AISystem for world Untitled
[2018.09.13-23.51.23:110][  0]LogInit: XAudio2 using 'Haut-parleurs (Realtek High Definition Audio)' : 2 channels at 48 kHz using 32 bits per sample (channel mask 0x3)
[2018.09.13-23.51.23:217][  0]LogInit: FAudioDevice initialized.
[2018.09.13-23.51.23:218][  0]LogNetVersion: Set ProjectVersion to 1.0.0.0. Version Checksum will be recalculated on next use.
[2018.09.13-23.51.23:473][  0]LogDerivedDataCache: Saved boot cache 0.26s 72MB C:/Users/Donovan/AppData/Local/UnrealEngine/4.20/DerivedDataCache/Boot.ddc.
[2018.09.13-23.51.23:486][  0]LogInit: Texture streaming: Enabled
[2018.09.13-23.51.23:514][  0]LogEngineSessionManager: EngineSessionManager initialized
[2018.09.13-23.51.23:533][  0]LogInit: Transaction tracking system initialized
[2018.09.13-23.51.23:577][  0]BlueprintLog: New page: Editor Load
[2018.09.13-23.51.23:708][  0]LocalizationService: Localization service is disabled
[2018.09.13-23.51.25:014][  0]LogCook: Display: Max memory allowance for cook 16384mb min free memory 0mb
[2018.09.13-23.51.25:014][  0]LogCook: Display: Mobile HDR setting 1
[2018.09.13-23.51.25:014][  0]LogGameplayTags: Display: UGameplayTagsManager::DoneAddingNativeTags. DelegateIsBound: 0
[2018.09.13-23.51.25:014][  0]LogStats: UGameplayTagsManager::ConstructGameplayTagTree: ImportINI prefixes -  0.000 s
[2018.09.13-23.51.25:015][  0]LogStats: UGameplayTagsManager::ConstructGameplayTagTree: Construct from data asset -  0.000 s
[2018.09.13-23.51.25:015][  0]LogStats: UGameplayTagsManager::ConstructGameplayTagTree: ImportINI -  0.000 s
[2018.09.13-23.51.25:015][  0]LogStats: UGameplayTagsManager::ConstructGameplayTagTree: GameplayTagTreeChangedEvent.Broadcast -  0.000 s
[2018.09.13-23.51.25:209][  0]LogFileCache: Scanning file cache for directory 'C:/Users/Donovan/UE4_Project/GameJamProject/GameJam/MyProject/Content/' took 0.02s
[2018.09.13-23.51.26:954][  0]SourceControl: Source control is disabled
[2018.09.13-23.51.26:954][  0]Cmd: MAP LOAD FILE="../../../../../../Users/Donovan/UE4_Project/GameJamProject/GameJam/MyProject/Content/StarterContent/Maps/Minimal_Default.umap" TEMPLATE=0 SHOWPROGRESS=1 FEATURELEVEL=3
[2018.09.13-23.51.26:955][  0]LightingResults: New page: Lighting Build
[2018.09.13-23.51.26:959][  0]MapCheck: New page: Map Check
[2018.09.13-23.51.26:959][  0]LightingResults: New page: Lighting Build
[2018.09.13-23.51.27:523][  0]LogAIModule: Creating AISystem for world Minimal_Default
[2018.09.13-23.51.27:538][  0]LogEditorServer: Finished looking for orphan Actors (0.000 secs)
[2018.09.13-23.51.27:578][  0]Cmd: MAP CHECKDEP NOCLEARLOG
[2018.09.13-23.51.27:710][  0]MapCheck: Map check complete: 0 Error(s), 0 Warning(s), took 131,542ms to complete.
[2018.09.13-23.51.27:710][  0]LogFileHelpers: Loading map 'Minimal_Default' took 0.756
[2018.09.13-23.51.27:853][  0]LogSlate: Updating window title bar state: overlay mode, drag disabled, window buttons hidden, title bar hidden
[2018.09.13-23.51.27:865][  0]LogSlate: Updating window title bar state: overlay mode, drag disabled, window buttons hidden, title bar hidden
[2018.09.13-23.51.27:878][  0]LogSlate: Updating window title bar state: overlay mode, drag disabled, window buttons hidden, title bar hidden
[2018.09.13-23.51.27:890][  0]LogSlate: Updating window title bar state: overlay mode, drag disabled, window buttons hidden, title bar hidden
[2018.09.13-23.51.27:900][  0]LogCollectionManager: Loaded 0 collections in 0.003111 seconds
[2018.09.13-23.51.27:945][  0]LogFileCache: Scanning file cache for directory 'C:/Users/Donovan/UE4_Project/GameJamProject/GameJam/MyProject/Saved/Collections/' took 0.01s
[2018.09.13-23.51.27:945][  0]LogFileCache: Scanning file cache for directory 'C:/Users/Donovan/UE4_Project/GameJamProject/GameJam/MyProject/Content/Developers/Donovan/Collections/' took 0.01s
[2018.09.13-23.51.27:945][  0]LogFileCache: Scanning file cache for directory 'C:/Users/Donovan/UE4_Project/GameJamProject/GameJam/MyProject/Content/Collections/' took 0.01s
[2018.09.13-23.51.27:945][  0]LogCollectionManager: Rebuilt the GUID cache for 0 collections in 0.000000 seconds
[2018.09.13-23.51.27:960][  0]LogContentBrowser: Native class hierarchy populated in 0.0151 seconds. Added 2622 classes and 631 folders.
[2018.09.13-23.51.27:972][  0]LogContentBrowser: Native class hierarchy updated for 'WidgetCarousel' in 0.0004 seconds. Added 0 classes and 0 folders.
[2018.09.13-23.51.28:038][  0]LogContentBrowser: Native class hierarchy updated for 'AddContentDialog' in 0.0004 seconds. Added 0 classes and 0 folders.
[2018.09.13-23.51.28:057][  0]LogSlate: Took 0.000322 seconds to synchronously load lazily loaded font '../../../Engine/Content/Slate/Fonts/Roboto-Regular.ttf' (155K)
[2018.09.13-23.51.28:064][  0]LogSlate: Took 0.000284 seconds to synchronously load lazily loaded font '../../../Engine/Content/Editor/Slate/Fonts/FontAwesome.ttf' (139K)
[2018.09.13-23.51.28:064][  0]LogSlate: Took 0.000201 seconds to synchronously load lazily loaded font '../../../Engine/Content/Slate/Fonts/Roboto-Bold.ttf' (160K)
[2018.09.13-23.51.28:242][  0]LogContentBrowser: Native class hierarchy updated for 'HierarchicalLODOutliner' in 0.0004 seconds. Added 0 classes and 0 folders.
[2018.09.13-23.51.28:242][  0]LogLoad: (Engine Initialization) Total time: 18.26 seconds
[2018.09.13-23.51.28:242][  0]LogLoad: (Engine Initialization) Total Blueprint compile time: 0.00 seconds
[2018.09.13-23.51.28:288][  0]LogContentStreaming: Texture pool size now 400 MB
[2018.09.13-23.51.28:305][  0]LogSlate: Took 0.000297 seconds to synchronously load lazily loaded font '../../../Engine/Content/Slate/Fonts/Roboto-Light.ttf' (167K)
[2018.09.13-23.51.28:814][  2]LogD3D11RHI: Timed out while waiting for GPU to catch up. (0.5 s)
[2018.09.13-23.51.28:840][  2]LogRenderer: Reallocating scene render targets to support 128x128 Format 9 NumSamples 1 (Frame:0).
[2018.09.13-23.51.28:840][  2]LogAssetRegistry: Asset discovery search completed in 12.5407 seconds
[2018.09.13-23.51.28:845][  2]LogCollectionManager: Rebuilt the object cache for 0 collections in 0.000000 seconds (found 0 objects)
[2018.09.13-23.51.28:846][  2]LogCollectionManager: Fixed up redirectors for 0 collections in 0.000200 seconds (updated 0 objects)
[2018.09.13-23.54.10:180][ 89]LogSlate: Window 'New Level' being destroyed
[2018.09.13-23.54.10:187][ 89]LightingResults: New page: Lighting Build
[2018.09.13-23.54.10:188][ 89]MapCheck: New page: Map Check
[2018.09.13-23.54.10:188][ 89]LightingResults: New page: Lighting Build
[2018.09.13-23.54.10:241][ 89]LogAIModule: Creating AISystem for world Untitled
[2018.09.13-23.54.10:245][ 89]LoadErrors: New page: New Map
[2018.09.13-23.54.20:580][236]LogSlate: Window 'Save Level As' being destroyed
[2018.09.13-23.54.20:842][236]LogSlate: Took 0.000293 seconds to synchronously load lazily loaded font '../../../Engine/Content/Slate/Fonts/Roboto-Light.ttf' (167K)
[2018.09.13-23.54.20:912][236]LogSavePackage: Moving '../../../../../../Users/Donovan/UE4_Project/GameJamProject/GameJam/MyProject/Saved/MapProceduralFC617E8F450A1EFF2B83B39C4708EC64.tmp' to '../../../../../../Users/Donovan/UE4_Project/GameJamProject/GameJam/MyProject/Content/LevelProcedural/MapProcedural.umap'
[2018.09.13-23.54.20:962][236]LogFileHelpers: Saving map 'MapProcedural' took 0.338
[2018.09.13-23.54.56:062][338]LogSavePackage: Moving '../../../../../../Users/Donovan/UE4_Project/GameJamProject/GameJam/MyProject/Saved/MapProcedural841AE3BB4D86EC657CAA27970F905781.tmp' to '../../../../../../Users/Donovan/UE4_Project/GameJamProject/GameJam/MyProject/Content/LevelProcedural/MapProcedural.umap'
[2018.09.13-23.58.41:365][834]LogContentBrowser: Native class hierarchy updated for 'WorldBrowser' in 0.0005 seconds. Added 2 classes and 3 folders.
[2018.09.13-23.58.43:029][928]LogSlate: Window 'Levels' being destroyed
[2018.09.13-23.58.55:250][654]LogRenderer: Reallocating scene render targets to support 1004x724 Format 9 NumSamples 1 (Frame:1).
[2018.09.13-23.59.01:650][984]LogSlate: FSceneViewport::OnFocusLost() reason 0
[2018.09.13-23.59.01:769][987]LogSavePackage: Moving '../../../../../../Users/Donovan/UE4_Project/GameJamProject/GameJam/MyProject/Saved/MapProcedural049F376F4ECE317FD1A6A2B0931B8929.tmp' to '../../../../../../Users/Donovan/UE4_Project/GameJamProject/GameJam/MyProject/Content/LevelProcedural/MapProcedural.umap'
[2018.09.14-00.00.05:585][730]LogSlate: Window 'Save Level As' being destroyed
[2018.09.14-00.00.05:904][730]LogSavePackage: Moving '../../../../../../Users/Donovan/UE4_Project/GameJamProject/GameJam/MyProject/Saved/Room10B164EA74C02DD5B348D20B032BA8DC0.tmp' to '../../../../../../Users/Donovan/UE4_Project/GameJamProject/GameJam/MyProject/Content/LevelProcedural/ProceduralRoom/Room1.umap'
[2018.09.14-00.00.05:914][730]LogFileHelpers: Saving map 'Room1' took 0.323
[2018.09.14-00.00.28:216][868]LogActorFactory: Actor Factory created Floor_400x400
[2018.09.14-00.00.28:893][897]LogActorFactory: Actor Factory created Floor_400x400
[2018.09.14-00.00.38:319][316]LogSlate: FSceneViewport::OnFocusLost() reason 0
[2018.09.14-00.00.38:749][326]LogSlate: Took 0.026429 seconds to synchronously load lazily loaded font '../../../Engine/Content/Slate/Fonts/Roboto-Italic.ttf' (157K)
[2018.09.14-00.00.49:003][729]LogSlate: FSceneViewport::OnFocusLost() reason 2
[2018.09.14-00.00.57:741][243]LogSlate: FSceneViewport::OnFocusLost() reason 0
[2018.09.14-00.00.57:911][248]LogSavePackage: Moving '../../../../../../Users/Donovan/UE4_Project/GameJamProject/GameJam/MyProject/Saved/Room1B8CBDE044C0EFB976053B5A6DB7FDCD9.tmp' to '../../../../../../Users/Donovan/UE4_Project/GameJamProject/GameJam/MyProject/Content/LevelProcedural/ProceduralRoom/Room1.umap'
[2018.09.14-00.00.58:622][290]LogSlate: FSceneViewport::OnFocusLost() reason 0
[2018.09.14-00.01.32:954][879]LogSlate: FSceneViewport::OnFocusLost() reason 0
[2018.09.14-00.01.33:087][882]LogSavePackage: Moving '../../../../../../Users/Donovan/UE4_Project/GameJamProject/GameJam/MyProject/Saved/Room15A95E38641DA2D2DD64FDD905507214B.tmp' to '../../../../../../Users/Donovan/UE4_Project/GameJamProject/GameJam/MyProject/Content/LevelProcedural/ProceduralRoom/Room1.umap'
[2018.09.14-00.01.45:812][568]LogSlate: FSceneViewport::OnFocusLost() reason 0
[2018.09.14-00.01.59:557][767]LogSlate: Window 'Save Level As' being destroyed
[2018.09.14-00.01.59:796][767]LogSavePackage: Moving '../../../../../../Users/Donovan/UE4_Project/GameJamProject/GameJam/MyProject/Saved/Corridor1FA7B69174716E5A6753AA2B40F45C241.tmp' to '../../../../../../Users/Donovan/UE4_Project/GameJamProject/GameJam/MyProject/Content/LevelProcedural/ProceduralRoom/Corridor1.umap'
[2018.09.14-00.01.59:803][767]LogFileHelpers: Saving map 'Corridor1' took 0.239
[2018.09.14-00.02.08:430][260]LogEditorViewport: Clicking on Actor (LMB): StaticMeshActor (Floor_400x400)
[2018.09.14-00.02.11:406][428]LogSlate: FSceneViewport::OnFocusLost() reason 0
[2018.09.14-00.02.12:840][511]Cmd: DUPLICATE
[2018.09.14-00.02.12:840][511]Cmd: ACTOR DUPLICATE
[2018.09.14-00.02.22:293][ 45]LogSlate: FSceneViewport::OnFocusLost() reason 2
[2018.09.14-00.02.39:894][888]LogSlate: FSceneViewport::OnFocusLost() reason 0
[2018.09.14-00.02.56:933][700]LogSlate: Window 'Save Content' being destroyed
[2018.09.14-00.02.57:186][700]LogSavePackage: Moving '../../../../../../Users/Donovan/UE4_Project/GameJamProject/GameJam/MyProject/Saved/MapProceduralE33A3FAC40484C28B6439BAE687554A0.tmp' to '../../../../../../Users/Donovan/UE4_Project/GameJamProject/GameJam/MyProject/Content/LevelProcedural/MapProcedural.umap'
[2018.09.14-00.02.57:233][700]LogFileHelpers: Saving map 'MapProcedural' took 0.265
[2018.09.14-00.02.57:419][700]LogSavePackage: Moving '../../../../../../Users/Donovan/UE4_Project/GameJamProject/GameJam/MyProject/Saved/Corridor15D2C06AE4CA49E44A545AEBEFF661BB9.tmp' to '../../../../../../Users/Donovan/UE4_Project/GameJamProject/GameJam/MyProject/Content/LevelProcedural/ProceduralRoom/Corridor1.umap'
[2018.09.14-00.02.57:426][700]LogFileHelpers: Saving map 'Corridor1' took 0.184
[2018.09.14-00.03.46:161][142]LogEditorViewport: Clicking on Actor (LMB): StaticMeshActor (Floor_400x401)
[2018.09.14-00.03.50:087][307]LogSlate: FSceneViewport::OnFocusLost() reason 2
[2018.09.14-00.03.58:229][792]LogSlate: FSceneViewport::OnFocusLost() reason 0
[2018.09.14-00.03.58:348][795]LogSavePackage: Moving '../../../../../../Users/Donovan/UE4_Project/GameJamProject/GameJam/MyProject/Saved/Corridor1EDB3A4164F818DB14DBE0887AE1F96F1.tmp' to '../../../../../../Users/Donovan/UE4_Project/GameJamProject/GameJam/MyProject/Content/LevelProcedural/ProceduralRoom/Corridor1.umap'
[2018.09.14-00.04.00:155][903]LogSlate: FSceneViewport::OnFocusLost() reason 0
[2018.09.14-00.04.35:007][821]LogSlate: FSceneViewport::OnFocusLost() reason 2
[2018.09.14-00.04.36:035][863]LogSlate: FSceneViewport::OnFocusLost() reason 2
[2018.09.14-00.04.36:038][863]LogAssetEditorManager: Opening Asset editor for LevelScriptBlueprint /Game/LevelProcedural/MapProcedural.MapProcedural:PersistentLevel.MapProcedural
[2018.09.14-00.04.39:139][863]LogContentBrowser: Native class hierarchy updated for 'BlueprintGraph' in 0.0010 seconds. Added 116 classes and 0 folders.
[2018.09.14-00.04.41:856][863]LogSlate: Took 0.022761 seconds to synchronously load lazily loaded font '../../../Engine/Content/Slate/Fonts/Roboto-BoldCondensed.ttf' (158K)
[2018.09.14-00.04.43:586][934]LogSlate: Window 'MapProcedural - Level Blueprint Editor' being destroyed
[2018.09.14-00.04.44:120][963]LogSlate: FSceneViewport::OnFocusLost() reason 0
[2018.09.14-00.05.23:179][222]BlueprintLog: New page: Compile MapProcedural
[2018.09.14-00.05.24:192][252]LogSavePackage: Moving '../../../../../../Users/Donovan/UE4_Project/GameJamProject/GameJam/MyProject/Saved/MapProceduralE9A06AAB4E01E3AB8C311DBA9C60BC59.tmp' to '../../../../../../Users/Donovan/UE4_Project/GameJamProject/GameJam/MyProject/Content/LevelProcedural/MapProcedural.umap'
[2018.09.14-00.05.24:234][252]LogFileHelpers: Saving map 'MapProcedural' took 0.464
[2018.09.14-00.06.17:552][405]BlueprintLog: New page: Compile MapProcedural
[2018.09.14-00.08.38:635][771]BlueprintLog: New page: Compile MapProcedural
[2018.09.14-00.08.39:982][805]LogSavePackage: Moving '../../../../../../Users/Donovan/UE4_Project/GameJamProject/GameJam/MyProject/Saved/MapProceduralADB5AD404D7B8D229C29BCBD01E0408D.tmp' to '../../../../../../Users/Donovan/UE4_Project/GameJamProject/GameJam/MyProject/Content/LevelProcedural/MapProcedural.umap'
[2018.09.14-00.08.40:024][805]LogFileHelpers: Saving map 'MapProcedural' took 0.539
[2018.09.14-00.12.10:098][334]BlueprintLog: New page: Compile MapProcedural
[2018.09.14-00.12.11:172][356]LogSavePackage: Moving '../../../../../../Users/Donovan/UE4_Project/GameJamProject/GameJam/MyProject/Saved/MapProcedural3FA8D4FF40C5B90A01C922BB75C2A2D9.tmp' to '../../../../../../Users/Donovan/UE4_Project/GameJamProject/GameJam/MyProject/Content/LevelProcedural/MapProcedural.umap'
[2018.09.14-00.12.11:215][356]LogFileHelpers: Saving map 'MapProcedural' took 0.464
[2018.09.14-00.13.25:771][759]LogSlate: Took 0.023602 seconds to synchronously load lazily loaded font '../../../Engine/Content/Slate/Fonts/Roboto-BoldCondensedItalic.ttf' (160K)
[2018.09.14-00.13.27:388][853]BlueprintLog: New page: Compile MapProcedural
[2018.09.14-00.13.29:651][945]LogSavePackage: Moving '../../../../../../Users/Donovan/UE4_Project/GameJamProject/GameJam/MyProject/Saved/MapProcedural90060B4445CA241BCC799DBEFB888E0A.tmp' to '../../../../../../Users/Donovan/UE4_Project/GameJamProject/GameJam/MyProject/Content/LevelProcedural/MapProcedural.umap'
[2018.09.14-00.13.29:694][945]LogFileHelpers: Saving map 'MapProcedural' took 0.474
[2018.09.14-00.13.52:856][323]BlueprintLog: New page: Compile MapProcedural
[2018.09.14-00.13.54:060][352]LogSavePackage: Moving '../../../../../../Users/Donovan/UE4_Project/GameJamProject/GameJam/MyProject/Saved/MapProcedural521F31F3443A98CEBCA01784C46EB574.tmp' to '../../../../../../Users/Donovan/UE4_Project/GameJamProject/GameJam/MyProject/Content/LevelProcedural/MapProcedural.umap'
[2018.09.14-00.13.54:101][352]LogFileHelpers: Saving map 'MapProcedural' took 0.480
[2018.09.14-00.15.40:355][678]BlueprintLog: New page: Compile MapProcedural
[2018.09.14-00.15.41:484][701]LogSavePackage: Moving '../../../../../../Users/Donovan/UE4_Project/GameJamProject/GameJam/MyProject/Saved/MapProcedural31D85B0146F197674EE5C69CCB10A402.tmp' to '../../../../../../Users/Donovan/UE4_Project/GameJamProject/GameJam/MyProject/Content/LevelProcedural/MapProcedural.umap'
[2018.09.14-00.15.41:528][701]LogFileHelpers: Saving map 'MapProcedural' took 0.480
