Log file open, 09/28/18 14:10:44
LogWindows: Failed to load 'aqProf.dll' (GetLastError=126)
LogWindows: File 'aqProf.dll' does not exist
LogWindows: Failed to load 'VtuneApi.dll' (GetLastError=126)
LogWindows: File 'VtuneApi.dll' does not exist
LogWindows: Failed to load 'VtuneApi32e.dll' (GetLastError=126)
LogWindows: File 'VtuneApi32e.dll' does not exist
LogInit: Display: Running engine for game: GameJamProject
LogPlatformFile: Not using cached read wrapper
LogTaskGraph: Started task graph with 5 named threads and 11 total threads with 3 sets of task threads.
LogStats: Stats thread started at 0.231566
LogD3D11RHI: Loaded GFSDK_Aftermath_Lib.x64.dll
LogICUInternationalization: Display: ICU TimeZone Detection - Raw Offset: +1:00, Platform Override: ''
LogPluginManager: Mounting plugin Paper2D
LogPluginManager: Mounting plugin AISupport
LogPluginManager: Mounting plugin LightPropagationVolume
LogPluginManager: Mounting plugin CLionSourceCodeAccess
LogPluginManager: Mounting plugin CodeLiteSourceCodeAccess
LogPluginManager: Mounting plugin GitSourceControl
LogPluginManager: Mounting plugin KDevelopSourceCodeAccess
LogPluginManager: Mounting plugin NullSourceCodeAccess
LogPluginManager: Mounting plugin PerforceSourceControl
LogPluginManager: Mounting plugin SubversionSourceControl
LogPluginManager: Mounting plugin UObjectPlugin
LogPluginManager: Mounting plugin VisualStudioCodeSourceCodeAccess
LogPluginManager: Mounting plugin VisualStudioSourceCodeAccess
LogPluginManager: Mounting plugin XCodeSourceCodeAccess
LogPluginManager: Mounting plugin AssetManagerEditor
LogPluginManager: Mounting plugin CryptoKeys
LogPluginManager: Mounting plugin DataValidation
LogPluginManager: Mounting plugin EditorScriptingUtilities
LogPluginManager: Mounting plugin FacialAnimation
LogPluginManager: Mounting plugin GameplayTagsEditor
LogPluginManager: Mounting plugin MacGraphicsSwitching
LogPluginManager: Mounting plugin MeshEditor
LogPluginManager: Mounting plugin MobileLauncherProfileWizard
LogPluginManager: Mounting plugin PluginBrowser
LogPluginManager: Mounting plugin SpeedTreeImporter
LogPluginManager: Mounting plugin DatasmithContent
LogPluginManager: Mounting plugin AlembicImporter
LogPluginManager: Mounting plugin AppleImageUtils
LogPluginManager: Mounting plugin AppleVision
LogPluginManager: Mounting plugin BackChannel
LogPluginManager: Mounting plugin CharacterAI
LogPluginManager: Mounting plugin GeometryCache
LogPluginManager: Mounting plugin HTML5Networking
LogPluginManager: Mounting plugin ProxyLODPlugin
LogPluginManager: Mounting plugin MagicLeap
LogPluginManager: Mounting plugin MagicLeapEmulator
LogPluginManager: Mounting plugin MagicLeapMedia
LogPluginManager: Mounting plugin AndroidMedia
LogPluginManager: Mounting plugin AvfMedia
LogPluginManager: Mounting plugin ImgMedia
LogPluginManager: Mounting plugin LinearTimecode
LogPluginManager: Mounting plugin MediaCompositing
LogPluginManager: Mounting plugin MediaPlayerEditor
LogPluginManager: Mounting plugin WmfMedia
LogPluginManager: Mounting plugin TcpMessaging
LogPluginManager: Mounting plugin UdpMessaging
LogPluginManager: Mounting plugin ActorSequence
LogPluginManager: Mounting plugin LevelSequenceEditor
LogPluginManager: Mounting plugin MatineeToLevelSequence
LogPluginManager: Mounting plugin NetcodeUnitTest
LogPluginManager: Mounting plugin NUTUnrealEngine4
LogPluginManager: Mounting plugin OnlineSubsystemGooglePlay
LogPluginManager: Mounting plugin OnlineSubsystemIOS
LogPluginManager: Mounting plugin OnlineSubsystem
LogPluginManager: Mounting plugin OnlineSubsystemNull
LogPluginManager: Mounting plugin OnlineSubsystemUtils
LogPluginManager: Mounting plugin LauncherChunkInstaller
LogPluginManager: Mounting plugin AndroidDeviceProfileSelector
LogPluginManager: Mounting plugin AndroidMoviePlayer
LogPluginManager: Mounting plugin AndroidPermission
LogPluginManager: Mounting plugin AppleMoviePlayer
LogPluginManager: Mounting plugin ArchVisCharacter
LogPluginManager: Mounting plugin AudioCapture
LogPluginManager: Mounting plugin CableComponent
LogPluginManager: Mounting plugin CustomMeshComponent
LogPluginManager: Mounting plugin EditableMesh
LogPluginManager: Mounting plugin ExampleDeviceProfileSelector
LogPluginManager: Mounting plugin GoogleCloudMessaging
LogPluginManager: Mounting plugin ImmediatePhysics
LogPluginManager: Mounting plugin IOSDeviceProfileSelector
LogPluginManager: Mounting plugin LinuxDeviceProfileSelector
LogPluginManager: Mounting plugin LocationServicesBPLibrary
LogPluginManager: Mounting plugin MobilePatchingUtils
LogPluginManager: Mounting plugin OculusVR
LogPluginManager: Plugin shader directory ../../../Engine/Plugins/Runtime/Oculus/OculusVR/Shaders found
LogPluginManager: Mapping shader source directory ../../../Engine/Plugins/Runtime/Oculus/OculusVR/Shaders to virtual directory /Plugin/OculusVR
LogPluginManager: Mounting plugin PhysXVehicles
LogPluginManager: Mounting plugin ProceduralMeshComponent
LogPluginManager: Mounting plugin RuntimePhysXCooking
LogPluginManager: Mounting plugin SteamVR
LogPluginManager: Mounting plugin WindowsMoviePlayer
LogPluginManager: Mounting plugin DatasmithCADImporter
LogPluginManager: Mounting plugin DatasmithFBXImporter
LogPluginManager: Mounting plugin DatasmithImporter
LogPluginManager: Mounting plugin DatasmithMDLImporter
LogPluginManager: Mounting plugin StaticMeshEditorExtension
LogStreaming: Display: Took  0.329s to configure plugins.
LogInit: Using libcurl 7.55.1-DEV
LogInit:  - built for x86_64-pc-win32
LogInit:  - supports SSL with OpenSSL/1.0.2h
LogInit:  - supports HTTP deflate (compression) using libz 1.2.8
LogInit:  - other features:
LogInit:      CURL_VERSION_SSL
LogInit:      CURL_VERSION_LIBZ
LogInit:      CURL_VERSION_IPV6
LogInit:      CURL_VERSION_ASYNCHDNS
LogInit:      CURL_VERSION_LARGEFILE
LogInit:      CURL_VERSION_IDN
LogInit:  CurlRequestOptions (configurable via config and command line):
LogInit:  - bVerifyPeer = false  - Libcurl will NOT verify peer certificate
LogInit:  - bUseHttpProxy = false  - Libcurl will NOT use HTTP proxy
LogInit:  - bDontReuseConnections = false  - Libcurl will reuse connections
LogInit:  - CertBundlePath = nullptr  - Libcurl will use whatever was configured at build time.
LogInit:  - MaxHostConnections = 16  - Libcurl will limit the number of connections to a host
LogInit:  - LocalHostAddr = Default
LogInit:  - BufferSize = 65536
LogInit: WinSock: version 1.1 (2.2), MaxSocks=32767, MaxUdp=65467
LogInit: Build: ++UE4+Release-4.20-CL-4369336
LogInit: Engine Version: 4.20.3-4369336+++UE4+Release-4.20
LogInit: Compatible Engine Version: 4.20.0-4212847+++UE4+Release-4.20
LogInit: Net CL: 4212847
LogInit: OS: Windows 10 (), CPU:        Intel(R) Core(TM) i3-3110M CPU @ 2.40GHz, GPU: Intel(R) HD Graphics 4000
LogInit: Compiled (64-bit): Sep 17 2018 12:26:19
LogInit: Compiled with Visual C++: 19.13.26129.00
LogInit: Build Configuration: Development
LogInit: Branch Name: ++UE4+Release-4.20
LogInit: Command Line:  
LogInit: Base Directory: C:/Program Files/Epic Games/UE_4.20/Engine/Binaries/Win64/
LogInit: Installed Engine Build: 1
LogDevObjectVersion: Number of dev versions registered: 20
LogDevObjectVersion:   Dev-Blueprints (B0D832E4-1F89-4F0D-ACCF-7EB736FD4AA2): 10
LogDevObjectVersion:   Dev-Build (E1C64328-A22C-4D53-A36C-8E866417BD8C): 0
LogDevObjectVersion:   Dev-Core (375EC13C-06E4-48FB-B500-84F0262A717E): 2
LogDevObjectVersion:   Dev-Editor (E4B068ED-F494-42E9-A231-DA0B2E46BB41): 24
LogDevObjectVersion:   Dev-Framework (CFFC743F-43B0-4480-9391-14DF171D2073): 34
LogDevObjectVersion:   Dev-Mobile (B02B49B5-BB20-44E9-A304-32B752E40360): 2
LogDevObjectVersion:   Dev-Networking (A4E4105C-59A1-49B5-A7C5-40C4547EDFEE): 0
LogDevObjectVersion:   Dev-Online (39C831C9-5AE6-47DC-9A44-9C173E1C8E7C): 0
LogDevObjectVersion:   Dev-Physics (78F01B33-EBEA-4F98-B9B4-84EACCB95AA2): 0
LogDevObjectVersion:   Dev-Platform (6631380F-2D4D-43E0-8009-CF276956A95A): 0
LogDevObjectVersion:   Dev-Rendering (12F88B9F-8875-4AFC-A67C-D90C383ABD29): 26
LogDevObjectVersion:   Dev-Sequencer (7B5AE74C-D270-4C10-A958-57980B212A5A): 9
LogDevObjectVersion:   Dev-VR (D7296918-1DD6-4BDD-9DE2-64A83CC13884): 2
LogDevObjectVersion:   Dev-LoadTimes (C2A15278-BFE7-4AFE-6C17-90FF531DF755): 1
LogDevObjectVersion:   Private-Geometry (6EACA3D4-40EC-4CC1-B786-8BED09428FC5): 3
LogDevObjectVersion:   Dev-AnimPhys (29E575DD-E0A3-4627-9D10-D276232CDCEA): 17
LogDevObjectVersion:   Dev-ReflectionCapture (6B266CEC-1EC7-4B8F-A30B-E4D90942FC07): 1
LogDevObjectVersion:   Dev-Automation (0DF73D61-A23F-47EA-B727-89E90C41499A): 1
LogDevObjectVersion:   FortniteMain (601D1886-AC64-4F84-AA16-D3DE0DEAC7D6): 12
LogDevObjectVersion:   Dev-Enterprise (9DFFBCD6-494F-0158-E221-12823C92A888): 1
LogStreaming: Display: Took  0.057s to delete old logs.
LogInit: Presizing for max 8388607 objects, including 0 objects not considered by GC, pre-allocating 0 bytes for permanent pool.
LogInit: Object subsystem initialized
[2018.09.28-12.10.46:755][  0]LogInit: Selected Device Profile: [Windows]
[2018.09.28-12.10.46:755][  0]LogInit: Applying CVar settings loaded from the selected device profile: [Windows]
[2018.09.28-12.10.46:811][  0]LogHAL: Display: Platform has ~ 6 GB [6322470912 / 8589934592 / 6], which maps to Smaller [LargestMinGB=32, LargerMinGB=12, DefaultMinGB=8, SmallerMinGB=6, SmallestMinGB=0)
[2018.09.28-12.10.46:811][  0]LogInit: Setting Device Profile CVar: [[r.Vulkan.UseRealUBs:1]]
[2018.09.28-12.10.46:811][  0]LogInit: Going up to parent DeviceProfile []
[2018.09.28-12.10.46:830][  0]LogInit: Computer: PC_DONO
[2018.09.28-12.10.46:830][  0]LogInit: User: Donovan
[2018.09.28-12.10.46:830][  0]LogInit: CPU Page size=4096, Cores=2
[2018.09.28-12.10.46:830][  0]LogInit: High frequency timer resolution =2.338444 MHz
[2018.09.28-12.10.46:830][  0]LogMemory: Memory total: Physical=5.9GB (6GB approx)
[2018.09.28-12.10.46:830][  0]LogMemory: Platform Memory Stats for Windows
[2018.09.28-12.10.46:830][  0]LogMemory: Process Physical Memory: 101.63 MB used, 101.63 MB peak
[2018.09.28-12.10.46:830][  0]LogMemory: Process Virtual Memory: 96.38 MB used, 96.38 MB peak
[2018.09.28-12.10.46:830][  0]LogMemory: Physical Memory: 2027.66 MB used,  4001.92 MB free, 6029.58 MB total
[2018.09.28-12.10.46:831][  0]LogMemory: Virtual Memory: 4628.55 MB used,  4001.92 MB free, 134217728.00 MB total
[2018.09.28-12.10.47:121][  0]LogInit: Using OS detected language (fr-FR).
[2018.09.28-12.10.47:121][  0]LogInit: Using OS detected locale (fr-FR).
[2018.09.28-12.10.47:122][  0]LogTextLocalizationManager: No specific localization for 'fr-FR' exists, so the 'fr' localization will be used.
[2018.09.28-12.10.47:217][  0]LogStreaming: Display: Took  0.096s to InitEngineTextLocalization.
[2018.09.28-12.10.47:217][  0]LogInit: Setting process to per monitor DPI aware
[2018.09.28-12.10.47:609][  0]LogSlate: New Slate User Created.  User Index 0, Is Virtual User: 0
[2018.09.28-12.10.47:609][  0]LogSlate: Slate User Registered.  User Index 0, Is Virtual User: 0
[2018.09.28-12.10.54:681][  0]LogHMD: Failed to initialize OpenVR with code 110
[2018.09.28-12.10.54:681][  0]LogD3D11RHI: D3D11 adapters:
[2018.09.28-12.10.55:323][  0]LogD3D11RHI:    0. 'NVIDIA GeForce GT 720M' (Feature Level 11_0)
[2018.09.28-12.10.55:323][  0]LogD3D11RHI:       1999/0/3014 MB DedicatedVideo/DedicatedSystem/SharedSystem, Outputs:1, VendorId:0x10de
[2018.09.28-12.10.55:327][  0]LogD3D11RHI:    1. 'Intel(R) HD Graphics 4000' (Feature Level 11_0)
[2018.09.28-12.10.55:327][  0]LogD3D11RHI:       32/0/1760 MB DedicatedVideo/DedicatedSystem/SharedSystem, Outputs:0, VendorId:0x8086
[2018.09.28-12.10.55:330][  0]LogD3D11RHI:    2. 'Microsoft Basic Render Driver' (Feature Level 11_0)
[2018.09.28-12.10.55:330][  0]LogD3D11RHI:       0/0/3014 MB DedicatedVideo/DedicatedSystem/SharedSystem, Outputs:0, VendorId:0x1414
[2018.09.28-12.10.55:330][  0]LogD3D11RHI: Chosen D3D11 Adapter: 0
[2018.09.28-12.10.55:354][  0]LogD3D11RHI: Creating new Direct3DDevice
[2018.09.28-12.10.55:354][  0]LogD3D11RHI:     GPU DeviceId: 0x1140 (for the marketing name, search the web for "GPU Device Id")
[2018.09.28-12.10.55:354][  0]LogWindows: EnumDisplayDevices:
[2018.09.28-12.10.55:355][  0]LogWindows:    0. 'Intel(R) HD Graphics 4000' (P:1 D:1)
[2018.09.28-12.10.55:355][  0]LogWindows:    1. 'Intel(R) HD Graphics 4000' (P:0 D:0)
[2018.09.28-12.10.55:355][  0]LogWindows:    2. 'Intel(R) HD Graphics 4000' (P:0 D:0)
[2018.09.28-12.10.55:356][  0]LogWindows: DebugString: PrimaryIsNotTheChoosenAdapter PrimaryIsNotTheChoosenAdapter PrimaryIsNotTheChoosenAdapter FoundDriverCount:0 
[2018.09.28-12.10.55:356][  0]LogD3D11RHI:     Adapter Name: NVIDIA GeForce GT 720M
[2018.09.28-12.10.55:356][  0]LogD3D11RHI:   Driver Version: Unknown (internal:Unknown, unified:Unknown)
[2018.09.28-12.10.55:356][  0]LogD3D11RHI:      Driver Date: Unknown
[2018.09.28-12.10.55:356][  0]LogRHI: Texture pool is 1399 MB (70% of 1999 MB)
[2018.09.28-12.10.55:379][  0]LogD3D11RHI: Display: Timestamp queries are currently disabled on this hardware due to instability. Realtime GPU stats will not be available. You can override this behaviour by setting r.NVIDIATimestampWorkaround to 0
[2018.09.28-12.10.55:379][  0]LogD3D11RHI: Async texture creation enabled
[2018.09.28-12.10.55:392][  0]LogD3D11RHI: GPU Timing Frequency: 1000.000000 (Debug: 2 1)
[2018.09.28-12.10.55:393][  0]LogShaderCompilers: Guid format shader working directory is -33 characters bigger than the processId version (../../../../../../Users/Donovan/UE4_Project/GameJamProject/GameJam/GameJamProject/Intermediate/Shaders/WorkingDirectory/1144/).
[2018.09.28-12.10.55:393][  0]LogShaderCompilers: Cleaned the shader compiler working directory 'C:/Users/Donovan/AppData/Local/Temp/UnrealShaderWorkingDir/67BB21DF4C41EC4EB3AA72957EF7C713/'.
[2018.09.28-12.10.57:189][  0]LogTemp: Display: Loaded TP AllDesktopTargetPlatform
[2018.09.28-12.10.57:243][  0]LogTemp: Display: Loaded TP MacClientTargetPlatform
[2018.09.28-12.10.57:303][  0]LogTemp: Display: Loaded TP MacNoEditorTargetPlatform
[2018.09.28-12.10.57:366][  0]LogTemp: Display: Loaded TP MacServerTargetPlatform
[2018.09.28-12.10.57:467][  0]LogTemp: Display: Loaded TP MacTargetPlatform
[2018.09.28-12.10.57:516][  0]LogTemp: Display: Loaded TP WindowsClientTargetPlatform
[2018.09.28-12.10.57:563][  0]LogTemp: Display: Loaded TP WindowsNoEditorTargetPlatform
[2018.09.28-12.10.57:615][  0]LogTemp: Display: Loaded TP WindowsServerTargetPlatform
[2018.09.28-12.10.57:643][  0]LogTemp: Display: Loaded TP WindowsTargetPlatform
[2018.09.28-12.10.57:833][  0]LogTemp: Display: Loaded TP AndroidTargetPlatform
[2018.09.28-12.10.57:833][  0]LogTemp: Display: Loaded TP AndroidTargetPlatform
[2018.09.28-12.10.57:833][  0]LogTemp: Display: Loaded TP AndroidTargetPlatform
[2018.09.28-12.10.57:833][  0]LogTemp: Display: Loaded TP AndroidTargetPlatform
[2018.09.28-12.10.57:833][  0]LogTemp: Display: Loaded TP AndroidTargetPlatform
[2018.09.28-12.10.57:833][  0]LogTemp: Display: Loaded TP AndroidTargetPlatform
[2018.09.28-12.10.57:833][  0]LogTemp: Display: Loaded TP AndroidTargetPlatform
[2018.09.28-12.10.57:833][  0]LogTemp: Display: Loaded TP AndroidTargetPlatform
[2018.09.28-12.10.57:833][  0]LogTemp: Display: Loaded TP AndroidTargetPlatform
[2018.09.28-12.10.57:833][  0]LogTemp: Display: Loaded TP AndroidTargetPlatform
[2018.09.28-12.10.57:833][  0]LogTemp: Display: Loaded TP AndroidTargetPlatform
[2018.09.28-12.10.57:833][  0]LogTemp: Display: Loaded TP AndroidTargetPlatform
[2018.09.28-12.10.57:833][  0]LogTemp: Display: Loaded TP AndroidTargetPlatform
[2018.09.28-12.10.57:833][  0]LogTemp: Display: Loaded TP AndroidTargetPlatform
[2018.09.28-12.10.57:833][  0]LogTemp: Display: Loaded TP AndroidTargetPlatform
[2018.09.28-12.10.57:833][  0]LogTemp: Display: Loaded TP AndroidTargetPlatform
[2018.09.28-12.10.57:833][  0]LogTemp: Display: Loaded TP AndroidTargetPlatform
[2018.09.28-12.10.57:833][  0]LogTemp: Display: Loaded TP AndroidTargetPlatform
[2018.09.28-12.10.57:852][  0]LogTemp: Display: Loaded TP HTML5TargetPlatform
[2018.09.28-12.10.58:016][  0]LogTemp: Display: Loaded TP IOSTargetPlatform
[2018.09.28-12.10.58:016][  0]LogTemp: Display: Loaded TP IOSTargetPlatform
[2018.09.28-12.10.58:085][  0]LogTemp: Display: Loaded TP TVOSTargetPlatform
[2018.09.28-12.10.58:086][  0]LogTemp: Display: Loaded TP TVOSTargetPlatform
[2018.09.28-12.10.58:132][  0]LogTemp: Display: Loaded TP LinuxClientTargetPlatform
[2018.09.28-12.10.58:180][  0]LogTemp: Display: Loaded TP LinuxNoEditorTargetPlatform
[2018.09.28-12.10.58:215][  0]LogTemp: Display: Loaded TP LinuxServerTargetPlatform
[2018.09.28-12.10.58:290][  0]LogTemp: Display: Loaded TP LinuxTargetPlatform
[2018.09.28-12.10.58:328][  0]LogTemp: Display: Loaded TP LuminTargetPlatform
[2018.09.28-12.10.58:328][  0]LogTargetPlatformManager: Display: Building Assets For Windows
[2018.09.28-12.10.58:913][  0]LogXGEController: Cleaning working directory: C:/Users/Donovan/AppData/Local/Temp/UnrealXGEWorkingDir/
[2018.09.28-12.10.58:913][  0]LogXGEController: Cannot use XGE Controller as Incredibuild is not installed on this machine.
[2018.09.28-12.10.58:913][  0]LogShaderCompilers: Cannot use XGE Shader Compiler as Incredibuild is not installed on this machine.
[2018.09.28-12.10.58:913][  0]LogShaderCompilers: Display: Using Local Shader Compiler.
[2018.09.28-12.11.04:486][  0]LogDerivedDataCache: Display: Max Cache Size: 512 MB
[2018.09.28-12.11.05:378][  0]LogDerivedDataCache: Loaded boot cache 0.89s 72MB C:/Users/Donovan/AppData/Local/UnrealEngine/4.20/DerivedDataCache/Boot.ddc.
[2018.09.28-12.11.05:379][  0]LogDerivedDataCache: Display: Loaded Boot cache: C:/Users/Donovan/AppData/Local/UnrealEngine/4.20/DerivedDataCache/Boot.ddc
[2018.09.28-12.11.05:379][  0]LogDerivedDataCache: FDerivedDataBackendGraph:  Pak pak cache file ../../../../../../Users/Donovan/UE4_Project/GameJamProject/GameJam/GameJamProject/DerivedDataCache/DDC.ddp not found, will not use a pak cache.
[2018.09.28-12.11.05:379][  0]LogDerivedDataCache: Unable to find inner node Pak for hierarchical cache Hierarchy.
[2018.09.28-12.11.05:379][  0]LogDerivedDataCache: FDerivedDataBackendGraph:  CompressedPak pak cache file ../../../../../../Users/Donovan/UE4_Project/GameJamProject/GameJam/GameJamProject/DerivedDataCache/Compressed.ddp not found, will not use a pak cache.
[2018.09.28-12.11.05:379][  0]LogDerivedDataCache: Unable to find inner node CompressedPak for hierarchical cache Hierarchy.
[2018.09.28-12.11.05:405][  0]LogDerivedDataCache: Display: Pak cache opened for reading ../../../Engine/DerivedDataCache/Compressed.ddp.
[2018.09.28-12.11.05:418][  0]LogDerivedDataCache: Using Local data cache path C:/Users/Donovan/AppData/Local/UnrealEngine/Common/DerivedDataCache: Writable
[2018.09.28-12.11.05:418][  0]LogDerivedDataCache: Shared data cache path not found in *engine.ini, will not use an Shared cache.
[2018.09.28-12.11.05:418][  0]LogDerivedDataCache: Unable to find inner node Shared for hierarchical cache Hierarchy.
[2018.09.28-12.11.05:450][  0]LogMaterial: Verifying Global Shaders for PCD3D_SM5
[2018.09.28-12.11.05:452][  0]LogSlate: Using FreeType 2.6.0
[2018.09.28-12.11.05:581][  0]LogSlate: SlateFontServices - WITH_FREETYPE: 1, WITH_HARFBUZZ: 1
[2018.09.28-12.11.07:602][  0]LogAssetRegistry: FAssetRegistry took 0.0295 seconds to start up
[2018.09.28-12.11.08:308][  0]LogInit: Selected Device Profile: [Windows]
[2018.09.28-12.11.09:248][  0]LogSimplygon: Simplygon DLL not present - disabling.
[2018.09.28-12.11.09:440][  0]LogMeshReduction: Using SimplygonSwarm for distributed automatic mesh merging
[2018.09.28-12.11.09:440][  0]LogMeshReduction: Using ProxyLODMeshReduction for automatic mesh merging
[2018.09.28-12.11.09:440][  0]LogMeshReduction: Using QuadricMeshReduction for automatic static mesh reduction
[2018.09.28-12.11.09:440][  0]LogMeshReduction: No automatic skeletal mesh reduction module available
[2018.09.28-12.11.09:461][  0]LogNetVersion: GameJamProject 1.0.0, NetCL: 4212847, EngineNetVer: 5, GameNetVer: 0 (Checksum: 804558789)
[2018.09.28-12.11.10:531][  0]LogPackageLocalizationCache: Processed 13 localized package path(s) for 2 prioritized culture(s) in 0.275978 seconds
[2018.09.28-12.11.10:540][  0]LogUObjectArray: 38425 objects as part of root set at end of initial load.
[2018.09.28-12.11.10:540][  0]LogUObjectAllocator: 6690872 out of 0 bytes used by permanent object pool.
[2018.09.28-12.11.10:540][  0]LogUObjectArray: CloseDisregardForGC: 0/0 objects in disregard for GC pool
[2018.09.28-12.11.41:056][  0]LogTcpMessaging: Initializing TcpMessaging bridge
[2018.09.28-12.11.41:084][  0]LogUdpMessaging: Initializing bridge on interface 0.0.0.0:0 to multicast group 230.0.0.1:6666.
[2018.09.28-12.11.42:057][  0]SourceControl: Source control is disabled
[2018.09.28-12.11.42:058][  0]LogWindows: Warning: CreateProc failed: Le fichier spécifié est introuvable. (0x00000002)
[2018.09.28-12.11.42:058][  0]LogWindows: Warning: URL: F:/Logiciel/Jeux/Git/Git/bin/git.exe version
[2018.09.28-12.11.42:103][  0]LogWindows: Warning: CreateProc failed: Le fichier spécifié est introuvable. (0x00000002)
[2018.09.28-12.11.42:103][  0]LogWindows: Warning: URL: F:/Logiciel/Jeux/Git/Git/bin/git.exe version
[2018.09.28-12.11.42:120][  0]LogWindows: Warning: CreateProc failed: Le fichier spécifié est introuvable. (0x00000002)
[2018.09.28-12.11.42:120][  0]LogWindows: Warning: URL: F:/Logiciel/Jeux/Git/Git/bin/git.exe version
[2018.09.28-12.11.43:570][  0]LogAndroidPermission: UAndroidPermissionCallbackProxy::GetInstance
[2018.09.28-12.11.43:866][  0]LogOcInput: OculusInput pre-init called
[2018.09.28-12.11.47:737][  0]LogEngine: Initializing Engine...
[2018.09.28-12.11.47:739][  0]LogHMD: Failed to initialize OpenVR with code 110
[2018.09.28-12.11.47:741][  0]LogStats: UGameplayTagsManager::ConstructGameplayTagTree: ImportINI prefixes -  0.000 s
[2018.09.28-12.11.47:741][  0]LogStats: UGameplayTagsManager::ConstructGameplayTagTree: Construct from data asset -  0.000 s
[2018.09.28-12.11.47:742][  0]LogStats: UGameplayTagsManager::ConstructGameplayTagTree: ImportINI -  0.000 s
[2018.09.28-12.11.47:742][  0]LogStats: UGameplayTagsManager::ConstructGameplayTagTree: GameplayTagTreeChangedEvent.Broadcast -  0.000 s
[2018.09.28-12.11.48:131][  0]LogInit: Initializing FReadOnlyCVARCache
[2018.09.28-12.11.48:335][  0]LogAIModule: Creating AISystem for world Untitled
[2018.09.28-12.11.48:359][  0]LogInit: XAudio2 using 'Haut-parleurs (Realtek High Definition Audio)' : 2 channels at 48 kHz using 32 bits per sample (channel mask 0x3)
[2018.09.28-12.11.48:689][  0]LogInit: FAudioDevice initialized.
[2018.09.28-12.11.48:690][  0]LogNetVersion: Set ProjectVersion to 1.0.0.0. Version Checksum will be recalculated on next use.
[2018.09.28-12.11.49:080][  0]LogDerivedDataCache: Saved boot cache 0.39s 72MB C:/Users/Donovan/AppData/Local/UnrealEngine/4.20/DerivedDataCache/Boot.ddc.
[2018.09.28-12.11.49:088][  0]LogInit: Texture streaming: Enabled
[2018.09.28-12.11.49:238][  0]LogEngineSessionManager: EngineSessionManager initialized
[2018.09.28-12.11.49:238][  0]LogEngineSessionManager: EngineSessionManager sent abnormal shutdown report. Type=Crashed, SessionId={F41FBA14-4973-3468-FE5B-FB8F87EDBDB9}
[2018.09.28-12.11.49:307][  0]LogInit: Transaction tracking system initialized
[2018.09.28-12.11.50:071][  0]BlueprintLog: New page: Editor Load
[2018.09.28-12.11.50:776][  0]LocalizationService: Localization service is disabled
[2018.09.28-12.11.53:393][  0]LogCook: Display: Max memory allowance for cook 16384mb min free memory 0mb
[2018.09.28-12.11.53:393][  0]LogCook: Display: Mobile HDR setting 1
[2018.09.28-12.11.53:393][  0]LogGameplayTags: Display: UGameplayTagsManager::DoneAddingNativeTags. DelegateIsBound: 0
[2018.09.28-12.11.53:393][  0]LogStats: UGameplayTagsManager::ConstructGameplayTagTree: ImportINI prefixes -  0.000 s
[2018.09.28-12.11.53:393][  0]LogStats: UGameplayTagsManager::ConstructGameplayTagTree: Construct from data asset -  0.000 s
[2018.09.28-12.11.53:394][  0]LogStats: UGameplayTagsManager::ConstructGameplayTagTree: ImportINI -  0.000 s
[2018.09.28-12.11.53:394][  0]LogStats: UGameplayTagsManager::ConstructGameplayTagTree: GameplayTagTreeChangedEvent.Broadcast -  0.000 s
[2018.09.28-12.11.54:272][  0]LogFileCache: Scanning file cache for directory 'C:/Users/Donovan/UE4_Project/GameJamProject/GameJam/GameJamProject/Content/' took 0.02s
[2018.09.28-12.11.57:867][  0]LogWindows: Warning: CreateProc failed: Le fichier spécifié est introuvable. (0x00000002)
[2018.09.28-12.11.57:867][  0]LogWindows: Warning: URL: F:/Logiciel/Jeux/Git/Git/bin/git.exe version
[2018.09.28-12.11.57:868][  0]Cmd: MAP LOAD FILE="../../../../../../Users/Donovan/UE4_Project/GameJamProject/GameJam/GameJamProject/Content/Maps/Map_Demarage.umap" TEMPLATE=0 SHOWPROGRESS=1 FEATURELEVEL=3
[2018.09.28-12.11.57:868][  0]LightingResults: New page: Lighting Build
[2018.09.28-12.11.57:890][  0]MapCheck: New page: Map Check
[2018.09.28-12.11.57:890][  0]LightingResults: New page: Lighting Build
[2018.09.28-12.11.59:304][  0]LogBlueprint: Warning: Timeline OpenClosed Track NewTrack_0 in /Engine/Transient.REINST_BP_Doors_C_7 has an invalid curve.  Please fix!
[2018.09.28-12.12.05:684][  0]LogStaticMesh: Building static mesh SM_Radiateur_Cube_006...
[2018.09.28-12.12.06:570][  0]LogStaticMesh: Built static mesh [0.92s] /Game/World/Architecture/SM_Radiateur_Cube_006.SM_Radiateur_Cube_006
[2018.09.28-12.12.08:061][  0]LogAIModule: Creating AISystem for world Map_Demarage
[2018.09.28-12.12.08:081][  0]LogEditorServer: Finished looking for orphan Actors (0.000 secs)
[2018.09.28-12.12.08:136][  0]Cmd: MAP CHECKDEP NOCLEARLOG
[2018.09.28-12.12.08:333][  0]MapCheck: Map check complete: 0 Error(s), 0 Warning(s), took 196,444ms to complete.
[2018.09.28-12.12.08:333][  0]LogFileHelpers: Loading map 'Map_Demarage' took 10.465
[2018.09.28-12.12.08:592][  0]LogCollectionManager: Loaded 0 collections in 0.003519 seconds
[2018.09.28-12.12.08:662][  0]LogFileCache: Scanning file cache for directory 'C:/Users/Donovan/UE4_Project/GameJamProject/GameJam/GameJamProject/Saved/Collections/' took 0.01s
[2018.09.28-12.12.08:662][  0]LogFileCache: Scanning file cache for directory 'C:/Users/Donovan/UE4_Project/GameJamProject/GameJam/GameJamProject/Content/Developers/Donovan/Collections/' took 0.01s
[2018.09.28-12.12.08:663][  0]LogFileCache: Scanning file cache for directory 'C:/Users/Donovan/UE4_Project/GameJamProject/GameJam/GameJamProject/Content/Collections/' took 0.01s
[2018.09.28-12.12.08:663][  0]LogCollectionManager: Rebuilt the GUID cache for 0 collections in 0.000001 seconds
[2018.09.28-12.12.08:677][  0]LogContentBrowser: Native class hierarchy populated in 0.0146 seconds. Added 2622 classes and 631 folders.
[2018.09.28-12.12.08:784][  0]LogContentBrowser: Native class hierarchy updated for 'WidgetCarousel' in 0.0004 seconds. Added 0 classes and 0 folders.
[2018.09.28-12.12.10:525][  0]LogContentBrowser: Native class hierarchy updated for 'AddContentDialog' in 0.0004 seconds. Added 0 classes and 0 folders.
[2018.09.28-12.12.10:559][  0]LogSlate: Updating window title bar state: overlay mode, drag disabled, window buttons hidden, title bar hidden
[2018.09.28-12.12.10:572][  0]LogSlate: Updating window title bar state: overlay mode, drag disabled, window buttons hidden, title bar hidden
[2018.09.28-12.12.10:585][  0]LogSlate: Updating window title bar state: overlay mode, drag disabled, window buttons hidden, title bar hidden
[2018.09.28-12.12.10:598][  0]LogSlate: Updating window title bar state: overlay mode, drag disabled, window buttons hidden, title bar hidden
[2018.09.28-12.12.10:649][  0]LogContentBrowser: Native class hierarchy updated for 'WorldBrowser' in 0.0004 seconds. Added 2 classes and 3 folders.
[2018.09.28-12.12.10:713][  0]LogSlate: Took 0.054091 seconds to synchronously load lazily loaded font '../../../Engine/Content/Slate/Fonts/Roboto-Regular.ttf' (155K)
[2018.09.28-12.12.10:738][  0]LogSlate: Took 0.016184 seconds to synchronously load lazily loaded font '../../../Engine/Content/Editor/Slate/Fonts/FontAwesome.ttf' (139K)
[2018.09.28-12.12.10:754][  0]LogSlate: Took 0.015263 seconds to synchronously load lazily loaded font '../../../Engine/Content/Slate/Fonts/Roboto-Bold.ttf' (160K)
[2018.09.28-12.12.10:974][  0]LogContentBrowser: Native class hierarchy updated for 'HierarchicalLODOutliner' in 0.0004 seconds. Added 0 classes and 0 folders.
[2018.09.28-12.12.10:974][  0]LogLoad: (Engine Initialization) Total time: 120.55 seconds
[2018.09.28-12.12.10:974][  0]LogLoad: (Engine Initialization) Total Blueprint compile time: 0.00 seconds
[2018.09.28-12.12.10:993][  0]LogWindowsTextInputMethodSystem: Display: IME system now deactivated.
[2018.09.28-12.12.11:029][  0]LogContentStreaming: Texture pool size now 400 MB
[2018.09.28-12.12.11:097][  0]LogSlate: Took 0.006153 seconds to synchronously load lazily loaded font '../../../Engine/Content/Slate/Fonts/Roboto-Light.ttf' (167K)
[2018.09.28-12.12.11:107][  1]LogFileCache: Retrieving MD5 hashes for directory 'C:/Users/Donovan/UE4_Project/GameJamProject/GameJam/GameJamProject/Content/' took 0.10s
[2018.09.28-12.12.11:611][  2]LogD3D11RHI: Timed out while waiting for GPU to catch up. (0.5 s)
[2018.09.28-12.12.12:115][  3]LogD3D11RHI: Timed out while waiting for GPU to catch up. (0.5 s)
[2018.09.28-12.12.12:132][  3]LogAssetRegistry: Asset discovery search completed in 64.5531 seconds
[2018.09.28-12.12.12:136][  3]LogCollectionManager: Rebuilt the object cache for 0 collections in 0.000000 seconds (found 0 objects)
[2018.09.28-12.12.12:136][  3]LogCollectionManager: Fixed up redirectors for 0 collections in 0.000125 seconds (updated 0 objects)
[2018.09.28-12.12.12:717][  4]LogD3D11RHI: Timed out while waiting for GPU to catch up. (0.5 s)
[2018.09.28-12.12.12:900][  4]LogSlate: Took 0.000318 seconds to synchronously load lazily loaded font '../../../Engine/Content/Slate/Fonts/Roboto-Light.ttf' (167K)
[2018.09.28-12.12.16:297][197]LogAssetEditorManager: Opening Asset editor for StaticMesh /Game/World/Mesh/Armoire.Armoire
[2018.09.28-12.12.18:386][197]LogAssetEditorManager: Opening Asset editor for StaticMesh /Game/World/Architecture/Basic_Wall2Mat_Angle.Basic_Wall2Mat_Angle
[2018.09.28-12.12.19:229][197]LogAssetEditorManager: Opening Asset editor for StaticMesh /Game/World/Mesh/Biblio01.Biblio01
[2018.09.28-12.12.19:929][197]LogAssetEditorManager: Opening Asset editor for StaticMesh /Game/World/Mesh/Biblio02.Biblio02
[2018.09.28-12.12.20:680][197]LogAssetEditorManager: Opening Asset editor for StaticMesh /Game/World/Mesh/Biblio03.Biblio03
[2018.09.28-12.12.21:379][197]LogAssetEditorManager: Opening Asset editor for StaticMesh /Game/World/Mesh/Bordel.Bordel
[2018.09.28-12.12.21:988][197]LogAssetEditorManager: Opening Asset editor for StaticMesh /Game/World/Mesh/SM_Table_Cube_001.SM_Table_Cube_001
[2018.09.28-12.12.22:844][197]LogRenderer: Reallocating scene render targets to support 1188x744 Format 9 NumSamples 1 (Frame:1).
[2018.09.28-12.12.22:844][197]LogSlate: Took 0.027386 seconds to synchronously load lazily loaded font '../../../Engine/Content/Slate/Fonts/Roboto-Italic.ttf' (157K)
[2018.09.28-12.12.32:377][365]LogSlate: Window 'Message' being destroyed
[2018.09.28-12.12.33:037][365]LogStaticMesh: Building static mesh Biblio03...
[2018.09.28-12.12.34:286][365]LogQuadric: Warning: Quadric point+attributes evaluate detected possible degenerate. Returning 0.
[2018.09.28-12.12.34:286][365]LogQuadric: Warning: Quadric point+attributes evaluate detected possible degenerate. Returning 0.
[2018.09.28-12.12.34:286][365]LogQuadric: Warning: Quadric point+attributes evaluate detected possible degenerate. Returning 0.
[2018.09.28-12.12.34:286][365]LogQuadric: Warning: Quadric point+attributes evaluate detected possible degenerate. Returning 0.
[2018.09.28-12.12.34:286][365]LogQuadric: Warning: Quadric point+attributes evaluate detected possible degenerate. Returning 0.
[2018.09.28-12.12.34:286][365]LogQuadric: Warning: Quadric point+attributes evaluate detected possible degenerate. Returning 0.
[2018.09.28-12.12.34:286][365]LogQuadric: Warning: Quadric point+attributes evaluate detected possible degenerate. Returning 0.
[2018.09.28-12.12.34:286][365]LogQuadric: Warning: Quadric point+attributes evaluate detected possible degenerate. Returning 0.
[2018.09.28-12.12.34:286][365]LogQuadric: Warning: Quadric point+attributes evaluate detected possible degenerate. Returning 0.
[2018.09.28-12.12.34:286][365]LogQuadric: Warning: Quadric point+attributes evaluate detected possible degenerate. Returning 0.
[2018.09.28-12.12.34:286][365]LogQuadric: Warning: Quadric point+attributes evaluate detected possible degenerate. Returning 0.
[2018.09.28-12.12.34:286][365]LogQuadric: Warning: Quadric point+attributes evaluate detected possible degenerate. Returning 0.
[2018.09.28-12.12.34:286][365]LogQuadric: Warning: Quadric point+attributes evaluate detected possible degenerate. Returning 0.
[2018.09.28-12.12.34:287][365]LogQuadric: Warning: Quadric point+attributes evaluate detected possible degenerate. Returning 0.
[2018.09.28-12.12.34:287][365]LogQuadric: Warning: Quadric point+attributes evaluate detected possible degenerate. Returning 0.
[2018.09.28-12.12.34:287][365]LogQuadric: Warning: Quadric point+attributes evaluate detected possible degenerate. Returning 0.
[2018.09.28-12.12.34:287][365]LogQuadric: Warning: Quadric point+attributes evaluate detected possible degenerate. Returning 0.
[2018.09.28-12.12.34:287][365]LogQuadric: Warning: Quadric point+attributes evaluate detected possible degenerate. Returning 0.
[2018.09.28-12.12.34:287][365]LogQuadric: Warning: Quadric point+attributes evaluate detected possible degenerate. Returning 0.
[2018.09.28-12.12.34:287][365]LogQuadric: Warning: Quadric point+attributes evaluate detected possible degenerate. Returning 0.
[2018.09.28-12.12.34:287][365]LogQuadric: Warning: Quadric point+attributes evaluate detected possible degenerate. Returning 0.
[2018.09.28-12.12.34:287][365]LogQuadric: Warning: Quadric point+attributes evaluate detected possible degenerate. Returning 0.
[2018.09.28-12.12.34:287][365]LogQuadric: Warning: Quadric point+attributes evaluate detected possible degenerate. Returning 0.
[2018.09.28-12.12.34:287][365]LogQuadric: Warning: Quadric point+attributes evaluate detected possible degenerate. Returning 0.
[2018.09.28-12.12.34:287][365]LogQuadric: Warning: Quadric point+attributes evaluate detected possible degenerate. Returning 0.
[2018.09.28-12.12.34:287][365]LogQuadric: Warning: Quadric point+attributes evaluate detected possible degenerate. Returning 0.
[2018.09.28-12.12.34:287][365]LogQuadric: Warning: Quadric point+attributes evaluate detected possible degenerate. Returning 0.
[2018.09.28-12.12.34:287][365]LogQuadric: Warning: Quadric point+attributes evaluate detected possible degenerate. Returning 0.
[2018.09.28-12.12.34:287][365]LogQuadric: Warning: Quadric point+attributes evaluate detected possible degenerate. Returning 0.
[2018.09.28-12.12.34:287][365]LogQuadric: Warning: Quadric point+attributes evaluate detected possible degenerate. Returning 0.
[2018.09.28-12.12.34:287][365]LogQuadric: Warning: Quadric point+attributes evaluate detected possible degenerate. Returning 0.
[2018.09.28-12.12.34:287][365]LogQuadric: Warning: Quadric point+attributes evaluate detected possible degenerate. Returning 0.
[2018.09.28-12.12.34:287][365]LogQuadric: Warning: Quadric point+attributes evaluate detected possible degenerate. Returning 0.
[2018.09.28-12.12.34:287][365]LogQuadric: Warning: Quadric point+attributes evaluate detected possible degenerate. Returning 0.
[2018.09.28-12.12.34:288][365]LogQuadric: Warning: Quadric point+attributes evaluate detected possible degenerate. Returning 0.
[2018.09.28-12.12.34:288][365]LogQuadric: Warning: Quadric point+attributes evaluate detected possible degenerate. Returning 0.
[2018.09.28-12.12.34:288][365]LogQuadric: Warning: Quadric point+attributes evaluate detected possible degenerate. Returning 0.
[2018.09.28-12.12.34:288][365]LogQuadric: Warning: Quadric point+attributes evaluate detected possible degenerate. Returning 0.
[2018.09.28-12.12.34:288][365]LogQuadric: Warning: Quadric point+attributes evaluate detected possible degenerate. Returning 0.
[2018.09.28-12.12.34:288][365]LogQuadric: Warning: Quadric point+attributes evaluate detected possible degenerate. Returning 0.
[2018.09.28-12.12.34:288][365]LogQuadric: Warning: Quadric point+attributes evaluate detected possible degenerate. Returning 0.
[2018.09.28-12.12.34:288][365]LogQuadric: Warning: Quadric point+attributes evaluate detected possible degenerate. Returning 0.
[2018.09.28-12.12.34:288][365]LogQuadric: Warning: Quadric point+attributes evaluate detected possible degenerate. Returning 0.
[2018.09.28-12.12.34:288][365]LogQuadric: Warning: Quadric point+attributes evaluate detected possible degenerate. Returning 0.
[2018.09.28-12.12.34:288][365]LogQuadric: Warning: Quadric point+attributes evaluate detected possible degenerate. Returning 0.
[2018.09.28-12.12.34:288][365]LogQuadric: Warning: Quadric point+attributes evaluate detected possible degenerate. Returning 0.
[2018.09.28-12.12.34:288][365]LogQuadric: Warning: Quadric point+attributes evaluate detected possible degenerate. Returning 0.
[2018.09.28-12.12.34:288][365]LogQuadric: Warning: Quadric point+attributes evaluate detected possible degenerate. Returning 0.
[2018.09.28-12.12.34:288][365]LogQuadric: Warning: Quadric point+attributes evaluate detected possible degenerate. Returning 0.
[2018.09.28-12.12.34:288][365]LogQuadric: Warning: Quadric point+attributes evaluate detected possible degenerate. Returning 0.
[2018.09.28-12.12.34:288][365]LogQuadric: Warning: Quadric point+attributes evaluate detected possible degenerate. Returning 0.
[2018.09.28-12.12.34:288][365]LogQuadric: Warning: Quadric point+attributes evaluate detected possible degenerate. Returning 0.
[2018.09.28-12.12.34:288][365]LogQuadric: Warning: Quadric point+attributes evaluate detected possible degenerate. Returning 0.
[2018.09.28-12.12.34:288][365]LogQuadric: Warning: Quadric point+attributes evaluate detected possible degenerate. Returning 0.
[2018.09.28-12.12.34:288][365]LogQuadric: Warning: Quadric point+attributes evaluate detected possible degenerate. Returning 0.
[2018.09.28-12.12.34:288][365]LogQuadric: Warning: Quadric point+attributes evaluate detected possible degenerate. Returning 0.
[2018.09.28-12.12.34:288][365]LogQuadric: Warning: Quadric point+attributes evaluate detected possible degenerate. Returning 0.
[2018.09.28-12.12.34:288][365]LogQuadric: Warning: Quadric point+attributes evaluate detected possible degenerate. Returning 0.
[2018.09.28-12.12.34:289][365]LogQuadric: Warning: Quadric point+attributes evaluate detected possible degenerate. Returning 0.
[2018.09.28-12.12.34:289][365]LogQuadric: Warning: Quadric point+attributes evaluate detected possible degenerate. Returning 0.
[2018.09.28-12.12.34:289][365]LogQuadric: Warning: Quadric point+attributes evaluate detected possible degenerate. Returning 0.
[2018.09.28-12.12.34:289][365]LogQuadric: Warning: Quadric point+attributes evaluate detected possible degenerate. Returning 0.
[2018.09.28-12.12.34:289][365]LogQuadric: Warning: Quadric point+attributes evaluate detected possible degenerate. Returning 0.
[2018.09.28-12.12.34:289][365]LogQuadric: Warning: Quadric point+attributes evaluate detected possible degenerate. Returning 0.
[2018.09.28-12.12.34:289][365]LogQuadric: Warning: Quadric point+attributes evaluate detected possible degenerate. Returning 0.
[2018.09.28-12.12.34:290][365]LogQuadric: Warning: Quadric point+attributes evaluate detected possible degenerate. Returning 0.
[2018.09.28-12.12.34:290][365]LogQuadric: Warning: Quadric point+attributes evaluate detected possible degenerate. Returning 0.
[2018.09.28-12.12.34:290][365]LogQuadric: Warning: Quadric point+attributes evaluate detected possible degenerate. Returning 0.
[2018.09.28-12.12.34:290][365]LogQuadric: Warning: Quadric point+attributes evaluate detected possible degenerate. Returning 0.
[2018.09.28-12.12.34:290][365]LogQuadric: Warning: Quadric point+attributes evaluate detected possible degenerate. Returning 0.
[2018.09.28-12.12.34:290][365]LogQuadric: Warning: Quadric point evaluate detected possible degenerate. Returning 0.
[2018.09.28-12.12.34:290][365]LogQuadric: Warning: Quadric point+attributes evaluate detected possible degenerate. Returning 0.
[2018.09.28-12.12.34:290][365]LogQuadric: Warning: Quadric point+attributes evaluate detected possible degenerate. Returning 0.
[2018.09.28-12.12.34:290][365]LogQuadric: Warning: Quadric point+attributes evaluate detected possible degenerate. Returning 0.
[2018.09.28-12.12.34:290][365]LogQuadric: Warning: Quadric point+attributes evaluate detected possible degenerate. Returning 0.
[2018.09.28-12.12.34:290][365]LogQuadric: Warning: Quadric point evaluate detected possible degenerate. Returning 0.
[2018.09.28-12.12.34:290][365]LogWindows: Windows GetLastError: L’opération a réussi. (0)
[2018.09.28-12.13.34:502][365]LogWindows: Error: === Critical error: ===
[2018.09.28-12.13.34:502][365]LogWindows: Error: 
[2018.09.28-12.13.34:502][365]LogWindows: Error: Assertion failed: FMath::IsFinite( cost ) [File:d:\build\++ue4\sync\engine\source\developer\meshsimplifier\private\MeshSimplify.h] [Line: 418] 
[2018.09.28-12.13.34:502][365]LogWindows: Error: 
[2018.09.28-12.13.34:502][365]LogWindows: Error: 
[2018.09.28-12.13.34:502][365]LogWindows: Error: 
[2018.09.28-12.13.34:502][365]LogWindows: Error: 
[2018.09.28-12.13.34:723][365]LogExit: Executing StaticShutdownAfterError
[2018.09.28-12.13.35:358][365]LogWindows: FPlatformMisc::RequestExit(1)
[2018.09.28-12.13.35:388][365]Log file closed, 09/28/18 14:13:35
