Log file open, 09/24/18 23:42:13
LogWindows: Failed to load 'aqProf.dll' (GetLastError=126)
LogWindows: File 'aqProf.dll' does not exist
LogWindows: Failed to load 'VtuneApi.dll' (GetLastError=126)
LogWindows: File 'VtuneApi.dll' does not exist
LogWindows: Failed to load 'VtuneApi32e.dll' (GetLastError=126)
LogWindows: File 'VtuneApi32e.dll' does not exist
LogInit: Display: Running engine for game: GameJamProject
LogPlatformFile: Not using cached read wrapper
LogTaskGraph: Started task graph with 5 named threads and 11 total threads with 3 sets of task threads.
LogStats: Stats thread started at 38.184487
LogD3D11RHI: Loaded GFSDK_Aftermath_Lib.x64.dll
LogICUInternationalization: Display: ICU TimeZone Detection - Raw Offset: +1:00, Platform Override: ''
LogPluginManager: Mounting plugin Paper2D
LogPluginManager: Mounting plugin AISupport
LogPluginManager: Mounting plugin LightPropagationVolume
LogPluginManager: Mounting plugin CLionSourceCodeAccess
LogPluginManager: Mounting plugin CodeLiteSourceCodeAccess
LogPluginManager: Mounting plugin GitSourceControl
LogPluginManager: Mounting plugin KDevelopSourceCodeAccess
LogPluginManager: Mounting plugin NullSourceCodeAccess
LogPluginManager: Mounting plugin PerforceSourceControl
LogPluginManager: Mounting plugin SubversionSourceControl
LogPluginManager: Mounting plugin UObjectPlugin
LogPluginManager: Mounting plugin VisualStudioCodeSourceCodeAccess
LogPluginManager: Mounting plugin VisualStudioSourceCodeAccess
LogPluginManager: Mounting plugin XCodeSourceCodeAccess
LogPluginManager: Mounting plugin AssetManagerEditor
LogPluginManager: Mounting plugin CryptoKeys
LogPluginManager: Mounting plugin DataValidation
LogPluginManager: Mounting plugin EditorScriptingUtilities
LogPluginManager: Mounting plugin FacialAnimation
LogPluginManager: Mounting plugin GameplayTagsEditor
LogPluginManager: Mounting plugin MacGraphicsSwitching
LogPluginManager: Mounting plugin MeshEditor
LogPluginManager: Mounting plugin MobileLauncherProfileWizard
LogPluginManager: Mounting plugin PluginBrowser
LogPluginManager: Mounting plugin SpeedTreeImporter
LogPluginManager: Mounting plugin DatasmithContent
LogPluginManager: Mounting plugin AlembicImporter
LogPluginManager: Mounting plugin AppleImageUtils
LogPluginManager: Mounting plugin AppleVision
LogPluginManager: Mounting plugin BackChannel
LogPluginManager: Mounting plugin CharacterAI
LogPluginManager: Mounting plugin GeometryCache
LogPluginManager: Mounting plugin HTML5Networking
LogPluginManager: Mounting plugin ProxyLODPlugin
LogPluginManager: Mounting plugin MagicLeap
LogPluginManager: Mounting plugin MagicLeapEmulator
LogPluginManager: Mounting plugin MagicLeapMedia
LogPluginManager: Mounting plugin AndroidMedia
LogPluginManager: Mounting plugin AvfMedia
LogPluginManager: Mounting plugin ImgMedia
LogPluginManager: Mounting plugin LinearTimecode
LogPluginManager: Mounting plugin MediaCompositing
LogPluginManager: Mounting plugin MediaPlayerEditor
LogPluginManager: Mounting plugin WmfMedia
LogPluginManager: Mounting plugin TcpMessaging
LogPluginManager: Mounting plugin UdpMessaging
LogPluginManager: Mounting plugin ActorSequence
LogPluginManager: Mounting plugin LevelSequenceEditor
LogPluginManager: Mounting plugin MatineeToLevelSequence
LogPluginManager: Mounting plugin NetcodeUnitTest
LogPluginManager: Mounting plugin NUTUnrealEngine4
LogPluginManager: Mounting plugin OnlineSubsystemGooglePlay
LogPluginManager: Mounting plugin OnlineSubsystemIOS
LogPluginManager: Mounting plugin OnlineSubsystem
LogPluginManager: Mounting plugin OnlineSubsystemNull
LogPluginManager: Mounting plugin OnlineSubsystemUtils
LogPluginManager: Mounting plugin LauncherChunkInstaller
LogPluginManager: Mounting plugin AndroidDeviceProfileSelector
LogPluginManager: Mounting plugin AndroidMoviePlayer
LogPluginManager: Mounting plugin AndroidPermission
LogPluginManager: Mounting plugin AppleMoviePlayer
LogPluginManager: Mounting plugin ArchVisCharacter
LogPluginManager: Mounting plugin AudioCapture
LogPluginManager: Mounting plugin CableComponent
LogPluginManager: Mounting plugin CustomMeshComponent
LogPluginManager: Mounting plugin EditableMesh
LogPluginManager: Mounting plugin ExampleDeviceProfileSelector
LogPluginManager: Mounting plugin GoogleCloudMessaging
LogPluginManager: Mounting plugin ImmediatePhysics
LogPluginManager: Mounting plugin IOSDeviceProfileSelector
LogPluginManager: Mounting plugin LinuxDeviceProfileSelector
LogPluginManager: Mounting plugin LocationServicesBPLibrary
LogPluginManager: Mounting plugin MobilePatchingUtils
LogPluginManager: Mounting plugin OculusVR
LogPluginManager: Plugin shader directory ../../../Engine/Plugins/Runtime/Oculus/OculusVR/Shaders found
LogPluginManager: Mapping shader source directory ../../../Engine/Plugins/Runtime/Oculus/OculusVR/Shaders to virtual directory /Plugin/OculusVR
LogPluginManager: Mounting plugin PhysXVehicles
LogPluginManager: Mounting plugin ProceduralMeshComponent
LogPluginManager: Mounting plugin RuntimePhysXCooking
LogPluginManager: Mounting plugin SteamVR
LogPluginManager: Mounting plugin WindowsMoviePlayer
LogPluginManager: Mounting plugin DatasmithCADImporter
LogPluginManager: Mounting plugin DatasmithFBXImporter
LogPluginManager: Mounting plugin DatasmithImporter
LogPluginManager: Mounting plugin DatasmithMDLImporter
LogPluginManager: Mounting plugin StaticMeshEditorExtension
LogStreaming: Display: Took  0.720s to configure plugins.
LogInit: Using libcurl 7.55.1-DEV
LogInit:  - built for x86_64-pc-win32
LogInit:  - supports SSL with OpenSSL/1.0.2h
LogInit:  - supports HTTP deflate (compression) using libz 1.2.8
LogInit:  - other features:
LogInit:      CURL_VERSION_SSL
LogInit:      CURL_VERSION_LIBZ
LogInit:      CURL_VERSION_IPV6
LogInit:      CURL_VERSION_ASYNCHDNS
LogInit:      CURL_VERSION_LARGEFILE
LogInit:      CURL_VERSION_IDN
LogInit:  CurlRequestOptions (configurable via config and command line):
LogInit:  - bVerifyPeer = false  - Libcurl will NOT verify peer certificate
LogInit:  - bUseHttpProxy = false  - Libcurl will NOT use HTTP proxy
LogInit:  - bDontReuseConnections = false  - Libcurl will reuse connections
LogInit:  - CertBundlePath = nullptr  - Libcurl will use whatever was configured at build time.
LogInit:  - MaxHostConnections = 16  - Libcurl will limit the number of connections to a host
LogInit:  - LocalHostAddr = Default
LogInit:  - BufferSize = 65536
LogInit: WinSock: version 1.1 (2.2), MaxSocks=32767, MaxUdp=65467
LogInit: Build: ++UE4+Release-4.20-CL-4369336
LogInit: Engine Version: 4.20.3-4369336+++UE4+Release-4.20
LogInit: Compatible Engine Version: 4.20.0-4212847+++UE4+Release-4.20
LogInit: Net CL: 4212847
LogInit: OS: Windows 10 (), CPU:        Intel(R) Core(TM) i3-3110M CPU @ 2.40GHz, GPU: Intel(R) HD Graphics 4000
LogInit: Compiled (64-bit): Sep 17 2018 12:26:19
LogInit: Compiled with Visual C++: 19.13.26129.00
LogInit: Build Configuration: Development
LogInit: Branch Name: ++UE4+Release-4.20
LogInit: Command Line:  
LogInit: Base Directory: C:/Program Files/Epic Games/UE_4.20/Engine/Binaries/Win64/
LogInit: Installed Engine Build: 1
LogDevObjectVersion: Number of dev versions registered: 20
LogDevObjectVersion:   Dev-Blueprints (B0D832E4-1F89-4F0D-ACCF-7EB736FD4AA2): 10
LogDevObjectVersion:   Dev-Build (E1C64328-A22C-4D53-A36C-8E866417BD8C): 0
LogDevObjectVersion:   Dev-Core (375EC13C-06E4-48FB-B500-84F0262A717E): 2
LogDevObjectVersion:   Dev-Editor (E4B068ED-F494-42E9-A231-DA0B2E46BB41): 24
LogDevObjectVersion:   Dev-Framework (CFFC743F-43B0-4480-9391-14DF171D2073): 34
LogDevObjectVersion:   Dev-Mobile (B02B49B5-BB20-44E9-A304-32B752E40360): 2
LogDevObjectVersion:   Dev-Networking (A4E4105C-59A1-49B5-A7C5-40C4547EDFEE): 0
LogDevObjectVersion:   Dev-Online (39C831C9-5AE6-47DC-9A44-9C173E1C8E7C): 0
LogDevObjectVersion:   Dev-Physics (78F01B33-EBEA-4F98-B9B4-84EACCB95AA2): 0
LogDevObjectVersion:   Dev-Platform (6631380F-2D4D-43E0-8009-CF276956A95A): 0
LogDevObjectVersion:   Dev-Rendering (12F88B9F-8875-4AFC-A67C-D90C383ABD29): 26
LogDevObjectVersion:   Dev-Sequencer (7B5AE74C-D270-4C10-A958-57980B212A5A): 9
LogDevObjectVersion:   Dev-VR (D7296918-1DD6-4BDD-9DE2-64A83CC13884): 2
LogDevObjectVersion:   Dev-LoadTimes (C2A15278-BFE7-4AFE-6C17-90FF531DF755): 1
LogDevObjectVersion:   Private-Geometry (6EACA3D4-40EC-4CC1-B786-8BED09428FC5): 3
LogDevObjectVersion:   Dev-AnimPhys (29E575DD-E0A3-4627-9D10-D276232CDCEA): 17
LogDevObjectVersion:   Dev-ReflectionCapture (6B266CEC-1EC7-4B8F-A30B-E4D90942FC07): 1
LogDevObjectVersion:   Dev-Automation (0DF73D61-A23F-47EA-B727-89E90C41499A): 1
LogDevObjectVersion:   FortniteMain (601D1886-AC64-4F84-AA16-D3DE0DEAC7D6): 12
LogDevObjectVersion:   Dev-Enterprise (9DFFBCD6-494F-0158-E221-12823C92A888): 1
LogStreaming: Display: Took  0.126s to delete old logs.
LogInit: Presizing for max 8388607 objects, including 0 objects not considered by GC, pre-allocating 0 bytes for permanent pool.
LogInit: Object subsystem initialized
[2018.09.24-21.42.24:245][  0]LogInit: Selected Device Profile: [Windows]
[2018.09.24-21.42.24:276][  0]LogInit: Applying CVar settings loaded from the selected device profile: [Windows]
[2018.09.24-21.42.24:620][  0]LogHAL: Display: Platform has ~ 6 GB [6322470912 / 8589934592 / 6], which maps to Smaller [LargestMinGB=32, LargerMinGB=12, DefaultMinGB=8, SmallerMinGB=6, SmallestMinGB=0)
[2018.09.24-21.42.24:635][  0]LogInit: Setting Device Profile CVar: [[r.Vulkan.UseRealUBs:1]]
[2018.09.24-21.42.24:651][  0]LogInit: Going up to parent DeviceProfile []
[2018.09.24-21.42.24:933][  0]LogInit: Computer: PC_DONO
[2018.09.24-21.42.24:933][  0]LogInit: User: Donovan
[2018.09.24-21.42.24:933][  0]LogInit: CPU Page size=4096, Cores=2
[2018.09.24-21.42.24:933][  0]LogInit: High frequency timer resolution =2.338452 MHz
[2018.09.24-21.42.24:933][  0]LogMemory: Memory total: Physical=5.9GB (6GB approx)
[2018.09.24-21.42.24:933][  0]LogMemory: Platform Memory Stats for Windows
[2018.09.24-21.42.24:933][  0]LogMemory: Process Physical Memory: 102.02 MB used, 102.02 MB peak
[2018.09.24-21.42.24:933][  0]LogMemory: Process Virtual Memory: 94.59 MB used, 94.59 MB peak
[2018.09.24-21.42.24:933][  0]LogMemory: Physical Memory: 2059.49 MB used,  3970.09 MB free, 6029.58 MB total
[2018.09.24-21.42.24:933][  0]LogMemory: Virtual Memory: 4626.98 MB used,  3970.09 MB free, 134217728.00 MB total
[2018.09.24-21.42.27:621][  0]LogInit: Using OS detected language (fr-FR).
[2018.09.24-21.42.27:621][  0]LogInit: Using OS detected locale (fr-FR).
[2018.09.24-21.42.27:732][  0]LogTextLocalizationManager: No specific localization for 'fr-FR' exists, so the 'fr' localization will be used.
[2018.09.24-21.42.28:098][  0]LogStreaming: Display: Took  0.436s to InitEngineTextLocalization.
[2018.09.24-21.42.28:107][  0]LogInit: Setting process to per monitor DPI aware
[2018.09.24-21.42.29:555][  0]LogSlate: New Slate User Created.  User Index 0, Is Virtual User: 0
[2018.09.24-21.42.29:555][  0]LogSlate: Slate User Registered.  User Index 0, Is Virtual User: 0
[2018.09.24-21.42.46:937][  0]LogHMD: Failed to initialize OpenVR with code 110
[2018.09.24-21.42.46:937][  0]LogD3D11RHI: D3D11 adapters:
[2018.09.24-21.42.47:632][  0]LogD3D11RHI:    0. 'NVIDIA GeForce GT 720M' (Feature Level 11_0)
[2018.09.24-21.42.47:632][  0]LogD3D11RHI:       1999/0/3014 MB DedicatedVideo/DedicatedSystem/SharedSystem, Outputs:1, VendorId:0x10de
[2018.09.24-21.42.47:637][  0]LogD3D11RHI:    1. 'Intel(R) HD Graphics 4000' (Feature Level 11_0)
[2018.09.24-21.42.47:637][  0]LogD3D11RHI:       32/0/1760 MB DedicatedVideo/DedicatedSystem/SharedSystem, Outputs:0, VendorId:0x8086
[2018.09.24-21.42.47:890][  0]LogD3D11RHI:    2. 'Microsoft Basic Render Driver' (Feature Level 11_0)
[2018.09.24-21.42.47:890][  0]LogD3D11RHI:       0/0/3014 MB DedicatedVideo/DedicatedSystem/SharedSystem, Outputs:0, VendorId:0x1414
[2018.09.24-21.42.47:890][  0]LogD3D11RHI: Chosen D3D11 Adapter: 0
[2018.09.24-21.42.47:961][  0]LogD3D11RHI: Creating new Direct3DDevice
[2018.09.24-21.42.47:961][  0]LogD3D11RHI:     GPU DeviceId: 0x1140 (for the marketing name, search the web for "GPU Device Id")
[2018.09.24-21.42.47:972][  0]LogWindows: EnumDisplayDevices:
[2018.09.24-21.42.47:972][  0]LogWindows:    0. 'Intel(R) HD Graphics 4000' (P:1 D:1)
[2018.09.24-21.42.47:972][  0]LogWindows:    1. 'Intel(R) HD Graphics 4000' (P:0 D:0)
[2018.09.24-21.42.47:973][  0]LogWindows:    2. 'Intel(R) HD Graphics 4000' (P:0 D:0)
[2018.09.24-21.42.47:973][  0]LogWindows: DebugString: PrimaryIsNotTheChoosenAdapter PrimaryIsNotTheChoosenAdapter PrimaryIsNotTheChoosenAdapter FoundDriverCount:0 
[2018.09.24-21.42.47:973][  0]LogD3D11RHI:     Adapter Name: NVIDIA GeForce GT 720M
[2018.09.24-21.42.47:973][  0]LogD3D11RHI:   Driver Version: Unknown (internal:Unknown, unified:Unknown)
[2018.09.24-21.42.47:973][  0]LogD3D11RHI:      Driver Date: Unknown
[2018.09.24-21.42.47:973][  0]LogRHI: Texture pool is 1399 MB (70% of 1999 MB)
[2018.09.24-21.42.48:192][  0]LogD3D11RHI: Display: Timestamp queries are currently disabled on this hardware due to instability. Realtime GPU stats will not be available. You can override this behaviour by setting r.NVIDIATimestampWorkaround to 0
[2018.09.24-21.42.48:205][  0]LogD3D11RHI: Async texture creation enabled
[2018.09.24-21.42.48:714][  0]LogD3D11RHI: GPU Timing Frequency: 1000.000000 (Debug: 2 1)
[2018.09.24-21.42.48:833][  0]LogShaderCompilers: Guid format shader working directory is -33 characters bigger than the processId version (../../../../../../Users/Donovan/UE4_Project/GameJamProject/GameJam/GameJamProject/Intermediate/Shaders/WorkingDirectory/5280/).
[2018.09.24-21.42.48:833][  0]LogShaderCompilers: Cleaned the shader compiler working directory 'C:/Users/Donovan/AppData/Local/Temp/UnrealShaderWorkingDir/1616D6024AF2F1666B0D7E9C18DFE39B/'.
[2018.09.24-21.42.51:935][  0]LogTemp: Display: Loaded TP AllDesktopTargetPlatform
[2018.09.24-21.42.52:180][  0]LogTemp: Display: Loaded TP MacClientTargetPlatform
[2018.09.24-21.42.52:265][  0]LogTemp: Display: Loaded TP MacNoEditorTargetPlatform
[2018.09.24-21.42.52:326][  0]LogTemp: Display: Loaded TP MacServerTargetPlatform
[2018.09.24-21.42.52:441][  0]LogTemp: Display: Loaded TP MacTargetPlatform
[2018.09.24-21.42.52:548][  0]LogTemp: Display: Loaded TP WindowsClientTargetPlatform
[2018.09.24-21.42.52:601][  0]LogTemp: Display: Loaded TP WindowsNoEditorTargetPlatform
[2018.09.24-21.42.52:671][  0]LogTemp: Display: Loaded TP WindowsServerTargetPlatform
[2018.09.24-21.42.52:728][  0]LogTemp: Display: Loaded TP WindowsTargetPlatform
[2018.09.24-21.42.53:216][  0]LogTemp: Display: Loaded TP AndroidTargetPlatform
[2018.09.24-21.42.53:216][  0]LogTemp: Display: Loaded TP AndroidTargetPlatform
[2018.09.24-21.42.53:216][  0]LogTemp: Display: Loaded TP AndroidTargetPlatform
[2018.09.24-21.42.53:216][  0]LogTemp: Display: Loaded TP AndroidTargetPlatform
[2018.09.24-21.42.53:216][  0]LogTemp: Display: Loaded TP AndroidTargetPlatform
[2018.09.24-21.42.53:216][  0]LogTemp: Display: Loaded TP AndroidTargetPlatform
[2018.09.24-21.42.53:216][  0]LogTemp: Display: Loaded TP AndroidTargetPlatform
[2018.09.24-21.42.53:216][  0]LogTemp: Display: Loaded TP AndroidTargetPlatform
[2018.09.24-21.42.53:216][  0]LogTemp: Display: Loaded TP AndroidTargetPlatform
[2018.09.24-21.42.53:216][  0]LogTemp: Display: Loaded TP AndroidTargetPlatform
[2018.09.24-21.42.53:216][  0]LogTemp: Display: Loaded TP AndroidTargetPlatform
[2018.09.24-21.42.53:216][  0]LogTemp: Display: Loaded TP AndroidTargetPlatform
[2018.09.24-21.42.53:216][  0]LogTemp: Display: Loaded TP AndroidTargetPlatform
[2018.09.24-21.42.53:216][  0]LogTemp: Display: Loaded TP AndroidTargetPlatform
[2018.09.24-21.42.53:216][  0]LogTemp: Display: Loaded TP AndroidTargetPlatform
[2018.09.24-21.42.53:216][  0]LogTemp: Display: Loaded TP AndroidTargetPlatform
[2018.09.24-21.42.53:216][  0]LogTemp: Display: Loaded TP AndroidTargetPlatform
[2018.09.24-21.42.53:216][  0]LogTemp: Display: Loaded TP AndroidTargetPlatform
[2018.09.24-21.42.53:254][  0]LogTemp: Display: Loaded TP HTML5TargetPlatform
[2018.09.24-21.42.53:561][  0]LogTemp: Display: Loaded TP IOSTargetPlatform
[2018.09.24-21.42.53:561][  0]LogTemp: Display: Loaded TP IOSTargetPlatform
[2018.09.24-21.42.53:636][  0]LogTemp: Display: Loaded TP TVOSTargetPlatform
[2018.09.24-21.42.53:636][  0]LogTemp: Display: Loaded TP TVOSTargetPlatform
[2018.09.24-21.42.53:705][  0]LogTemp: Display: Loaded TP LinuxClientTargetPlatform
[2018.09.24-21.42.53:766][  0]LogTemp: Display: Loaded TP LinuxNoEditorTargetPlatform
[2018.09.24-21.42.53:840][  0]LogTemp: Display: Loaded TP LinuxServerTargetPlatform
[2018.09.24-21.42.53:931][  0]LogTemp: Display: Loaded TP LinuxTargetPlatform
[2018.09.24-21.42.53:975][  0]LogTemp: Display: Loaded TP LuminTargetPlatform
[2018.09.24-21.42.53:975][  0]LogTargetPlatformManager: Display: Building Assets For Windows
[2018.09.24-21.42.56:301][  0]LogXGEController: Cleaning working directory: C:/Users/Donovan/AppData/Local/Temp/UnrealXGEWorkingDir/
[2018.09.24-21.42.56:302][  0]LogXGEController: Cannot use XGE Controller as Incredibuild is not installed on this machine.
[2018.09.24-21.42.56:302][  0]LogShaderCompilers: Cannot use XGE Shader Compiler as Incredibuild is not installed on this machine.
[2018.09.24-21.42.56:302][  0]LogShaderCompilers: Display: Using Local Shader Compiler.
[2018.09.24-21.43.12:302][  0]LogDerivedDataCache: Display: Max Cache Size: 512 MB
[2018.09.24-21.43.21:597][  0]LogDerivedDataCache: Loaded boot cache 9.26s 72MB C:/Users/Donovan/AppData/Local/UnrealEngine/4.20/DerivedDataCache/Boot.ddc.
[2018.09.24-21.43.21:598][  0]LogDerivedDataCache: Display: Loaded Boot cache: C:/Users/Donovan/AppData/Local/UnrealEngine/4.20/DerivedDataCache/Boot.ddc
[2018.09.24-21.43.21:598][  0]LogDerivedDataCache: FDerivedDataBackendGraph:  Pak pak cache file ../../../../../../Users/Donovan/UE4_Project/GameJamProject/GameJam/GameJamProject/DerivedDataCache/DDC.ddp not found, will not use a pak cache.
[2018.09.24-21.43.21:598][  0]LogDerivedDataCache: Unable to find inner node Pak for hierarchical cache Hierarchy.
[2018.09.24-21.43.21:598][  0]LogDerivedDataCache: FDerivedDataBackendGraph:  CompressedPak pak cache file ../../../../../../Users/Donovan/UE4_Project/GameJamProject/GameJam/GameJamProject/DerivedDataCache/Compressed.ddp not found, will not use a pak cache.
[2018.09.24-21.43.21:598][  0]LogDerivedDataCache: Unable to find inner node CompressedPak for hierarchical cache Hierarchy.
[2018.09.24-21.43.21:753][  0]LogDerivedDataCache: Display: Pak cache opened for reading ../../../Engine/DerivedDataCache/Compressed.ddp.
[2018.09.24-21.43.21:765][  0]LogDerivedDataCache: Using Local data cache path C:/Users/Donovan/AppData/Local/UnrealEngine/Common/DerivedDataCache: Writable
[2018.09.24-21.43.21:765][  0]LogDerivedDataCache: Shared data cache path not found in *engine.ini, will not use an Shared cache.
[2018.09.24-21.43.21:765][  0]LogDerivedDataCache: Unable to find inner node Shared for hierarchical cache Hierarchy.
[2018.09.24-21.43.21:905][  0]LogMaterial: Verifying Global Shaders for PCD3D_SM5
[2018.09.24-21.43.22:030][  0]LogSlate: Using FreeType 2.6.0
[2018.09.24-21.43.22:274][  0]LogSlate: SlateFontServices - WITH_FREETYPE: 1, WITH_HARFBUZZ: 1
[2018.09.24-21.43.27:238][  0]LogAssetRegistry: FAssetRegistry took 0.0323 seconds to start up
[2018.09.24-21.43.36:106][  0]LogInit: Selected Device Profile: [Windows]
[2018.09.24-21.43.42:282][  0]LogSimplygon: Simplygon DLL not present - disabling.
[2018.09.24-21.43.42:794][  0]LogMeshReduction: Using SimplygonSwarm for distributed automatic mesh merging
[2018.09.24-21.43.42:806][  0]LogMeshReduction: Using ProxyLODMeshReduction for automatic mesh merging
[2018.09.24-21.43.42:824][  0]LogMeshReduction: Using QuadricMeshReduction for automatic static mesh reduction
[2018.09.24-21.43.42:824][  0]LogMeshReduction: No automatic skeletal mesh reduction module available
[2018.09.24-21.43.44:549][  0]LogNetVersion: GameJamProject 1.0.0, NetCL: 4212847, EngineNetVer: 5, GameNetVer: 0 (Checksum: 804558789)
[2018.09.24-21.43.57:576][  0]LogPackageLocalizationCache: Processed 13 localized package path(s) for 2 prioritized culture(s) in 0.365679 seconds
[2018.09.24-21.43.57:796][  0]LogUObjectArray: 38425 objects as part of root set at end of initial load.
[2018.09.24-21.43.57:796][  0]LogUObjectAllocator: 6690864 out of 0 bytes used by permanent object pool.
[2018.09.24-21.43.57:796][  0]LogUObjectArray: CloseDisregardForGC: 0/0 objects in disregard for GC pool
[2018.09.24-21.45.03:676][  0]LogTcpMessaging: Initializing TcpMessaging bridge
[2018.09.24-21.45.03:750][  0]LogUdpMessaging: Initializing bridge on interface 0.0.0.0:0 to multicast group 230.0.0.1:6666.
[2018.09.24-21.45.09:206][  0]SourceControl: Source control is disabled
[2018.09.24-21.45.09:252][  0]LogWindows: Warning: CreateProc failed: Le fichier spécifié est introuvable. (0x00000002)
[2018.09.24-21.45.09:252][  0]LogWindows: Warning: URL: F:/Logiciel/Jeux/Git/Git/bin/git.exe version
[2018.09.24-21.45.09:999][  0]LogWindows: Warning: CreateProc failed: Le fichier spécifié est introuvable. (0x00000002)
[2018.09.24-21.45.09:999][  0]LogWindows: Warning: URL: F:/Logiciel/Jeux/Git/Git/bin/git.exe version
[2018.09.24-21.45.10:262][  0]LogWindows: Warning: CreateProc failed: Le fichier spécifié est introuvable. (0x00000002)
[2018.09.24-21.45.10:262][  0]LogWindows: Warning: URL: F:/Logiciel/Jeux/Git/Git/bin/git.exe version
[2018.09.24-21.45.18:528][  0]LogAndroidPermission: UAndroidPermissionCallbackProxy::GetInstance
[2018.09.24-21.45.19:478][  0]LogOcInput: OculusInput pre-init called
[2018.09.24-21.45.42:256][  0]LogEngine: Initializing Engine...
[2018.09.24-21.45.42:350][  0]LogHMD: Failed to initialize OpenVR with code 110
[2018.09.24-21.45.42:388][  0]LogStats: UGameplayTagsManager::ConstructGameplayTagTree: ImportINI prefixes -  0.001 s
[2018.09.24-21.45.42:388][  0]LogStats: UGameplayTagsManager::ConstructGameplayTagTree: Construct from data asset -  0.000 s
[2018.09.24-21.45.42:389][  0]LogStats: UGameplayTagsManager::ConstructGameplayTagTree: ImportINI -  0.000 s
[2018.09.24-21.45.42:389][  0]LogStats: UGameplayTagsManager::ConstructGameplayTagTree: GameplayTagTreeChangedEvent.Broadcast -  0.000 s
[2018.09.24-21.45.42:950][  0]LogInit: Initializing FReadOnlyCVARCache
[2018.09.24-21.45.45:015][  0]LogAIModule: Creating AISystem for world Untitled
[2018.09.24-21.45.46:424][  0]LogInit: XAudio2 using 'Haut-parleurs (Realtek High Definition Audio)' : 2 channels at 48 kHz using 32 bits per sample (channel mask 0x3)
[2018.09.24-21.45.46:949][  0]LogInit: FAudioDevice initialized.
[2018.09.24-21.45.46:949][  0]LogNetVersion: Set ProjectVersion to 1.0.0.0. Version Checksum will be recalculated on next use.
[2018.09.24-21.45.48:049][  0]LogDerivedDataCache: Saved boot cache 1.10s 72MB C:/Users/Donovan/AppData/Local/UnrealEngine/4.20/DerivedDataCache/Boot.ddc.
[2018.09.24-21.45.48:055][  0]LogInit: Texture streaming: Enabled
[2018.09.24-21.45.49:090][  0]LogEngineSessionManager: EngineSessionManager initialized
[2018.09.24-21.45.50:973][  0]LogInit: Transaction tracking system initialized
[2018.09.24-21.45.52:729][  0]BlueprintLog: New page: Editor Load
[2018.09.24-21.45.58:047][  0]LocalizationService: Localization service is disabled
[2018.09.24-21.46.05:241][  0]LogFileCache: Scanning file cache for directory 'C:/Users/Donovan/UE4_Project/GameJamProject/GameJam/GameJamProject/Content/' took 0.02s
[2018.09.24-21.46.05:241][  0]LogCook: Display: Max memory allowance for cook 16384mb min free memory 0mb
[2018.09.24-21.46.05:273][  0]LogCook: Display: Mobile HDR setting 1
[2018.09.24-21.46.05:333][  0]LogGameplayTags: Display: UGameplayTagsManager::DoneAddingNativeTags. DelegateIsBound: 0
[2018.09.24-21.46.05:333][  0]LogStats: UGameplayTagsManager::ConstructGameplayTagTree: ImportINI prefixes -  0.000 s
[2018.09.24-21.46.05:333][  0]LogStats: UGameplayTagsManager::ConstructGameplayTagTree: Construct from data asset -  0.000 s
[2018.09.24-21.46.05:333][  0]LogStats: UGameplayTagsManager::ConstructGameplayTagTree: ImportINI -  0.000 s
[2018.09.24-21.46.05:333][  0]LogStats: UGameplayTagsManager::ConstructGameplayTagTree: GameplayTagTreeChangedEvent.Broadcast -  0.000 s
[2018.09.24-21.46.20:299][  0]LogWindows: Warning: CreateProc failed: Le fichier spécifié est introuvable. (0x00000002)
[2018.09.24-21.46.20:300][  0]LogWindows: Warning: URL: F:/Logiciel/Jeux/Git/Git/bin/git.exe version
[2018.09.24-21.46.20:336][  0]Cmd: MAP LOAD FILE="../../../../../../Users/Donovan/UE4_Project/GameJamProject/GameJam/GameJamProject/Content/Level/Start.umap" TEMPLATE=0 SHOWPROGRESS=1 FEATURELEVEL=3
[2018.09.24-21.46.20:355][  0]LightingResults: New page: Lighting Build
[2018.09.24-21.46.21:092][  0]MapCheck: New page: Map Check
[2018.09.24-21.46.21:093][  0]LightingResults: New page: Lighting Build
[2018.09.24-21.46.38:380][  0]LogBlueprint: Warning: Timeline OpenClosed Track NewTrack_0 in /Engine/Transient.REINST_BP_Doors_C_4 has an invalid curve.  Please fix!
[2018.09.24-21.47.06:556][  0]LogAIModule: Creating AISystem for world Start
[2018.09.24-21.47.35:170][  0]LogEditorServer: Finished looking for orphan Actors (0.000 secs)
[2018.09.24-21.47.35:581][  0]Cmd: MAP CHECKDEP NOCLEARLOG
[2018.09.24-21.47.35:751][  0]MapCheck: Map check complete: 0 Error(s), 0 Warning(s), took 169,454ms to complete.
[2018.09.24-21.47.35:751][  0]LogFileHelpers: Loading map 'Start' took 75.420
[2018.09.24-21.47.38:958][  0]LogCollectionManager: Loaded 0 collections in 0.004013 seconds
[2018.09.24-21.47.39:325][  0]LogFileCache: Scanning file cache for directory 'C:/Users/Donovan/UE4_Project/GameJamProject/GameJam/GameJamProject/Saved/Collections/' took 0.01s
[2018.09.24-21.47.39:325][  0]LogFileCache: Scanning file cache for directory 'C:/Users/Donovan/UE4_Project/GameJamProject/GameJam/GameJamProject/Content/Developers/Donovan/Collections/' took 0.01s
[2018.09.24-21.47.39:325][  0]LogFileCache: Scanning file cache for directory 'C:/Users/Donovan/UE4_Project/GameJamProject/GameJam/GameJamProject/Content/Collections/' took 0.01s
[2018.09.24-21.47.39:325][  0]LogCollectionManager: Rebuilt the GUID cache for 0 collections in 0.000001 seconds
[2018.09.24-21.47.39:345][  0]LogContentBrowser: Native class hierarchy populated in 0.0187 seconds. Added 2622 classes and 631 folders.
[2018.09.24-21.47.39:476][  0]LogContentBrowser: Native class hierarchy updated for 'WidgetCarousel' in 0.0004 seconds. Added 0 classes and 0 folders.
[2018.09.24-21.47.55:206][  0]LogContentBrowser: Native class hierarchy updated for 'AddContentDialog' in 0.0004 seconds. Added 0 classes and 0 folders.
[2018.09.24-21.47.56:416][  0]LogSlate: Updating window title bar state: overlay mode, drag disabled, window buttons hidden, title bar hidden
[2018.09.24-21.47.56:487][  0]LogSlate: Updating window title bar state: overlay mode, drag disabled, window buttons hidden, title bar hidden
[2018.09.24-21.47.56:499][  0]LogSlate: Updating window title bar state: overlay mode, drag disabled, window buttons hidden, title bar hidden
[2018.09.24-21.47.56:512][  0]LogSlate: Updating window title bar state: overlay mode, drag disabled, window buttons hidden, title bar hidden
[2018.09.24-21.47.58:093][  0]LogContentBrowser: Native class hierarchy updated for 'WorldBrowser' in 0.0004 seconds. Added 2 classes and 3 folders.
[2018.09.24-21.47.58:704][  0]LogSlate: Took 0.054783 seconds to synchronously load lazily loaded font '../../../Engine/Content/Slate/Fonts/Roboto-Regular.ttf' (155K)
[2018.09.24-21.47.58:831][  0]LogSlate: Took 0.016085 seconds to synchronously load lazily loaded font '../../../Engine/Content/Editor/Slate/Fonts/FontAwesome.ttf' (139K)
[2018.09.24-21.47.58:924][  0]LogSlate: Took 0.058940 seconds to synchronously load lazily loaded font '../../../Engine/Content/Slate/Fonts/Roboto-Bold.ttf' (160K)
[2018.09.24-21.48.00:489][  0]LogContentBrowser: Native class hierarchy updated for 'HierarchicalLODOutliner' in 0.0004 seconds. Added 0 classes and 0 folders.
[2018.09.24-21.48.00:489][  0]LogLoad: (Engine Initialization) Total time: 533.86 seconds
[2018.09.24-21.48.00:489][  0]LogLoad: (Engine Initialization) Total Blueprint compile time: 0.00 seconds
[2018.09.24-21.48.01:075][  0]LogContentStreaming: Texture pool size now 400 MB
[2018.09.24-21.48.01:740][  0]LogSlate: Took 0.074170 seconds to synchronously load lazily loaded font '../../../Engine/Content/Slate/Fonts/Roboto-Light.ttf' (167K)
[2018.09.24-21.48.02:275][  1]LogD3D11RHI: Timed out while waiting for GPU to catch up. (0.5 s)
[2018.09.24-21.48.02:563][  2]LogRenderer: Reallocating scene render targets to support 256x256 Format 9 NumSamples 1 (Frame:1).
[2018.09.24-21.48.04:716][  3]LogAssetRegistry: Asset discovery search completed in 277.5006 seconds
[2018.09.24-21.48.04:738][  3]LogCollectionManager: Rebuilt the object cache for 0 collections in 0.000000 seconds (found 0 objects)
[2018.09.24-21.48.04:738][  3]LogCollectionManager: Fixed up redirectors for 0 collections in 0.000128 seconds (updated 0 objects)
[2018.09.24-21.49.51:777][579]LogSlate: Took 0.000325 seconds to synchronously load lazily loaded font '../../../Engine/Content/Slate/Fonts/Roboto-Light.ttf' (167K)
[2018.09.24-21.49.51:788][579]LogAssetEditorManager: Opening Asset editor for Blueprint /Game/World/Blueprint/BPDoorMetal.BPDoorMetal
[2018.09.24-21.49.54:174][579]LogContentBrowser: Native class hierarchy updated for 'BlueprintGraph' in 0.0010 seconds. Added 116 classes and 0 folders.
[2018.09.24-21.49.58:857][579]LogSlate: Took 0.033634 seconds to synchronously load lazily loaded font '../../../Engine/Content/Slate/Fonts/Roboto-BoldCondensed.ttf' (158K)
[2018.09.24-21.50.02:644][580]LogSlate: Took 0.024630 seconds to synchronously load lazily loaded font '../../../Engine/Content/Slate/Fonts/Roboto-Italic.ttf' (157K)
[2018.09.24-21.51.35:341][877]LogAssetEditorManager: Opening Asset editor for Blueprint /Game/Character/Blueprints/BP_PlayerCharacter.BP_PlayerCharacter
[2018.09.24-21.52.16:903][168]BlueprintLog: New page: Compile BP_PlayerCharacter
[2018.09.24-21.52.23:312][204]LogSavePackage: Moving '../../../../../../Users/Donovan/UE4_Project/GameJamProject/GameJam/GameJamProject/Saved/BP_PlayerCharacter3E5EC0B440299C0A7091CF945AA7E862.tmp' to '../../../../../../Users/Donovan/UE4_Project/GameJamProject/GameJam/GameJamProject/Content/Character/Blueprints/BP_PlayerCharacter.uasset'
[2018.09.24-21.52.25:399][304]LogSavePackage: Moving '../../../../../../Users/Donovan/UE4_Project/GameJamProject/GameJam/GameJamProject/Saved/BPDoorMetalF333A89E4F97F7A52FA524B90BCDD95F.tmp' to '../../../../../../Users/Donovan/UE4_Project/GameJamProject/GameJam/GameJamProject/Content/World/Blueprint/BPDoorMetal.uasset'
[2018.09.24-21.52.29:499][443]LogRenderer: Reallocating scene render targets to support 984x724 Format 9 NumSamples 1 (Frame:1).
[2018.09.24-21.52.32:673][565]LogSlate: FSceneViewport::OnFocusLost() reason 0
[2018.09.24-21.52.32:748][570]LogTemp: Repeating last play command: New Editor Window (PIE)
[2018.09.24-21.52.33:070][570]LogBlueprintUserMessages: Early PlayInEditor Detection: Level '/Game/Level/Start.Start:PersistentLevel' has LevelScriptBlueprint '/Game/Level/Start.Start:PersistentLevel.Start' with GeneratedClass '/Game/Level/Start.Start_C' with ClassGeneratedBy '/Game/Level/Start.Start:PersistentLevel.Start'
[2018.09.24-21.52.33:106][570]LogPlayLevel: PlayLevel: No blueprints needed recompiling
[2018.09.24-21.52.33:864][570]PIE: New page: PIE session: Start (25 sept. 2018 01:52:33)
[2018.09.24-21.52.33:949][570]LogPlayLevel: Creating play world package: /Game/Level/UEDPIE_0_Start
[2018.09.24-21.52.34:425][570]LogPlayLevel: PIE: StaticDuplicateObject took: (0.475853s)
[2018.09.24-21.52.34:426][570]LogAIModule: Creating AISystem for world Start
[2018.09.24-21.52.34:445][570]LogPlayLevel: PIE: World Init took: (0.020250s)
[2018.09.24-21.52.34:472][570]LogPlayLevel: PIE: Created PIE world by copying editor world from /Game/Level/Start.Start to /Game/Level/UEDPIE_0_Start.Start (0.522857s)
[2018.09.24-21.52.34:922][570]LogInit: XAudio2 using 'Haut-parleurs (Realtek High Definition Audio)' : 2 channels at 48 kHz using 32 bits per sample (channel mask 0x3)
[2018.09.24-21.52.34:944][570]LogInit: FAudioDevice initialized.
[2018.09.24-21.52.35:163][570]LogSlate: Updating window title bar state: overlay mode, drag disabled, window buttons hidden, title bar hidden
[2018.09.24-21.52.35:630][570]LogLoad: Game class is 'ThirdPersonGameMode_C'
[2018.09.24-21.52.36:176][570]LogWorld: Bringing World /Game/Level/UEDPIE_0_Start.Start up for play (max tick rate 60) at 2018.09.24-23.52.36
[2018.09.24-21.52.36:806][570]LogWorld: Bringing up level for play took: 0.781396
[2018.09.24-21.52.37:717][570]LogContentBrowser: Native class hierarchy updated for 'MovieSceneCapture' in 0.0006 seconds. Added 10 classes and 0 folders.
[2018.09.24-21.52.38:454][570]PIE: Play in editor start time for /Game/Level/UEDPIE_0_Start 5,1
[2018.09.24-21.52.38:493][570]LogBlueprintUserMessages: Late PlayInEditor Detection: Level '/Game/Level/Start.Start:PersistentLevel' has LevelScriptBlueprint '/Game/Level/Start.Start:PersistentLevel.Start' with GeneratedClass '/Game/Level/Start.Start_C' with ClassGeneratedBy '/Game/Level/Start.Start:PersistentLevel.Start'
[2018.09.24-21.52.50:517][122]LogBlueprintUserMessages: Early EndPlayMap Detection: Level '/Game/Level/Start.Start:PersistentLevel' has LevelScriptBlueprint '/Game/Level/Start.Start:PersistentLevel.Start' with GeneratedClass '/Game/Level/Start.Start_C' with ClassGeneratedBy '/Game/Level/Start.Start:PersistentLevel.Start'
[2018.09.24-21.52.50:610][122]LogSlate: Updating window title bar state: overlay mode, drag disabled, window buttons hidden, title bar hidden
[2018.09.24-21.52.57:693][122]LogSlate: Window 'GameJamProject Game Preview Standalone (64-bit/PCD3D_SM5)' being destroyed
[2018.09.24-21.52.58:362][122]LogPlayLevel: Display: Shutting down PIE online subsystems
[2018.09.24-21.52.58:362][122]LogBlueprintUserMessages: Late EndPlayMap Detection: Level '/Game/Level/Start.Start:PersistentLevel' has LevelScriptBlueprint '/Game/Level/Start.Start:PersistentLevel.Start' with GeneratedClass '/Game/Level/Start.Start_C' with ClassGeneratedBy '/Game/Level/Start.Start:PersistentLevel.Start'
[2018.09.24-21.52.59:085][123]LogPlayLevel: Display: Destroying online subsystem :Context_8
[2018.09.24-21.53.03:577][322]LogSavePackage: Moving '../../../../../../Users/Donovan/UE4_Project/GameJamProject/GameJam/GameJamProject/Saved/Start3993095E4EC5C2C59F43C9A6AC77759D.tmp' to '../../../../../../Users/Donovan/UE4_Project/GameJamProject/GameJam/GameJamProject/Content/Level/Start.umap'
[2018.09.24-21.53.03:759][322]Cmd: OBJ SAVEPACKAGE PACKAGE="/Game/Level/Start_BuiltData" FILE="../../../../../../Users/Donovan/UE4_Project/GameJamProject/GameJam/GameJamProject/Content/Level/Start_BuiltData.uasset" SILENT=true
[2018.09.24-21.53.03:838][322]LogSavePackage: Moving '../../../../../../Users/Donovan/UE4_Project/GameJamProject/GameJam/GameJamProject/Saved/Start_BuiltDataA7E73D764C4C794B9752EA82E99804F7.tmp' to '../../../../../../Users/Donovan/UE4_Project/GameJamProject/GameJam/GameJamProject/Content/Level/Start_BuiltData.uasset'
[2018.09.24-21.53.19:362][186]LogActorComponent: UnregisterComponent: (/Engine/Transient.EditorFloorComp) Not registered. Aborting.
[2018.09.24-21.53.19:431][186]LogSlate: Window 'GameJamProject - Unreal Editor' being destroyed
[2018.09.24-21.53.19:432][186]LogWindowsTextInputMethodSystem: Display: IME system now deactivated.
[2018.09.24-21.53.20:356][187]Cmd: QUIT_EDITOR
[2018.09.24-21.53.22:123][187]LogExit: Preparing to exit.
[2018.09.24-21.53.24:152][187]LogExit: Editor shut down
[2018.09.24-21.53.24:153][187]LogExit: Transaction tracking system shut down
[2018.09.24-21.53.27:681][187]LogExit: Object subsystem successfully closed.
[2018.09.24-21.53.28:529][187]LogShaderCompilers: Display: Shaders left to compile 0
[2018.09.24-21.53.28:748][187]LogD3D11RHI: Shutdown
[2018.09.24-21.53.28:748][187]LogD3D11RHI: CleanupD3DDevice
[2018.09.24-21.53.28:846][187]LogD3D11RHI: ~FD3D11DynamicRHI
[2018.09.24-21.53.31:523][187]LogModuleManager: Shutting down and abandoning module MovieSceneCapture (636)
[2018.09.24-21.53.31:523][187]LogModuleManager: Shutting down and abandoning module Voice (634)
[2018.09.24-21.53.31:532][187]LogModuleManager: Shutting down and abandoning module BlueprintGraph (632)
[2018.09.24-21.53.31:533][187]LogModuleManager: Shutting down and abandoning module HierarchicalLODOutliner (630)
[2018.09.24-21.53.31:533][187]LogModuleManager: Shutting down and abandoning module WorldBrowser (628)
[2018.09.24-21.53.31:548][187]LogModuleManager: Shutting down and abandoning module AddContentDialog (626)
[2018.09.24-21.53.31:566][187]LogModuleManager: Shutting down and abandoning module WidgetCarousel (625)
[2018.09.24-21.53.31:566][187]LogModuleManager: Shutting down and abandoning module EditorWidgets (622)
[2018.09.24-21.53.31:566][187]LogModuleManager: Shutting down and abandoning module CollectionManager (620)
[2018.09.24-21.53.31:701][187]LogModuleManager: Shutting down and abandoning module SceneOutliner (618)
[2018.09.24-21.53.31:701][187]LogModuleManager: Shutting down and abandoning module StatsViewer (616)
[2018.09.24-21.53.31:711][187]LogModuleManager: Shutting down and abandoning module FoliageEdit (614)
[2018.09.24-21.53.31:723][187]LogModuleManager: Shutting down and abandoning module LandscapeEditor (612)
[2018.09.24-21.53.31:776][187]LogModuleManager: Shutting down and abandoning module MeshPaintMode (610)
[2018.09.24-21.53.31:823][187]LogModuleManager: Shutting down and abandoning module SceneDepthPickerMode (608)
[2018.09.24-21.53.31:823][187]LogModuleManager: Shutting down and abandoning module ActorPickerMode (606)
[2018.09.24-21.53.31:823][187]LogModuleManager: Shutting down and abandoning module GeometryMode (604)
[2018.09.24-21.53.31:823][187]LogModuleManager: Shutting down and abandoning module TextureAlignMode (602)
[2018.09.24-21.53.31:823][187]LogModuleManager: Shutting down and abandoning module BspMode (600)
[2018.09.24-21.53.31:823][187]LogModuleManager: Shutting down and abandoning module PIEPreviewDeviceProfileSelector (598)
[2018.09.24-21.53.31:832][187]LogModuleManager: Shutting down and abandoning module SequenceRecorderSections (596)
[2018.09.24-21.53.31:843][187]LogModuleManager: Shutting down and abandoning module AutomationWorker (594)
[2018.09.24-21.53.31:843][187]LogModuleManager: Shutting down and abandoning module DatasmithFBXImporter (592)
[2018.09.24-21.53.31:852][187]LogModuleManager: Shutting down and abandoning module DatasmithDeltaGenImporter (590)
[2018.09.24-21.53.31:948][187]LogModuleManager: Shutting down and abandoning module DatasmithVREDImporter (588)
[2018.09.24-21.53.31:948][187]LogModuleManager: Shutting down and abandoning module AudioCaptureEditor (586)
[2018.09.24-21.53.31:948][187]LogModuleManager: Shutting down and abandoning module SequenceRecorder (585)
[2018.09.24-21.53.31:969][187]LogModuleManager: Shutting down and abandoning module MatineeToLevelSequence (582)
[2018.09.24-21.53.31:978][187]LogModuleManager: Shutting down and abandoning module LevelSequenceEditor (580)
[2018.09.24-21.53.32:104][187]LogModuleManager: Shutting down and abandoning module PlacementMode (579)
[2018.09.24-21.53.32:104][187]LogModuleManager: Shutting down and abandoning module MaterialEditor (578)
[2018.09.24-21.53.32:169][187]LogModuleManager: Shutting down and abandoning module WmfMediaFactory (574)
[2018.09.24-21.53.32:169][187]LogModuleManager: Shutting down and abandoning module WmfMediaEditor (572)
[2018.09.24-21.53.32:169][187]LogModuleManager: Shutting down and abandoning module MediaPlayerEditor (570)
[2018.09.24-21.53.32:232][187]LogModuleManager: Shutting down and abandoning module OpenExrWrapper (568)
[2018.09.24-21.53.32:232][187]LogModuleManager: Shutting down and abandoning module ImgMediaFactory (566)
[2018.09.24-21.53.32:232][187]LogModuleManager: Shutting down and abandoning module ImgMediaEditor (564)
[2018.09.24-21.53.32:232][187]LogModuleManager: Shutting down and abandoning module AvfMediaFactory (562)
[2018.09.24-21.53.32:232][187]LogModuleManager: Shutting down and abandoning module AvfMediaEditor (560)
[2018.09.24-21.53.32:232][187]LogModuleManager: Shutting down and abandoning module AndroidMediaFactory (558)
[2018.09.24-21.53.32:232][187]LogModuleManager: Shutting down and abandoning module AndroidMediaEditor (556)
[2018.09.24-21.53.32:232][187]LogModuleManager: Shutting down and abandoning module MagicLeapCameraPreviewFactory (554)
[2018.09.24-21.53.32:232][187]LogModuleManager: Shutting down and abandoning module MagicLeapMediaFactory (552)
[2018.09.24-21.53.32:232][187]LogModuleManager: Shutting down and abandoning module MagicLeapMediaEditor (550)
[2018.09.24-21.53.32:232][187]LogModuleManager: Shutting down and abandoning module CharacterAI (548)
[2018.09.24-21.53.32:232][187]LogModuleManager: Shutting down and abandoning module SmartSnapping (546)
[2018.09.24-21.53.32:232][187]LogModuleManager: Shutting down and abandoning module SessionServices (544)
[2018.09.24-21.53.32:232][187]LogModuleManager: Shutting down and abandoning module ViewportSnapping (542)
[2018.09.24-21.53.32:232][187]LogModuleManager: Shutting down and abandoning module ViewportInteraction (540)
[2018.09.24-21.53.32:232][187]LogModuleManager: Shutting down and abandoning module ClothPainter (538)
[2018.09.24-21.53.32:248][187]LogModuleManager: Shutting down and abandoning module SkeletalMeshEditor (537)
[2018.09.24-21.53.32:265][187]LogModuleManager: Shutting down and abandoning module LogVisualizer (534)
[2018.09.24-21.53.32:348][187]LogModuleManager: Shutting down and abandoning module IntroTutorials (532)
[2018.09.24-21.53.32:379][187]LogModuleManager: Shutting down and abandoning module GameProjectGeneration (531)
[2018.09.24-21.53.32:389][187]LogModuleManager: Shutting down and abandoning module LuminPlatformEditor (528)
[2018.09.24-21.53.32:389][187]LogModuleManager: Shutting down and abandoning module IOSPlatformEditor (526)
[2018.09.24-21.53.32:448][187]LogModuleManager: Shutting down and abandoning module HTML5PlatformEditor (524)
[2018.09.24-21.53.32:448][187]LogModuleManager: Shutting down and abandoning module AndroidPlatformEditor (522)
[2018.09.24-21.53.32:448][187]LogModuleManager: Shutting down and abandoning module AndroidDeviceDetection (521)
[2018.09.24-21.53.34:136][187]LogModuleManager: Shutting down and abandoning module WindowsPlatformEditor (518)
[2018.09.24-21.53.34:137][187]LogModuleManager: Shutting down and abandoning module LuminRuntimeSettings (516)
[2018.09.24-21.53.34:137][187]LogModuleManager: Shutting down and abandoning module IOSRuntimeSettings (514)
[2018.09.24-21.53.34:137][187]LogModuleManager: Shutting down and abandoning module AndroidRuntimeSettings (512)
[2018.09.24-21.53.34:137][187]LogModuleManager: Shutting down and abandoning module InputBindingEditor (510)
[2018.09.24-21.53.34:155][187]LogModuleManager: Shutting down and abandoning module MergeActors (508)
[2018.09.24-21.53.34:170][187]LogModuleManager: Shutting down and abandoning module LocalizationDashboard (506)
[2018.09.24-21.53.34:205][187]LogModuleManager: Shutting down and abandoning module LocalizationService (505)
[2018.09.24-21.53.34:219][187]LogModuleManager: Shutting down and abandoning module HardwareTargeting (502)
[2018.09.24-21.53.34:219][187]LogModuleManager: Shutting down and abandoning module DeviceProfileEditor (500)
[2018.09.24-21.53.34:219][187]LogModuleManager: Shutting down and abandoning module UndoHistory (498)
[2018.09.24-21.53.34:260][187]LogModuleManager: Shutting down and abandoning module XmlParser (496)
[2018.09.24-21.53.34:260][187]LogModuleManager: Shutting down and abandoning module Blutility (494)
[2018.09.24-21.53.34:267][187]LogModuleManager: Shutting down and abandoning module ProjectSettingsViewer (492)
[2018.09.24-21.53.34:267][187]LogModuleManager: Shutting down and abandoning module ProjectTargetPlatformEditor (491)
[2018.09.24-21.53.34:267][187]LogModuleManager: Shutting down and abandoning module EditorSettingsViewer (488)
[2018.09.24-21.53.34:268][187]LogModuleManager: Shutting down and abandoning module SettingsEditor (486)
[2018.09.24-21.53.34:333][187]LogModuleManager: Shutting down and abandoning module ProjectLauncher (484)
[2018.09.24-21.53.34:407][187]LogModuleManager: Shutting down and abandoning module SessionFrontend (482)
[2018.09.24-21.53.34:433][187]LogModuleManager: Shutting down and abandoning module ProfilerClient (480)
[2018.09.24-21.53.34:442][187]LogModuleManager: Shutting down and abandoning module DeviceManager (478)
[2018.09.24-21.53.34:452][187]LogModuleManager: Shutting down and abandoning module TargetDeviceServices (477)
[2018.09.24-21.53.34:507][187]LogModuleManager: Shutting down and abandoning module AutomationController (474)
[2018.09.24-21.53.34:523][187]LogModuleManager: Shutting down and abandoning module AutomationWindow (472)
[2018.09.24-21.53.34:564][187]LogModuleManager: Shutting down and abandoning module Layers (470)
[2018.09.24-21.53.34:628][187]LogModuleManager: Shutting down and abandoning module ComponentVisualizers (468)
[2018.09.24-21.53.34:628][187]LogModuleManager: Shutting down and abandoning module DetailCustomizations (466)
[2018.09.24-21.53.34:653][187]LogModuleManager: Shutting down and abandoning module PackagesDialog (464)
[2018.09.24-21.53.34:653][187]LogModuleManager: Shutting down and abandoning module Persona (462)
[2018.09.24-21.53.34:705][187]LogModuleManager: Shutting down and abandoning module AnimGraph (461)
[2018.09.24-21.53.34:720][187]LogModuleManager: Shutting down and abandoning module Kismet (458)
[2018.09.24-21.53.34:737][187]LogModuleManager: Shutting down and abandoning module GraphEditor (456)
[2018.09.24-21.53.34:737][187]LogModuleManager: Shutting down and abandoning module ClassViewer (454)
[2018.09.24-21.53.34:737][187]LogModuleManager: Shutting down and abandoning module Toolbox (452)
[2018.09.24-21.53.34:737][187]LogModuleManager: Shutting down and abandoning module ModuleUI (450)
[2018.09.24-21.53.34:795][187]LogModuleManager: Shutting down and abandoning module MovieSceneTools (448)
[2018.09.24-21.53.34:838][187]LogModuleManager: Shutting down and abandoning module OutputLog (446)
[2018.09.24-21.53.34:838][187]LogModuleManager: Shutting down and abandoning module GammaUI (444)
[2018.09.24-21.53.34:872][187]LogModuleManager: Shutting down and abandoning module Documentation (442)
[2018.09.24-21.53.34:872][187]LogModuleManager: Shutting down and abandoning module MovieSceneTracks (440)
[2018.09.24-21.53.34:872][187]LogModuleManager: Shutting down and abandoning module MovieScene (438)
[2018.09.24-21.53.34:885][187]LogModuleManager: Shutting down and abandoning module StreamingPauseRendering (436)
[2018.09.24-21.53.34:913][187]LogModuleManager: Shutting down and abandoning module LauncherPlatform (434)
[2018.09.24-21.53.34:913][187]LogModuleManager: Shutting down and abandoning module AnalyticsET (432)
[2018.09.24-21.53.34:913][187]LogModuleManager: Shutting down and abandoning module PortalServices (430)
[2018.09.24-21.53.34:913][187]LogModuleManager: Shutting down and abandoning module PortalRpc (428)
[2018.09.24-21.53.34:913][187]LogModuleManager: Shutting down and abandoning module MessagingRpc (426)
[2018.09.24-21.53.34:913][187]LogModuleManager: Shutting down and abandoning module AIModule (424)
[2018.09.24-21.53.34:924][187]LogModuleManager: Shutting down and abandoning module GameplayDebugger (423)
[2018.09.24-21.53.34:950][187]LogModuleManager: Shutting down and abandoning module AITestSuite (421)
[2018.09.24-21.53.35:003][187]LogModuleManager: Shutting down and abandoning module NavigationSystem (419)
[2018.09.24-21.53.35:003][187]LogModuleManager: Shutting down and abandoning module DesktopPlatform (416)
[2018.09.24-21.53.35:003][187]LogModuleManager: Shutting down and abandoning module ProfilerService (414)
[2018.09.24-21.53.35:062][187]LogModuleManager: Shutting down and abandoning module TaskGraph (412)
[2018.09.24-21.53.35:114][187]LogModuleManager: Shutting down and abandoning module DatasmithCADImporter (410)
[2018.09.24-21.53.35:115][187]LogModuleManager: Shutting down and abandoning module StaticMeshEditorExtension (408)
[2018.09.24-21.53.35:115][187]LogModuleManager: Shutting down and abandoning module StaticMeshEditor (407)
[2018.09.24-21.53.35:169][187]LogModuleManager: Shutting down and abandoning module AdvancedPreviewScene (406)
[2018.09.24-21.53.35:169][187]LogModuleManager: Shutting down and abandoning module DatasmithMDLImporter (402)
[2018.09.24-21.53.35:196][187]LogModuleManager: Shutting down and abandoning module DatasmithImporter (400)
[2018.09.24-21.53.35:249][187]LogModuleManager: Shutting down and abandoning module SteamVRController (398)
[2018.09.24-21.53.35:249][187]LogModuleManager: Shutting down and abandoning module ProceduralMeshComponentEditor (396)
[2018.09.24-21.53.35:249][187]LogModuleManager: Shutting down and abandoning module ProceduralMeshComponent (394)
[2018.09.24-21.53.35:264][187]LogModuleManager: Shutting down and abandoning module OculusInput (392)
[2018.09.24-21.53.35:264][187]LogModuleManager: Shutting down and abandoning module MobilePatchingUtils (390)
[2018.09.24-21.53.35:264][187]LogModuleManager: Shutting down and abandoning module EditableMesh (388)
[2018.09.24-21.53.35:278][187]LogModuleManager: Shutting down and abandoning module CustomMeshComponent (386)
[2018.09.24-21.53.35:278][187]LogModuleManager: Shutting down and abandoning module CableComponent (384)
[2018.09.24-21.53.35:278][187]LogModuleManager: Shutting down and abandoning module AudioCapture (382)
[2018.09.24-21.53.35:278][187]LogModuleManager: Shutting down and abandoning module ArchVisCharacter (380)
[2018.09.24-21.53.35:278][187]LogModuleManager: Shutting down and abandoning module AndroidPermission (378)
[2018.09.24-21.53.35:278][187]LogModuleManager: Shutting down and abandoning module NUTUnrealEngine4 (376)
[2018.09.24-21.53.35:278][187]LogModuleManager: Shutting down and abandoning module NetcodeUnitTest (374)
[2018.09.24-21.53.35:369][187]LogModuleManager: Shutting down and abandoning module MediaCompositingEditor (372)
[2018.09.24-21.53.35:369][187]LogModuleManager: Shutting down and abandoning module MediaCompositing (370)
[2018.09.24-21.53.35:369][187]LogModuleManager: Shutting down and abandoning module LinearTimecode (368)
[2018.09.24-21.53.35:369][187]LogModuleManager: Shutting down and abandoning module ImgMedia (366)
[2018.09.24-21.53.35:395][187]LogModuleManager: Shutting down and abandoning module HTML5Networking (364)
[2018.09.24-21.53.35:395][187]LogModuleManager: Shutting down and abandoning module GeometryCacheTracks (362)
[2018.09.24-21.53.35:395][187]LogModuleManager: Shutting down and abandoning module GeometryCacheSequencer (360)
[2018.09.24-21.53.35:395][187]LogModuleManager: Shutting down and abandoning module BackChannel (358)
[2018.09.24-21.53.35:419][187]LogModuleManager: Shutting down and abandoning module AppleVision (356)
[2018.09.24-21.53.35:419][187]LogModuleManager: Shutting down and abandoning module AppleImageUtils (354)
[2018.09.24-21.53.35:419][187]LogModuleManager: Shutting down and abandoning module AlembicImporter (352)
[2018.09.24-21.53.35:419][187]LogModuleManager: Shutting down and abandoning module AlembicLibrary (351)
[2018.09.24-21.53.35:419][187]LogModuleManager: Shutting down and abandoning module GeometryCache (350)
[2018.09.24-21.53.35:419][187]LogModuleManager: Shutting down and abandoning module GeometryCacheEd (349)
[2018.09.24-21.53.35:419][187]LogModuleManager: Shutting down and abandoning module DatasmithContentEditor (344)
[2018.09.24-21.53.35:419][187]LogModuleManager: Shutting down and abandoning module DatasmithContent (342)
[2018.09.24-21.53.35:420][187]LogModuleManager: Shutting down and abandoning module SpeedTreeImporter (340)
[2018.09.24-21.53.35:420][187]LogModuleManager: Shutting down and abandoning module PluginBrowser (338)
[2018.09.24-21.53.35:463][187]LogModuleManager: Shutting down and abandoning module MobileLauncherProfileWizard (336)
[2018.09.24-21.53.35:475][187]LogModuleManager: Shutting down and abandoning module PolygonModeling (334)
[2018.09.24-21.53.35:475][187]LogModuleManager: Shutting down and abandoning module MeshEditor (332)
[2018.09.24-21.53.35:484][187]LogModuleManager: Shutting down and abandoning module EditorScriptingUtilities (330)
[2018.09.24-21.53.35:484][187]LogModuleManager: Shutting down and abandoning module CryptoKeysOpenSSL (328)
[2018.09.24-21.53.35:510][187]LogModuleManager: Shutting down and abandoning module CryptoKeys (326)
[2018.09.24-21.53.35:511][187]LogModuleManager: Shutting down and abandoning module VisualStudioSourceCodeAccess (324)
[2018.09.24-21.53.35:511][187]LogModuleManager: Shutting down and abandoning module VisualStudioCodeSourceCodeAccess (322)
[2018.09.24-21.53.35:511][187]LogModuleManager: Shutting down and abandoning module UObjectPlugin (320)
[2018.09.24-21.53.35:511][187]LogModuleManager: Shutting down and abandoning module SubversionSourceControl (318)
[2018.09.24-21.53.35:546][187]LogModuleManager: Shutting down and abandoning module PerforceSourceControl (316)
[2018.09.24-21.53.35:557][187]LogModuleManager: Shutting down and abandoning module GitSourceControl (314)
[2018.09.24-21.53.35:591][187]LogModuleManager: Shutting down and abandoning module SourceControl (313)
[2018.09.24-21.53.35:602][187]LogModuleManager: Shutting down and abandoning module CLionSourceCodeAccess (310)
[2018.09.24-21.53.35:602][187]LogModuleManager: Shutting down and abandoning module LightPropagationVolumeEditor (308)
[2018.09.24-21.53.35:602][187]LogModuleManager: Shutting down and abandoning module PaperTiledImporter (306)
[2018.09.24-21.53.35:602][187]LogModuleManager: Shutting down and abandoning module PaperSpriteSheetImporter (304)
[2018.09.24-21.53.35:602][187]LogModuleManager: Shutting down and abandoning module Paper2DEditor (302)
[2018.09.24-21.53.35:632][187]LogModuleManager: Shutting down and abandoning module MeshPaint (301)
[2018.09.24-21.53.35:652][187]LogModuleManager: Shutting down and abandoning module RuntimePhysXCooking (298)
[2018.09.24-21.53.35:652][187]LogModuleManager: Shutting down and abandoning module PhysXVehiclesEditor (296)
[2018.09.24-21.53.35:652][187]LogModuleManager: Shutting down and abandoning module PhysXVehicles (294)
[2018.09.24-21.53.35:652][187]LogModuleManager: Shutting down and abandoning module OculusEditor (292)
[2018.09.24-21.53.35:666][187]LogModuleManager: Shutting down and abandoning module LocationServicesBPLibrary (290)
[2018.09.24-21.53.35:666][187]LogModuleManager: Shutting down and abandoning module ImmediatePhysicsEditor (288)
[2018.09.24-21.53.35:666][187]LogModuleManager: Shutting down and abandoning module ImmediatePhysics (286)
[2018.09.24-21.53.35:762][187]LogModuleManager: Shutting down and abandoning module ActorSequence (284)
[2018.09.24-21.53.35:762][187]LogModuleManager: Shutting down and abandoning module UdpMessaging (282)
[2018.09.24-21.53.35:863][187]LogModuleManager: Shutting down and abandoning module TcpMessaging (280)
[2018.09.24-21.53.35:981][187]LogModuleManager: Shutting down and abandoning module MagicLeapAudio (278)
[2018.09.24-21.53.35:981][187]LogModuleManager: Shutting down and abandoning module GameplayTagsEditor (276)
[2018.09.24-21.53.36:022][187]LogModuleManager: Shutting down and abandoning module FacialAnimationEditor (274)
[2018.09.24-21.53.36:022][187]LogModuleManager: Shutting down and abandoning module FacialAnimation (272)
[2018.09.24-21.53.36:022][187]LogModuleManager: Shutting down and abandoning module DataValidation (270)
[2018.09.24-21.53.36:022][187]LogModuleManager: Shutting down and abandoning module AssetManagerEditor (268)
[2018.09.24-21.53.36:067][187]LogModuleManager: Shutting down and abandoning module LevelEditor (267)
[2018.09.24-21.53.36:097][187]LogModuleManager: Shutting down and abandoning module PixelInspectorModule (266)
[2018.09.24-21.53.36:132][187]LogModuleManager: Shutting down and abandoning module CommonMenuExtensions (264)
[2018.09.24-21.53.36:132][187]LogModuleManager: Shutting down and abandoning module MainFrame (262)
[2018.09.24-21.53.36:145][187]LogModuleManager: Shutting down and abandoning module HotReload (261)
[2018.09.24-21.53.36:163][187]LogModuleManager: Shutting down and abandoning module ContentBrowser (257)
[2018.09.24-21.53.36:164][187]LogModuleManager: Shutting down and abandoning module TreeMap (255)
[2018.09.24-21.53.36:174][187]LogModuleManager: Shutting down and abandoning module LightPropagationVolumeRuntime (252)
[2018.09.24-21.53.36:175][187]LogModuleManager: Shutting down and abandoning module AISupportModule (250)
[2018.09.24-21.53.36:175][187]LogModuleManager: Shutting down and abandoning module Paper2D (248)
[2018.09.24-21.53.36:181][187]LogModuleManager: Shutting down and abandoning module WindowsMoviePlayer (246)
[2018.09.24-21.53.36:193][187]LogModuleManager: Shutting down and abandoning module WmfMedia (244)
[2018.09.24-21.53.36:207][187]LogModuleManager: Shutting down and abandoning module Media (243)
[2018.09.24-21.53.36:213][187]LogModuleManager: Shutting down and abandoning module PacketHandler (240)
[2018.09.24-21.53.36:213][187]LogModuleManager: Shutting down and abandoning module ClothingSystemEditor (238)
[2018.09.24-21.53.36:214][187]LogModuleManager: Shutting down and abandoning module ClothingSystemRuntime (236)
[2018.09.24-21.53.36:285][187]LogModuleManager: Shutting down and abandoning module MediaAssets (234)
[2018.09.24-21.53.36:286][187]LogModuleManager: Shutting down and abandoning module Overlay (232)
[2018.09.24-21.53.36:286][187]LogModuleManager: Shutting down and abandoning module OverlayEditor (231)
[2018.09.24-21.53.36:286][187]LogModuleManager: Shutting down and abandoning module VREditor (228)
[2018.09.24-21.53.36:290][187]LogModuleManager: Shutting down and abandoning module StringTableEditor (226)
[2018.09.24-21.53.36:343][187]LogModuleManager: Shutting down and abandoning module GameplayTasksEditor (224)
[2018.09.24-21.53.36:343][187]LogModuleManager: Shutting down and abandoning module BehaviorTreeEditor (222)
[2018.09.24-21.53.36:403][187]LogModuleManager: Shutting down and abandoning module FunctionalTesting (220)
[2018.09.24-21.53.36:408][187]LogModuleManager: Shutting down and abandoning module CollisionAnalyzer (218)
[2018.09.24-21.53.36:422][187]LogModuleManager: Shutting down and abandoning module WorkspaceMenuStructure (217)
[2018.09.24-21.53.36:422][187]LogModuleManager: Shutting down and abandoning module UMG (214)
[2018.09.24-21.53.36:422][187]LogModuleManager: Shutting down and abandoning module UMGEditor (213)
[2018.09.24-21.53.36:577][187]LogModuleManager: Shutting down and abandoning module Sequencer (212)
[2018.09.24-21.53.36:719][187]LogModuleManager: Shutting down and abandoning module MessageLog (209)
[2018.09.24-21.53.36:719][187]LogModuleManager: Shutting down and abandoning module SlateReflector (204)
[2018.09.24-21.53.36:896][187]LogModuleManager: Shutting down and abandoning module Slate (202)
[2018.09.24-21.53.36:896][187]LogModuleManager: Shutting down and abandoning module EditorStyle (200)
[2018.09.24-21.53.36:898][187]LogModuleManager: Shutting down and abandoning module MRMesh (198)
[2018.09.24-21.53.36:905][187]LogModuleManager: Shutting down and abandoning module SourceCodeAccess (196)
[2018.09.24-21.53.36:906][187]LogModuleManager: Shutting down and abandoning module HeadMountedDisplay (194)
[2018.09.24-21.53.36:906][187]LogModuleManager: Shutting down and abandoning module XAudio2 (192)
[2018.09.24-21.53.36:906][187]LogModuleManager: Shutting down and abandoning module Networking (190)
[2018.09.24-21.53.36:906][187]LogModuleManager: Shutting down and abandoning module Core (188)
[2018.09.24-21.53.36:906][187]LogModuleManager: Shutting down and abandoning module LevelSequence (186)
[2018.09.24-21.53.36:906][187]LogModuleManager: Shutting down and abandoning module KismetCompiler (184)
[2018.09.24-21.53.36:906][187]LogModuleManager: Shutting down and abandoning module MeshUtilities (182)
[2018.09.24-21.53.36:941][187]LogModuleManager: Shutting down and abandoning module MeshMergeUtilities (181)
[2018.09.24-21.53.36:953][187]LogModuleManager: Shutting down and abandoning module MeshReductionInterface (180)
[2018.09.24-21.53.36:953][187]LogModuleManager: Shutting down and abandoning module SimplygonSwarm (179)
[2018.09.24-21.53.36:986][187]LogModuleManager: Shutting down and abandoning module ProxyLODMeshReduction (177)
[2018.09.24-21.53.37:063][187]LogModuleManager: Shutting down and abandoning module SimplygonMeshReduction (175)
[2018.09.24-21.53.37:063][187]LogModuleManager: Shutting down and abandoning module QuadricMeshReduction (173)
[2018.09.24-21.53.37:093][187]LogModuleManager: Shutting down and abandoning module MaterialBaking (169)
[2018.09.24-21.53.37:116][187]LogModuleManager: Shutting down and abandoning module DirectoryWatcher (165)
[2018.09.24-21.53.37:116][187]LogModuleManager: Shutting down and abandoning module DerivedDataCache (162)
[2018.09.24-21.53.37:144][187]LogDerivedDataCache: Shutdown
[2018.09.24-21.53.37:145][187]LogModuleManager: Shutting down and abandoning module XGEController (160)
[2018.09.24-21.53.37:145][187]LogXGEController: Cleaning working directory: C:/Users/Donovan/AppData/Local/Temp/UnrealXGEWorkingDir/
[2018.09.24-21.53.37:179][187]LogModuleManager: Shutting down and abandoning module TargetPlatform (158)
[2018.09.24-21.53.37:179][187]LogModuleManager: Shutting down and abandoning module VulkanShaderFormat (157)
[2018.09.24-21.53.37:255][187]LogModuleManager: Shutting down and abandoning module ShaderFormatVectorVM (155)
[2018.09.24-21.53.37:316][187]LogModuleManager: Shutting down and abandoning module ShaderFormatOpenGL (153)
[2018.09.24-21.53.37:338][187]LogModuleManager: Shutting down and abandoning module ShaderFormatD3D (151)
[2018.09.24-21.53.37:338][187]LogModuleManager: Shutting down and abandoning module MetalShaderFormat (149)
[2018.09.24-21.53.37:376][187]LogModuleManager: Shutting down and abandoning module TextureFormatUncompressed (147)
[2018.09.24-21.53.37:376][187]LogModuleManager: Shutting down and abandoning module TextureFormatPVR (145)
[2018.09.24-21.53.37:376][187]LogModuleManager: Shutting down and abandoning module TextureFormatDXT (143)
[2018.09.24-21.53.37:440][187]LogModuleManager: Shutting down and abandoning module TextureFormatIntelISPCTexComp (141)
[2018.09.24-21.53.37:454][187]LogModuleManager: Shutting down and abandoning module TextureFormatASTC (139)
[2018.09.24-21.53.37:454][187]LogModuleManager: Shutting down and abandoning module ImageWrapper (138)
[2018.09.24-21.53.37:454][187]LogModuleManager: Shutting down and abandoning module TextureFormatAndroid (135)
[2018.09.24-21.53.37:454][187]LogModuleManager: Shutting down and abandoning module AudioFormatOpus (133)
[2018.09.24-21.53.37:454][187]LogModuleManager: Shutting down and abandoning module AudioFormatOgg (131)
[2018.09.24-21.53.37:454][187]LogModuleManager: Shutting down and abandoning module AudioFormatADPCM (129)
[2018.09.24-21.53.37:454][187]LogModuleManager: Shutting down and abandoning module LuminTargetPlatform (127)
[2018.09.24-21.53.37:454][187]LogModuleManager: Shutting down and abandoning module LinuxTargetPlatform (125)
[2018.09.24-21.53.37:454][187]LogModuleManager: Shutting down and abandoning module LinuxServerTargetPlatform (123)
[2018.09.24-21.53.37:454][187]LogModuleManager: Shutting down and abandoning module LinuxNoEditorTargetPlatform (121)
[2018.09.24-21.53.37:460][187]LogModuleManager: Shutting down and abandoning module LinuxClientTargetPlatform (119)
[2018.09.24-21.53.37:476][187]LogModuleManager: Shutting down and abandoning module TVOSTargetPlatform (117)
[2018.09.24-21.53.37:477][187]LogModuleManager: Shutting down and abandoning module Messaging (115)
[2018.09.24-21.53.37:477][187]LogModuleManager: Shutting down and abandoning module IOSTargetPlatform (113)
[2018.09.24-21.53.37:478][187]LogModuleManager: Shutting down and abandoning module HTML5TargetPlatform (111)
[2018.09.24-21.53.37:478][187]LogModuleManager: Shutting down and abandoning module AndroidTargetPlatform (109)
[2018.09.24-21.53.37:523][187]LogModuleManager: Shutting down and abandoning module WindowsTargetPlatform (107)
[2018.09.24-21.53.37:524][187]LogModuleManager: Shutting down and abandoning module WindowsServerTargetPlatform (105)
[2018.09.24-21.53.37:524][187]LogModuleManager: Shutting down and abandoning module WindowsNoEditorTargetPlatform (103)
[2018.09.24-21.53.37:524][187]LogModuleManager: Shutting down and abandoning module WindowsClientTargetPlatform (101)
[2018.09.24-21.53.37:524][187]LogModuleManager: Shutting down and abandoning module MacTargetPlatform (99)
[2018.09.24-21.53.37:524][187]LogModuleManager: Shutting down and abandoning module MacServerTargetPlatform (97)
[2018.09.24-21.53.37:524][187]LogModuleManager: Shutting down and abandoning module MacNoEditorTargetPlatform (95)
[2018.09.24-21.53.37:524][187]LogModuleManager: Shutting down and abandoning module MacClientTargetPlatform (93)
[2018.09.24-21.53.37:524][187]LogModuleManager: Shutting down and abandoning module AllDesktopTargetPlatform (91)
[2018.09.24-21.53.37:524][187]LogModuleManager: Shutting down and abandoning module InputCore (88)
[2018.09.24-21.53.37:524][187]LogModuleManager: Shutting down and abandoning module Settings (86)
[2018.09.24-21.53.37:524][187]LogModuleManager: Shutting down and abandoning module PhysXCooking (84)
[2018.09.24-21.53.37:524][187]LogModuleManager: Shutting down and abandoning module SteamVR (82)
[2018.09.24-21.53.37:524][187]LogModuleManager: Shutting down and abandoning module OculusHMD (80)
[2018.09.24-21.53.37:545][187]LogModuleManager: Shutting down and abandoning module ExampleDeviceProfileSelector (78)
[2018.09.24-21.53.37:545][187]LogModuleManager: Shutting down and abandoning module LauncherChunkInstaller (76)
[2018.09.24-21.53.37:545][187]LogModuleManager: Shutting down and abandoning module OnlineBlueprintSupport (74)
[2018.09.24-21.53.37:545][187]LogModuleManager: Shutting down and abandoning module OnlineSubsystem (70)
[2018.09.24-21.53.37:551][187]LogModuleManager: Shutting down and abandoning module XMPP (65)
[2018.09.24-21.53.37:577][187]LogModuleManager: Shutting down and abandoning module WebSockets (64)
[2018.09.24-21.53.37:667][187]LogModuleManager: Shutting down and abandoning module HTTP (61)
[2018.09.24-21.53.37:714][187]LogHttp: Display: Http module shutting down, but needs to wait on 1 outstanding Http requests:
[2018.09.24-21.53.37:714][187]LogHttp: Display: 	verb=[POST] url=[https://datarouter.ol.epicgames.com/datarouter/api/v1/public/data?SessionID=%7BE2B42382-4E53-D0F3-BCAE-29B0004A0FD2%7D&AppID=UEEditor.Rocket.Release&AppVersion=4.20.3-4369336%2B%2B%2BUE4%2BRelease-4.20&UserID=a8011b964ddb182a66dab991fea58f47%7C60dffeda550347458191eb95fa58a427%7C57cbe138-a39c-433b-bca5-c40bea7bf4bb&AppEnvironment=datacollector-binary&UploadType=eteventstream] status=Processing
[2018.09.24-21.53.37:747][187]LogModuleManager: Shutting down and abandoning module SSL (60)
[2018.09.24-21.53.37:826][187]LogModuleManager: Shutting down and abandoning module MagicLeapEmulator (56)
[2018.09.24-21.53.37:826][187]LogModuleManager: Shutting down and abandoning module MagicLeapPrivileges (54)
[2018.09.24-21.53.37:826][187]LogModuleManager: Shutting down and abandoning module MagicLeapIdentity (52)
[2018.09.24-21.53.37:826][187]LogModuleManager: Shutting down and abandoning module MagicLeapHelperVulkan (50)
[2018.09.24-21.53.37:826][187]LogModuleManager: Shutting down and abandoning module MagicLeapHelperOpenGL (48)
[2018.09.24-21.53.37:826][187]LogModuleManager: Shutting down and abandoning module MagicLeapSecureStorage (46)
[2018.09.24-21.53.37:826][187]LogModuleManager: Shutting down and abandoning module MagicLeapGestures (44)
[2018.09.24-21.53.37:826][187]LogModuleManager: Shutting down and abandoning module MagicLeapEyeTracker (42)
[2018.09.24-21.53.37:826][187]LogModuleManager: Shutting down and abandoning module MagicLeapController (40)
[2018.09.24-21.53.37:826][187]LogSlate: Slate User Destroyed.  User Index 0, Is Virtual User: 0
[2018.09.24-21.53.37:826][187]LogModuleManager: Shutting down and abandoning module MagicLeap (38)
[2018.09.24-21.53.37:827][187]LogModuleManager: Shutting down and abandoning module AnimationModifiers (36)
[2018.09.24-21.53.37:892][187]LogModuleManager: Shutting down and abandoning module PropertyEditor (35)
[2018.09.24-21.53.37:892][187]LogModuleManager: Shutting down and abandoning module AudioEditor (32)
[2018.09.24-21.53.37:902][187]LogModuleManager: Shutting down and abandoning module TextureCompressor (30)
[2018.09.24-21.53.38:010][187]LogModuleManager: Shutting down and abandoning module ShaderCore (28)
[2018.09.24-21.53.38:010][187]LogModuleManager: Shutting down and abandoning module Landscape (26)
[2018.09.24-21.53.38:010][187]LogModuleManager: Shutting down and abandoning module SlateRHIRenderer (24)
[2018.09.24-21.53.38:028][187]LogModuleManager: Shutting down and abandoning module OpenGLDrv (22)
[2018.09.24-21.53.38:057][187]LogModuleManager: Shutting down and abandoning module D3D11RHI (20)
[2018.09.24-21.53.38:057][187]LogModuleManager: Shutting down and abandoning module AnimGraphRuntime (18)
[2018.09.24-21.53.38:152][187]LogModuleManager: Shutting down and abandoning module Renderer (16)
[2018.09.24-21.53.38:152][187]LogModuleManager: Shutting down and abandoning module Engine (14)
[2018.09.24-21.53.38:152][187]LogModuleManager: Shutting down and abandoning module CoreUObject (12)
[2018.09.24-21.53.38:152][187]LogModuleManager: Shutting down and abandoning module NetworkFile (10)
[2018.09.24-21.53.38:198][187]LogModuleManager: Shutting down and abandoning module CookedIterativeFile (8)
[2018.09.24-21.53.38:198][187]LogModuleManager: Shutting down and abandoning module StreamingFile (6)
[2018.09.24-21.53.38:225][187]LogModuleManager: Shutting down and abandoning module SandboxFile (4)
[2018.09.24-21.53.38:225][187]LogModuleManager: Shutting down and abandoning module PakFile (2)
[2018.09.24-21.53.38:383][187]LogExit: Exiting.
[2018.09.24-21.53.38:438][187]Log file closed, 09/24/18 23:53:38
