Log file open, 09/27/18 20:04:27
LogWindows: Failed to load 'aqProf.dll' (GetLastError=126)
LogWindows: File 'aqProf.dll' does not exist
LogWindows: Failed to load 'VtuneApi.dll' (GetLastError=126)
LogWindows: File 'VtuneApi.dll' does not exist
LogWindows: Failed to load 'VtuneApi32e.dll' (GetLastError=126)
LogWindows: File 'VtuneApi32e.dll' does not exist
LogInit: Display: Running engine for game: GameJamProject
LogPlatformFile: Not using cached read wrapper
LogTaskGraph: Started task graph with 5 named threads and 11 total threads with 3 sets of task threads.
LogStats: Stats thread started at 0.388282
LogD3D11RHI: Loaded GFSDK_Aftermath_Lib.x64.dll
LogICUInternationalization: Display: ICU TimeZone Detection - Raw Offset: +1:00, Platform Override: ''
LogPluginManager: Mounting plugin Paper2D
LogPluginManager: Mounting plugin AISupport
LogPluginManager: Mounting plugin LightPropagationVolume
LogPluginManager: Mounting plugin CLionSourceCodeAccess
LogPluginManager: Mounting plugin CodeLiteSourceCodeAccess
LogPluginManager: Mounting plugin GitSourceControl
LogPluginManager: Mounting plugin KDevelopSourceCodeAccess
LogPluginManager: Mounting plugin NullSourceCodeAccess
LogPluginManager: Mounting plugin PerforceSourceControl
LogPluginManager: Mounting plugin SubversionSourceControl
LogPluginManager: Mounting plugin UObjectPlugin
LogPluginManager: Mounting plugin VisualStudioCodeSourceCodeAccess
LogPluginManager: Mounting plugin VisualStudioSourceCodeAccess
LogPluginManager: Mounting plugin XCodeSourceCodeAccess
LogPluginManager: Mounting plugin AssetManagerEditor
LogPluginManager: Mounting plugin CryptoKeys
LogPluginManager: Mounting plugin DataValidation
LogPluginManager: Mounting plugin EditorScriptingUtilities
LogPluginManager: Mounting plugin FacialAnimation
LogPluginManager: Mounting plugin GameplayTagsEditor
LogPluginManager: Mounting plugin MacGraphicsSwitching
LogPluginManager: Mounting plugin MeshEditor
LogPluginManager: Mounting plugin MobileLauncherProfileWizard
LogPluginManager: Mounting plugin PluginBrowser
LogPluginManager: Mounting plugin SpeedTreeImporter
LogPluginManager: Mounting plugin DatasmithContent
LogPluginManager: Mounting plugin AlembicImporter
LogPluginManager: Mounting plugin AppleImageUtils
LogPluginManager: Mounting plugin AppleVision
LogPluginManager: Mounting plugin BackChannel
LogPluginManager: Mounting plugin CharacterAI
LogPluginManager: Mounting plugin GeometryCache
LogPluginManager: Mounting plugin HTML5Networking
LogPluginManager: Mounting plugin ProxyLODPlugin
LogPluginManager: Mounting plugin MagicLeap
LogPluginManager: Mounting plugin MagicLeapEmulator
LogPluginManager: Mounting plugin MagicLeapMedia
LogPluginManager: Mounting plugin AndroidMedia
LogPluginManager: Mounting plugin AvfMedia
LogPluginManager: Mounting plugin ImgMedia
LogPluginManager: Mounting plugin LinearTimecode
LogPluginManager: Mounting plugin MediaCompositing
LogPluginManager: Mounting plugin MediaPlayerEditor
LogPluginManager: Mounting plugin WmfMedia
LogPluginManager: Mounting plugin TcpMessaging
LogPluginManager: Mounting plugin UdpMessaging
LogPluginManager: Mounting plugin ActorSequence
LogPluginManager: Mounting plugin LevelSequenceEditor
LogPluginManager: Mounting plugin MatineeToLevelSequence
LogPluginManager: Mounting plugin NetcodeUnitTest
LogPluginManager: Mounting plugin NUTUnrealEngine4
LogPluginManager: Mounting plugin OnlineSubsystemGooglePlay
LogPluginManager: Mounting plugin OnlineSubsystemIOS
LogPluginManager: Mounting plugin OnlineSubsystem
LogPluginManager: Mounting plugin OnlineSubsystemNull
LogPluginManager: Mounting plugin OnlineSubsystemUtils
LogPluginManager: Mounting plugin LauncherChunkInstaller
LogPluginManager: Mounting plugin AndroidDeviceProfileSelector
LogPluginManager: Mounting plugin AndroidMoviePlayer
LogPluginManager: Mounting plugin AndroidPermission
LogPluginManager: Mounting plugin AppleMoviePlayer
LogPluginManager: Mounting plugin ArchVisCharacter
LogPluginManager: Mounting plugin AudioCapture
LogPluginManager: Mounting plugin CableComponent
LogPluginManager: Mounting plugin CustomMeshComponent
LogPluginManager: Mounting plugin EditableMesh
LogPluginManager: Mounting plugin ExampleDeviceProfileSelector
LogPluginManager: Mounting plugin GoogleCloudMessaging
LogPluginManager: Mounting plugin ImmediatePhysics
LogPluginManager: Mounting plugin IOSDeviceProfileSelector
LogPluginManager: Mounting plugin LinuxDeviceProfileSelector
LogPluginManager: Mounting plugin LocationServicesBPLibrary
LogPluginManager: Mounting plugin MobilePatchingUtils
LogPluginManager: Mounting plugin OculusVR
LogPluginManager: Plugin shader directory ../../../Engine/Plugins/Runtime/Oculus/OculusVR/Shaders found
LogPluginManager: Mapping shader source directory ../../../Engine/Plugins/Runtime/Oculus/OculusVR/Shaders to virtual directory /Plugin/OculusVR
LogPluginManager: Mounting plugin PhysXVehicles
LogPluginManager: Mounting plugin ProceduralMeshComponent
LogPluginManager: Mounting plugin RuntimePhysXCooking
LogPluginManager: Mounting plugin SteamVR
LogPluginManager: Mounting plugin WindowsMoviePlayer
LogPluginManager: Mounting plugin DatasmithCADImporter
LogPluginManager: Mounting plugin DatasmithFBXImporter
LogPluginManager: Mounting plugin DatasmithImporter
LogPluginManager: Mounting plugin DatasmithMDLImporter
LogPluginManager: Mounting plugin StaticMeshEditorExtension
LogStreaming: Display: Took  0.400s to configure plugins.
LogInit: Using libcurl 7.55.1-DEV
LogInit:  - built for x86_64-pc-win32
LogInit:  - supports SSL with OpenSSL/1.0.2h
LogInit:  - supports HTTP deflate (compression) using libz 1.2.8
LogInit:  - other features:
LogInit:      CURL_VERSION_SSL
LogInit:      CURL_VERSION_LIBZ
LogInit:      CURL_VERSION_IPV6
LogInit:      CURL_VERSION_ASYNCHDNS
LogInit:      CURL_VERSION_LARGEFILE
LogInit:      CURL_VERSION_IDN
LogInit:  CurlRequestOptions (configurable via config and command line):
LogInit:  - bVerifyPeer = false  - Libcurl will NOT verify peer certificate
LogInit:  - bUseHttpProxy = false  - Libcurl will NOT use HTTP proxy
LogInit:  - bDontReuseConnections = false  - Libcurl will reuse connections
LogInit:  - CertBundlePath = nullptr  - Libcurl will use whatever was configured at build time.
LogInit:  - MaxHostConnections = 16  - Libcurl will limit the number of connections to a host
LogInit:  - LocalHostAddr = Default
LogInit:  - BufferSize = 65536
LogInit: WinSock: version 1.1 (2.2), MaxSocks=32767, MaxUdp=65467
LogInit: Build: ++UE4+Release-4.20-CL-4369336
LogInit: Engine Version: 4.20.3-4369336+++UE4+Release-4.20
LogInit: Compatible Engine Version: 4.20.0-4212847+++UE4+Release-4.20
LogInit: Net CL: 4212847
LogInit: OS: Windows 10 (), CPU:        Intel(R) Core(TM) i3-3110M CPU @ 2.40GHz, GPU: Intel(R) HD Graphics 4000
LogInit: Compiled (64-bit): Sep 17 2018 12:26:19
LogInit: Compiled with Visual C++: 19.13.26129.00
LogInit: Build Configuration: Development
LogInit: Branch Name: ++UE4+Release-4.20
LogInit: Command Line:  
LogInit: Base Directory: C:/Program Files/Epic Games/UE_4.20/Engine/Binaries/Win64/
LogInit: Installed Engine Build: 1
LogDevObjectVersion: Number of dev versions registered: 20
LogDevObjectVersion:   Dev-Blueprints (B0D832E4-1F89-4F0D-ACCF-7EB736FD4AA2): 10
LogDevObjectVersion:   Dev-Build (E1C64328-A22C-4D53-A36C-8E866417BD8C): 0
LogDevObjectVersion:   Dev-Core (375EC13C-06E4-48FB-B500-84F0262A717E): 2
LogDevObjectVersion:   Dev-Editor (E4B068ED-F494-42E9-A231-DA0B2E46BB41): 24
LogDevObjectVersion:   Dev-Framework (CFFC743F-43B0-4480-9391-14DF171D2073): 34
LogDevObjectVersion:   Dev-Mobile (B02B49B5-BB20-44E9-A304-32B752E40360): 2
LogDevObjectVersion:   Dev-Networking (A4E4105C-59A1-49B5-A7C5-40C4547EDFEE): 0
LogDevObjectVersion:   Dev-Online (39C831C9-5AE6-47DC-9A44-9C173E1C8E7C): 0
LogDevObjectVersion:   Dev-Physics (78F01B33-EBEA-4F98-B9B4-84EACCB95AA2): 0
LogDevObjectVersion:   Dev-Platform (6631380F-2D4D-43E0-8009-CF276956A95A): 0
LogDevObjectVersion:   Dev-Rendering (12F88B9F-8875-4AFC-A67C-D90C383ABD29): 26
LogDevObjectVersion:   Dev-Sequencer (7B5AE74C-D270-4C10-A958-57980B212A5A): 9
LogDevObjectVersion:   Dev-VR (D7296918-1DD6-4BDD-9DE2-64A83CC13884): 2
LogDevObjectVersion:   Dev-LoadTimes (C2A15278-BFE7-4AFE-6C17-90FF531DF755): 1
LogDevObjectVersion:   Private-Geometry (6EACA3D4-40EC-4CC1-B786-8BED09428FC5): 3
LogDevObjectVersion:   Dev-AnimPhys (29E575DD-E0A3-4627-9D10-D276232CDCEA): 17
LogDevObjectVersion:   Dev-ReflectionCapture (6B266CEC-1EC7-4B8F-A30B-E4D90942FC07): 1
LogDevObjectVersion:   Dev-Automation (0DF73D61-A23F-47EA-B727-89E90C41499A): 1
LogDevObjectVersion:   FortniteMain (601D1886-AC64-4F84-AA16-D3DE0DEAC7D6): 12
LogDevObjectVersion:   Dev-Enterprise (9DFFBCD6-494F-0158-E221-12823C92A888): 1
LogStreaming: Display: Took  0.005s to delete old logs.
LogInit: Presizing for max 8388607 objects, including 0 objects not considered by GC, pre-allocating 0 bytes for permanent pool.
LogInit: Object subsystem initialized
[2018.09.27-18.04.30:613][  0]LogInit: Selected Device Profile: [Windows]
[2018.09.27-18.04.30:629][  0]LogInit: Applying CVar settings loaded from the selected device profile: [Windows]
[2018.09.27-18.04.30:707][  0]LogHAL: Display: Platform has ~ 6 GB [6322470912 / 8589934592 / 6], which maps to Smaller [LargestMinGB=32, LargerMinGB=12, DefaultMinGB=8, SmallerMinGB=6, SmallestMinGB=0)
[2018.09.27-18.04.30:707][  0]LogInit: Setting Device Profile CVar: [[r.Vulkan.UseRealUBs:1]]
[2018.09.27-18.04.30:707][  0]LogInit: Going up to parent DeviceProfile []
[2018.09.27-18.04.30:725][  0]LogInit: Computer: PC_DONO
[2018.09.27-18.04.30:725][  0]LogInit: User: Donovan
[2018.09.27-18.04.30:725][  0]LogInit: CPU Page size=4096, Cores=2
[2018.09.27-18.04.30:725][  0]LogInit: High frequency timer resolution =2.338444 MHz
[2018.09.27-18.04.30:725][  0]LogMemory: Memory total: Physical=5.9GB (6GB approx)
[2018.09.27-18.04.30:725][  0]LogMemory: Platform Memory Stats for Windows
[2018.09.27-18.04.30:725][  0]LogMemory: Process Physical Memory: 102.25 MB used, 102.25 MB peak
[2018.09.27-18.04.30:725][  0]LogMemory: Process Virtual Memory: 94.73 MB used, 94.73 MB peak
[2018.09.27-18.04.30:725][  0]LogMemory: Physical Memory: 2310.16 MB used,  3719.42 MB free, 6029.58 MB total
[2018.09.27-18.04.30:725][  0]LogMemory: Virtual Memory: 4626.98 MB used,  3719.42 MB free, 134217728.00 MB total
[2018.09.27-18.04.32:144][  0]LogInit: Using OS detected language (fr-FR).
[2018.09.27-18.04.32:144][  0]LogInit: Using OS detected locale (fr-FR).
[2018.09.27-18.04.32:145][  0]LogTextLocalizationManager: No specific localization for 'fr-FR' exists, so the 'fr' localization will be used.
[2018.09.27-18.04.32:289][  0]LogStreaming: Display: Took  0.146s to InitEngineTextLocalization.
[2018.09.27-18.04.32:289][  0]LogInit: Setting process to per monitor DPI aware
[2018.09.27-18.04.32:680][  0]LogSlate: New Slate User Created.  User Index 0, Is Virtual User: 0
[2018.09.27-18.04.32:680][  0]LogSlate: Slate User Registered.  User Index 0, Is Virtual User: 0
[2018.09.27-18.04.42:287][  0]LogHMD: Failed to initialize OpenVR with code 110
[2018.09.27-18.04.42:287][  0]LogD3D11RHI: D3D11 adapters:
[2018.09.27-18.04.42:332][  0]LogD3D11RHI:    0. 'NVIDIA GeForce GT 720M' (Feature Level 11_0)
[2018.09.27-18.04.42:332][  0]LogD3D11RHI:       1999/0/3014 MB DedicatedVideo/DedicatedSystem/SharedSystem, Outputs:1, VendorId:0x10de
[2018.09.27-18.04.42:337][  0]LogD3D11RHI:    1. 'Intel(R) HD Graphics 4000' (Feature Level 11_0)
[2018.09.27-18.04.42:337][  0]LogD3D11RHI:       32/0/1760 MB DedicatedVideo/DedicatedSystem/SharedSystem, Outputs:0, VendorId:0x8086
[2018.09.27-18.04.42:339][  0]LogD3D11RHI:    2. 'Microsoft Basic Render Driver' (Feature Level 11_0)
[2018.09.27-18.04.42:339][  0]LogD3D11RHI:       0/0/3014 MB DedicatedVideo/DedicatedSystem/SharedSystem, Outputs:0, VendorId:0x1414
[2018.09.27-18.04.42:339][  0]LogD3D11RHI: Chosen D3D11 Adapter: 0
[2018.09.27-18.04.42:364][  0]LogD3D11RHI: Creating new Direct3DDevice
[2018.09.27-18.04.42:364][  0]LogD3D11RHI:     GPU DeviceId: 0x1140 (for the marketing name, search the web for "GPU Device Id")
[2018.09.27-18.04.42:364][  0]LogWindows: EnumDisplayDevices:
[2018.09.27-18.04.42:365][  0]LogWindows:    0. 'Intel(R) HD Graphics 4000' (P:1 D:1)
[2018.09.27-18.04.42:365][  0]LogWindows:    1. 'Intel(R) HD Graphics 4000' (P:0 D:0)
[2018.09.27-18.04.42:365][  0]LogWindows:    2. 'Intel(R) HD Graphics 4000' (P:0 D:0)
[2018.09.27-18.04.42:366][  0]LogWindows: DebugString: PrimaryIsNotTheChoosenAdapter PrimaryIsNotTheChoosenAdapter PrimaryIsNotTheChoosenAdapter FoundDriverCount:0 
[2018.09.27-18.04.42:366][  0]LogD3D11RHI:     Adapter Name: NVIDIA GeForce GT 720M
[2018.09.27-18.04.42:366][  0]LogD3D11RHI:   Driver Version: Unknown (internal:Unknown, unified:Unknown)
[2018.09.27-18.04.42:366][  0]LogD3D11RHI:      Driver Date: Unknown
[2018.09.27-18.04.42:366][  0]LogRHI: Texture pool is 1399 MB (70% of 1999 MB)
[2018.09.27-18.04.42:390][  0]LogD3D11RHI: Display: Timestamp queries are currently disabled on this hardware due to instability. Realtime GPU stats will not be available. You can override this behaviour by setting r.NVIDIATimestampWorkaround to 0
[2018.09.27-18.04.42:390][  0]LogD3D11RHI: Async texture creation enabled
[2018.09.27-18.04.42:404][  0]LogD3D11RHI: GPU Timing Frequency: 1000.000000 (Debug: 2 1)
[2018.09.27-18.04.42:405][  0]LogShaderCompilers: Guid format shader working directory is -34 characters bigger than the processId version (../../../../../../Users/Donovan/UE4_Project/GameJamProject/GameJam/GameJamProject/Intermediate/Shaders/WorkingDirectory/11548/).
[2018.09.27-18.04.42:406][  0]LogShaderCompilers: Cleaned the shader compiler working directory 'C:/Users/Donovan/AppData/Local/Temp/UnrealShaderWorkingDir/3282F295481BF69A5D566683B63C3054/'.
[2018.09.27-18.04.43:891][  0]LogTemp: Display: Loaded TP AllDesktopTargetPlatform
[2018.09.27-18.04.43:952][  0]LogTemp: Display: Loaded TP MacClientTargetPlatform
[2018.09.27-18.04.44:011][  0]LogTemp: Display: Loaded TP MacNoEditorTargetPlatform
[2018.09.27-18.04.44:065][  0]LogTemp: Display: Loaded TP MacServerTargetPlatform
[2018.09.27-18.04.44:150][  0]LogTemp: Display: Loaded TP MacTargetPlatform
[2018.09.27-18.04.44:213][  0]LogTemp: Display: Loaded TP WindowsClientTargetPlatform
[2018.09.27-18.04.44:314][  0]LogTemp: Display: Loaded TP WindowsNoEditorTargetPlatform
[2018.09.27-18.04.44:368][  0]LogTemp: Display: Loaded TP WindowsServerTargetPlatform
[2018.09.27-18.04.44:407][  0]LogTemp: Display: Loaded TP WindowsTargetPlatform
[2018.09.27-18.04.44:605][  0]LogTemp: Display: Loaded TP AndroidTargetPlatform
[2018.09.27-18.04.44:605][  0]LogTemp: Display: Loaded TP AndroidTargetPlatform
[2018.09.27-18.04.44:605][  0]LogTemp: Display: Loaded TP AndroidTargetPlatform
[2018.09.27-18.04.44:605][  0]LogTemp: Display: Loaded TP AndroidTargetPlatform
[2018.09.27-18.04.44:605][  0]LogTemp: Display: Loaded TP AndroidTargetPlatform
[2018.09.27-18.04.44:605][  0]LogTemp: Display: Loaded TP AndroidTargetPlatform
[2018.09.27-18.04.44:605][  0]LogTemp: Display: Loaded TP AndroidTargetPlatform
[2018.09.27-18.04.44:605][  0]LogTemp: Display: Loaded TP AndroidTargetPlatform
[2018.09.27-18.04.44:605][  0]LogTemp: Display: Loaded TP AndroidTargetPlatform
[2018.09.27-18.04.44:605][  0]LogTemp: Display: Loaded TP AndroidTargetPlatform
[2018.09.27-18.04.44:605][  0]LogTemp: Display: Loaded TP AndroidTargetPlatform
[2018.09.27-18.04.44:605][  0]LogTemp: Display: Loaded TP AndroidTargetPlatform
[2018.09.27-18.04.44:606][  0]LogTemp: Display: Loaded TP AndroidTargetPlatform
[2018.09.27-18.04.44:606][  0]LogTemp: Display: Loaded TP AndroidTargetPlatform
[2018.09.27-18.04.44:606][  0]LogTemp: Display: Loaded TP AndroidTargetPlatform
[2018.09.27-18.04.44:606][  0]LogTemp: Display: Loaded TP AndroidTargetPlatform
[2018.09.27-18.04.44:606][  0]LogTemp: Display: Loaded TP AndroidTargetPlatform
[2018.09.27-18.04.44:606][  0]LogTemp: Display: Loaded TP AndroidTargetPlatform
[2018.09.27-18.04.44:638][  0]LogTemp: Display: Loaded TP HTML5TargetPlatform
[2018.09.27-18.04.44:882][  0]LogTemp: Display: Loaded TP IOSTargetPlatform
[2018.09.27-18.04.44:882][  0]LogTemp: Display: Loaded TP IOSTargetPlatform
[2018.09.27-18.04.44:961][  0]LogTemp: Display: Loaded TP TVOSTargetPlatform
[2018.09.27-18.04.44:961][  0]LogTemp: Display: Loaded TP TVOSTargetPlatform
[2018.09.27-18.04.45:050][  0]LogTemp: Display: Loaded TP LinuxClientTargetPlatform
[2018.09.27-18.04.45:122][  0]LogTemp: Display: Loaded TP LinuxNoEditorTargetPlatform
[2018.09.27-18.04.45:191][  0]LogTemp: Display: Loaded TP LinuxServerTargetPlatform
[2018.09.27-18.04.45:274][  0]LogTemp: Display: Loaded TP LinuxTargetPlatform
[2018.09.27-18.04.45:334][  0]LogTemp: Display: Loaded TP LuminTargetPlatform
[2018.09.27-18.04.45:334][  0]LogTargetPlatformManager: Display: Building Assets For Windows
[2018.09.27-18.04.46:716][  0]LogXGEController: Cleaning working directory: C:/Users/Donovan/AppData/Local/Temp/UnrealXGEWorkingDir/
[2018.09.27-18.04.46:716][  0]LogXGEController: Cannot use XGE Controller as Incredibuild is not installed on this machine.
[2018.09.27-18.04.46:716][  0]LogShaderCompilers: Cannot use XGE Shader Compiler as Incredibuild is not installed on this machine.
[2018.09.27-18.04.46:716][  0]LogShaderCompilers: Display: Using Local Shader Compiler.
[2018.09.27-18.04.50:873][  0]LogDerivedDataCache: Display: Max Cache Size: 512 MB
[2018.09.27-18.04.51:802][  0]LogDerivedDataCache: Loaded boot cache 0.93s 72MB C:/Users/Donovan/AppData/Local/UnrealEngine/4.20/DerivedDataCache/Boot.ddc.
[2018.09.27-18.04.51:803][  0]LogDerivedDataCache: Display: Loaded Boot cache: C:/Users/Donovan/AppData/Local/UnrealEngine/4.20/DerivedDataCache/Boot.ddc
[2018.09.27-18.04.51:803][  0]LogDerivedDataCache: FDerivedDataBackendGraph:  Pak pak cache file ../../../../../../Users/Donovan/UE4_Project/GameJamProject/GameJam/GameJamProject/DerivedDataCache/DDC.ddp not found, will not use a pak cache.
[2018.09.27-18.04.51:803][  0]LogDerivedDataCache: Unable to find inner node Pak for hierarchical cache Hierarchy.
[2018.09.27-18.04.51:803][  0]LogDerivedDataCache: FDerivedDataBackendGraph:  CompressedPak pak cache file ../../../../../../Users/Donovan/UE4_Project/GameJamProject/GameJam/GameJamProject/DerivedDataCache/Compressed.ddp not found, will not use a pak cache.
[2018.09.27-18.04.51:803][  0]LogDerivedDataCache: Unable to find inner node CompressedPak for hierarchical cache Hierarchy.
[2018.09.27-18.04.51:866][  0]LogDerivedDataCache: Display: Pak cache opened for reading ../../../Engine/DerivedDataCache/Compressed.ddp.
[2018.09.27-18.04.51:878][  0]LogDerivedDataCache: Using Local data cache path C:/Users/Donovan/AppData/Local/UnrealEngine/Common/DerivedDataCache: Writable
[2018.09.27-18.04.51:878][  0]LogDerivedDataCache: Shared data cache path not found in *engine.ini, will not use an Shared cache.
[2018.09.27-18.04.51:878][  0]LogDerivedDataCache: Unable to find inner node Shared for hierarchical cache Hierarchy.
[2018.09.27-18.04.51:907][  0]LogMaterial: Verifying Global Shaders for PCD3D_SM5
[2018.09.27-18.04.51:909][  0]LogSlate: Using FreeType 2.6.0
[2018.09.27-18.04.51:997][  0]LogSlate: SlateFontServices - WITH_FREETYPE: 1, WITH_HARFBUZZ: 1
[2018.09.27-18.04.54:319][  0]LogAssetRegistry: FAssetRegistry took 0.0287 seconds to start up
[2018.09.27-18.04.57:324][  0]LogInit: Selected Device Profile: [Windows]
[2018.09.27-18.04.58:446][  0]LogSimplygon: Simplygon DLL not present - disabling.
[2018.09.27-18.04.58:979][  0]LogMeshReduction: Using SimplygonSwarm for distributed automatic mesh merging
[2018.09.27-18.04.59:008][  0]LogMeshReduction: Using ProxyLODMeshReduction for automatic mesh merging
[2018.09.27-18.04.59:008][  0]LogMeshReduction: Using QuadricMeshReduction for automatic static mesh reduction
[2018.09.27-18.04.59:008][  0]LogMeshReduction: No automatic skeletal mesh reduction module available
[2018.09.27-18.04.59:076][  0]LogNetVersion: GameJamProject 1.0.0, NetCL: 4212847, EngineNetVer: 5, GameNetVer: 0 (Checksum: 804558789)
[2018.09.27-18.05.01:074][  0]LogPackageLocalizationCache: Processed 13 localized package path(s) for 2 prioritized culture(s) in 0.317102 seconds
[2018.09.27-18.05.01:084][  0]LogUObjectArray: 38425 objects as part of root set at end of initial load.
[2018.09.27-18.05.01:084][  0]LogUObjectAllocator: 6690872 out of 0 bytes used by permanent object pool.
[2018.09.27-18.05.01:084][  0]LogUObjectArray: CloseDisregardForGC: 0/0 objects in disregard for GC pool
[2018.09.27-18.05.42:310][  0]LogTcpMessaging: Initializing TcpMessaging bridge
[2018.09.27-18.05.42:385][  0]LogUdpMessaging: Initializing bridge on interface 0.0.0.0:0 to multicast group 230.0.0.1:6666.
[2018.09.27-18.05.44:786][  0]SourceControl: Source control is disabled
[2018.09.27-18.05.44:786][  0]LogWindows: Warning: CreateProc failed: Le fichier spécifié est introuvable. (0x00000002)
[2018.09.27-18.05.44:786][  0]LogWindows: Warning: URL: F:/Logiciel/Jeux/Git/Git/bin/git.exe version
[2018.09.27-18.05.44:911][  0]LogWindows: Warning: CreateProc failed: Le fichier spécifié est introuvable. (0x00000002)
[2018.09.27-18.05.44:911][  0]LogWindows: Warning: URL: F:/Logiciel/Jeux/Git/Git/bin/git.exe version
[2018.09.27-18.05.44:965][  0]LogWindows: Warning: CreateProc failed: Le fichier spécifié est introuvable. (0x00000002)
[2018.09.27-18.05.44:965][  0]LogWindows: Warning: URL: F:/Logiciel/Jeux/Git/Git/bin/git.exe version
[2018.09.27-18.05.48:431][  0]LogAndroidPermission: UAndroidPermissionCallbackProxy::GetInstance
[2018.09.27-18.05.48:943][  0]LogOcInput: OculusInput pre-init called
[2018.09.27-18.05.58:317][  0]LogEngine: Initializing Engine...
[2018.09.27-18.05.58:318][  0]LogHMD: Failed to initialize OpenVR with code 110
[2018.09.27-18.05.58:321][  0]LogStats: UGameplayTagsManager::ConstructGameplayTagTree: ImportINI prefixes -  0.000 s
[2018.09.27-18.05.58:321][  0]LogStats: UGameplayTagsManager::ConstructGameplayTagTree: Construct from data asset -  0.000 s
[2018.09.27-18.05.58:322][  0]LogStats: UGameplayTagsManager::ConstructGameplayTagTree: ImportINI -  0.000 s
[2018.09.27-18.05.58:322][  0]LogStats: UGameplayTagsManager::ConstructGameplayTagTree: GameplayTagTreeChangedEvent.Broadcast -  0.000 s
[2018.09.27-18.05.58:650][  0]LogInit: Initializing FReadOnlyCVARCache
[2018.09.27-18.05.58:796][  0]LogAIModule: Creating AISystem for world Untitled
[2018.09.27-18.05.58:804][  0]LogInit: XAudio2 using 'Haut-parleurs (Realtek High Definition Audio)' : 2 channels at 48 kHz using 32 bits per sample (channel mask 0x3)
[2018.09.27-18.05.58:859][  0]LogInit: FAudioDevice initialized.
[2018.09.27-18.05.58:859][  0]LogNetVersion: Set ProjectVersion to 1.0.0.0. Version Checksum will be recalculated on next use.
[2018.09.27-18.05.59:217][  0]LogDerivedDataCache: Saved boot cache 0.36s 72MB C:/Users/Donovan/AppData/Local/UnrealEngine/4.20/DerivedDataCache/Boot.ddc.
[2018.09.27-18.05.59:232][  0]LogInit: Texture streaming: Enabled
[2018.09.27-18.05.59:510][  0]LogEngineSessionManager: EngineSessionManager initialized
[2018.09.27-18.05.59:863][  0]LogInit: Transaction tracking system initialized
[2018.09.27-18.06.00:216][  0]BlueprintLog: New page: Editor Load
[2018.09.27-18.06.04:135][  0]LocalizationService: Localization service is disabled
[2018.09.27-18.06.08:539][  0]LogFileCache: Scanning file cache for directory 'C:/Users/Donovan/UE4_Project/GameJamProject/GameJam/GameJamProject/Content/' took 0.02s
[2018.09.27-18.06.08:539][  0]LogCook: Display: Max memory allowance for cook 16384mb min free memory 0mb
[2018.09.27-18.06.08:539][  0]LogCook: Display: Mobile HDR setting 1
[2018.09.27-18.06.08:540][  0]LogGameplayTags: Display: UGameplayTagsManager::DoneAddingNativeTags. DelegateIsBound: 0
[2018.09.27-18.06.08:540][  0]LogStats: UGameplayTagsManager::ConstructGameplayTagTree: ImportINI prefixes -  0.000 s
[2018.09.27-18.06.08:540][  0]LogStats: UGameplayTagsManager::ConstructGameplayTagTree: Construct from data asset -  0.000 s
[2018.09.27-18.06.08:540][  0]LogStats: UGameplayTagsManager::ConstructGameplayTagTree: ImportINI -  0.000 s
[2018.09.27-18.06.08:540][  0]LogStats: UGameplayTagsManager::ConstructGameplayTagTree: GameplayTagTreeChangedEvent.Broadcast -  0.000 s
[2018.09.27-18.06.19:849][  0]LogWindows: Warning: CreateProc failed: Le fichier spécifié est introuvable. (0x00000002)
[2018.09.27-18.06.19:849][  0]LogWindows: Warning: URL: F:/Logiciel/Jeux/Git/Git/bin/git.exe version
[2018.09.27-18.06.19:850][  0]Cmd: MAP LOAD FILE="../../../../../../Users/Donovan/UE4_Project/GameJamProject/GameJam/GameJamProject/Content/Level/Start.umap" TEMPLATE=0 SHOWPROGRESS=1 FEATURELEVEL=3
[2018.09.27-18.06.19:869][  0]LightingResults: New page: Lighting Build
[2018.09.27-18.06.19:931][  0]MapCheck: New page: Map Check
[2018.09.27-18.06.19:932][  0]LightingResults: New page: Lighting Build
[2018.09.27-18.06.24:060][  0]LogBlueprint: Warning: Timeline OpenClosed Track NewTrack_0 in /Engine/Transient.REINST_BP_Doors_C_4 has an invalid curve.  Please fix!
[2018.09.27-18.06.24:608][  0]LogBlueprint: Error: [Compiler WB_Blood] In use pin  Opacity  no longer exists on node  Get . Please refresh node or break links to remove pin.
[2018.09.27-18.06.24:609][  0]LogBlueprint: Warning: [Compiler WB_Blood] Widget.RenderOpacity is not blueprint visible (BlueprintReadOnly or BlueprintReadWrite). Please fix mark up or cease accessing as this will be made an error in a future release.  Get
[2018.09.27-18.06.24:941][  0]LogBlueprint: Warning: [Compiler WB_Blood] [0134,64] Compile of WB_Blood failed. 1 Fatal Issue(s) 1 Warning(s) [in 1 159 ms] (/Game/UMG/DamageEffect/WB_Blood.WB_Blood)
[2018.09.27-18.06.41:843][  0]LogAIModule: Creating AISystem for world Start
[2018.09.27-18.06.49:466][  0]LogEditorServer: Finished looking for orphan Actors (0.000 secs)
[2018.09.27-18.06.49:679][  0]Cmd: MAP CHECKDEP NOCLEARLOG
[2018.09.27-18.06.49:871][  0]MapCheck: Map check complete: 0 Error(s), 0 Warning(s), took 192,984ms to complete.
[2018.09.27-18.06.49:872][  0]LogFileHelpers: Loading map 'Start' took 30.022
[2018.09.27-18.06.50:835][  0]LogCollectionManager: Loaded 0 collections in 0.003992 seconds
[2018.09.27-18.06.50:996][  0]LogFileCache: Scanning file cache for directory 'C:/Users/Donovan/UE4_Project/GameJamProject/GameJam/GameJamProject/Saved/Collections/' took 0.01s
[2018.09.27-18.06.50:996][  0]LogFileCache: Scanning file cache for directory 'C:/Users/Donovan/UE4_Project/GameJamProject/GameJam/GameJamProject/Content/Developers/Donovan/Collections/' took 0.01s
[2018.09.27-18.06.50:996][  0]LogFileCache: Scanning file cache for directory 'C:/Users/Donovan/UE4_Project/GameJamProject/GameJam/GameJamProject/Content/Collections/' took 0.01s
[2018.09.27-18.06.50:996][  0]LogCollectionManager: Rebuilt the GUID cache for 0 collections in 0.000000 seconds
[2018.09.27-18.06.51:078][  0]LogContentBrowser: Native class hierarchy populated in 0.0189 seconds. Added 2622 classes and 631 folders.
[2018.09.27-18.06.51:438][  0]LogContentBrowser: Native class hierarchy updated for 'WidgetCarousel' in 0.0004 seconds. Added 0 classes and 0 folders.
[2018.09.27-18.07.00:181][  0]LogContentBrowser: Native class hierarchy updated for 'AddContentDialog' in 0.0004 seconds. Added 0 classes and 0 folders.
[2018.09.27-18.07.00:515][  0]LogSlate: Updating window title bar state: overlay mode, drag disabled, window buttons hidden, title bar hidden
[2018.09.27-18.07.00:528][  0]LogSlate: Updating window title bar state: overlay mode, drag disabled, window buttons hidden, title bar hidden
[2018.09.27-18.07.00:541][  0]LogSlate: Updating window title bar state: overlay mode, drag disabled, window buttons hidden, title bar hidden
[2018.09.27-18.07.00:555][  0]LogSlate: Updating window title bar state: overlay mode, drag disabled, window buttons hidden, title bar hidden
[2018.09.27-18.07.00:787][  0]LogContentBrowser: Native class hierarchy updated for 'WorldBrowser' in 0.0004 seconds. Added 2 classes and 3 folders.
[2018.09.27-18.07.01:023][  0]LogSlate: Took 0.029826 seconds to synchronously load lazily loaded font '../../../Engine/Content/Slate/Fonts/Roboto-Regular.ttf' (155K)
[2018.09.27-18.07.01:121][  0]LogSlate: Took 0.093821 seconds to synchronously load lazily loaded font '../../../Engine/Content/Slate/Fonts/Roboto-Bold.ttf' (160K)
[2018.09.27-18.07.01:160][  0]LogSlate: Took 0.034283 seconds to synchronously load lazily loaded font '../../../Engine/Content/Editor/Slate/Fonts/FontAwesome.ttf' (139K)
[2018.09.27-18.07.02:160][  0]LogContentBrowser: Native class hierarchy updated for 'HierarchicalLODOutliner' in 0.0004 seconds. Added 0 classes and 0 folders.
[2018.09.27-18.07.02:160][  0]LogLoad: (Engine Initialization) Total time: 171.86 seconds
[2018.09.27-18.07.02:160][  0]LogLoad: (Engine Initialization) Total Blueprint compile time: 0.00 seconds
[2018.09.27-18.07.02:603][  0]LogContentStreaming: Texture pool size now 400 MB
[2018.09.27-18.07.02:769][  0]LogSlate: Took 0.074257 seconds to synchronously load lazily loaded font '../../../Engine/Content/Slate/Fonts/Roboto-Light.ttf' (167K)
[2018.09.27-18.07.03:360][  1]LogD3D11RHI: Timed out while waiting for GPU to catch up. (0.5 s)
[2018.09.27-18.07.03:428][  2]LogRenderer: Reallocating scene render targets to support 256x256 Format 9 NumSamples 1 (Frame:1).
[2018.09.27-18.07.04:801][  4]LogAssetRegistry: Asset discovery search completed in 130.5032 seconds
[2018.09.27-18.07.04:850][  4]LogCollectionManager: Rebuilt the object cache for 0 collections in 0.000001 seconds (found 0 objects)
[2018.09.27-18.07.04:851][  4]LogCollectionManager: Fixed up redirectors for 0 collections in 0.000224 seconds (updated 0 objects)
[2018.09.27-18.07.13:560][214]LogSlate: Only BGRA pngs, bmps or icos are supported in by External Image Picker
[2018.09.27-18.07.13:738][216]LogTemp: Executing iPhonePackager certificates Engine -bundlename com.YourCompany.GameJamProject
[2018.09.27-18.07.13:738][216]LogTemp: CWD: C:\Program Files\Epic Games\UE_4.20\Engine\Binaries\DotNET\IOS
[2018.09.27-18.07.13:738][216]LogTemp: Initial Dir: C:\Program Files\Epic Games\UE_4.20
[2018.09.27-18.07.13:738][216]LogTemp: Env CWD: C:\Program Files\Epic Games\UE_4.20\Engine\Binaries\DotNET\IOS
[2018.09.27-18.07.13:746][216]LogTemp: BranchPath = PC_DONO/C/Program Files/Epic Games/UE_4.20/Engine/Binaries --- GameBranchPath = PC_DONO/C/Program Files/Epic Games/UE_4.20/Engine/Binaries
[2018.09.27-18.07.13:815][218]LogTemp: IPP ERROR: Could not find provision directory 'C:\Users\Donovan\AppData\Local/Apple Computer/MobileDevice/Provisioning Profiles/'.
[2018.09.27-18.08.43:923][498]LogSlate: Only BGRA pngs, bmps or icos are supported in by External Image Picker
[2018.09.27-18.08.44:040][500]LogTemp: Executing iPhonePackager certificates Engine -bundlename com.YourCompany.GameJamProject
[2018.09.27-18.08.44:042][500]LogTemp: CWD: C:\Program Files\Epic Games\UE_4.20\Engine\Binaries\DotNET\IOS
[2018.09.27-18.08.44:042][500]LogTemp: Initial Dir: C:\Program Files\Epic Games\UE_4.20
[2018.09.27-18.08.44:042][500]LogTemp: Env CWD: C:\Program Files\Epic Games\UE_4.20\Engine\Binaries\DotNET\IOS
[2018.09.27-18.08.44:050][500]LogTemp: BranchPath = PC_DONO/C/Program Files/Epic Games/UE_4.20/Engine/Binaries --- GameBranchPath = PC_DONO/C/Program Files/Epic Games/UE_4.20/Engine/Binaries
[2018.09.27-18.08.44:084][501]LogTemp: IPP ERROR: Could not find provision directory 'C:\Users\Donovan\AppData\Local/Apple Computer/MobileDevice/Provisioning Profiles/'.
[2018.09.27-18.08.47:687][702]LogSlate: Took 0.000298 seconds to synchronously load lazily loaded font '../../../Engine/Content/Slate/Fonts/Roboto-Light.ttf' (167K)
[2018.09.27-18.09.07:471][797]LogSlate: Only BGRA pngs, bmps or icos are supported in by External Image Picker
[2018.09.27-18.09.07:626][799]LogTemp: Executing iPhonePackager certificates Engine -bundlename com.YourCompany.GameJamProject
[2018.09.27-18.09.07:626][799]LogTemp: CWD: C:\Program Files\Epic Games\UE_4.20\Engine\Binaries\DotNET\IOS
[2018.09.27-18.09.07:626][799]LogTemp: Initial Dir: C:\Program Files\Epic Games\UE_4.20
[2018.09.27-18.09.07:626][799]LogTemp: Env CWD: C:\Program Files\Epic Games\UE_4.20\Engine\Binaries\DotNET\IOS
[2018.09.27-18.09.07:635][799]LogTemp: BranchPath = PC_DONO/C/Program Files/Epic Games/UE_4.20/Engine/Binaries --- GameBranchPath = PC_DONO/C/Program Files/Epic Games/UE_4.20/Engine/Binaries
[2018.09.27-18.09.07:690][802]LogTemp: IPP ERROR: Could not find provision directory 'C:\Users\Donovan\AppData\Local/Apple Computer/MobileDevice/Provisioning Profiles/'.
[2018.09.27-18.09.43:287][311]LogAIModule: Creating AISystem for world Map_Demarage
[2018.09.27-18.09.43:342][311]LogAssetEditorManager: Opening Asset editor for World /Game/Maps/Map_Demarage.Map_Demarage
[2018.09.27-18.09.43:374][311]Cmd: MAP LOAD FILE="../../../../../../Users/Donovan/UE4_Project/GameJamProject/GameJam/GameJamProject/Content/Maps/Map_Demarage.umap" TEMPLATE=0 SHOWPROGRESS=1 FEATURELEVEL=3
[2018.09.27-18.09.43:374][311]LightingResults: New page: Lighting Build
[2018.09.27-18.09.43:375][311]LoadErrors: New page: Loading map: Map_Demarage.umap
[2018.09.27-18.09.43:378][311]MapCheck: New page: Map Check
[2018.09.27-18.09.43:378][311]LightingResults: New page: Lighting Build
[2018.09.27-18.09.43:448][311]LogEditorServer: Finished looking for orphan Actors (0.000 secs)
[2018.09.27-18.09.43:569][311]Cmd: MAP CHECKDEP NOCLEARLOG
[2018.09.27-18.09.43:770][311]MapCheck: Map check complete: 0 Error(s), 0 Warning(s), took 200,7ms to complete.
[2018.09.27-18.09.43:772][311]LogFileHelpers: Loading map 'Map_Demarage' took 0.400
[2018.09.27-18.09.45:175][380]LogTemp: Repeating last play command: Standalone Game
[2018.09.27-18.10.23:278][987]LogAssetEditorManager: Opening Asset editor for WidgetBlueprint /Game/UMG/WB_MenuStart.WB_MenuStart
[2018.09.27-18.10.24:733][987]LogContentBrowser: Native class hierarchy updated for 'BlueprintGraph' in 0.0010 seconds. Added 116 classes and 0 folders.
[2018.09.27-18.10.28:439][987]LogSlate: Took 0.026455 seconds to synchronously load lazily loaded font '../../../Engine/Content/Slate/Fonts/Roboto-BoldCondensed.ttf' (158K)
[2018.09.27-18.10.36:424][313]LogAssetEditorManager: Opening Asset editor for LevelScriptBlueprint /Game/Maps/Map_Demarage.Map_Demarage:PersistentLevel.Map_Demarage
[2018.09.27-18.10.37:261][314]LogSlate: Took 0.018451 seconds to synchronously load lazily loaded font '../../../Engine/Content/Slate/Fonts/Roboto-Italic.ttf' (157K)
[2018.09.27-18.10.39:099][419]BlueprintLog: New page: Compile Map_Demarage
[2018.09.27-18.10.40:819][448]LogSavePackage: Moving '../../../../../../Users/Donovan/UE4_Project/GameJamProject/GameJam/GameJamProject/Saved/Map_DemarageA7681DD14E260A5F4A1B5B984D613817.tmp' to '../../../../../../Users/Donovan/UE4_Project/GameJamProject/GameJam/GameJamProject/Content/Maps/Map_Demarage.umap'
[2018.09.27-18.10.40:915][448]LogFileHelpers: Saving map 'Map_Demarage' took 0.884
[2018.09.27-18.10.46:262][755]LogRenderer: Reallocating scene render targets to support 988x724 Format 9 NumSamples 1 (Frame:1).
[2018.09.27-18.10.49:059][891]LogBlueprintUserMessages: Early PlayInEditor Detection: Level '/Game/Maps/Map_Demarage.Map_Demarage:PersistentLevel' has LevelScriptBlueprint '/Game/Maps/Map_Demarage.Map_Demarage:PersistentLevel.Map_Demarage' with GeneratedClass '/Game/Maps/Map_Demarage.Map_Demarage_C' with ClassGeneratedBy '/Game/Maps/Map_Demarage.Map_Demarage:PersistentLevel.Map_Demarage'
[2018.09.27-18.10.49:104][891]LogPlayLevel: PlayLevel: No blueprints needed recompiling
[2018.09.27-18.10.55:283][891]LogSlate: Window 'Message' being destroyed
[2018.09.27-18.11.02:534][312]LogAssetEditorManager: Opening Asset editor for WidgetBlueprint /Game/UMG/DamageEffect/WB_Blood.WB_Blood
[2018.09.27-18.11.30:965][945]BlueprintLog: New page: Compile WB_Blood
[2018.09.27-18.11.31:019][945]LogClass: Warning: Type mismatch in RenderOpacity of WB_Blood_C - Previous (ObjectProperty) Current(FloatProperty) for package:  FObjectReader
[2018.09.27-18.11.31:740][983]Cmd: OBJ SAVEPACKAGE PACKAGE="/Game/UMG/DamageEffect/WB_Blood" FILE="../../../../../../Users/Donovan/UE4_Project/GameJamProject/GameJam/GameJamProject/Content/UMG/DamageEffect/WB_Blood.uasset" SILENT=true
[2018.09.27-18.11.31:827][983]LogSavePackage: Moving '../../../../../../Users/Donovan/UE4_Project/GameJamProject/GameJam/GameJamProject/Saved/WB_BloodD626383849492D56EF24C1B6F3F7B6D9.tmp' to '../../../../../../Users/Donovan/UE4_Project/GameJamProject/GameJam/GameJamProject/Content/UMG/DamageEffect/WB_Blood.uasset'
[2018.09.27-18.11.38:275][355]BlueprintLog: New page: Compile WB_Blood
[2018.09.27-18.11.38:885][384]Cmd: OBJ SAVEPACKAGE PACKAGE="/Game/UMG/DamageEffect/WB_Blood" FILE="../../../../../../Users/Donovan/UE4_Project/GameJamProject/GameJam/GameJamProject/Content/UMG/DamageEffect/WB_Blood.uasset" SILENT=true
[2018.09.27-18.11.38:959][384]LogSavePackage: Moving '../../../../../../Users/Donovan/UE4_Project/GameJamProject/GameJam/GameJamProject/Saved/WB_BloodDF3ED8724798F6DC2E913B81F25516DA.tmp' to '../../../../../../Users/Donovan/UE4_Project/GameJamProject/GameJam/GameJamProject/Content/UMG/DamageEffect/WB_Blood.uasset'
[2018.09.27-18.11.50:888][ 60]LogTemp: Repeating last play command: New Editor Window (PIE)
[2018.09.27-18.11.50:964][ 60]LogBlueprintUserMessages: Early PlayInEditor Detection: Level '/Game/Maps/Map_Demarage.Map_Demarage:PersistentLevel' has LevelScriptBlueprint '/Game/Maps/Map_Demarage.Map_Demarage:PersistentLevel.Map_Demarage' with GeneratedClass '/Game/Maps/Map_Demarage.Map_Demarage_C' with ClassGeneratedBy '/Game/Maps/Map_Demarage.Map_Demarage:PersistentLevel.Map_Demarage'
[2018.09.27-18.11.50:964][ 60]LogPlayLevel: PlayLevel: No blueprints needed recompiling
[2018.09.27-18.11.51:038][ 60]PIE: New page: PIE session: Map_Demarage (27 sept. 2018 22:11:50)
[2018.09.27-18.11.51:039][ 60]LogPlayLevel: Creating play world package: /Game/Maps/UEDPIE_0_Map_Demarage
[2018.09.27-18.11.51:049][ 60]LogPlayLevel: PIE: StaticDuplicateObject took: (0.010472s)
[2018.09.27-18.11.51:050][ 60]LogAIModule: Creating AISystem for world Map_Demarage
[2018.09.27-18.11.51:050][ 60]LogPlayLevel: PIE: World Init took: (0.001230s)
[2018.09.27-18.11.51:051][ 60]LogPlayLevel: PIE: Created PIE world by copying editor world from /Game/Maps/Map_Demarage.Map_Demarage to /Game/Maps/UEDPIE_0_Map_Demarage.Map_Demarage (0.012001s)
[2018.09.27-18.11.51:108][ 60]LogInit: XAudio2 using 'Haut-parleurs (Realtek High Definition Audio)' : 2 channels at 48 kHz using 32 bits per sample (channel mask 0x3)
[2018.09.27-18.11.51:130][ 60]LogInit: FAudioDevice initialized.
[2018.09.27-18.11.51:137][ 60]LogSlate: Updating window title bar state: overlay mode, drag disabled, window buttons hidden, title bar hidden
[2018.09.27-18.11.51:191][ 60]LogLoad: Game class is 'MenuGameMode_C'
[2018.09.27-18.11.51:198][ 60]LogWorld: Bringing World /Game/Maps/UEDPIE_0_Map_Demarage.Map_Demarage up for play (max tick rate 60) at 2018.09.27-20.11.51
[2018.09.27-18.11.51:199][ 60]LogWorld: Bringing up level for play took: 0.006935
[2018.09.27-18.11.51:236][ 60]LogContentBrowser: Native class hierarchy updated for 'MovieSceneCapture' in 0.0006 seconds. Added 10 classes and 0 folders.
[2018.09.27-18.11.51:236][ 60]LogGameMode: Display: Match State Changed from EnteringMap to WaitingToStart
[2018.09.27-18.11.51:236][ 60]LogGameState: Match State Changed from EnteringMap to WaitingToStart
[2018.09.27-18.11.51:236][ 60]LogGameMode: Display: Match State Changed from WaitingToStart to InProgress
[2018.09.27-18.11.51:239][ 60]LogGameState: Match State Changed from WaitingToStart to InProgress
[2018.09.27-18.11.51:243][ 60]PIE: Play in editor start time for /Game/Maps/UEDPIE_0_Map_Demarage 0,256
[2018.09.27-18.11.51:244][ 60]LogBlueprintUserMessages: Late PlayInEditor Detection: Level '/Game/Maps/Map_Demarage.Map_Demarage:PersistentLevel' has LevelScriptBlueprint '/Game/Maps/Map_Demarage.Map_Demarage:PersistentLevel.Map_Demarage' with GeneratedClass '/Game/Maps/Map_Demarage.Map_Demarage_C' with ClassGeneratedBy '/Game/Maps/Map_Demarage.Map_Demarage:PersistentLevel.Map_Demarage'
[2018.09.27-18.11.54:191][227]LogSlate: FSceneViewport::OnFocusLost() reason 0
[2018.09.27-18.12.06:100][934]LogSlate: Updating window title bar state: overlay mode, drag disabled, window buttons hidden, title bar hidden
[2018.09.27-18.12.06:100][934]LogBlueprintUserMessages: Early EndPlayMap Detection: Level '/Game/Maps/Map_Demarage.Map_Demarage:PersistentLevel' has LevelScriptBlueprint '/Game/Maps/Map_Demarage.Map_Demarage:PersistentLevel.Map_Demarage' with GeneratedClass '/Game/Maps/Map_Demarage.Map_Demarage_C' with ClassGeneratedBy '/Game/Maps/Map_Demarage.Map_Demarage:PersistentLevel.Map_Demarage'
[2018.09.27-18.12.06:149][934]LogSlate: Window 'GameJamProject Game Preview Standalone (64-bit/PCD3D_SM5)' being destroyed
[2018.09.27-18.12.06:199][934]LogPlayLevel: Display: Shutting down PIE online subsystems
[2018.09.27-18.12.06:199][934]LogBlueprintUserMessages: Late EndPlayMap Detection: Level '/Game/Maps/Map_Demarage.Map_Demarage:PersistentLevel' has LevelScriptBlueprint '/Game/Maps/Map_Demarage.Map_Demarage:PersistentLevel.Map_Demarage' with GeneratedClass '/Game/Maps/Map_Demarage.Map_Demarage_C' with ClassGeneratedBy '/Game/Maps/Map_Demarage.Map_Demarage:PersistentLevel.Map_Demarage'
[2018.09.27-18.12.06:290][935]LogPlayLevel: Display: Destroying online subsystem :Context_16
[2018.09.27-18.12.23:885][925]DataValidation: There is no data validation for /Game/AI/Monstre/Anim/Mutant_Walking.
[2018.09.27-18.12.23:890][925]DataValidation: There is no data validation for /Game/Audio/mutantstep.
[2018.09.27-18.12.23:896][925]DataValidation: There is no data validation for /Game/Audio/s3.
[2018.09.27-18.12.23:897][925]DataValidation: There is no data validation for /Game/Audio/s2.
[2018.09.27-18.12.23:899][925]DataValidation: There is no data validation for /Game/Audio/s1.
[2018.09.27-18.12.23:901][925]DataValidation: There is no data validation for /Game/Audio/Normalattenuation.
[2018.09.27-18.12.23:906][925]DataValidation: There is no data validation for /Game/AI/Monstre/Anim/Thriller_Part_3.
[2018.09.27-18.12.23:910][925]DataValidation: There is no data validation for /Game/AI/Monstre/Mesh/AI_Monster_Skeleton.
[2018.09.27-18.12.23:912][925]DataValidation: There is no data validation for /Game/AI/Monstre/Anim/Orc_Idle.
[2018.09.27-18.12.23:916][925]DataValidation: There is no data validation for /Game/AI/Monstre/Anim/AI_BlendSpace.
[2018.09.27-18.12.23:920][925]DataValidation: There is no data validation for /Game/AI/Monstre/Anim/Crouch_Walk_Back.
[2018.09.27-18.12.23:922][925]DataValidation: There is no data validation for /Game/AI/Monstre/Anim/AI_BlendSpaceBack.
[2018.09.27-18.12.23:959][925]DataValidation: There is no data validation for /Game/Audio/psteps.
[2018.09.27-18.12.23:962][925]DataValidation: There is no data validation for /Game/Character/Mesh/PersonnagePrincipal_Skeleton.
[2018.09.27-18.12.23:967][925]DataValidation: There is no data validation for /Game/Character/Anim/Jump.
[2018.09.27-18.12.23:971][925]DataValidation: There is no data validation for /Game/Character/Anim/Idle.
[2018.09.27-18.12.23:973][925]DataValidation: There is no data validation for /Game/Character/Anim/Run.
[2018.09.27-18.12.23:977][925]DataValidation: There is no data validation for /Game/Character/Anim/Walk.
[2018.09.27-18.12.23:978][925]DataValidation: There is no data validation for /Game/Character/Anim/PersoBlendSpace.
[2018.09.27-18.12.23:980][925]DataValidation: There is no data validation for /Game/Character/Anim/Anim_Bp.
[2018.09.27-18.12.23:982][925]DataValidation: There is no data validation for /Game/AI/Monstre/Anim/AI_Anim_Bp.
[2018.09.27-18.12.23:989][925]DataValidation: There is no data validation for /Game/System/SystemeInteract/S_InterractableVariable.
[2018.09.27-18.12.23:994][925]DataValidation: There is no data validation for /Game/Character/Data/EStaminaConsumptionAction.
[2018.09.27-18.12.23:998][925]DataValidation: There is no data validation for /Game/Character/Data/SStaminaConceptionValues.
[2018.09.27-18.12.24:002][925]DataValidation: There is no data validation for /Game/AI/Monstre/Mesh/AI_Monster.
[2018.09.27-18.12.24:004][925]DataValidation: There is no data validation for /Game/AI/Mutant/Texture/MutantP_Packed0_Diffuse.
[2018.09.27-18.12.24:009][925]DataValidation: There is no data validation for /Game/AI/Mutant/Texture/MutantP_Packed0_Gloss.
[2018.09.27-18.12.24:011][925]DataValidation: There is no data validation for /Game/AI/Mutant/Texture/MutantP_Packed0_Normal.
[2018.09.27-18.12.24:015][925]DataValidation: There is no data validation for /Game/AI/Mutant/Texture/MutantP_Packed0_Opacity.
[2018.09.27-18.12.24:019][925]DataValidation: There is no data validation for /Game/AI/Mutant/Texture/MutantP_Packed0_Specular.
[2018.09.27-18.12.24:021][925]DataValidation: There is no data validation for /Game/AI/Mutant/Material/PackedMaterial0mat.
[2018.09.27-18.12.24:023][925]DataValidation: There is no data validation for /Game/Character/Texture/PersonnagePrincipal_Packed0_Diffuse.
[2018.09.27-18.12.24:025][925]DataValidation: There is no data validation for /Game/Character/Texture/PersonnagePrincipal_Packed0_Gloss.
[2018.09.27-18.12.24:027][925]DataValidation: There is no data validation for /Game/Character/Texture/PersonnagePrincipal_Packed0_Normal.
[2018.09.27-18.12.24:029][925]DataValidation: There is no data validation for /Game/Character/Texture/PersonnagePrincipal_Packed0_Opacity.
[2018.09.27-18.12.24:030][925]DataValidation: There is no data validation for /Game/Character/Texture/PersonnagePrincipal_Packed0_Specular.
[2018.09.27-18.12.24:032][925]DataValidation: There is no data validation for /Game/AI/Mutant/Material/PackedMaterial0mat_ncl1_1.
[2018.09.27-18.12.24:037][925]DataValidation: There is no data validation for /Game/Character/Mesh/PersonnagePrincipal_PhysicsAsset.
[2018.09.27-18.12.24:039][925]DataValidation: There is no data validation for /Game/Character/Mesh/PersonnagePrincipal.
[2018.09.27-18.12.24:041][925]DataValidation: There is no data validation for /Game/System/IES_Flashlight.
[2018.09.27-18.12.24:046][925]DataValidation: There is no data validation for /Game/World/LampTorch/Materials/EmisiveGlassFlashLight.
[2018.09.27-18.12.24:050][925]DataValidation: There is no data validation for /Game/Assets/Texture/T_Concrete_Poured_D.
[2018.09.27-18.12.24:053][925]DataValidation: There is no data validation for /Game/Assets/Texture/T_Concrete_Poured_N.
[2018.09.27-18.12.24:055][925]DataValidation: There is no data validation for /Game/World/LampTorch/Materials/MetalNoiTorch.
[2018.09.27-18.12.24:057][925]DataValidation: There is no data validation for /Game/World/LampTorch/TorchLight.
[2018.09.27-18.12.24:059][925]DataValidation: There is no data validation for /Game/AI/Monstre/Anim/Zombie_Attack.
[2018.09.27-18.12.24:063][925]DataValidation: There is no data validation for /Game/AI/Mutant/Mesh/MutantP_Skeleton.
[2018.09.27-18.12.24:065][925]DataValidation: There is no data validation for /Game/AI/Mutant/Anim/Zombie_Attack.
[2018.09.27-18.12.24:067][925]DataValidation: There is no data validation for /Game/Assets/ElectricalBox/T_HightVoltage_Decal_D.
[2018.09.27-18.12.24:071][925]DataValidation: There is no data validation for /Game/Assets/ElectricalBox/M_Decal_HightVoltage.
[2018.09.27-18.12.24:073][925]DataValidation: There is no data validation for /Game/Assets/ElectricalBox/M_Decal_HightVoltage_Inst.
[2018.09.27-18.12.24:075][925]DataValidation: There is no data validation for /Game/Assets/ElectricalBox/NormalMap.
[2018.09.27-18.12.24:077][925]DataValidation: There is no data validation for /Game/Assets/ElectricalBox/M_Metal.
[2018.09.27-18.12.24:079][925]DataValidation: There is no data validation for /Game/Assets/ElectricalBox/Boitieréléctrique_BoitierElectrique.
[2018.09.27-18.12.24:083][925]DataValidation: There is no data validation for /Game/Assets/ElectricalBox/AmbientOcclusionMap.
[2018.09.27-18.12.24:085][925]DataValidation: There is no data validation for /Game/Assets/ElectricalBox/Metal_Dif.
[2018.09.27-18.12.24:087][925]DataValidation: There is no data validation for /Game/Assets/ElectricalBox/SpecularMap.
[2018.09.27-18.12.24:089][925]DataValidation: There is no data validation for /Game/Assets/ElectricalBox/M_LevierRed.
[2018.09.27-18.12.24:093][925]DataValidation: There is no data validation for /Game/Assets/ElectricalBox/Boitieréléctrique_Levier.
[2018.09.27-18.12.24:098][925]DataValidation: There is no data validation for /Game/System/SystemeInteract/BPI_Interact.
[2018.09.27-18.12.24:100][925]DataValidation: There is no data validation for /Game/Audio/doorlock.
[2018.09.27-18.12.24:102][925]DataValidation: There is no data validation for /Game/Audio/smalldoor.
[2018.09.27-18.12.24:104][925]DataValidation: There is no data validation for /Game/UMG/Text/DoorLock.
[2018.09.27-18.12.24:106][925]DataValidation: There is no data validation for /Game/World/Architecture/M_Metal.
[2018.09.27-18.12.24:108][925]DataValidation: There is no data validation for /Game/World/Texture/AIUE_V01_002_pages02.
[2018.09.27-18.12.24:109][925]DataValidation: There is no data validation for /Game/World/Material/M_Mat_10.
[2018.09.27-18.12.24:111][925]DataValidation: There is no data validation for /Game/World/Architecture/Doors.
[2018.09.27-18.12.24:113][925]DataValidation: There is no data validation for /Game/World/Architecture/SM_Cadre.
[2018.09.27-18.12.24:116][925]DataValidation: There is no data validation for /Game/World/MetalDoors/MPC_DoorLock.
[2018.09.27-18.12.24:118][925]DataValidation: There is no data validation for /Game/Audio/longdoordry.
[2018.09.27-18.12.24:119][925]DataValidation: There is no data validation for /Game/World/MetalDoors/M_LightRed.
[2018.09.27-18.12.24:121][925]DataValidation: There is no data validation for /Game/World/MetalDoors/M_LightRed_Inst.
[2018.09.27-18.12.24:127][925]DataValidation: There is no data validation for /Game/World/MetalDoors/M_Metal_Barreau.
[2018.09.27-18.12.24:128][925]DataValidation: There is no data validation for /Game/World/MetalDoors/M_Metal_Barreau_Inst.
[2018.09.27-18.12.24:130][925]DataValidation: There is no data validation for /Game/World/MetalDoors/M_Metal_DoorLock.
[2018.09.27-18.12.24:132][925]DataValidation: There is no data validation for /Game/World/MetalDoors/M_Metal_DoorLock_Inst.
[2018.09.27-18.12.24:134][925]DataValidation: There is no data validation for /Game/World/MetalDoors/M_MetalLightGreen.
[2018.09.27-18.12.24:136][925]DataValidation: There is no data validation for /Game/World/MetalDoors/M_MetalLightGreen_Inst.
[2018.09.27-18.12.24:138][925]DataValidation: There is no data validation for /Game/World/MetalDoors/M_MetalPorte.
[2018.09.27-18.12.24:139][925]DataValidation: There is no data validation for /Game/World/MetalDoors/M_MetalPorte_Inst.
[2018.09.27-18.12.24:141][925]DataValidation: There is no data validation for /Game/World/MetalDoors/Metal_Doors.
[2018.09.27-18.12.24:146][925]DataValidation: There is no data validation for /Game/UMG/DamageEffect/BloodEffect.
[2018.09.27-18.12.24:148][925]DataValidation: There is no data validation for /Game/UMG/DamageEffect/WB_Blood.
[2018.09.27-18.12.24:150][925]DataValidation: There is no data validation for /Game/UMG/Ui_Hud.
[2018.09.27-18.12.24:151][925]DataValidation: There is no data validation for /Game/Audio/gamestart.
[2018.09.27-18.12.24:153][925]DataValidation: There is no data validation for /Game/Audio/mousehover.
[2018.09.27-18.12.24:155][925]DataValidation: There is no data validation for /Game/UMG/TextureButton/Exit_H.
[2018.09.27-18.12.24:157][925]DataValidation: There is no data validation for /Game/UMG/TextureButton/Exit_N.
[2018.09.27-18.12.24:158][925]DataValidation: There is no data validation for /Game/UMG/TextureButton/Exit_P.
[2018.09.27-18.12.24:160][925]DataValidation: There is no data validation for /Game/UMG/TextureButton/Resume_H.
[2018.09.27-18.12.24:162][925]DataValidation: There is no data validation for /Game/UMG/TextureButton/Resume_N.
[2018.09.27-18.12.24:163][925]DataValidation: There is no data validation for /Game/UMG/TextureButton/Resume_P.
[2018.09.27-18.12.24:165][925]DataValidation: There is no data validation for /Game/UMG/WB_MenuGameOver.
[2018.09.27-18.12.24:167][925]DataValidation: There is no data validation for /Game/AI/Mutant/Anim/Standing_Walk_Back__1_.
[2018.09.27-18.12.24:169][925]DataValidation: There is no data validation for /Game/AI/Monstre/Anim/Zombie_Walk.
[2018.09.27-18.12.24:170][925]DataValidation: There is no data validation for /Game/AI/Mutant/Anim/Zombie_Idle.
[2018.09.27-18.12.24:172][925]DataValidation: There is no data validation for /Game/AI/Mutant/Anim/MutantBlendSpace.
[2018.09.27-18.12.24:174][925]DataValidation: There is no data validation for /Game/AI/Mutant/Anim/AnimBpMutant.
[2018.09.27-18.12.24:176][925]DataValidation: There is no data validation for /Game/AI/Mutant/Mesh/MutantP_PhysicsAsset.
[2018.09.27-18.12.24:177][925]DataValidation: There is no data validation for /Game/AI/Mutant/Mesh/MutantP.
[2018.09.27-18.12.24:179][925]DataValidation: There is no data validation for /Game/Assets/GamePlay/MPC_Blood.
[2018.09.27-18.12.24:181][925]DataValidation: There is no data validation for /Game/Assets/GamePlay/T_Blood_Droplest.
[2018.09.27-18.12.24:183][925]DataValidation: There is no data validation for /Game/Assets/GamePlay/M_Blood.
[2018.09.27-18.12.24:184][925]DataValidation: There is no data validation for /Game/Assets/GamePlay/M_Blood_Inst.
[2018.09.27-18.12.24:186][925]DataValidation: There is no data validation for /Game/Assets/GamePlay/SM_Blood_Plane.
[2018.09.27-18.12.24:188][925]DataValidation: There is no data validation for /Game/Audio/cancel.
[2018.09.27-18.12.24:190][925]DataValidation: There is no data validation for /Game/Audio/confirm.
[2018.09.27-18.12.24:191][925]DataValidation: There is no data validation for /Game/Maps/Map_Demarage.
[2018.09.27-18.12.24:193][925]DataValidation: There is no data validation for /Game/World/Mesh/SM_Book15.
[2018.09.27-18.12.24:198][925]DataValidation: There is no data validation for /Game/World/Material/M_Mat_24.
[2018.09.27-18.12.24:200][925]DataValidation: There is no data validation for /Game/World/Texture/AIUE_V01_004_library_color_002.
[2018.09.27-18.12.24:205][925]DataValidation: There is no data validation for /Game/World/Mesh/SM_Bind3.
[2018.09.27-18.12.24:206][925]DataValidation: There is no data validation for /Game/World/Material/M_Mat_13.
[2018.09.27-18.12.24:209][925]DataValidation: There is no data validation for /Game/World/Texture/AIUE_V01_003_Binders3_NM.
[2018.09.27-18.12.24:213][925]DataValidation: There is no data validation for /Game/World/Texture/AIUE_V01_003_Binders3_Color.
[2018.09.27-18.12.24:214][925]DataValidation: There is no data validation for /Game/World/Mesh/SM_Bind2.
[2018.09.27-18.12.24:216][925]DataValidation: There is no data validation for /Game/World/Material/M_Mat_12.
[2018.09.27-18.12.24:218][925]DataValidation: There is no data validation for /Game/World/Texture/AIUE_V01_003_binders2NormalsMap.
[2018.09.27-18.12.24:220][925]DataValidation: There is no data validation for /Game/World/Texture/AIUE_V01_003_binders2DiffuseMap.
[2018.09.27-18.12.24:222][925]DataValidation: There is no data validation for /Game/World/Mesh/Armoire.
[2018.09.27-18.12.24:223][925]DataValidation: There is no data validation for /Game/World/Architecture/SM_WallDoors_Cube.
[2018.09.27-18.12.24:225][925]DataValidation: There is no data validation for /Game/World/Architecture/SM_Radiateur_Cube_006.
[2018.09.27-18.12.24:230][925]DataValidation: There is no data validation for /Game/World/Architecture/M_Radiateur.
[2018.09.27-18.12.24:231][925]DataValidation: There is no data validation for /Game/World/Architecture/SM_Floor4.
[2018.09.27-18.12.24:233][925]DataValidation: There is no data validation for /Game/World/MaterialAlign/Instance/MI_Floor.
[2018.09.27-18.12.24:235][925]DataValidation: There is no data validation for /Game/World/Texture/NormalMap.
[2018.09.27-18.12.24:236][925]DataValidation: There is no data validation for /Game/World/Texture/DisplacementMap.
[2018.09.27-18.12.24:239][925]DataValidation: There is no data validation for /Game/World/Texture/arroway_de_tiles-48_d100.
[2018.09.27-18.12.24:243][925]DataValidation: There is no data validation for /Game/World/Architecture/SM_Ceiling4.
[2018.09.27-18.12.24:245][925]DataValidation: There is no data validation for /Game/World/MaterialAlign/Instance/MI_Ceiling.
[2018.09.27-18.12.24:246][925]DataValidation: There is no data validation for /Game/World/Texture/SpecularMap.
[2018.09.27-18.12.24:249][925]DataValidation: There is no data validation for /Game/World/Texture/arroway_de_concrete-19_b005.
[2018.09.27-18.12.24:253][925]DataValidation: There is no data validation for /Game/World/Texture/AIUE_V02_001_livingroom_treebark_normal_001.
[2018.09.27-18.12.24:255][925]DataValidation: There is no data validation for /Game/World/Architecture/SM_BasicWall.
[2018.09.27-18.12.24:257][925]DataValidation: There is no data validation for /Game/World/MaterialAlign/Instance/MI_Wall_2.
[2018.09.27-18.12.24:258][925]DataValidation: There is no data validation for /Game/World/Texture/T_Wall_S.
[2018.09.27-18.12.24:260][925]DataValidation: There is no data validation for /Game/World/Texture/T_Wall_N.
[2018.09.27-18.12.24:262][925]DataValidation: There is no data validation for /Game/World/Texture/T_Wall_D.
[2018.09.27-18.12.24:263][925]DataValidation: There is no data validation for /Game/World/Texture/T_Wall_AO.
[2018.09.27-18.12.24:265][925]DataValidation: There is no data validation for /Game/World/MaterialAlign/Instance/MI_Wall1.
[2018.09.27-18.12.24:266][925]DataValidation: There is no data validation for /Game/World/Texture/T_WoodFloor_N.
[2018.09.27-18.12.24:268][925]DataValidation: There is no data validation for /Game/World/Texture/T_Wood_S.
[2018.09.27-18.12.24:270][925]DataValidation: There is no data validation for /Game/World/Texture/T_Wood.
[2018.09.27-18.12.24:271][925]DataValidation: There is no data validation for /Game/World/MaterialAlign/Instance/M_Master_Inst.
[2018.09.27-18.12.24:273][925]DataValidation: There is no data validation for /Game/World/Texture/T_PaintedWall_N.
[2018.09.27-18.12.24:275][925]DataValidation: There is no data validation for /Game/World/MaterialAlign/M_Master.
[2018.09.27-18.12.24:277][925]DataValidation: There is no data validation for /Game/World/Texture/DefaultNormal.
[2018.09.27-18.12.24:278][925]DataValidation: There is no data validation for /Game/World/Texture/Default.
[2018.09.27-18.12.24:280][925]DataValidation: There is no data validation for /Game/World/MaterialAlign/Functions/MF_World_Allign.
[2018.09.27-18.12.24:281][925]DataValidation: There is no data validation for /Game/World/Texture/DefaultDiffuse.
[2018.09.27-18.12.24:283][925]DataValidation: There is no data validation for /Game/UMG/Material/M_FullBlack.
[2018.09.27-18.12.24:285][925]DataValidation: There is no data validation for /Game/Maps/Map_Demarage_BuiltData.
[2018.09.27-18.12.24:288][925]DataValidation: There is no data validation for /Game/World/Light/SM_Neon.
[2018.09.27-18.12.24:290][925]DataValidation: There is no data validation for /Game/World/Light/M_MetalLamp.
[2018.09.27-18.12.24:291][925]DataValidation: There is no data validation for /Game/World/Light/M_LightEmis_Inst.
[2018.09.27-18.12.24:293][925]DataValidation: There is no data validation for /Game/World/Light/M_LightEmis.
[2018.09.27-18.12.24:295][925]DataValidation: There is no data validation for /Game/World/Light/MPC_EmisiveLight.
[2018.09.27-18.12.24:296][925]DataValidation: There is no data validation for /Game/World/Light/M_LightFunction.
[2018.09.27-18.12.24:299][925]DataValidation: There is no data validation for /Game/World/Light/SM_Exit.
[2018.09.27-18.12.24:301][925]DataValidation: There is no data validation for /Game/World/Material/M_Mat_30.
[2018.09.27-18.12.24:303][925]DataValidation: There is no data validation for /Game/World/Texture/AIUE_V1_005_exit-diff.
[2018.09.27-18.12.24:305][925]DataValidation: There is no data validation for /Game/World/Light/M_LightFunction2.
[2018.09.27-18.12.24:309][925]DataValidation: There is no data validation for /Game/UMG/WB_MenuStart.
[2018.09.27-18.12.24:311][925]DataValidation: There is no data validation for /Game/UMG/TextureButton/Settings_P.
[2018.09.27-18.12.24:313][925]DataValidation: There is no data validation for /Game/UMG/TextureButton/Settings_N.
[2018.09.27-18.12.24:314][925]DataValidation: There is no data validation for /Game/UMG/TextureButton/Settings_H.
[2018.09.27-18.12.24:316][925]DataValidation: There is no data validation for /Game/UMG/TextureButton/Play_P.
[2018.09.27-18.12.24:317][925]DataValidation: There is no data validation for /Game/UMG/TextureButton/Play_N.
[2018.09.27-18.12.24:319][925]DataValidation: There is no data validation for /Game/UMG/TextureButton/Play_H.
[2018.09.27-18.12.24:322][925]DataValidation: There is no data validation for /Game/UMG/WB_MenuSettings.
[2018.09.27-18.12.24:324][925]DataValidation: There is no data validation for /Game/UMG/TextureButton/Return_P.
[2018.09.27-18.12.24:326][925]DataValidation: There is no data validation for /Game/UMG/TextureButton/Return_N.
[2018.09.27-18.12.24:327][925]DataValidation: There is no data validation for /Game/UMG/TextureButton/Return_H.
[2018.09.27-18.12.24:329][925]DataValidation: There is no data validation for /Game/UMG/TextureButton/640x480_P.
[2018.09.27-18.12.24:330][925]DataValidation: There is no data validation for /Game/UMG/TextureButton/640x480_N.
[2018.09.27-18.12.24:332][925]DataValidation: There is no data validation for /Game/UMG/TextureButton/640x480_H.
[2018.09.27-18.12.24:334][925]DataValidation: There is no data validation for /Game/UMG/TextureButton/1920x1080_P.
[2018.09.27-18.12.24:335][925]DataValidation: There is no data validation for /Game/UMG/TextureButton/1920x1080_N.
[2018.09.27-18.12.24:337][925]DataValidation: There is no data validation for /Game/UMG/TextureButton/1920x1080_H.
[2018.09.27-18.12.24:339][925]DataValidation: There is no data validation for /Game/UMG/TextureButton/1280x720_P.
[2018.09.27-18.12.24:344][925]DataValidation: There is no data validation for /Game/UMG/TextureButton/1280x720_N.
[2018.09.27-18.12.24:346][925]DataValidation: There is no data validation for /Game/UMG/TextureButton/1280x720_H.
[2018.09.27-18.12.24:349][925]DataValidation: There is no data validation for /Game/Assets/Pile/M_Metal.
[2018.09.27-18.12.24:351][925]DataValidation: There is no data validation for /Game/Assets/Pile/M_Pile_Argent.
[2018.09.27-18.12.24:352][925]DataValidation: There is no data validation for /Game/Assets/Pile/M_PileNoir.
[2018.09.27-18.12.24:354][925]DataValidation: There is no data validation for /Game/Assets/Pile/SM_Pile.
[2018.09.27-18.12.24:357][925]DataValidation: There is no data validation for /Game/System/SystemeInteract/M_outline.
[2018.09.27-18.12.24:359][925]DataValidation: There is no data validation for /Game/System/SystemeInteract/M_outline_Inst.
[2018.09.27-18.12.24:360][925]DataValidation: There is no data validation for /Game/Audio/oldi2.
[2018.09.27-18.12.24:362][925]DataValidation: There is no data validation for /Game/Audio/oldi2_Cue.
[2018.09.27-18.12.24:364][925]DataValidation: There is no data validation for /Game/AI/Monstre/Mesh/AI_Monster_PhysicsAsset.
[2018.09.27-18.12.24:365][925]DataValidation: There is no data validation for /Game/AI/Mutant/Material/PackedMaterial0mat_Inst.
[2018.09.27-18.12.24:367][925]DataValidation: There is no data validation for /Game/AI/Monstre/Material/PackedMaterial0mat.
[2018.09.27-18.12.24:369][925]DataValidation: There is no data validation for /Game/AI/Monstre/Texture/AI_Monster_Packed0_Diffuse.
[2018.09.27-18.12.24:371][925]DataValidation: There is no data validation for /Game/AI/Monstre/Texture/AI_Monster_Packed0_Specular.
[2018.09.27-18.12.24:373][925]DataValidation: There is no data validation for /Game/AI/Monstre/Texture/AI_Monster_Packed0_Gloss.
[2018.09.27-18.12.24:374][925]DataValidation: There is no data validation for /Game/AI/Monstre/Texture/AI_Monster_Packed0_Normal.
[2018.09.27-18.12.24:781][925]DataValidation: There is no data validation for /Game/AI/Monstre/Anim/Mutant_Swiping.
[2018.09.27-18.12.24:946][925]DataValidation: There is no data validation for /Game/AI/Monstre/Texture/AI_Monster_Packed0_Opacity.
[2018.09.27-18.12.24:954][925]DataValidation: There is no data validation for /Game/AI/Mutant/Anim/MutantBlendSpaceBack.
[2018.09.27-18.12.25:362][925]DataValidation: There is no data validation for /Game/Assets/Bed/M_Matelas.
[2018.09.27-18.12.25:455][925]DataValidation: There is no data validation for /Game/Assets/Bed/M_Metal.
[2018.09.27-18.12.25:611][925]DataValidation: There is no data validation for /Game/Assets/Bed/M_MetalBlqck.
[2018.09.27-18.12.26:409][925]DataValidation: There is no data validation for /Game/Assets/Bed/SM_Bed.
[2018.09.27-18.12.26:680][925]DataValidation: There is no data validation for /Game/Assets/ElectricalBox/DisplacementMap.
[2018.09.27-18.12.26:687][925]DataValidation: There is no data validation for /Game/Assets/ElectricalBox/M_Metal_Inst.
[2018.09.27-18.12.27:424][925]DataValidation: There is no data validation for /Game/Assets/Mesh/SM_Chaudieres.
[2018.09.27-18.12.27:644][925]DataValidation: There is no data validation for /Game/Assets/Mesh/Armoire/Material.
[2018.09.27-18.12.27:646][925]DataValidation: There is no data validation for /Game/Assets/Mesh/Armoire/SM_Chaudieres.
[2018.09.27-18.12.27:970][925]DataValidation: There is no data validation for /Game/Assets/Mesh/Armoire/SM_Tuyau.
[2018.09.27-18.12.28:030][925]DataValidation: There is no data validation for /Game/Assets/Mesh/Caisse/M_Caisse_Metal.
[2018.09.27-18.12.28:308][925]DataValidation: There is no data validation for /Game/Assets/Mesh/Caisse/SM_Caisse.
[2018.09.27-18.12.28:310][925]DataValidation: There is no data validation for /Game/Assets/Mesh/Chaudieres/M_Chaudieres.
[2018.09.27-18.12.28:311][925]DataValidation: There is no data validation for /Game/Assets/Mesh/Chaudieres/M_Tuyau.
[2018.09.27-18.12.28:390][925]DataValidation: There is no data validation for /Game/Assets/Mesh/FUt/AmbientOcclusionMap.
[2018.09.27-18.12.28:446][925]DataValidation: There is no data validation for /Game/Assets/Mesh/FUt/DisplacementMap.
[2018.09.27-18.12.28:758][925]DataValidation: There is no data validation for /Game/Assets/Mesh/FUt/M_Fut.
[2018.09.27-18.12.28:765][925]DataValidation: There is no data validation for /Game/Assets/Mesh/FUt/M_Fut_Inst.
[2018.09.27-18.12.28:767][925]DataValidation: There is no data validation for /Game/Assets/Mesh/FUt/NormalMap.
[2018.09.27-18.12.28:995][925]DataValidation: There is no data validation for /Game/Assets/Mesh/FUt/SM_Fut.
[2018.09.27-18.12.28:997][925]DataValidation: There is no data validation for /Game/Assets/Mesh/FUt/SpecularMap.
[2018.09.27-18.12.28:999][925]DataValidation: There is no data validation for /Game/Assets/Mesh/FUt/truck_material-new-256.
[2018.09.27-18.12.29:073][925]DataValidation: There is no data validation for /Game/Assets/Mesh/Pillier/Material.
[2018.09.27-18.12.29:257][925]DataValidation: There is no data validation for /Game/Assets/Mesh/Pillier/SM_Pillier.
[2018.09.27-18.12.29:308][925]DataValidation: There is no data validation for /Game/Assets/Mesh/Poubelle/M_Couvercle_Poubelle.
[2018.09.27-18.12.29:345][925]DataValidation: There is no data validation for /Game/Assets/Mesh/Poubelle/M_Poubelle.
[2018.09.27-18.12.29:516][925]DataValidation: There is no data validation for /Game/Assets/Mesh/Poubelle/SM_Poubelle.
[2018.09.27-18.12.29:794][925]DataValidation: There is no data validation for /Game/Assets/Mesh/Tableau/SM_Tableau.
[2018.09.27-18.12.29:914][925]DataValidation: There is no data validation for /Game/Assets/Mesh/Tableau/SM_Tableau_2.
[2018.09.27-18.12.30:072][925]DataValidation: There is no data validation for /Game/Assets/Mesh/Tableau/SM_Tableau_3.
[2018.09.27-18.12.30:075][925]DataValidation: There is no data validation for /Game/Assets/Mesh/Tableau/Materials/Material.
[2018.09.27-18.12.30:296][925]DataValidation: There is no data validation for /Game/Assets/Pass/01_-_Default.
[2018.09.27-18.12.30:298][925]DataValidation: There is no data validation for /Game/Assets/Pass/difuse.
[2018.09.27-18.12.30:606][925]DataValidation: There is no data validation for /Game/Assets/Pass/SM_Pass.
[2018.09.27-18.12.31:028][925]DataValidation: There is no data validation for /Game/Assets/Porte_Entree/EntireDoors2Bat_Box001.
[2018.09.27-18.12.31:246][925]DataValidation: There is no data validation for /Game/Assets/Porte_Entree/EntireDoors2Bat_Box003.
[2018.09.27-18.12.31:247][925]DataValidation: There is no data validation for /Game/Assets/Porte_Entree/M_Doors_Metal.
[2018.09.27-18.12.31:249][925]DataValidation: There is no data validation for /Game/Assets/Porte_Entree/M_Glass.
[2018.09.27-18.12.31:251][925]DataValidation: There is no data validation for /Game/Assets/Porte_Entree/M_MetalSerrure.
[2018.09.27-18.12.31:285][925]LogMaterial: Display: Missing cached shader map for material Beton, compiling. 
[2018.09.27-18.12.31:349][925]DataValidation: There is no data validation for /Game/Assets/Texture/Beton.
[2018.09.27-18.12.32:347][925]LogShaderCompilers: Display: Shaders left to compile 22
[2018.09.27-18.12.32:347][925]LogShaderCompilers: Display: Shaders left to compile 12
[2018.09.27-18.12.32:347][925]LogShaderCompilers: Display: Shaders left to compile 2
[2018.09.27-18.12.32:350][925]DataValidation: There is no data validation for /Game/Assets/Texture/T_Brick_Cellule_D.
[2018.09.27-18.12.32:897][925]DataValidation: There is no data validation for /Game/Assets/Texture/T_Brick_Clay_New_D.
[2018.09.27-18.12.33:142][925]DataValidation: There is no data validation for /Game/Assets/Texture/T_Brick_Clay_New_M.
[2018.09.27-18.12.33:374][925]DataValidation: There is no data validation for /Game/Assets/Texture/T_Brick_Clay_New_N.
[2018.09.27-18.12.33:376][925]DataValidation: There is no data validation for /Game/Audio/enemyattack.
[2018.09.27-18.12.33:558][925]DataValidation: There is no data validation for /Game/Audio/growl.
[2018.09.27-18.12.33:561][925]DataValidation: There is no data validation for /Game/Audio/hit1.
[2018.09.27-18.12.33:562][925]DataValidation: There is no data validation for /Game/Audio/hit2.
[2018.09.27-18.12.33:564][925]DataValidation: There is no data validation for /Game/Audio/hit3.
[2018.09.27-18.12.33:566][925]DataValidation: There is no data validation for /Game/Audio/hit4.
[2018.09.27-18.12.33:747][925]DataValidation: There is no data validation for /Game/Audio/longdoorwet.
[2018.09.27-18.12.33:812][925]DataValidation: There is no data validation for /Game/Audio/mousehover2.
[2018.09.27-18.12.34:029][925]DataValidation: There is no data validation for /Game/Audio/surprised.
[2018.09.27-18.12.34:190][925]DataValidation: There is no data validation for /Game/Audio/wip.
[2018.09.27-18.12.34:295][925]DataValidation: There is no data validation for /Game/Character/Material/PackedMaterial0mat.
[2018.09.27-18.12.34:432][925]DataValidation: There is no data validation for /Game/Geometry/Meshes/1M_Cube.
[2018.09.27-18.12.34:505][925]DataValidation: There is no data validation for /Game/Geometry/Meshes/1M_Cube_Chamfer.
[2018.09.27-18.12.34:632][925]DataValidation: There is no data validation for /Game/Geometry/Meshes/Bump_StaticMesh.
[2018.09.27-18.12.34:635][925]DataValidation: There is no data validation for /Game/Geometry/Meshes/CubeMaterial.
[2018.09.27-18.12.34:730][925]DataValidation: There is no data validation for /Game/Geometry/Meshes/LeftArm_StaticMesh.
[2018.09.27-18.12.34:794][925]DataValidation: There is no data validation for /Game/Geometry/Meshes/Linear_Stair_StaticMesh.
[2018.09.27-18.12.34:796][925]DataValidation: There is no data validation for /Game/Geometry/Meshes/RampMaterial.
[2018.09.27-18.12.34:865][925]DataValidation: There is no data validation for /Game/Geometry/Meshes/Ramp_StaticMesh.
[2018.09.27-18.12.34:910][925]DataValidation: There is no data validation for /Game/Geometry/Meshes/RightArm_StaticMesh.
[2018.09.27-18.12.34:987][925]DataValidation: There is no data validation for /Game/Geometry/Meshes/TemplateFloor.
[2018.09.27-18.12.35:151][925]LogAIModule: Creating AISystem for world Start
[2018.09.27-18.12.35:184][925]DataValidation: There is no data validation for /Game/Level/Start.
[2018.09.27-18.12.35:190][925]DataValidation: There is no data validation for /Game/Level/Start_BuiltData.
[2018.09.27-18.12.53:938][925]LogAIModule: Creating AISystem for world Hospital
[2018.09.27-18.12.54:074][925]DataValidation: There is no data validation for /Game/Maps/Hospital.
[2018.09.27-18.12.54:077][925]DataValidation: There is no data validation for /Game/Maps/Hospital_BuiltData.
[2018.09.27-18.12.54:127][925]DataValidation: There is no data validation for /Game/Splash/EdSplash.
[2018.09.27-18.12.54:191][925]DataValidation: There is no data validation for /Game/Splash/Splash.
[2018.09.27-18.12.54:193][925]DataValidation: There is no data validation for /Game/UMG/WB_MenuPause.
[2018.09.27-18.13.00:815][925]LogAIModule: Creating AISystem for world MapGame
[2018.09.27-18.13.00:932][925]DataValidation: There is no data validation for /Game/World/MapGame.
[2018.09.27-18.13.00:935][925]DataValidation: There is no data validation for /Game/World/MapGame_BuiltData.
[2018.09.27-18.13.01:154][925]DataValidation: There is no data validation for /Game/World/Architecture/Basic_Wall1Mat_Angle.
[2018.09.27-18.13.01:264][925]DataValidation: There is no data validation for /Game/World/Architecture/Basic_Wall1_Angle_3Mat.
[2018.09.27-18.13.01:267][925]DataValidation: There is no data validation for /Game/World/Architecture/Basic_Wall2Mat_Angle.
[2018.09.27-18.13.01:270][925]DataValidation: There is no data validation for /Game/World/Architecture/Basic_Wall3.
[2018.09.27-18.13.01:513][925]DataValidation: There is no data validation for /Game/World/Architecture/Basic_Wall4.
[2018.09.27-18.13.01:515][925]DataValidation: There is no data validation for /Game/World/Architecture/Material.
[2018.09.27-18.13.01:516][925]DataValidation: There is no data validation for /Game/World/Architecture/M_Ceiling.
[2018.09.27-18.13.01:518][925]DataValidation: There is no data validation for /Game/World/Architecture/M_Floor.
[2018.09.27-18.13.01:520][925]DataValidation: There is no data validation for /Game/World/Architecture/M_Table.
[2018.09.27-18.13.01:522][925]DataValidation: There is no data validation for /Game/World/Architecture/SM_BasicWall1.
[2018.09.27-18.13.01:631][925]DataValidation: There is no data validation for /Game/World/Architecture/SM_Ceiling.
[2018.09.27-18.13.01:633][925]DataValidation: There is no data validation for /Game/World/Architecture/SM_Ceiling1.
[2018.09.27-18.13.01:635][925]DataValidation: There is no data validation for /Game/World/Architecture/SM_Ceiling2.
[2018.09.27-18.13.01:637][925]DataValidation: There is no data validation for /Game/World/Architecture/SM_Ceiling3.
[2018.09.27-18.13.01:639][925]DataValidation: There is no data validation for /Game/World/Architecture/SM_Floor1.
[2018.09.27-18.13.01:641][925]DataValidation: There is no data validation for /Game/World/Architecture/SM_Floor2.
[2018.09.27-18.13.01:643][925]DataValidation: There is no data validation for /Game/World/Architecture/Sm_Floor3.
[2018.09.27-18.13.01:644][925]DataValidation: There is no data validation for /Game/World/Architecture/SM_Metal.
[2018.09.27-18.13.01:646][925]DataValidation: There is no data validation for /Game/World/Architecture/SM_Plank.
[2018.09.27-18.13.01:648][925]DataValidation: There is no data validation for /Game/World/Architecture/SM_Radiateur.
[2018.09.27-18.13.01:650][925]DataValidation: There is no data validation for /Game/World/Architecture/SM_Stair_Box001.
[2018.09.27-18.13.01:651][925]DataValidation: There is no data validation for /Game/World/Architecture/SM_Stair_C-Ext001.
[2018.09.27-18.13.01:653][925]DataValidation: There is no data validation for /Game/World/Architecture/SM_Stair_UTypeStair001.
[2018.09.27-18.13.01:655][925]DataValidation: There is no data validation for /Game/World/Architecture/SM_Stair_UTypeStair002.
[2018.09.27-18.13.01:658][925]DataValidation: There is no data validation for /Game/World/Architecture/SM_WallWindow_SM_Wall_Window.
[2018.09.27-18.13.02:254][925]DataValidation: There is no data validation for /Game/World/Architecture/Stair01.
[2018.09.27-18.13.02:347][925]DataValidation: There is no data validation for /Game/World/Architecture/Wall_White.
[2018.09.27-18.13.02:350][925]DataValidation: There is no data validation for /Game/World/Architecture/Materials/M_Radiateur.
[2018.09.27-18.13.02:374][925]DataValidation: There is no data validation for /Game/World/Light/M_LightFunction1.
[2018.09.27-18.13.02:897][925]DataValidation: There is no data validation for /Game/World/Material/MI_Mat_1.
[2018.09.27-18.13.02:899][925]DataValidation: There is no data validation for /Game/World/Material/MI_Mat_10.
[2018.09.27-18.13.02:901][925]DataValidation: There is no data validation for /Game/World/Material/MI_Mat_11.
[2018.09.27-18.13.02:903][925]DataValidation: There is no data validation for /Game/World/Material/MI_Mat_12.
[2018.09.27-18.13.02:905][925]DataValidation: There is no data validation for /Game/World/Material/MI_Mat_13.
[2018.09.27-18.13.02:906][925]DataValidation: There is no data validation for /Game/World/Material/MI_Mat_14.
[2018.09.27-18.13.04:917][925]DataValidation: There is no data validation for /Game/World/Material/MI_Mat_2.
[2018.09.27-18.13.05:107][925]DataValidation: There is no data validation for /Game/World/Material/MI_Mat_3.
[2018.09.27-18.13.05:449][925]DataValidation: There is no data validation for /Game/World/Material/MI_Mat_4.
[2018.09.27-18.13.05:657][925]DataValidation: There is no data validation for /Game/World/Material/MI_Mat_5.
[2018.09.27-18.13.05:985][925]DataValidation: There is no data validation for /Game/World/Material/MI_Mat_6.
[2018.09.27-18.13.05:988][925]DataValidation: There is no data validation for /Game/World/Material/MI_Mat_7.
[2018.09.27-18.13.05:990][925]DataValidation: There is no data validation for /Game/World/Material/MI_Mat_8.
[2018.09.27-18.13.05:992][925]DataValidation: There is no data validation for /Game/World/Material/MI_Mat_9.
[2018.09.27-18.13.05:994][925]DataValidation: There is no data validation for /Game/World/Material/M_Mat_1.
[2018.09.27-18.13.05:995][925]DataValidation: There is no data validation for /Game/World/Material/M_Mat_11.
[2018.09.27-18.13.05:997][925]DataValidation: There is no data validation for /Game/World/Material/M_Mat_14.
[2018.09.27-18.13.05:999][925]DataValidation: There is no data validation for /Game/World/Material/M_Mat_15.
[2018.09.27-18.13.06:000][925]DataValidation: There is no data validation for /Game/World/Material/M_Mat_16.
[2018.09.27-18.13.06:002][925]DataValidation: There is no data validation for /Game/World/Material/M_Mat_17.
[2018.09.27-18.13.06:004][925]DataValidation: There is no data validation for /Game/World/Material/M_Mat_18.
[2018.09.27-18.13.06:202][925]DataValidation: There is no data validation for /Game/World/Material/M_Mat_19.
[2018.09.27-18.13.06:205][925]DataValidation: There is no data validation for /Game/World/Material/M_Mat_2.
[2018.09.27-18.13.06:491][925]DataValidation: There is no data validation for /Game/World/Material/M_Mat_20.
[2018.09.27-18.13.06:737][925]DataValidation: There is no data validation for /Game/World/Material/M_Mat_21.
[2018.09.27-18.13.06:827][925]DataValidation: There is no data validation for /Game/World/Material/M_Mat_22.
[2018.09.27-18.13.06:876][925]DataValidation: There is no data validation for /Game/World/Material/M_Mat_23.
[2018.09.27-18.13.06:877][925]DataValidation: There is no data validation for /Game/World/Material/M_Mat_25.
[2018.09.27-18.13.06:879][925]DataValidation: There is no data validation for /Game/World/Material/M_Mat_26.
[2018.09.27-18.13.06:881][925]DataValidation: There is no data validation for /Game/World/Material/M_Mat_27.
[2018.09.27-18.13.07:006][925]DataValidation: There is no data validation for /Game/World/Material/M_Mat_28.
[2018.09.27-18.13.07:069][925]DataValidation: There is no data validation for /Game/World/Material/M_Mat_29.
[2018.09.27-18.13.07:071][925]DataValidation: There is no data validation for /Game/World/Material/M_Mat_3.
[2018.09.27-18.13.07:073][925]DataValidation: There is no data validation for /Game/World/Material/M_Mat_31.
[2018.09.27-18.13.07:075][925]DataValidation: There is no data validation for /Game/World/Material/M_Mat_32.
[2018.09.27-18.13.07:077][925]DataValidation: There is no data validation for /Game/World/Material/M_Mat_4.
[2018.09.27-18.13.07:079][925]DataValidation: There is no data validation for /Game/World/Material/M_Mat_5.
[2018.09.27-18.13.07:081][925]DataValidation: There is no data validation for /Game/World/Material/M_Mat_6.
[2018.09.27-18.13.07:082][925]DataValidation: There is no data validation for /Game/World/Material/M_Mat_7.
[2018.09.27-18.13.07:084][925]DataValidation: There is no data validation for /Game/World/Material/M_Mat_8.
[2018.09.27-18.13.07:086][925]DataValidation: There is no data validation for /Game/World/Material/M_Mat_9.
[2018.09.27-18.13.07:153][925]DataValidation: There is no data validation for /Game/World/MaterialAlign/Instance/MI_Wall2.
[2018.09.27-18.13.07:264][925]DataValidation: There is no data validation for /Game/World/MaterialAlign/Instance/MI_Wall3.
[2018.09.27-18.13.07:273][925]DataValidation: There is no data validation for /Game/World/MaterialAlign/Instance/MI_Wall4.
[2018.09.27-18.13.07:275][925]DataValidation: There is no data validation for /Game/World/Mesh/Biblio01.
[2018.09.27-18.13.07:276][925]DataValidation: There is no data validation for /Game/World/Mesh/Biblio02.
[2018.09.27-18.13.07:278][925]DataValidation: There is no data validation for /Game/World/Mesh/Biblio03.
[2018.09.27-18.13.07:279][925]DataValidation: There is no data validation for /Game/World/Mesh/Bordel.
[2018.09.27-18.13.07:281][925]DataValidation: There is no data validation for /Game/World/Mesh/bordel02.
[2018.09.27-18.13.07:283][925]DataValidation: There is no data validation for /Game/World/Mesh/bordel03.
[2018.09.27-18.13.07:285][925]DataValidation: There is no data validation for /Game/World/Mesh/M_Metal_Clef.
[2018.09.27-18.13.07:286][925]DataValidation: There is no data validation for /Game/World/Mesh/SM_Bind1.
[2018.09.27-18.13.07:288][925]DataValidation: There is no data validation for /Game/World/Mesh/SM_Book1.
[2018.09.27-18.13.07:290][925]DataValidation: There is no data validation for /Game/World/Mesh/SM_Book10.
[2018.09.27-18.13.07:291][925]DataValidation: There is no data validation for /Game/World/Mesh/SM_Book11.
[2018.09.27-18.13.07:293][925]DataValidation: There is no data validation for /Game/World/Mesh/SM_Book12.
[2018.09.27-18.13.07:295][925]DataValidation: There is no data validation for /Game/World/Mesh/SM_Book13.
[2018.09.27-18.13.07:297][925]DataValidation: There is no data validation for /Game/World/Mesh/SM_Book14.
[2018.09.27-18.13.07:298][925]DataValidation: There is no data validation for /Game/World/Mesh/SM_Book16.
[2018.09.27-18.13.07:570][925]DataValidation: There is no data validation for /Game/World/Mesh/SM_Book17.
[2018.09.27-18.13.07:571][925]DataValidation: There is no data validation for /Game/World/Mesh/SM_Book18.
[2018.09.27-18.13.07:573][925]DataValidation: There is no data validation for /Game/World/Mesh/SM_Book19.
[2018.09.27-18.13.07:575][925]DataValidation: There is no data validation for /Game/World/Mesh/SM_Book2.
[2018.09.27-18.13.07:577][925]DataValidation: There is no data validation for /Game/World/Mesh/SM_Book20.
[2018.09.27-18.13.07:822][925]DataValidation: There is no data validation for /Game/World/Mesh/SM_Book21.
[2018.09.27-18.13.07:824][925]DataValidation: There is no data validation for /Game/World/Mesh/SM_Book3.
[2018.09.27-18.13.07:825][925]DataValidation: There is no data validation for /Game/World/Mesh/SM_Book4.
[2018.09.27-18.13.07:827][925]DataValidation: There is no data validation for /Game/World/Mesh/SM_Book5.
[2018.09.27-18.13.08:056][925]DataValidation: There is no data validation for /Game/World/Mesh/SM_Book6.
[2018.09.27-18.13.08:058][925]DataValidation: There is no data validation for /Game/World/Mesh/SM_Book7.
[2018.09.27-18.13.08:293][925]DataValidation: There is no data validation for /Game/World/Mesh/SM_Book8.
[2018.09.27-18.13.08:576][925]DataValidation: There is no data validation for /Game/World/Mesh/SM_Book9.
[2018.09.27-18.13.08:578][925]DataValidation: There is no data validation for /Game/World/Mesh/SM_Computer.
[2018.09.27-18.13.08:956][925]DataValidation: There is no data validation for /Game/World/Mesh/SM_Flower.
[2018.09.27-18.13.08:957][925]DataValidation: There is no data validation for /Game/World/Mesh/SM_Magasine.
[2018.09.27-18.13.08:959][925]DataValidation: There is no data validation for /Game/World/Mesh/SM_Tableau_2_Cube.
[2018.09.27-18.13.09:123][925]DataValidation: There is no data validation for /Game/World/Mesh/SM_Tableau_3_Cube.
[2018.09.27-18.13.09:126][925]DataValidation: There is no data validation for /Game/World/Mesh/SM_Tableau_Cube.
[2018.09.27-18.13.09:128][925]DataValidation: There is no data validation for /Game/World/Mesh/SM_Table_Cube_001.
[2018.09.27-18.13.09:360][925]DataValidation: There is no data validation for /Game/World/Mesh/SM_Tree1.
[2018.09.27-18.13.09:587][925]DataValidation: There is no data validation for /Game/World/Mesh/SM_Tree2.
[2018.09.27-18.13.09:723][925]DataValidation: There is no data validation for /Game/World/Mesh/SM_Tree3.
[2018.09.27-18.13.09:726][925]DataValidation: There is no data validation for /Game/World/Mesh/Trousseau_de_clef_Anneau1.
[2018.09.27-18.13.09:728][925]DataValidation: There is no data validation for /Game/World/SkeletalMesh/Bureau_Anim_T_01.
[2018.09.27-18.13.09:729][925]DataValidation: There is no data validation for /Game/World/SkeletalMesh/Bureau_Anim_T_01_PhysicsAsset.
[2018.09.27-18.13.09:731][925]DataValidation: There is no data validation for /Game/World/SkeletalMesh/Bureau_Anim_T_01_Skeleton.
[2018.09.27-18.13.09:733][925]DataValidation: There is no data validation for /Game/World/Texture/AIUE_V01_001_books_001_diffuse.
[2018.09.27-18.13.09:735][925]DataValidation: There is no data validation for /Game/World/Texture/AIUE_V01_001_diffuse.
[2018.09.27-18.13.09:737][925]DataValidation: There is no data validation for /Game/World/Texture/AIUE_V01_002_book05.
[2018.09.27-18.13.09:738][925]DataValidation: There is no data validation for /Game/World/Texture/AIUE_V01_002_book06.
[2018.09.27-18.13.09:740][925]DataValidation: There is no data validation for /Game/World/Texture/AIUE_V01_002_book06_NM.
[2018.09.27-18.13.09:742][925]DataValidation: There is no data validation for /Game/World/Texture/AIUE_V01_002_book08.
[2018.09.27-18.13.09:744][925]DataValidation: There is no data validation for /Game/World/Texture/AIUE_V01_002_book_3.
[2018.09.27-18.13.09:746][925]DataValidation: There is no data validation for /Game/World/Texture/AIUE_V01_002_book_4.
[2018.09.27-18.13.09:748][925]DataValidation: There is no data validation for /Game/World/Texture/AIUE_V01_002_book_5.
[2018.09.27-18.13.09:750][925]DataValidation: There is no data validation for /Game/World/Texture/AIUE_V01_002_dirt.
[2018.09.27-18.13.09:752][925]DataValidation: There is no data validation for /Game/World/Texture/AIUE_V01_003_AM78_022_color_decals.
[2018.09.27-18.13.09:760][925]DataValidation: There is no data validation for /Game/World/Texture/AIUE_V01_003_binders1DiffuseMap.
[2018.09.27-18.13.09:762][925]DataValidation: There is no data validation for /Game/World/Texture/AIUE_V01_003_binders1NormalsMap.
[2018.09.27-18.13.09:998][925]DataValidation: There is no data validation for /Game/World/Texture/AIUE_V01_003_color_decals.
[2018.09.27-18.13.10:000][925]DataValidation: There is no data validation for /Game/World/Texture/AIUE_V01_003_Sign2.
[2018.09.27-18.13.10:002][925]DataValidation: There is no data validation for /Game/World/Texture/AIUE_V01_004_computerstation_color_001.
[2018.09.27-18.13.10:004][925]DataValidation: There is no data validation for /Game/World/Texture/AIUE_V01_004_library_color_001.
[2018.09.27-18.13.10:006][925]DataValidation: There is no data validation for /Game/World/Texture/AIUE_V01_004_library_color_003.
[2018.09.27-18.13.10:009][925]DataValidation: There is no data validation for /Game/World/Texture/AIUE_V01_004_library_color_004.
[2018.09.27-18.13.10:011][925]DataValidation: There is no data validation for /Game/World/Texture/AIUE_V01_004_paint_glossiness_001.
[2018.09.27-18.13.10:013][925]DataValidation: There is no data validation for /Game/World/Texture/AIUE_V02_001_livingroom_treebark_diffuse_001.
[2018.09.27-18.13.10:015][925]DataValidation: There is no data validation for /Game/World/Texture/bw_dirt_marble_001.
[2018.09.27-18.13.10:016][925]DataValidation: There is no data validation for /Game/World/Texture/dirt_003.
[2018.09.27-18.13.10:018][925]DataValidation: There is no data validation for /Game/World/Texture/LSI_Texture.
[2018.09.27-18.13.10:020][925]DataValidation: There is no data validation for /Game/World/Texture/plant_ext_014_snow_tree_Bark_v1_Color.
[2018.09.27-18.13.10:022][925]DataValidation: There is no data validation for /Game/World/Texture/plant_ext_014_snow_tree_v1_Color.
[2018.09.27-18.13.10:023][925]DataValidation: There is no data validation for /Game/World/Texture/plant_ext_014_snow_tree_v1_NM.
[2018.09.27-18.13.10:025][925]DataValidation: There is no data validation for /Game/World/Texture/plant_ext_016_snow_tree_betula_v1_col.
[2018.09.27-18.13.10:027][925]DataValidation: There is no data validation for /Game/World/Texture/plant_ext_016_snow_tree_v1_col.
[2018.09.27-18.13.10:029][925]DataValidation: There is no data validation for /Game/World/Texture/plant_ext_016_snow_tree_v1_NRM.
[2018.09.27-18.13.10:031][925]DataValidation: There is no data validation for /Game/World/Texture/plant_int_leaf_001.
[2018.09.27-18.13.10:033][925]DataValidation: There is no data validation for /Game/World/Texture/plant_int_leaf_001_bw.
[2018.09.27-18.13.10:035][925]DataValidation: There is no data validation for /Game/World/Texture/prop_magazine_001.
[2018.09.27-18.13.10:041][925]DataValidation: There is no data validation for /Game/World/Texture/prop_magazine_002.
[2018.09.27-18.13.10:043][925]DataValidation: There is no data validation for /Game/World/Texture/prop_magazine_003.
[2018.09.27-18.13.10:045][925]DataValidation: There is no data validation for /Game/World/Texture/prop_magazine_004.
[2018.09.27-18.13.10:046][925]DataValidation: There is no data validation for /Game/World/Texture/prop_magazine_005.
[2018.09.27-18.13.10:048][925]DataValidation: There is no data validation for /Game/World/Texture/prop_magazine_006.
[2018.09.27-18.13.10:050][925]DataValidation: There is no data validation for /Game/World/Texture/prop_magazine_007.
[2018.09.27-18.13.10:052][925]DataValidation: There is no data validation for /Game/World/Texture/prop_magazine_008.
[2018.09.27-18.13.10:053][925]DataValidation: There is no data validation for /Game/World/Texture/test_grid_2.
[2018.09.27-18.13.10:055][925]DataValidation: There is no data validation for /Game/World/Texture/test_grid_2_normal.
[2018.09.27-18.13.10:168][925]DataValidation: There is no data validation for /Game/World/Texture/T_Wall_Disp.
[2018.09.27-18.13.10:168][925]DataValidation: 
[2018.09.27-18.13.20:346][485]LogSavePackage: Moving '../../../../../../Users/Donovan/UE4_Project/GameJamProject/GameJam/GameJamProject/Saved/Map_Demarage588A542D4B3BCFCCE116FF8A6E952C52.tmp' to '../../../../../../Users/Donovan/UE4_Project/GameJamProject/GameJam/GameJamProject/Content/Maps/Map_Demarage.umap'
[2018.09.27-18.13.20:629][485]LogSavePackage: Moving '../../../../../../Users/Donovan/UE4_Project/GameJamProject/GameJam/GameJamProject/Saved/Map_Demarage_BuiltDataC3A24E1645CDDC19A26549B889201424.tmp' to '../../../../../../Users/Donovan/UE4_Project/GameJamProject/GameJam/GameJamProject/Content/Maps/Map_Demarage_BuiltData.uasset'
