Log file open, 09/27/18 16:56:37
LogWindows: Failed to load 'aqProf.dll' (GetLastError=126)
LogWindows: File 'aqProf.dll' does not exist
LogWindows: Failed to load 'VSPerf140.dll' (GetLastError=126)
LogWindows: File 'VSPerf140.dll' does not exist
LogWindows: Failed to load 'VtuneApi.dll' (GetLastError=126)
LogWindows: File 'VtuneApi.dll' does not exist
LogWindows: Failed to load 'VtuneApi32e.dll' (GetLastError=126)
LogWindows: File 'VtuneApi32e.dll' does not exist
LogInit: Display: Running engine for game: GameJamProject
LogPlatformFile: Not using cached read wrapper
LogTaskGraph: Started task graph with 5 named threads and 14 total threads with 3 sets of task threads.
LogStats: Stats thread started at 0.190800
LogD3D11RHI: Loaded GFSDK_Aftermath_Lib.x64.dll
LogICUInternationalization: Display: ICU TimeZone Detection - Raw Offset: +1:00, Platform Override: ''
LogPluginManager: Mounting plugin Paper2D
LogPluginManager: Mounting plugin AISupport
LogPluginManager: Mounting plugin LightPropagationVolume
LogPluginManager: Mounting plugin CLionSourceCodeAccess
LogPluginManager: Mounting plugin CodeLiteSourceCodeAccess
LogPluginManager: Mounting plugin GitSourceControl
LogPluginManager: Mounting plugin KDevelopSourceCodeAccess
LogPluginManager: Mounting plugin NullSourceCodeAccess
LogPluginManager: Mounting plugin PerforceSourceControl
LogPluginManager: Mounting plugin SubversionSourceControl
LogPluginManager: Mounting plugin UObjectPlugin
LogPluginManager: Mounting plugin VisualStudioCodeSourceCodeAccess
LogPluginManager: Mounting plugin VisualStudioSourceCodeAccess
LogPluginManager: Mounting plugin XCodeSourceCodeAccess
LogPluginManager: Mounting plugin AssetManagerEditor
LogPluginManager: Mounting plugin CryptoKeys
LogPluginManager: Mounting plugin DataValidation
LogPluginManager: Mounting plugin FacialAnimation
LogPluginManager: Mounting plugin GameplayTagsEditor
LogPluginManager: Mounting plugin MacGraphicsSwitching
LogPluginManager: Mounting plugin MeshEditor
LogPluginManager: Mounting plugin MobileLauncherProfileWizard
LogPluginManager: Mounting plugin PluginBrowser
LogPluginManager: Mounting plugin SpeedTreeImporter
LogPluginManager: Mounting plugin DatasmithContent
LogPluginManager: Mounting plugin AlembicImporter
LogPluginManager: Mounting plugin AppleImageUtils
LogPluginManager: Mounting plugin AppleVision
LogPluginManager: Mounting plugin BackChannel
LogPluginManager: Mounting plugin CharacterAI
LogPluginManager: Mounting plugin GeometryCache
LogPluginManager: Mounting plugin HTML5Networking
LogPluginManager: Mounting plugin ProxyLODPlugin
LogPluginManager: Mounting plugin MagicLeap
LogPluginManager: Mounting plugin MagicLeapEmulator
LogPluginManager: Mounting plugin MagicLeapMedia
LogPluginManager: Mounting plugin AndroidMedia
LogPluginManager: Mounting plugin AvfMedia
LogPluginManager: Mounting plugin ImgMedia
LogPluginManager: Mounting plugin LinearTimecode
LogPluginManager: Mounting plugin MediaCompositing
LogPluginManager: Mounting plugin MediaPlayerEditor
LogPluginManager: Mounting plugin WmfMedia
LogPluginManager: Mounting plugin TcpMessaging
LogPluginManager: Mounting plugin UdpMessaging
LogPluginManager: Mounting plugin ActorSequence
LogPluginManager: Mounting plugin LevelSequenceEditor
LogPluginManager: Mounting plugin MatineeToLevelSequence
LogPluginManager: Mounting plugin NetcodeUnitTest
LogPluginManager: Mounting plugin NUTUnrealEngine4
LogPluginManager: Mounting plugin OnlineSubsystemGooglePlay
LogPluginManager: Mounting plugin OnlineSubsystemIOS
LogPluginManager: Mounting plugin OnlineSubsystem
LogPluginManager: Mounting plugin OnlineSubsystemNull
LogPluginManager: Mounting plugin OnlineSubsystemUtils
LogPluginManager: Mounting plugin LauncherChunkInstaller
LogPluginManager: Mounting plugin AndroidDeviceProfileSelector
LogPluginManager: Mounting plugin AndroidMoviePlayer
LogPluginManager: Mounting plugin AndroidPermission
LogPluginManager: Mounting plugin AppleMoviePlayer
LogPluginManager: Mounting plugin ArchVisCharacter
LogPluginManager: Mounting plugin AudioCapture
LogPluginManager: Mounting plugin CableComponent
LogPluginManager: Mounting plugin CustomMeshComponent
LogPluginManager: Mounting plugin EditableMesh
LogPluginManager: Mounting plugin ExampleDeviceProfileSelector
LogPluginManager: Mounting plugin GoogleCloudMessaging
LogPluginManager: Mounting plugin ImmediatePhysics
LogPluginManager: Mounting plugin IOSDeviceProfileSelector
LogPluginManager: Mounting plugin LinuxDeviceProfileSelector
LogPluginManager: Mounting plugin LocationServicesBPLibrary
LogPluginManager: Mounting plugin MobilePatchingUtils
LogPluginManager: Mounting plugin OculusVR
LogPluginManager: Plugin shader directory ../../../Engine/Plugins/Runtime/Oculus/OculusVR/Shaders found
LogPluginManager: Mapping shader source directory ../../../Engine/Plugins/Runtime/Oculus/OculusVR/Shaders to virtual directory /Plugin/OculusVR
LogPluginManager: Mounting plugin PhysXVehicles
LogPluginManager: Mounting plugin ProceduralMeshComponent
LogPluginManager: Mounting plugin RuntimePhysXCooking
LogPluginManager: Mounting plugin SteamVR
LogPluginManager: Mounting plugin WindowsMoviePlayer
LogStreaming: Display: Took  0.260s to configure plugins.
LogInit: Using libcurl 7.55.1-DEV
LogInit:  - built for x86_64-pc-win32
LogInit:  - supports SSL with OpenSSL/1.0.2h
LogInit:  - supports HTTP deflate (compression) using libz 1.2.8
LogInit:  - other features:
LogInit:      CURL_VERSION_SSL
LogInit:      CURL_VERSION_LIBZ
LogInit:      CURL_VERSION_IPV6
LogInit:      CURL_VERSION_ASYNCHDNS
LogInit:      CURL_VERSION_LARGEFILE
LogInit:      CURL_VERSION_IDN
LogInit:  CurlRequestOptions (configurable via config and command line):
LogInit:  - bVerifyPeer = false  - Libcurl will NOT verify peer certificate
LogInit:  - bUseHttpProxy = false  - Libcurl will NOT use HTTP proxy
LogInit:  - bDontReuseConnections = false  - Libcurl will reuse connections
LogInit:  - CertBundlePath = nullptr  - Libcurl will use whatever was configured at build time.
LogInit:  - MaxHostConnections = 16  - Libcurl will limit the number of connections to a host
LogInit:  - LocalHostAddr = Default
LogInit:  - BufferSize = 65536
LogInit: WinSock: version 1.1 (2.2), MaxSocks=32767, MaxUdp=65467
LogInit: Build: ++UE4+Release-4.20-CL-4369336
LogInit: Engine Version: 4.20.3-4369336+++UE4+Release-4.20
LogInit: Compatible Engine Version: 4.20.0-4212847+++UE4+Release-4.20
LogInit: Net CL: 4212847
LogInit: OS: Windows 10 (), CPU: Intel(R) Core(TM) i5-4690K CPU @ 3.50GHz, GPU: NVIDIA GeForce GTX 1070
LogInit: Compiled (64-bit): Sep 17 2018 12:26:19
LogInit: Compiled with Visual C++: 19.13.26129.00
LogInit: Build Configuration: Development
LogInit: Branch Name: ++UE4+Release-4.20
LogInit: Command Line:  
LogInit: Base Directory: F:/Unreal Engine/UE_4.20/Engine/Binaries/Win64/
LogInit: Installed Engine Build: 1
LogDevObjectVersion: Number of dev versions registered: 20
LogDevObjectVersion:   Dev-Blueprints (B0D832E4-1F89-4F0D-ACCF-7EB736FD4AA2): 10
LogDevObjectVersion:   Dev-Build (E1C64328-A22C-4D53-A36C-8E866417BD8C): 0
LogDevObjectVersion:   Dev-Core (375EC13C-06E4-48FB-B500-84F0262A717E): 2
LogDevObjectVersion:   Dev-Editor (E4B068ED-F494-42E9-A231-DA0B2E46BB41): 24
LogDevObjectVersion:   Dev-Framework (CFFC743F-43B0-4480-9391-14DF171D2073): 34
LogDevObjectVersion:   Dev-Mobile (B02B49B5-BB20-44E9-A304-32B752E40360): 2
LogDevObjectVersion:   Dev-Networking (A4E4105C-59A1-49B5-A7C5-40C4547EDFEE): 0
LogDevObjectVersion:   Dev-Online (39C831C9-5AE6-47DC-9A44-9C173E1C8E7C): 0
LogDevObjectVersion:   Dev-Physics (78F01B33-EBEA-4F98-B9B4-84EACCB95AA2): 0
LogDevObjectVersion:   Dev-Platform (6631380F-2D4D-43E0-8009-CF276956A95A): 0
LogDevObjectVersion:   Dev-Rendering (12F88B9F-8875-4AFC-A67C-D90C383ABD29): 26
LogDevObjectVersion:   Dev-Sequencer (7B5AE74C-D270-4C10-A958-57980B212A5A): 9
LogDevObjectVersion:   Dev-VR (D7296918-1DD6-4BDD-9DE2-64A83CC13884): 2
LogDevObjectVersion:   Dev-LoadTimes (C2A15278-BFE7-4AFE-6C17-90FF531DF755): 1
LogDevObjectVersion:   Private-Geometry (6EACA3D4-40EC-4CC1-B786-8BED09428FC5): 3
LogDevObjectVersion:   Dev-AnimPhys (29E575DD-E0A3-4627-9D10-D276232CDCEA): 17
LogDevObjectVersion:   Dev-ReflectionCapture (6B266CEC-1EC7-4B8F-A30B-E4D90942FC07): 1
LogDevObjectVersion:   Dev-Automation (0DF73D61-A23F-47EA-B727-89E90C41499A): 1
LogDevObjectVersion:   FortniteMain (601D1886-AC64-4F84-AA16-D3DE0DEAC7D6): 12
LogDevObjectVersion:   Dev-Enterprise (9DFFBCD6-494F-0158-E221-12823C92A888): 1
LogStreaming: Display: Took  0.002s to delete old logs.
LogInit: Presizing for max 8388607 objects, including 0 objects not considered by GC, pre-allocating 0 bytes for permanent pool.
LogInit: Object subsystem initialized
[2018.09.27-14.56.37:604][  0]LogInit: Selected Device Profile: [Windows]
[2018.09.27-14.56.37:604][  0]LogInit: Applying CVar settings loaded from the selected device profile: [Windows]
[2018.09.27-14.56.37:617][  0]LogHAL: Display: Platform has ~ 16 GB [17126174720 / 17179869184 / 16], which maps to Larger [LargestMinGB=32, LargerMinGB=12, DefaultMinGB=8, SmallerMinGB=6, SmallestMinGB=0)
[2018.09.27-14.56.37:617][  0]LogInit: Setting Device Profile CVar: [[r.Vulkan.UseRealUBs:1]]
[2018.09.27-14.56.37:617][  0]LogInit: Going up to parent DeviceProfile []
[2018.09.27-14.56.37:618][  0]LogInit: Computer: PC-ALEX
[2018.09.27-14.56.37:618][  0]LogInit: User: malin
[2018.09.27-14.56.37:618][  0]LogInit: CPU Page size=4096, Cores=4
[2018.09.27-14.56.37:618][  0]LogInit: High frequency timer resolution =3.417989 MHz
[2018.09.27-14.56.37:618][  0]LogMemory: Memory total: Physical=15.9GB (16GB approx)
[2018.09.27-14.56.37:618][  0]LogMemory: Platform Memory Stats for Windows
[2018.09.27-14.56.37:618][  0]LogMemory: Process Physical Memory: 100.32 MB used, 100.32 MB peak
[2018.09.27-14.56.37:618][  0]LogMemory: Process Virtual Memory: 84.10 MB used, 84.10 MB peak
[2018.09.27-14.56.37:618][  0]LogMemory: Physical Memory: 6137.89 MB used,  10194.90 MB free, 16332.79 MB total
[2018.09.27-14.56.37:618][  0]LogMemory: Virtual Memory: 4620.27 MB used,  10194.90 MB free, 134217728.00 MB total
[2018.09.27-14.56.37:635][  0]LogInit: Using OS detected language (fr-FR).
[2018.09.27-14.56.37:635][  0]LogInit: Using OS detected locale (fr-FR).
[2018.09.27-14.56.37:637][  0]LogTextLocalizationManager: No specific localization for 'fr-FR' exists, so the 'fr' localization will be used.
[2018.09.27-14.56.37:639][  0]LogStreaming: Display: Took  0.004s to InitEngineTextLocalization.
[2018.09.27-14.56.37:641][  0]LogInit: Setting process to per monitor DPI aware
[2018.09.27-14.56.37:665][  0]LogSlate: New Slate User Created.  User Index 0, Is Virtual User: 0
[2018.09.27-14.56.37:665][  0]LogSlate: Slate User Registered.  User Index 0, Is Virtual User: 0
[2018.09.27-14.56.43:594][  0]LogHMD: Failed to initialize OpenVR with code 110
[2018.09.27-14.56.43:594][  0]LogD3D11RHI: D3D11 adapters:
[2018.09.27-14.56.43:662][  0]LogD3D11RHI:    0. 'NVIDIA GeForce GTX 1070' (Feature Level 11_0)
[2018.09.27-14.56.43:662][  0]LogD3D11RHI:       8088/0/8166 MB DedicatedVideo/DedicatedSystem/SharedSystem, Outputs:2, VendorId:0x10de
[2018.09.27-14.56.43:664][  0]LogD3D11RHI:    1. 'Microsoft Basic Render Driver' (Feature Level 11_0)
[2018.09.27-14.56.43:664][  0]LogD3D11RHI:       0/0/8166 MB DedicatedVideo/DedicatedSystem/SharedSystem, Outputs:0, VendorId:0x1414
[2018.09.27-14.56.43:664][  0]LogD3D11RHI: Chosen D3D11 Adapter: 0
[2018.09.27-14.56.43:698][  0]LogD3D11RHI: Creating new Direct3DDevice
[2018.09.27-14.56.43:698][  0]LogD3D11RHI:     GPU DeviceId: 0x1b81 (for the marketing name, search the web for "GPU Device Id")
[2018.09.27-14.56.43:809][  0]LogWindows: EnumDisplayDevices:
[2018.09.27-14.56.43:809][  0]LogWindows:    0. 'NVIDIA GeForce GTX 1070' (P:1 D:1)
[2018.09.27-14.56.43:809][  0]LogWindows:    1. 'NVIDIA GeForce GTX 1070' (P:0 D:1)
[2018.09.27-14.56.43:810][  0]LogWindows:    2. 'NVIDIA GeForce GTX 1070' (P:0 D:0)
[2018.09.27-14.56.43:810][  0]LogWindows:    3. 'NVIDIA GeForce GTX 1070' (P:0 D:0)
[2018.09.27-14.56.43:810][  0]LogWindows: DebugString: FoundDriverCount:4 
[2018.09.27-14.56.43:810][  0]LogD3D11RHI:     Adapter Name: NVIDIA GeForce GTX 1070
[2018.09.27-14.56.43:950][  0]LogD3D11RHI:   Driver Version: 411.63 (internal:24.21.14.1163, unified:411.63)
[2018.09.27-14.56.43:950][  0]LogD3D11RHI:      Driver Date: 9-18-2018
[2018.09.27-14.56.43:950][  0]LogRHI: Texture pool is 5661 MB (70% of 8088 MB)
[2018.09.27-14.56.44:028][  0]LogD3D11RHI: Async texture creation enabled
[2018.09.27-14.56.44:748][  0]LogD3D11RHI: GPU Timing Frequency: 1000.000000 (Debug: 2 2)
[2018.09.27-14.56.44:996][  0]LogShaderCompilers: Guid format shader working directory is -7 characters bigger than the processId version (../../../../../Projet/Gamejam/GameJam/GameJamProject/Intermediate/Shaders/WorkingDirectory/11552/).
[2018.09.27-14.56.44:996][  0]LogShaderCompilers: Cleaned the shader compiler working directory 'C:/Users/malin/AppData/Local/Temp/UnrealShaderWorkingDir/2BE53099432773F1EEF0FAAEA8EFC31D/'.
[2018.09.27-14.56.46:233][  0]LogTemp: Display: Loaded TP AllDesktopTargetPlatform
[2018.09.27-14.56.46:322][  0]LogTemp: Display: Loaded TP MacClientTargetPlatform
[2018.09.27-14.56.46:369][  0]LogTemp: Display: Loaded TP MacNoEditorTargetPlatform
[2018.09.27-14.56.46:412][  0]LogTemp: Display: Loaded TP MacServerTargetPlatform
[2018.09.27-14.56.46:510][  0]LogTemp: Display: Loaded TP MacTargetPlatform
[2018.09.27-14.56.46:800][  0]LogTemp: Display: Loaded TP WindowsClientTargetPlatform
[2018.09.27-14.56.46:939][  0]LogTemp: Display: Loaded TP WindowsNoEditorTargetPlatform
[2018.09.27-14.56.46:979][  0]LogTemp: Display: Loaded TP WindowsServerTargetPlatform
[2018.09.27-14.56.47:011][  0]LogTemp: Display: Loaded TP WindowsTargetPlatform
[2018.09.27-14.56.47:219][  0]LogTemp: Display: Loaded TP AndroidTargetPlatform
[2018.09.27-14.56.47:219][  0]LogTemp: Display: Loaded TP AndroidTargetPlatform
[2018.09.27-14.56.47:219][  0]LogTemp: Display: Loaded TP AndroidTargetPlatform
[2018.09.27-14.56.47:219][  0]LogTemp: Display: Loaded TP AndroidTargetPlatform
[2018.09.27-14.56.47:219][  0]LogTemp: Display: Loaded TP AndroidTargetPlatform
[2018.09.27-14.56.47:219][  0]LogTemp: Display: Loaded TP AndroidTargetPlatform
[2018.09.27-14.56.47:219][  0]LogTemp: Display: Loaded TP AndroidTargetPlatform
[2018.09.27-14.56.47:219][  0]LogTemp: Display: Loaded TP AndroidTargetPlatform
[2018.09.27-14.56.47:220][  0]LogTemp: Display: Loaded TP AndroidTargetPlatform
[2018.09.27-14.56.47:220][  0]LogTemp: Display: Loaded TP AndroidTargetPlatform
[2018.09.27-14.56.47:220][  0]LogTemp: Display: Loaded TP AndroidTargetPlatform
[2018.09.27-14.56.47:220][  0]LogTemp: Display: Loaded TP AndroidTargetPlatform
[2018.09.27-14.56.47:220][  0]LogTemp: Display: Loaded TP AndroidTargetPlatform
[2018.09.27-14.56.47:220][  0]LogTemp: Display: Loaded TP AndroidTargetPlatform
[2018.09.27-14.56.47:220][  0]LogTemp: Display: Loaded TP AndroidTargetPlatform
[2018.09.27-14.56.47:220][  0]LogTemp: Display: Loaded TP AndroidTargetPlatform
[2018.09.27-14.56.47:220][  0]LogTemp: Display: Loaded TP AndroidTargetPlatform
[2018.09.27-14.56.47:220][  0]LogTemp: Display: Loaded TP AndroidTargetPlatform
[2018.09.27-14.56.47:247][  0]LogTemp: Display: Loaded TP HTML5TargetPlatform
[2018.09.27-14.56.47:470][  0]LogTemp: Display: Loaded TP IOSTargetPlatform
[2018.09.27-14.56.47:470][  0]LogTemp: Display: Loaded TP IOSTargetPlatform
[2018.09.27-14.56.47:524][  0]LogTemp: Display: Loaded TP TVOSTargetPlatform
[2018.09.27-14.56.47:524][  0]LogTemp: Display: Loaded TP TVOSTargetPlatform
[2018.09.27-14.56.47:570][  0]LogTemp: Display: Loaded TP LinuxClientTargetPlatform
[2018.09.27-14.56.47:608][  0]LogTemp: Display: Loaded TP LinuxNoEditorTargetPlatform
[2018.09.27-14.56.47:655][  0]LogTemp: Display: Loaded TP LinuxServerTargetPlatform
[2018.09.27-14.56.47:732][  0]LogTemp: Display: Loaded TP LinuxTargetPlatform
[2018.09.27-14.56.47:767][  0]LogTemp: Display: Loaded TP LuminTargetPlatform
[2018.09.27-14.56.47:767][  0]LogTargetPlatformManager: Display: Building Assets For Windows
[2018.09.27-14.56.50:801][  0]LogXGEController: Cannot use XGE Controller as Incredibuild is not installed on this machine.
[2018.09.27-14.56.50:801][  0]LogShaderCompilers: Cannot use XGE Shader Compiler as Incredibuild is not installed on this machine.
[2018.09.27-14.56.50:801][  0]LogShaderCompilers: Display: Using Local Shader Compiler.
[2018.09.27-14.57.01:686][  0]LogDerivedDataCache: Display: Max Cache Size: 512 MB
[2018.09.27-14.57.01:931][  0]LogDerivedDataCache: Loaded boot cache 0.24s 71MB C:/Users/malin/AppData/Local/UnrealEngine/4.20/DerivedDataCache/Boot.ddc.
[2018.09.27-14.57.01:932][  0]LogDerivedDataCache: Display: Loaded Boot cache: C:/Users/malin/AppData/Local/UnrealEngine/4.20/DerivedDataCache/Boot.ddc
[2018.09.27-14.57.01:932][  0]LogDerivedDataCache: FDerivedDataBackendGraph:  Pak pak cache file ../../../../../Projet/Gamejam/GameJam/GameJamProject/DerivedDataCache/DDC.ddp not found, will not use a pak cache.
[2018.09.27-14.57.01:932][  0]LogDerivedDataCache: Unable to find inner node Pak for hierarchical cache Hierarchy.
[2018.09.27-14.57.01:932][  0]LogDerivedDataCache: FDerivedDataBackendGraph:  CompressedPak pak cache file ../../../../../Projet/Gamejam/GameJam/GameJamProject/DerivedDataCache/Compressed.ddp not found, will not use a pak cache.
[2018.09.27-14.57.01:932][  0]LogDerivedDataCache: Unable to find inner node CompressedPak for hierarchical cache Hierarchy.
[2018.09.27-14.57.02:186][  0]LogDerivedDataCache: Display: Pak cache opened for reading ../../../Engine/DerivedDataCache/Compressed.ddp.
[2018.09.27-14.57.02:198][  0]LogDerivedDataCache: Using Local data cache path C:/Users/malin/AppData/Local/UnrealEngine/Common/DerivedDataCache: Writable
[2018.09.27-14.57.02:198][  0]LogDerivedDataCache: Shared data cache path not found in *engine.ini, will not use an Shared cache.
[2018.09.27-14.57.02:198][  0]LogDerivedDataCache: Unable to find inner node Shared for hierarchical cache Hierarchy.
[2018.09.27-14.57.02:296][  0]LogMaterial: Verifying Global Shaders for PCD3D_SM5
[2018.09.27-14.57.02:501][  0]LogSlate: Using FreeType 2.6.0
[2018.09.27-14.57.02:721][  0]LogSlate: SlateFontServices - WITH_FREETYPE: 1, WITH_HARFBUZZ: 1
[2018.09.27-14.57.06:743][  0]LogAssetRegistry: FAssetRegistry took 0.1765 seconds to start up
[2018.09.27-14.57.15:518][  0]LogInit: Selected Device Profile: [Windows]
[2018.09.27-14.57.20:988][  0]LogSimplygon: Simplygon DLL not present - disabling.
[2018.09.27-14.57.21:997][  0]LogMeshReduction: Using SimplygonSwarm for distributed automatic mesh merging
[2018.09.27-14.57.22:000][  0]LogMeshReduction: Using ProxyLODMeshReduction for automatic mesh merging
[2018.09.27-14.57.22:128][  0]LogMeshReduction: Using QuadricMeshReduction for automatic static mesh reduction
[2018.09.27-14.57.22:128][  0]LogMeshReduction: No automatic skeletal mesh reduction module available
[2018.09.27-14.57.23:609][  0]LogNetVersion: GameJamProject 1.0.0, NetCL: 4212847, EngineNetVer: 5, GameNetVer: 0 (Checksum: 804558789)
[2018.09.27-14.57.34:436][  0]LogAssetRegistry: Error: Failed to open file for write ../../../../../Projet/Gamejam/GameJam/GameJamProject/Intermediate/AssetRegistryCache/554a256d.bin
[2018.09.27-14.57.34:443][  0]LogAssetRegistry: Error: Failed to open file for write ../../../../../Projet/Gamejam/GameJam/GameJamProject/Intermediate/AssetRegistryCache/dcde9730.bin
[2018.09.27-14.57.34:450][  0]LogAssetRegistry: Error: Failed to open file for write ../../../../../Projet/Gamejam/GameJam/GameJamProject/Intermediate/AssetRegistryCache/61d825c9.bin
[2018.09.27-14.57.34:457][  0]LogAssetRegistry: Error: Failed to open file for write ../../../../../Projet/Gamejam/GameJam/GameJamProject/Intermediate/AssetRegistryCache/6eac703c.bin
[2018.09.27-14.57.34:464][  0]LogAssetRegistry: Error: Failed to open file for write ../../../../../Projet/Gamejam/GameJam/GameJamProject/Intermediate/AssetRegistryCache/d1448562.bin
[2018.09.27-14.57.34:471][  0]LogAssetRegistry: Error: Failed to open file for write ../../../../../Projet/Gamejam/GameJam/GameJamProject/Intermediate/AssetRegistryCache/87e3b5e5.bin
[2018.09.27-14.57.34:479][  0]LogAssetRegistry: Error: Failed to open file for write ../../../../../Projet/Gamejam/GameJam/GameJamProject/Intermediate/AssetRegistryCache/3893907e.bin
[2018.09.27-14.57.34:487][  0]LogAssetRegistry: Error: Failed to open file for write ../../../../../Projet/Gamejam/GameJam/GameJamProject/Intermediate/AssetRegistryCache/0cd8bb5e.bin
[2018.09.27-14.57.34:508][  0]LogAssetRegistry: Error: Failed to open file for write ../../../../../Projet/Gamejam/GameJam/GameJamProject/Intermediate/AssetRegistryCache/e83de140.bin
[2018.09.27-14.57.34:510][  0]LogPackageLocalizationCache: Processed 11 localized package path(s) for 2 prioritized culture(s) in 0.276682 seconds
[2018.09.27-14.57.34:568][  0]LogUObjectArray: 38425 objects as part of root set at end of initial load.
[2018.09.27-14.57.34:568][  0]LogUObjectAllocator: 6690872 out of 0 bytes used by permanent object pool.
[2018.09.27-14.57.34:569][  0]LogUObjectArray: CloseDisregardForGC: 0/0 objects in disregard for GC pool
[2018.09.27-14.58.16:536][  0]LogConfig: Warning: Failed to saved backup for config[InternationalizationExport]
[2018.09.27-14.58.19:907][  0]LogTcpMessaging: Initializing TcpMessaging bridge
[2018.09.27-14.58.20:007][  0]LogUdpMessaging: Initializing bridge on interface 0.0.0.0:0 to multicast group 230.0.0.1:6666.
[2018.09.27-14.58.25:450][  0]SourceControl: Source control is disabled
[2018.09.27-14.58.33:287][  0]LogAndroidPermission: UAndroidPermissionCallbackProxy::GetInstance
[2018.09.27-14.58.33:973][  0]LogOcInput: OculusInput pre-init called
[2018.09.27-14.58.36:056][  0]LogEngine: Initializing Engine...
[2018.09.27-14.58.36:164][  0]LogHMD: Failed to initialize OpenVR with code 110
[2018.09.27-14.58.36:346][  0]LogStats: UGameplayTagsManager::ConstructGameplayTagTree: ImportINI prefixes -  0.041 s
[2018.09.27-14.58.36:346][  0]LogStats: UGameplayTagsManager::ConstructGameplayTagTree: Construct from data asset -  0.000 s
[2018.09.27-14.58.36:346][  0]LogStats: UGameplayTagsManager::ConstructGameplayTagTree: ImportINI -  0.000 s
[2018.09.27-14.58.36:346][  0]LogStats: UGameplayTagsManager::ConstructGameplayTagTree: GameplayTagTreeChangedEvent.Broadcast -  0.000 s
[2018.09.27-14.58.36:761][  0]LogInit: Initializing FReadOnlyCVARCache
[2018.09.27-14.58.37:327][  0]LogAssetRegistry: Error: Failed to open file for write ../../../../../Projet/Gamejam/GameJam/GameJamProject/Intermediate/CachedAssetRegistry.bin
[2018.09.27-14.58.37:327][  0]LogAIModule: Creating AISystem for world Untitled
[2018.09.27-14.58.37:736][  0]LogInit: XAudio2 using 'Razer (Realtek High Definition Audio)' : 2 channels at 48 kHz using 32 bits per sample (channel mask 0x3)
[2018.09.27-14.58.37:748][  0]LogInit: FAudioDevice initialized.
[2018.09.27-14.58.37:749][  0]LogNetVersion: Set ProjectVersion to 1.0.0.0. Version Checksum will be recalculated on next use.
[2018.09.27-14.58.37:819][  0]LogDerivedDataCache: Saved boot cache 0.07s 71MB C:/Users/malin/AppData/Local/UnrealEngine/4.20/DerivedDataCache/Boot.ddc.
[2018.09.27-14.58.37:830][  0]LogInit: Texture streaming: Enabled
[2018.09.27-14.58.37:974][  0]LogEngineSessionManager: EngineSessionManager initialized
[2018.09.27-14.58.38:117][  0]LogInit: Transaction tracking system initialized
[2018.09.27-14.58.39:597][  0]BlueprintLog: New page: Editor Load
[2018.09.27-14.58.43:639][  0]LocalizationService: Localization service is disabled
[2018.09.27-14.58.44:751][  0]LogLinker: Warning: Can't find file '/Game/Character/ThirdPersonBP/ThirdPersonOverview'
[2018.09.27-14.58.44:751][  0]LogLinker: Warning: Can't find file '/Game/Character/ThirdPersonBP/ThirdPersonOverview'
[2018.09.27-14.58.44:751][  0]LogUObjectGlobals: Warning: Failed to find object 'Class /Game/Character/ThirdPersonBP/ThirdPersonOverview.ThirdPersonOverview_C'
[2018.09.27-14.58.49:688][  0]LogFileCache: Scanning file cache for directory 'F:/Projet/Gamejam/GameJam/GameJamProject/Content/' took 0.02s
[2018.09.27-14.58.49:688][  0]LogCook: Display: Max memory allowance for cook 16384mb min free memory 0mb
[2018.09.27-14.58.49:712][  0]LogCook: Display: Mobile HDR setting 1
[2018.09.27-14.58.49:732][  0]LogGameplayTags: Display: UGameplayTagsManager::DoneAddingNativeTags. DelegateIsBound: 0
[2018.09.27-14.58.49:732][  0]LogStats: UGameplayTagsManager::ConstructGameplayTagTree: ImportINI prefixes -  0.000 s
[2018.09.27-14.58.49:732][  0]LogStats: UGameplayTagsManager::ConstructGameplayTagTree: Construct from data asset -  0.000 s
[2018.09.27-14.58.49:732][  0]LogStats: UGameplayTagsManager::ConstructGameplayTagTree: ImportINI -  0.000 s
[2018.09.27-14.58.49:732][  0]LogStats: UGameplayTagsManager::ConstructGameplayTagTree: GameplayTagTreeChangedEvent.Broadcast -  0.000 s
[2018.09.27-14.58.58:258][  0]Cmd: MAP LOAD FILE="../../../../../Projet/Gamejam/GameJam/GameJamProject/Content/Level/Start.umap" TEMPLATE=0 SHOWPROGRESS=1 FEATURELEVEL=3
[2018.09.27-14.58.58:294][  0]LightingResults: New page: Lighting Build
[2018.09.27-14.58.58:739][  0]MapCheck: New page: Map Check
[2018.09.27-14.58.58:739][  0]LightingResults: New page: Lighting Build
[2018.09.27-14.59.08:519][  0]LogBlueprint: Warning: Timeline OpenClosed Track NewTrack_0 in /Engine/Transient.REINST_BP_Doors_C_4 has an invalid curve.  Please fix!
[2018.09.27-14.59.08:812][  0]LogBlueprint: Error: [Compiler WB_Blood] In use pin  Opacity  no longer exists on node  Get . Please refresh node or break links to remove pin.
[2018.09.27-14.59.08:812][  0]LogBlueprint: Warning: [Compiler WB_Blood] Widget.RenderOpacity is not blueprint visible (BlueprintReadOnly or BlueprintReadWrite). Please fix mark up or cease accessing as this will be made an error in a future release.  Get
[2018.09.27-14.59.09:213][  0]LogBlueprint: Warning: [Compiler WB_Blood] [0153,20] Compile of WB_Blood failed. 1 Fatal Issue(s) 1 Warning(s) [in 1 553 ms] (/Game/UMG/DamageEffect/WB_Blood.WB_Blood)
[2018.09.27-14.59.11:937][  0]LogTexture: Display: Building textures: BloodEffect (AutoDXT, 800X600)
[2018.09.27-14.59.12:900][  0]LogAIModule: Creating AISystem for world Start
[2018.09.27-14.59.14:053][  0]LogEditorServer: Finished looking for orphan Actors (0.000 secs)
[2018.09.27-14.59.14:561][  0]Cmd: MAP CHECKDEP NOCLEARLOG
[2018.09.27-14.59.14:659][  0]MapCheck: Map check complete: 0 Error(s), 0 Warning(s), took 98,086ms to complete.
[2018.09.27-14.59.14:659][  0]LogFileHelpers: Loading map 'Start' took 16.429
[2018.09.27-14.59.17:679][  0]LogSlate: Updating window title bar state: overlay mode, drag disabled, window buttons hidden, title bar hidden
[2018.09.27-14.59.17:687][  0]LogSlate: Updating window title bar state: overlay mode, drag disabled, window buttons hidden, title bar hidden
[2018.09.27-14.59.17:694][  0]LogSlate: Updating window title bar state: overlay mode, drag disabled, window buttons hidden, title bar hidden
[2018.09.27-14.59.17:701][  0]LogSlate: Updating window title bar state: overlay mode, drag disabled, window buttons hidden, title bar hidden
[2018.09.27-14.59.17:771][  0]LogCollectionManager: Loaded 0 collections in 0.001221 seconds
[2018.09.27-14.59.18:011][  0]LogFileCache: Scanning file cache for directory 'F:/Projet/Gamejam/GameJam/GameJamProject/Saved/Collections/' took 0.01s
[2018.09.27-14.59.18:011][  0]LogFileCache: Scanning file cache for directory 'F:/Projet/Gamejam/GameJam/GameJamProject/Content/Developers/malin/Collections/' took 0.01s
[2018.09.27-14.59.18:011][  0]LogFileCache: Scanning file cache for directory 'F:/Projet/Gamejam/GameJam/GameJamProject/Content/Collections/' took 0.01s
[2018.09.27-14.59.18:011][  0]LogCollectionManager: Rebuilt the GUID cache for 0 collections in 0.000000 seconds
[2018.09.27-14.59.18:020][  0]LogContentBrowser: Native class hierarchy populated in 0.0087 seconds. Added 2572 classes and 603 folders.
[2018.09.27-14.59.18:143][  0]LogContentBrowser: Native class hierarchy updated for 'WidgetCarousel' in 0.0002 seconds. Added 0 classes and 0 folders.
[2018.09.27-14.59.20:708][  0]LogContentBrowser: Native class hierarchy updated for 'AddContentDialog' in 0.0003 seconds. Added 0 classes and 0 folders.
[2018.09.27-14.59.20:758][  0]LogContentBrowser: Native class hierarchy updated for 'SceneOutliner' in 0.0003 seconds. Added 1 classes and 2 folders.
[2018.09.27-14.59.22:098][  0]LogSlate: Took 0.040317 seconds to synchronously load lazily loaded font '../../../Engine/Content/Slate/Fonts/Roboto-Regular.ttf' (155K)
[2018.09.27-14.59.22:274][  0]LogSlate: Took 0.141747 seconds to synchronously load lazily loaded font '../../../Engine/Content/Slate/Fonts/Roboto-Bold.ttf' (160K)
[2018.09.27-14.59.22:439][  0]LogSlate: Took 0.037756 seconds to synchronously load lazily loaded font '../../../Engine/Content/Editor/Slate/Fonts/FontAwesome.ttf' (139K)
[2018.09.27-14.59.23:214][  0]LogRenderer: Reallocating scene render targets to support 1300x604 Format 10 NumSamples 1 (Frame:1).
[2018.09.27-14.59.24:484][  0]LogContentBrowser: Native class hierarchy updated for 'HierarchicalLODOutliner' in 0.0003 seconds. Added 0 classes and 0 folders.
[2018.09.27-14.59.24:484][  0]LogLoad: (Engine Initialization) Total time: 168.47 seconds
[2018.09.27-14.59.24:484][  0]LogLoad: (Engine Initialization) Total Blueprint compile time: 0.00 seconds
[2018.09.27-14.59.24:494][  0]LogWindowsTextInputMethodSystem: Display: IME system now deactivated.
[2018.09.27-14.59.24:733][  0]LogContentStreaming: Texture pool size now 1000 MB
[2018.09.27-14.59.25:023][  0]LogSlate: Took 0.060874 seconds to synchronously load lazily loaded font '../../../Engine/Content/Slate/Fonts/Roboto-Light.ttf' (167K)
[2018.09.27-14.59.25:174][  1]LogFileCache: Retrieving MD5 hashes for directory 'F:/Projet/Gamejam/GameJam/GameJamProject/Content/' took 0.61s
[2018.09.27-14.59.25:239][  2]LogAssetRegistry: Asset discovery search completed in 138.5721 seconds
[2018.09.27-14.59.25:241][  2]LogCollectionManager: Rebuilt the object cache for 0 collections in 0.000000 seconds (found 0 objects)
[2018.09.27-14.59.25:241][  2]LogCollectionManager: Fixed up redirectors for 0 collections in 0.000060 seconds (updated 0 objects)
[2018.09.27-15.09.51:814][ 55]LogSlate: FSceneViewport::OnFocusLost() reason 0
[2018.09.27-15.41.08:149][374]LogSlate: Window 'GameJamProject - Unreal Editor' being destroyed
[2018.09.27-15.41.08:976][375]Cmd: QUIT_EDITOR
[2018.09.27-15.41.09:456][375]LogWindowsTextInputMethodSystem: Display: IME system now deactivated.
[2018.09.27-15.41.09:492][375]LogExit: Preparing to exit.
[2018.09.27-15.41.11:118][375]LogExit: Editor shut down
[2018.09.27-15.41.11:119][375]LogExit: Transaction tracking system shut down
[2018.09.27-15.41.14:391][375]LogExit: Object subsystem successfully closed.
[2018.09.27-15.41.14:737][375]LogShaderCompilers: Display: Shaders left to compile 0
[2018.09.27-15.41.14:858][375]LogD3D11RHI: Shutdown
[2018.09.27-15.41.14:859][375]LogD3D11RHI: CleanupD3DDevice
[2018.09.27-15.41.14:960][375]LogD3D11RHI: ~FD3D11DynamicRHI
[2018.09.27-15.41.17:590][375]LogModuleManager: Shutting down and abandoning module HierarchicalLODOutliner (610)
[2018.09.27-15.41.17:590][375]LogModuleManager: Shutting down and abandoning module SceneOutliner (608)
[2018.09.27-15.41.17:590][375]LogModuleManager: Shutting down and abandoning module AddContentDialog (606)
[2018.09.27-15.41.17:617][375]LogModuleManager: Shutting down and abandoning module WidgetCarousel (605)
[2018.09.27-15.41.17:617][375]LogModuleManager: Shutting down and abandoning module EditorWidgets (602)
[2018.09.27-15.41.17:617][375]LogModuleManager: Shutting down and abandoning module CollectionManager (600)
[2018.09.27-15.41.17:646][375]LogModuleManager: Shutting down and abandoning module StatsViewer (598)
[2018.09.27-15.41.17:683][375]LogModuleManager: Shutting down and abandoning module FoliageEdit (596)
[2018.09.27-15.41.17:762][375]LogModuleManager: Shutting down and abandoning module LandscapeEditor (594)
[2018.09.27-15.41.17:822][375]LogModuleManager: Shutting down and abandoning module MeshPaintMode (592)
[2018.09.27-15.41.17:839][375]LogModuleManager: Shutting down and abandoning module SceneDepthPickerMode (590)
[2018.09.27-15.41.17:839][375]LogModuleManager: Shutting down and abandoning module ActorPickerMode (588)
[2018.09.27-15.41.17:840][375]LogModuleManager: Shutting down and abandoning module GeometryMode (586)
[2018.09.27-15.41.17:840][375]LogModuleManager: Shutting down and abandoning module TextureAlignMode (584)
[2018.09.27-15.41.17:840][375]LogModuleManager: Shutting down and abandoning module BspMode (582)
[2018.09.27-15.41.17:840][375]LogModuleManager: Shutting down and abandoning module PIEPreviewDeviceProfileSelector (580)
[2018.09.27-15.41.17:860][375]LogModuleManager: Shutting down and abandoning module SequenceRecorderSections (578)
[2018.09.27-15.41.17:874][375]LogModuleManager: Shutting down and abandoning module AutomationWorker (576)
[2018.09.27-15.41.17:874][375]LogModuleManager: Shutting down and abandoning module AudioCaptureEditor (574)
[2018.09.27-15.41.17:874][375]LogModuleManager: Shutting down and abandoning module SequenceRecorder (573)
[2018.09.27-15.41.17:892][375]LogModuleManager: Shutting down and abandoning module MatineeToLevelSequence (570)
[2018.09.27-15.41.17:907][375]LogModuleManager: Shutting down and abandoning module LevelSequenceEditor (568)
[2018.09.27-15.41.17:980][375]LogModuleManager: Shutting down and abandoning module PlacementMode (567)
[2018.09.27-15.41.17:980][375]LogModuleManager: Shutting down and abandoning module MaterialEditor (566)
[2018.09.27-15.41.18:055][375]LogModuleManager: Shutting down and abandoning module WmfMediaFactory (562)
[2018.09.27-15.41.18:055][375]LogModuleManager: Shutting down and abandoning module WmfMediaEditor (560)
[2018.09.27-15.41.18:055][375]LogModuleManager: Shutting down and abandoning module MediaPlayerEditor (558)
[2018.09.27-15.41.18:112][375]LogModuleManager: Shutting down and abandoning module OpenExrWrapper (556)
[2018.09.27-15.41.18:112][375]LogModuleManager: Shutting down and abandoning module ImgMediaFactory (554)
[2018.09.27-15.41.18:113][375]LogModuleManager: Shutting down and abandoning module ImgMediaEditor (552)
[2018.09.27-15.41.18:113][375]LogModuleManager: Shutting down and abandoning module AvfMediaFactory (550)
[2018.09.27-15.41.18:113][375]LogModuleManager: Shutting down and abandoning module AvfMediaEditor (548)
[2018.09.27-15.41.18:113][375]LogModuleManager: Shutting down and abandoning module AndroidMediaFactory (546)
[2018.09.27-15.41.18:113][375]LogModuleManager: Shutting down and abandoning module AndroidMediaEditor (544)
[2018.09.27-15.41.18:113][375]LogModuleManager: Shutting down and abandoning module MagicLeapCameraPreviewFactory (542)
[2018.09.27-15.41.18:113][375]LogModuleManager: Shutting down and abandoning module MagicLeapMediaFactory (540)
[2018.09.27-15.41.18:113][375]LogModuleManager: Shutting down and abandoning module MagicLeapMediaEditor (538)
[2018.09.27-15.41.18:113][375]LogModuleManager: Shutting down and abandoning module CharacterAI (536)
[2018.09.27-15.41.18:113][375]LogModuleManager: Shutting down and abandoning module SmartSnapping (534)
[2018.09.27-15.41.18:113][375]LogModuleManager: Shutting down and abandoning module SessionServices (532)
[2018.09.27-15.41.18:113][375]LogModuleManager: Shutting down and abandoning module ViewportSnapping (530)
[2018.09.27-15.41.18:113][375]LogModuleManager: Shutting down and abandoning module ViewportInteraction (528)
[2018.09.27-15.41.18:113][375]LogModuleManager: Shutting down and abandoning module ClothPainter (526)
[2018.09.27-15.41.18:181][375]LogModuleManager: Shutting down and abandoning module SkeletalMeshEditor (525)
[2018.09.27-15.41.18:224][375]LogModuleManager: Shutting down and abandoning module LogVisualizer (522)
[2018.09.27-15.41.18:307][375]LogModuleManager: Shutting down and abandoning module IntroTutorials (520)
[2018.09.27-15.41.18:382][375]LogModuleManager: Shutting down and abandoning module GameProjectGeneration (519)
[2018.09.27-15.41.18:400][375]LogModuleManager: Shutting down and abandoning module LuminPlatformEditor (516)
[2018.09.27-15.41.18:400][375]LogModuleManager: Shutting down and abandoning module IOSPlatformEditor (514)
[2018.09.27-15.41.18:419][375]LogModuleManager: Shutting down and abandoning module HTML5PlatformEditor (512)
[2018.09.27-15.41.18:419][375]LogModuleManager: Shutting down and abandoning module AndroidPlatformEditor (510)
[2018.09.27-15.41.18:420][375]LogModuleManager: Shutting down and abandoning module AndroidDeviceDetection (509)
[2018.09.27-15.41.19:289][375]LogModuleManager: Shutting down and abandoning module WindowsPlatformEditor (506)
[2018.09.27-15.41.19:289][375]LogModuleManager: Shutting down and abandoning module LuminRuntimeSettings (504)
[2018.09.27-15.41.19:289][375]LogModuleManager: Shutting down and abandoning module IOSRuntimeSettings (502)
[2018.09.27-15.41.19:289][375]LogModuleManager: Shutting down and abandoning module AndroidRuntimeSettings (500)
[2018.09.27-15.41.19:289][375]LogModuleManager: Shutting down and abandoning module InputBindingEditor (498)
[2018.09.27-15.41.19:328][375]LogModuleManager: Shutting down and abandoning module MergeActors (496)
[2018.09.27-15.41.19:337][375]LogModuleManager: Shutting down and abandoning module LocalizationDashboard (494)
[2018.09.27-15.41.19:345][375]LogModuleManager: Shutting down and abandoning module LocalizationService (493)
[2018.09.27-15.41.19:359][375]LogModuleManager: Shutting down and abandoning module HardwareTargeting (490)
[2018.09.27-15.41.19:359][375]LogModuleManager: Shutting down and abandoning module DeviceProfileEditor (488)
[2018.09.27-15.41.19:359][375]LogModuleManager: Shutting down and abandoning module UndoHistory (486)
[2018.09.27-15.41.19:376][375]LogModuleManager: Shutting down and abandoning module XmlParser (484)
[2018.09.27-15.41.19:376][375]LogModuleManager: Shutting down and abandoning module Blutility (482)
[2018.09.27-15.41.19:403][375]LogModuleManager: Shutting down and abandoning module ProjectSettingsViewer (480)
[2018.09.27-15.41.19:403][375]LogModuleManager: Shutting down and abandoning module ProjectTargetPlatformEditor (479)
[2018.09.27-15.41.19:403][375]LogModuleManager: Shutting down and abandoning module EditorSettingsViewer (476)
[2018.09.27-15.41.19:404][375]LogModuleManager: Shutting down and abandoning module SettingsEditor (474)
[2018.09.27-15.41.19:471][375]LogModuleManager: Shutting down and abandoning module ProjectLauncher (472)
[2018.09.27-15.41.19:505][375]LogModuleManager: Shutting down and abandoning module SessionFrontend (470)
[2018.09.27-15.41.19:545][375]LogModuleManager: Shutting down and abandoning module ProfilerClient (468)
[2018.09.27-15.41.19:561][375]LogModuleManager: Shutting down and abandoning module DeviceManager (466)
[2018.09.27-15.41.19:572][375]LogModuleManager: Shutting down and abandoning module TargetDeviceServices (465)
[2018.09.27-15.41.19:700][375]LogModuleManager: Shutting down and abandoning module AutomationController (462)
[2018.09.27-15.41.19:721][375]LogModuleManager: Shutting down and abandoning module AutomationWindow (460)
[2018.09.27-15.41.19:743][375]LogModuleManager: Shutting down and abandoning module Layers (458)
[2018.09.27-15.41.19:827][375]LogModuleManager: Shutting down and abandoning module ComponentVisualizers (456)
[2018.09.27-15.41.19:827][375]LogModuleManager: Shutting down and abandoning module DetailCustomizations (454)
[2018.09.27-15.41.19:868][375]LogModuleManager: Shutting down and abandoning module PackagesDialog (452)
[2018.09.27-15.41.19:870][375]LogModuleManager: Shutting down and abandoning module Persona (450)
[2018.09.27-15.41.19:914][375]LogModuleManager: Shutting down and abandoning module AdvancedPreviewScene (449)
[2018.09.27-15.41.19:914][375]LogModuleManager: Shutting down and abandoning module AnimGraph (447)
[2018.09.27-15.41.19:914][375]LogModuleManager: Shutting down and abandoning module Kismet (444)
[2018.09.27-15.41.19:916][375]LogModuleManager: Shutting down and abandoning module GraphEditor (442)
[2018.09.27-15.41.19:917][375]LogModuleManager: Shutting down and abandoning module ClassViewer (440)
[2018.09.27-15.41.19:917][375]LogModuleManager: Shutting down and abandoning module Toolbox (438)
[2018.09.27-15.41.19:917][375]LogModuleManager: Shutting down and abandoning module ModuleUI (436)
[2018.09.27-15.41.19:938][375]LogModuleManager: Shutting down and abandoning module MovieSceneTools (434)
[2018.09.27-15.41.19:982][375]LogModuleManager: Shutting down and abandoning module OutputLog (432)
[2018.09.27-15.41.19:982][375]LogModuleManager: Shutting down and abandoning module GammaUI (430)
[2018.09.27-15.41.19:993][375]LogModuleManager: Shutting down and abandoning module Documentation (428)
[2018.09.27-15.41.19:993][375]LogModuleManager: Shutting down and abandoning module MovieSceneTracks (426)
[2018.09.27-15.41.19:993][375]LogModuleManager: Shutting down and abandoning module MovieScene (424)
[2018.09.27-15.41.20:059][375]LogModuleManager: Shutting down and abandoning module StreamingPauseRendering (422)
[2018.09.27-15.41.20:076][375]LogModuleManager: Shutting down and abandoning module LauncherPlatform (420)
[2018.09.27-15.41.20:076][375]LogModuleManager: Shutting down and abandoning module AnalyticsET (418)
[2018.09.27-15.41.20:076][375]LogModuleManager: Shutting down and abandoning module PortalServices (416)
[2018.09.27-15.41.20:076][375]LogModuleManager: Shutting down and abandoning module PortalRpc (414)
[2018.09.27-15.41.20:076][375]LogModuleManager: Shutting down and abandoning module MessagingRpc (412)
[2018.09.27-15.41.20:076][375]LogModuleManager: Shutting down and abandoning module AIModule (410)
[2018.09.27-15.41.20:113][375]LogModuleManager: Shutting down and abandoning module GameplayDebugger (409)
[2018.09.27-15.41.20:148][375]LogModuleManager: Shutting down and abandoning module AITestSuite (407)
[2018.09.27-15.41.20:183][375]LogModuleManager: Shutting down and abandoning module NavigationSystem (405)
[2018.09.27-15.41.20:183][375]LogModuleManager: Shutting down and abandoning module DesktopPlatform (402)
[2018.09.27-15.41.20:183][375]LogModuleManager: Shutting down and abandoning module ProfilerService (400)
[2018.09.27-15.41.20:192][375]LogModuleManager: Shutting down and abandoning module TaskGraph (398)
[2018.09.27-15.41.20:223][375]LogModuleManager: Shutting down and abandoning module SteamVRController (396)
[2018.09.27-15.41.20:223][375]LogModuleManager: Shutting down and abandoning module ProceduralMeshComponentEditor (394)
[2018.09.27-15.41.20:223][375]LogModuleManager: Shutting down and abandoning module ProceduralMeshComponent (392)
[2018.09.27-15.41.20:252][375]LogModuleManager: Shutting down and abandoning module OculusInput (390)
[2018.09.27-15.41.20:252][375]LogModuleManager: Shutting down and abandoning module MobilePatchingUtils (388)
[2018.09.27-15.41.20:252][375]LogModuleManager: Shutting down and abandoning module EditableMesh (386)
[2018.09.27-15.41.20:276][375]LogModuleManager: Shutting down and abandoning module CustomMeshComponent (384)
[2018.09.27-15.41.20:276][375]LogModuleManager: Shutting down and abandoning module CableComponent (382)
[2018.09.27-15.41.20:276][375]LogModuleManager: Shutting down and abandoning module AudioCapture (380)
[2018.09.27-15.41.20:276][375]LogModuleManager: Shutting down and abandoning module ArchVisCharacter (378)
[2018.09.27-15.41.20:276][375]LogModuleManager: Shutting down and abandoning module AndroidPermission (376)
[2018.09.27-15.41.20:277][375]LogModuleManager: Shutting down and abandoning module NUTUnrealEngine4 (374)
[2018.09.27-15.41.20:277][375]LogModuleManager: Shutting down and abandoning module NetcodeUnitTest (372)
[2018.09.27-15.41.20:355][375]LogModuleManager: Shutting down and abandoning module MediaCompositingEditor (370)
[2018.09.27-15.41.20:355][375]LogModuleManager: Shutting down and abandoning module MediaCompositing (368)
[2018.09.27-15.41.20:355][375]LogModuleManager: Shutting down and abandoning module LinearTimecode (366)
[2018.09.27-15.41.20:355][375]LogModuleManager: Shutting down and abandoning module ImgMedia (364)
[2018.09.27-15.41.20:395][375]LogModuleManager: Shutting down and abandoning module HTML5Networking (362)
[2018.09.27-15.41.20:395][375]LogModuleManager: Shutting down and abandoning module GeometryCacheTracks (360)
[2018.09.27-15.41.20:395][375]LogModuleManager: Shutting down and abandoning module GeometryCacheSequencer (358)
[2018.09.27-15.41.20:395][375]LogModuleManager: Shutting down and abandoning module BackChannel (356)
[2018.09.27-15.41.20:431][375]LogModuleManager: Shutting down and abandoning module AppleVision (354)
[2018.09.27-15.41.20:431][375]LogModuleManager: Shutting down and abandoning module AppleImageUtils (352)
[2018.09.27-15.41.20:431][375]LogModuleManager: Shutting down and abandoning module AlembicImporter (350)
[2018.09.27-15.41.20:431][375]LogModuleManager: Shutting down and abandoning module AlembicLibrary (349)
[2018.09.27-15.41.20:431][375]LogModuleManager: Shutting down and abandoning module GeometryCache (348)
[2018.09.27-15.41.20:431][375]LogModuleManager: Shutting down and abandoning module GeometryCacheEd (347)
[2018.09.27-15.41.20:431][375]LogModuleManager: Shutting down and abandoning module DatasmithContentEditor (342)
[2018.09.27-15.41.20:457][375]LogModuleManager: Shutting down and abandoning module DatasmithContent (340)
[2018.09.27-15.41.20:458][375]LogModuleManager: Shutting down and abandoning module SpeedTreeImporter (338)
[2018.09.27-15.41.20:458][375]LogModuleManager: Shutting down and abandoning module PluginBrowser (336)
[2018.09.27-15.41.20:514][375]LogModuleManager: Shutting down and abandoning module MobileLauncherProfileWizard (334)
[2018.09.27-15.41.20:544][375]LogModuleManager: Shutting down and abandoning module PolygonModeling (332)
[2018.09.27-15.41.20:544][375]LogModuleManager: Shutting down and abandoning module MeshEditor (330)
[2018.09.27-15.41.20:560][375]LogModuleManager: Shutting down and abandoning module CryptoKeysOpenSSL (328)
[2018.09.27-15.41.20:583][375]LogModuleManager: Shutting down and abandoning module CryptoKeys (326)
[2018.09.27-15.41.20:583][375]LogModuleManager: Shutting down and abandoning module VisualStudioSourceCodeAccess (324)
[2018.09.27-15.41.20:583][375]LogModuleManager: Shutting down and abandoning module VisualStudioCodeSourceCodeAccess (322)
[2018.09.27-15.41.20:583][375]LogModuleManager: Shutting down and abandoning module UObjectPlugin (320)
[2018.09.27-15.41.20:583][375]LogModuleManager: Shutting down and abandoning module SubversionSourceControl (318)
[2018.09.27-15.41.20:602][375]LogModuleManager: Shutting down and abandoning module PerforceSourceControl (316)
[2018.09.27-15.41.20:634][375]LogModuleManager: Shutting down and abandoning module GitSourceControl (314)
[2018.09.27-15.41.20:663][375]LogModuleManager: Shutting down and abandoning module SourceControl (313)
[2018.09.27-15.41.20:663][375]LogModuleManager: Shutting down and abandoning module CLionSourceCodeAccess (310)
[2018.09.27-15.41.20:663][375]LogModuleManager: Shutting down and abandoning module LightPropagationVolumeEditor (308)
[2018.09.27-15.41.20:663][375]LogModuleManager: Shutting down and abandoning module PaperTiledImporter (306)
[2018.09.27-15.41.20:663][375]LogModuleManager: Shutting down and abandoning module PaperSpriteSheetImporter (304)
[2018.09.27-15.41.20:663][375]LogModuleManager: Shutting down and abandoning module Paper2DEditor (302)
[2018.09.27-15.41.20:719][375]LogModuleManager: Shutting down and abandoning module MeshPaint (301)
[2018.09.27-15.41.20:766][375]LogModuleManager: Shutting down and abandoning module RuntimePhysXCooking (298)
[2018.09.27-15.41.20:766][375]LogModuleManager: Shutting down and abandoning module PhysXVehiclesEditor (296)
[2018.09.27-15.41.20:766][375]LogModuleManager: Shutting down and abandoning module PhysXVehicles (294)
[2018.09.27-15.41.20:766][375]LogModuleManager: Shutting down and abandoning module OculusEditor (292)
[2018.09.27-15.41.20:779][375]LogModuleManager: Shutting down and abandoning module LocationServicesBPLibrary (290)
[2018.09.27-15.41.20:779][375]LogModuleManager: Shutting down and abandoning module ImmediatePhysicsEditor (288)
[2018.09.27-15.41.20:779][375]LogModuleManager: Shutting down and abandoning module ImmediatePhysics (286)
[2018.09.27-15.41.20:808][375]LogModuleManager: Shutting down and abandoning module ActorSequence (284)
[2018.09.27-15.41.20:808][375]LogModuleManager: Shutting down and abandoning module UdpMessaging (282)
[2018.09.27-15.41.20:909][375]LogModuleManager: Shutting down and abandoning module TcpMessaging (280)
[2018.09.27-15.41.21:030][375]LogModuleManager: Shutting down and abandoning module MagicLeapAudio (278)
[2018.09.27-15.41.21:030][375]LogModuleManager: Shutting down and abandoning module GameplayTagsEditor (276)
[2018.09.27-15.41.21:053][375]LogModuleManager: Shutting down and abandoning module FacialAnimationEditor (274)
[2018.09.27-15.41.21:053][375]LogModuleManager: Shutting down and abandoning module FacialAnimation (272)
[2018.09.27-15.41.21:053][375]LogModuleManager: Shutting down and abandoning module DataValidation (270)
[2018.09.27-15.41.21:053][375]LogModuleManager: Shutting down and abandoning module AssetManagerEditor (268)
[2018.09.27-15.41.21:091][375]LogModuleManager: Shutting down and abandoning module LevelEditor (267)
[2018.09.27-15.41.21:165][375]LogModuleManager: Shutting down and abandoning module PixelInspectorModule (266)
[2018.09.27-15.41.21:189][375]LogModuleManager: Shutting down and abandoning module CommonMenuExtensions (264)
[2018.09.27-15.41.21:189][375]LogModuleManager: Shutting down and abandoning module MainFrame (262)
[2018.09.27-15.41.21:208][375]LogModuleManager: Shutting down and abandoning module HotReload (261)
[2018.09.27-15.41.21:299][375]LogModuleManager: Shutting down and abandoning module ContentBrowser (257)
[2018.09.27-15.41.21:300][375]LogModuleManager: Shutting down and abandoning module TreeMap (255)
[2018.09.27-15.41.21:321][375]LogModuleManager: Shutting down and abandoning module LightPropagationVolumeRuntime (252)
[2018.09.27-15.41.21:321][375]LogModuleManager: Shutting down and abandoning module AISupportModule (250)
[2018.09.27-15.41.21:321][375]LogModuleManager: Shutting down and abandoning module Paper2D (248)
[2018.09.27-15.41.21:338][375]LogModuleManager: Shutting down and abandoning module WindowsMoviePlayer (246)
[2018.09.27-15.41.21:351][375]LogModuleManager: Shutting down and abandoning module WmfMedia (244)
[2018.09.27-15.41.21:379][375]LogModuleManager: Shutting down and abandoning module Media (243)
[2018.09.27-15.41.21:385][375]LogModuleManager: Shutting down and abandoning module PacketHandler (240)
[2018.09.27-15.41.21:385][375]LogModuleManager: Shutting down and abandoning module ClothingSystemEditor (238)
[2018.09.27-15.41.21:385][375]LogModuleManager: Shutting down and abandoning module ClothingSystemRuntime (236)
[2018.09.27-15.41.21:434][375]LogModuleManager: Shutting down and abandoning module MediaAssets (234)
[2018.09.27-15.41.21:434][375]LogModuleManager: Shutting down and abandoning module Overlay (232)
[2018.09.27-15.41.21:434][375]LogModuleManager: Shutting down and abandoning module OverlayEditor (231)
[2018.09.27-15.41.21:434][375]LogModuleManager: Shutting down and abandoning module VREditor (228)
[2018.09.27-15.41.21:482][375]LogModuleManager: Shutting down and abandoning module StringTableEditor (226)
[2018.09.27-15.41.21:530][375]LogModuleManager: Shutting down and abandoning module GameplayTasksEditor (224)
[2018.09.27-15.41.21:530][375]LogModuleManager: Shutting down and abandoning module BehaviorTreeEditor (222)
[2018.09.27-15.41.21:584][375]LogModuleManager: Shutting down and abandoning module FunctionalTesting (220)
[2018.09.27-15.41.21:597][375]LogModuleManager: Shutting down and abandoning module CollisionAnalyzer (218)
[2018.09.27-15.41.21:638][375]LogModuleManager: Shutting down and abandoning module WorkspaceMenuStructure (217)
[2018.09.27-15.41.21:638][375]LogModuleManager: Shutting down and abandoning module UMG (214)
[2018.09.27-15.41.21:687][375]LogModuleManager: Shutting down and abandoning module UMGEditor (213)
[2018.09.27-15.41.21:714][375]LogModuleManager: Shutting down and abandoning module Sequencer (212)
[2018.09.27-15.41.21:902][375]LogModuleManager: Shutting down and abandoning module MessageLog (209)
[2018.09.27-15.41.21:902][375]LogModuleManager: Shutting down and abandoning module SlateReflector (204)
[2018.09.27-15.41.21:978][375]LogModuleManager: Shutting down and abandoning module Slate (202)
[2018.09.27-15.41.21:978][375]LogModuleManager: Shutting down and abandoning module EditorStyle (200)
[2018.09.27-15.41.21:979][375]LogModuleManager: Shutting down and abandoning module MRMesh (198)
[2018.09.27-15.41.22:014][375]LogModuleManager: Shutting down and abandoning module SourceCodeAccess (196)
[2018.09.27-15.41.22:014][375]LogModuleManager: Shutting down and abandoning module HeadMountedDisplay (194)
[2018.09.27-15.41.22:014][375]LogModuleManager: Shutting down and abandoning module XAudio2 (192)
[2018.09.27-15.41.22:014][375]LogModuleManager: Shutting down and abandoning module Networking (190)
[2018.09.27-15.41.22:014][375]LogModuleManager: Shutting down and abandoning module Core (188)
[2018.09.27-15.41.22:014][375]LogModuleManager: Shutting down and abandoning module LevelSequence (186)
[2018.09.27-15.41.22:014][375]LogModuleManager: Shutting down and abandoning module KismetCompiler (184)
[2018.09.27-15.41.22:014][375]LogModuleManager: Shutting down and abandoning module MeshUtilities (182)
[2018.09.27-15.41.22:048][375]LogModuleManager: Shutting down and abandoning module MeshMergeUtilities (181)
[2018.09.27-15.41.22:079][375]LogModuleManager: Shutting down and abandoning module MeshReductionInterface (180)
[2018.09.27-15.41.22:079][375]LogModuleManager: Shutting down and abandoning module SimplygonSwarm (179)
[2018.09.27-15.41.22:091][375]LogModuleManager: Shutting down and abandoning module ProxyLODMeshReduction (177)
[2018.09.27-15.41.22:117][375]LogModuleManager: Shutting down and abandoning module SimplygonMeshReduction (175)
[2018.09.27-15.41.22:117][375]LogModuleManager: Shutting down and abandoning module QuadricMeshReduction (173)
[2018.09.27-15.41.22:140][375]LogModuleManager: Shutting down and abandoning module MaterialBaking (169)
[2018.09.27-15.41.22:152][375]LogModuleManager: Shutting down and abandoning module DirectoryWatcher (165)
[2018.09.27-15.41.22:152][375]LogModuleManager: Shutting down and abandoning module DerivedDataCache (162)
[2018.09.27-15.41.22:237][375]LogDerivedDataCache: Shutdown
[2018.09.27-15.41.22:237][375]LogModuleManager: Shutting down and abandoning module XGEController (160)
[2018.09.27-15.41.22:271][375]LogModuleManager: Shutting down and abandoning module TargetPlatform (158)
[2018.09.27-15.41.22:271][375]LogModuleManager: Shutting down and abandoning module VulkanShaderFormat (157)
[2018.09.27-15.41.22:297][375]LogModuleManager: Shutting down and abandoning module ShaderFormatVectorVM (155)
[2018.09.27-15.41.22:324][375]LogModuleManager: Shutting down and abandoning module ShaderFormatOpenGL (153)
[2018.09.27-15.41.22:326][375]LogModuleManager: Shutting down and abandoning module ShaderFormatD3D (151)
[2018.09.27-15.41.22:326][375]LogModuleManager: Shutting down and abandoning module MetalShaderFormat (149)
[2018.09.27-15.41.22:368][375]LogModuleManager: Shutting down and abandoning module TextureFormatUncompressed (147)
[2018.09.27-15.41.22:368][375]LogModuleManager: Shutting down and abandoning module TextureFormatPVR (145)
[2018.09.27-15.41.22:368][375]LogModuleManager: Shutting down and abandoning module TextureFormatDXT (143)
[2018.09.27-15.41.22:368][375]LogModuleManager: Shutting down and abandoning module TextureFormatIntelISPCTexComp (141)
[2018.09.27-15.41.22:385][375]LogModuleManager: Shutting down and abandoning module TextureFormatASTC (139)
[2018.09.27-15.41.22:385][375]LogModuleManager: Shutting down and abandoning module ImageWrapper (138)
[2018.09.27-15.41.22:385][375]LogModuleManager: Shutting down and abandoning module TextureFormatAndroid (135)
[2018.09.27-15.41.22:385][375]LogModuleManager: Shutting down and abandoning module AudioFormatOpus (133)
[2018.09.27-15.41.22:385][375]LogModuleManager: Shutting down and abandoning module AudioFormatOgg (131)
[2018.09.27-15.41.22:385][375]LogModuleManager: Shutting down and abandoning module AudioFormatADPCM (129)
[2018.09.27-15.41.22:385][375]LogModuleManager: Shutting down and abandoning module LuminTargetPlatform (127)
[2018.09.27-15.41.22:385][375]LogModuleManager: Shutting down and abandoning module LinuxTargetPlatform (125)
[2018.09.27-15.41.22:385][375]LogModuleManager: Shutting down and abandoning module LinuxServerTargetPlatform (123)
[2018.09.27-15.41.22:385][375]LogModuleManager: Shutting down and abandoning module LinuxNoEditorTargetPlatform (121)
[2018.09.27-15.41.22:401][375]LogModuleManager: Shutting down and abandoning module LinuxClientTargetPlatform (119)
[2018.09.27-15.41.22:404][375]LogModuleManager: Shutting down and abandoning module TVOSTargetPlatform (117)
[2018.09.27-15.41.22:405][375]LogModuleManager: Shutting down and abandoning module Messaging (115)
[2018.09.27-15.41.22:405][375]LogModuleManager: Shutting down and abandoning module IOSTargetPlatform (113)
[2018.09.27-15.41.22:405][375]LogModuleManager: Shutting down and abandoning module HTML5TargetPlatform (111)
[2018.09.27-15.41.22:405][375]LogModuleManager: Shutting down and abandoning module AndroidTargetPlatform (109)
[2018.09.27-15.41.22:447][375]LogModuleManager: Shutting down and abandoning module WindowsTargetPlatform (107)
[2018.09.27-15.41.22:447][375]LogModuleManager: Shutting down and abandoning module WindowsServerTargetPlatform (105)
[2018.09.27-15.41.22:447][375]LogModuleManager: Shutting down and abandoning module WindowsNoEditorTargetPlatform (103)
[2018.09.27-15.41.22:447][375]LogModuleManager: Shutting down and abandoning module WindowsClientTargetPlatform (101)
[2018.09.27-15.41.22:447][375]LogModuleManager: Shutting down and abandoning module MacTargetPlatform (99)
[2018.09.27-15.41.22:447][375]LogModuleManager: Shutting down and abandoning module MacServerTargetPlatform (97)
[2018.09.27-15.41.22:447][375]LogModuleManager: Shutting down and abandoning module MacNoEditorTargetPlatform (95)
[2018.09.27-15.41.22:447][375]LogModuleManager: Shutting down and abandoning module MacClientTargetPlatform (93)
[2018.09.27-15.41.22:447][375]LogModuleManager: Shutting down and abandoning module AllDesktopTargetPlatform (91)
[2018.09.27-15.41.22:447][375]LogModuleManager: Shutting down and abandoning module InputCore (88)
[2018.09.27-15.41.22:447][375]LogModuleManager: Shutting down and abandoning module Settings (86)
[2018.09.27-15.41.22:447][375]LogModuleManager: Shutting down and abandoning module PhysXCooking (84)
[2018.09.27-15.41.22:447][375]LogModuleManager: Shutting down and abandoning module SteamVR (82)
[2018.09.27-15.41.22:447][375]LogModuleManager: Shutting down and abandoning module OculusHMD (80)
[2018.09.27-15.41.22:471][375]LogModuleManager: Shutting down and abandoning module ExampleDeviceProfileSelector (78)
[2018.09.27-15.41.22:471][375]LogModuleManager: Shutting down and abandoning module LauncherChunkInstaller (76)
[2018.09.27-15.41.22:471][375]LogModuleManager: Shutting down and abandoning module OnlineBlueprintSupport (74)
[2018.09.27-15.41.22:471][375]LogModuleManager: Shutting down and abandoning module OnlineSubsystem (70)
[2018.09.27-15.41.22:536][375]LogModuleManager: Shutting down and abandoning module XMPP (65)
[2018.09.27-15.41.22:622][375]LogModuleManager: Shutting down and abandoning module WebSockets (64)
[2018.09.27-15.41.22:738][375]LogModuleManager: Shutting down and abandoning module HTTP (61)
[2018.09.27-15.41.22:770][375]LogHttp: Display: Http module shutting down, but needs to wait on 1 outstanding Http requests:
[2018.09.27-15.41.22:770][375]LogHttp: Display: 	verb=[POST] url=[https://datarouter.ol.epicgames.com/datarouter/api/v1/public/data?SessionID=%7BF8E20AA0-42B1-B9D6-D045-6196E69E92E1%7D&AppID=UEEditor.Rocket.Release&AppVersion=4.20.3-4369336%2B%2B%2BUE4%2BRelease-4.20&UserID=a850a5594fd6eada9e8ceb920500105b%7C5af3b3423aba4c25aa15eb8920121981%7C37abc0b7-dbd2-4766-8579-643a277c0461&AppEnvironment=datacollector-binary&UploadType=eteventstream] status=Processing
[2018.09.27-15.41.22:804][375]LogModuleManager: Shutting down and abandoning module SSL (60)
[2018.09.27-15.41.22:877][375]LogModuleManager: Shutting down and abandoning module MagicLeapEmulator (56)
[2018.09.27-15.41.22:877][375]LogModuleManager: Shutting down and abandoning module MagicLeapPrivileges (54)
[2018.09.27-15.41.22:877][375]LogModuleManager: Shutting down and abandoning module MagicLeapIdentity (52)
[2018.09.27-15.41.22:877][375]LogModuleManager: Shutting down and abandoning module MagicLeapHelperVulkan (50)
[2018.09.27-15.41.22:877][375]LogModuleManager: Shutting down and abandoning module MagicLeapHelperOpenGL (48)
[2018.09.27-15.41.22:877][375]LogModuleManager: Shutting down and abandoning module MagicLeapSecureStorage (46)
[2018.09.27-15.41.22:877][375]LogModuleManager: Shutting down and abandoning module MagicLeapGestures (44)
[2018.09.27-15.41.22:877][375]LogModuleManager: Shutting down and abandoning module MagicLeapEyeTracker (42)
[2018.09.27-15.41.22:877][375]LogModuleManager: Shutting down and abandoning module MagicLeapController (40)
[2018.09.27-15.41.22:877][375]LogSlate: Slate User Destroyed.  User Index 0, Is Virtual User: 0
[2018.09.27-15.41.22:877][375]LogModuleManager: Shutting down and abandoning module MagicLeap (38)
[2018.09.27-15.41.22:877][375]LogModuleManager: Shutting down and abandoning module AnimationModifiers (36)
[2018.09.27-15.41.22:897][375]LogModuleManager: Shutting down and abandoning module PropertyEditor (35)
[2018.09.27-15.41.22:927][375]LogModuleManager: Shutting down and abandoning module AudioEditor (32)
[2018.09.27-15.41.22:971][375]LogModuleManager: Shutting down and abandoning module TextureCompressor (30)
[2018.09.27-15.41.22:971][375]LogModuleManager: Shutting down and abandoning module ShaderCore (28)
[2018.09.27-15.41.22:971][375]LogModuleManager: Shutting down and abandoning module Landscape (26)
[2018.09.27-15.41.22:971][375]LogModuleManager: Shutting down and abandoning module SlateRHIRenderer (24)
[2018.09.27-15.41.23:031][375]LogModuleManager: Shutting down and abandoning module OpenGLDrv (22)
[2018.09.27-15.41.23:059][375]LogModuleManager: Shutting down and abandoning module D3D11RHI (20)
[2018.09.27-15.41.23:059][375]LogModuleManager: Shutting down and abandoning module AnimGraphRuntime (18)
[2018.09.27-15.41.23:094][375]LogModuleManager: Shutting down and abandoning module Renderer (16)
[2018.09.27-15.41.23:094][375]LogModuleManager: Shutting down and abandoning module Engine (14)
[2018.09.27-15.41.23:094][375]LogModuleManager: Shutting down and abandoning module CoreUObject (12)
[2018.09.27-15.41.23:094][375]LogModuleManager: Shutting down and abandoning module NetworkFile (10)
[2018.09.27-15.41.23:105][375]LogModuleManager: Shutting down and abandoning module CookedIterativeFile (8)
[2018.09.27-15.41.23:105][375]LogModuleManager: Shutting down and abandoning module StreamingFile (6)
[2018.09.27-15.41.23:143][375]LogModuleManager: Shutting down and abandoning module SandboxFile (4)
[2018.09.27-15.41.23:143][375]LogModuleManager: Shutting down and abandoning module PakFile (2)
[2018.09.27-15.41.23:241][375]LogExit: Exiting.
[2018.09.27-15.41.23:268][375]Log file closed, 09/27/18 17:41:23
