Log file open, 09/24/18 22:44:00
LogWindows: Failed to load 'aqProf.dll' (GetLastError=126)
LogWindows: File 'aqProf.dll' does not exist
LogWindows: Failed to load 'VSPerf140.dll' (GetLastError=126)
LogWindows: File 'VSPerf140.dll' does not exist
LogWindows: Failed to load 'VtuneApi.dll' (GetLastError=126)
LogWindows: File 'VtuneApi.dll' does not exist
LogWindows: Failed to load 'VtuneApi32e.dll' (GetLastError=126)
LogWindows: File 'VtuneApi32e.dll' does not exist
LogInit: Display: Running engine for game: GameJamProject
LogPlatformFile: Not using cached read wrapper
LogTaskGraph: Started task graph with 5 named threads and 14 total threads with 3 sets of task threads.
LogStats: Stats thread started at 0.192442
LogD3D11RHI: Loaded GFSDK_Aftermath_Lib.x64.dll
LogICUInternationalization: Display: ICU TimeZone Detection - Raw Offset: +1:00, Platform Override: ''
LogPluginManager: Mounting plugin Paper2D
LogPluginManager: Mounting plugin AISupport
LogPluginManager: Mounting plugin LightPropagationVolume
LogPluginManager: Mounting plugin CLionSourceCodeAccess
LogPluginManager: Mounting plugin CodeLiteSourceCodeAccess
LogPluginManager: Mounting plugin GitSourceControl
LogPluginManager: Mounting plugin KDevelopSourceCodeAccess
LogPluginManager: Mounting plugin NullSourceCodeAccess
LogPluginManager: Mounting plugin PerforceSourceControl
LogPluginManager: Mounting plugin SubversionSourceControl
LogPluginManager: Mounting plugin UObjectPlugin
LogPluginManager: Mounting plugin VisualStudioCodeSourceCodeAccess
LogPluginManager: Mounting plugin VisualStudioSourceCodeAccess
LogPluginManager: Mounting plugin XCodeSourceCodeAccess
LogPluginManager: Mounting plugin AssetManagerEditor
LogPluginManager: Mounting plugin CryptoKeys
LogPluginManager: Mounting plugin DataValidation
LogPluginManager: Mounting plugin FacialAnimation
LogPluginManager: Mounting plugin GameplayTagsEditor
LogPluginManager: Mounting plugin MacGraphicsSwitching
LogPluginManager: Mounting plugin MeshEditor
LogPluginManager: Mounting plugin MobileLauncherProfileWizard
LogPluginManager: Mounting plugin PluginBrowser
LogPluginManager: Mounting plugin SpeedTreeImporter
LogPluginManager: Mounting plugin DatasmithContent
LogPluginManager: Mounting plugin AlembicImporter
LogPluginManager: Mounting plugin AppleImageUtils
LogPluginManager: Mounting plugin AppleVision
LogPluginManager: Mounting plugin BackChannel
LogPluginManager: Mounting plugin CharacterAI
LogPluginManager: Mounting plugin GeometryCache
LogPluginManager: Mounting plugin HTML5Networking
LogPluginManager: Mounting plugin ProxyLODPlugin
LogPluginManager: Mounting plugin MagicLeap
LogPluginManager: Mounting plugin MagicLeapEmulator
LogPluginManager: Mounting plugin MagicLeapMedia
LogPluginManager: Mounting plugin AndroidMedia
LogPluginManager: Mounting plugin AvfMedia
LogPluginManager: Mounting plugin ImgMedia
LogPluginManager: Mounting plugin LinearTimecode
LogPluginManager: Mounting plugin MediaCompositing
LogPluginManager: Mounting plugin MediaPlayerEditor
LogPluginManager: Mounting plugin WmfMedia
LogPluginManager: Mounting plugin TcpMessaging
LogPluginManager: Mounting plugin UdpMessaging
LogPluginManager: Mounting plugin ActorSequence
LogPluginManager: Mounting plugin LevelSequenceEditor
LogPluginManager: Mounting plugin MatineeToLevelSequence
LogPluginManager: Mounting plugin NetcodeUnitTest
LogPluginManager: Mounting plugin NUTUnrealEngine4
LogPluginManager: Mounting plugin OnlineSubsystemGooglePlay
LogPluginManager: Mounting plugin OnlineSubsystemIOS
LogPluginManager: Mounting plugin OnlineSubsystem
LogPluginManager: Mounting plugin OnlineSubsystemNull
LogPluginManager: Mounting plugin OnlineSubsystemUtils
LogPluginManager: Mounting plugin LauncherChunkInstaller
LogPluginManager: Mounting plugin AndroidDeviceProfileSelector
LogPluginManager: Mounting plugin AndroidMoviePlayer
LogPluginManager: Mounting plugin AndroidPermission
LogPluginManager: Mounting plugin AppleMoviePlayer
LogPluginManager: Mounting plugin ArchVisCharacter
LogPluginManager: Mounting plugin AudioCapture
LogPluginManager: Mounting plugin CableComponent
LogPluginManager: Mounting plugin CustomMeshComponent
LogPluginManager: Mounting plugin EditableMesh
LogPluginManager: Mounting plugin ExampleDeviceProfileSelector
LogPluginManager: Mounting plugin GoogleCloudMessaging
LogPluginManager: Mounting plugin ImmediatePhysics
LogPluginManager: Mounting plugin IOSDeviceProfileSelector
LogPluginManager: Mounting plugin LinuxDeviceProfileSelector
LogPluginManager: Mounting plugin LocationServicesBPLibrary
LogPluginManager: Mounting plugin MobilePatchingUtils
LogPluginManager: Mounting plugin OculusVR
LogPluginManager: Plugin shader directory ../../../Engine/Plugins/Runtime/Oculus/OculusVR/Shaders found
LogPluginManager: Mapping shader source directory ../../../Engine/Plugins/Runtime/Oculus/OculusVR/Shaders to virtual directory /Plugin/OculusVR
LogPluginManager: Mounting plugin PhysXVehicles
LogPluginManager: Mounting plugin ProceduralMeshComponent
LogPluginManager: Mounting plugin RuntimePhysXCooking
LogPluginManager: Mounting plugin SteamVR
LogPluginManager: Mounting plugin WindowsMoviePlayer
LogStreaming: Display: Took  0.090s to configure plugins.
LogInit: Using libcurl 7.55.1-DEV
LogInit:  - built for x86_64-pc-win32
LogInit:  - supports SSL with OpenSSL/1.0.2h
LogInit:  - supports HTTP deflate (compression) using libz 1.2.8
LogInit:  - other features:
LogInit:      CURL_VERSION_SSL
LogInit:      CURL_VERSION_LIBZ
LogInit:      CURL_VERSION_IPV6
LogInit:      CURL_VERSION_ASYNCHDNS
LogInit:      CURL_VERSION_LARGEFILE
LogInit:      CURL_VERSION_IDN
LogInit:  CurlRequestOptions (configurable via config and command line):
LogInit:  - bVerifyPeer = false  - Libcurl will NOT verify peer certificate
LogInit:  - bUseHttpProxy = false  - Libcurl will NOT use HTTP proxy
LogInit:  - bDontReuseConnections = false  - Libcurl will reuse connections
LogInit:  - CertBundlePath = nullptr  - Libcurl will use whatever was configured at build time.
LogInit:  - MaxHostConnections = 16  - Libcurl will limit the number of connections to a host
LogInit:  - LocalHostAddr = Default
LogInit:  - BufferSize = 65536
LogInit: WinSock: version 1.1 (2.2), MaxSocks=32767, MaxUdp=65467
LogInit: Build: ++UE4+Release-4.20-CL-4369336
LogInit: Engine Version: 4.20.3-4369336+++UE4+Release-4.20
LogInit: Compatible Engine Version: 4.20.0-4212847+++UE4+Release-4.20
LogInit: Net CL: 4212847
LogInit: OS: Windows 10 (), CPU: Intel(R) Core(TM) i5-4690K CPU @ 3.50GHz, GPU: NVIDIA GeForce GTX 1070
LogInit: Compiled (64-bit): Sep 17 2018 12:26:19
LogInit: Compiled with Visual C++: 19.13.26129.00
LogInit: Build Configuration: Development
LogInit: Branch Name: ++UE4+Release-4.20
LogInit: Command Line:  
LogInit: Base Directory: F:/Unreal Engine/UE_4.20/Engine/Binaries/Win64/
LogInit: Installed Engine Build: 1
LogDevObjectVersion: Number of dev versions registered: 20
LogDevObjectVersion:   Dev-Blueprints (B0D832E4-1F89-4F0D-ACCF-7EB736FD4AA2): 10
LogDevObjectVersion:   Dev-Build (E1C64328-A22C-4D53-A36C-8E866417BD8C): 0
LogDevObjectVersion:   Dev-Core (375EC13C-06E4-48FB-B500-84F0262A717E): 2
LogDevObjectVersion:   Dev-Editor (E4B068ED-F494-42E9-A231-DA0B2E46BB41): 24
LogDevObjectVersion:   Dev-Framework (CFFC743F-43B0-4480-9391-14DF171D2073): 34
LogDevObjectVersion:   Dev-Mobile (B02B49B5-BB20-44E9-A304-32B752E40360): 2
LogDevObjectVersion:   Dev-Networking (A4E4105C-59A1-49B5-A7C5-40C4547EDFEE): 0
LogDevObjectVersion:   Dev-Online (39C831C9-5AE6-47DC-9A44-9C173E1C8E7C): 0
LogDevObjectVersion:   Dev-Physics (78F01B33-EBEA-4F98-B9B4-84EACCB95AA2): 0
LogDevObjectVersion:   Dev-Platform (6631380F-2D4D-43E0-8009-CF276956A95A): 0
LogDevObjectVersion:   Dev-Rendering (12F88B9F-8875-4AFC-A67C-D90C383ABD29): 26
LogDevObjectVersion:   Dev-Sequencer (7B5AE74C-D270-4C10-A958-57980B212A5A): 9
LogDevObjectVersion:   Dev-VR (D7296918-1DD6-4BDD-9DE2-64A83CC13884): 2
LogDevObjectVersion:   Dev-LoadTimes (C2A15278-BFE7-4AFE-6C17-90FF531DF755): 1
LogDevObjectVersion:   Private-Geometry (6EACA3D4-40EC-4CC1-B786-8BED09428FC5): 3
LogDevObjectVersion:   Dev-AnimPhys (29E575DD-E0A3-4627-9D10-D276232CDCEA): 17
LogDevObjectVersion:   Dev-ReflectionCapture (6B266CEC-1EC7-4B8F-A30B-E4D90942FC07): 1
LogDevObjectVersion:   Dev-Automation (0DF73D61-A23F-47EA-B727-89E90C41499A): 1
LogDevObjectVersion:   FortniteMain (601D1886-AC64-4F84-AA16-D3DE0DEAC7D6): 12
LogDevObjectVersion:   Dev-Enterprise (9DFFBCD6-494F-0158-E221-12823C92A888): 1
LogStreaming: Display: Took  0.002s to delete old logs.
LogInit: Presizing for max 8388607 objects, including 0 objects not considered by GC, pre-allocating 0 bytes for permanent pool.
LogInit: Object subsystem initialized
[2018.09.24-20.44.01:301][  0]LogInit: Selected Device Profile: [Windows]
[2018.09.24-20.44.01:301][  0]LogInit: Applying CVar settings loaded from the selected device profile: [Windows]
[2018.09.24-20.44.01:313][  0]LogHAL: Display: Platform has ~ 16 GB [17126174720 / 17179869184 / 16], which maps to Larger [LargestMinGB=32, LargerMinGB=12, DefaultMinGB=8, SmallerMinGB=6, SmallestMinGB=0)
[2018.09.24-20.44.01:313][  0]LogInit: Setting Device Profile CVar: [[r.Vulkan.UseRealUBs:1]]
[2018.09.24-20.44.01:313][  0]LogInit: Going up to parent DeviceProfile []
[2018.09.24-20.44.01:313][  0]LogInit: Computer: PC-ALEX
[2018.09.24-20.44.01:313][  0]LogInit: User: malin
[2018.09.24-20.44.01:313][  0]LogInit: CPU Page size=4096, Cores=4
[2018.09.24-20.44.01:313][  0]LogInit: High frequency timer resolution =3.417984 MHz
[2018.09.24-20.44.01:314][  0]LogMemory: Memory total: Physical=15.9GB (16GB approx)
[2018.09.24-20.44.01:314][  0]LogMemory: Platform Memory Stats for Windows
[2018.09.24-20.44.01:314][  0]LogMemory: Process Physical Memory: 100.57 MB used, 100.57 MB peak
[2018.09.24-20.44.01:314][  0]LogMemory: Process Virtual Memory: 84.22 MB used, 84.22 MB peak
[2018.09.24-20.44.01:314][  0]LogMemory: Physical Memory: 6368.96 MB used,  9963.83 MB free, 16332.79 MB total
[2018.09.24-20.44.01:314][  0]LogMemory: Virtual Memory: 4620.27 MB used,  9963.83 MB free, 134217728.00 MB total
[2018.09.24-20.44.01:328][  0]LogInit: Using OS detected language (fr-FR).
[2018.09.24-20.44.01:328][  0]LogInit: Using OS detected locale (fr-FR).
[2018.09.24-20.44.01:329][  0]LogTextLocalizationManager: No specific localization for 'fr-FR' exists, so the 'fr' localization will be used.
[2018.09.24-20.44.01:330][  0]LogStreaming: Display: Took  0.002s to InitEngineTextLocalization.
[2018.09.24-20.44.01:330][  0]LogInit: Setting process to per monitor DPI aware
[2018.09.24-20.44.01:352][  0]LogSlate: New Slate User Created.  User Index 0, Is Virtual User: 0
[2018.09.24-20.44.01:352][  0]LogSlate: Slate User Registered.  User Index 0, Is Virtual User: 0
[2018.09.24-20.44.01:543][  0]LogHMD: Failed to initialize OpenVR with code 110
[2018.09.24-20.44.01:543][  0]LogD3D11RHI: D3D11 adapters:
[2018.09.24-20.44.01:598][  0]LogD3D11RHI:    0. 'NVIDIA GeForce GTX 1070' (Feature Level 11_0)
[2018.09.24-20.44.01:598][  0]LogD3D11RHI:       8088/0/8166 MB DedicatedVideo/DedicatedSystem/SharedSystem, Outputs:2, VendorId:0x10de
[2018.09.24-20.44.01:600][  0]LogD3D11RHI:    1. 'Microsoft Basic Render Driver' (Feature Level 11_0)
[2018.09.24-20.44.01:600][  0]LogD3D11RHI:       0/0/8166 MB DedicatedVideo/DedicatedSystem/SharedSystem, Outputs:0, VendorId:0x1414
[2018.09.24-20.44.01:600][  0]LogD3D11RHI: Chosen D3D11 Adapter: 0
[2018.09.24-20.44.01:606][  0]LogD3D11RHI: Creating new Direct3DDevice
[2018.09.24-20.44.01:606][  0]LogD3D11RHI:     GPU DeviceId: 0x1b81 (for the marketing name, search the web for "GPU Device Id")
[2018.09.24-20.44.01:606][  0]LogWindows: EnumDisplayDevices:
[2018.09.24-20.44.01:606][  0]LogWindows:    0. 'NVIDIA GeForce GTX 1070' (P:1 D:1)
[2018.09.24-20.44.01:606][  0]LogWindows:    1. 'NVIDIA GeForce GTX 1070' (P:0 D:1)
[2018.09.24-20.44.01:607][  0]LogWindows:    2. 'NVIDIA GeForce GTX 1070' (P:0 D:0)
[2018.09.24-20.44.01:607][  0]LogWindows:    3. 'NVIDIA GeForce GTX 1070' (P:0 D:0)
[2018.09.24-20.44.01:607][  0]LogWindows: DebugString: FoundDriverCount:4 
[2018.09.24-20.44.01:607][  0]LogD3D11RHI:     Adapter Name: NVIDIA GeForce GTX 1070
[2018.09.24-20.44.01:607][  0]LogD3D11RHI:   Driver Version: 411.63 (internal:24.21.14.1163, unified:411.63)
[2018.09.24-20.44.01:607][  0]LogD3D11RHI:      Driver Date: 9-18-2018
[2018.09.24-20.44.01:607][  0]LogRHI: Texture pool is 5661 MB (70% of 8088 MB)
[2018.09.24-20.44.01:646][  0]LogD3D11RHI: Async texture creation enabled
[2018.09.24-20.44.01:668][  0]LogD3D11RHI: GPU Timing Frequency: 1000.000000 (Debug: 2 2)
[2018.09.24-20.44.01:711][  0]LogShaderCompilers: Guid format shader working directory is -7 characters bigger than the processId version (../../../../../Projet/Gamejam/GameJam/GameJamProject/Intermediate/Shaders/WorkingDirectory/12152/).
[2018.09.24-20.44.01:711][  0]LogShaderCompilers: Cleaned the shader compiler working directory 'C:/Users/malin/AppData/Local/Temp/UnrealShaderWorkingDir/2240C2C848CE0A6C4BAA90A2C03A6E75/'.
[2018.09.24-20.44.02:412][  0]LogTemp: Display: Loaded TP AllDesktopTargetPlatform
[2018.09.24-20.44.02:425][  0]LogTemp: Display: Loaded TP MacClientTargetPlatform
[2018.09.24-20.44.02:439][  0]LogTemp: Display: Loaded TP MacNoEditorTargetPlatform
[2018.09.24-20.44.02:454][  0]LogTemp: Display: Loaded TP MacServerTargetPlatform
[2018.09.24-20.44.02:468][  0]LogTemp: Display: Loaded TP MacTargetPlatform
[2018.09.24-20.44.02:482][  0]LogTemp: Display: Loaded TP WindowsClientTargetPlatform
[2018.09.24-20.44.02:495][  0]LogTemp: Display: Loaded TP WindowsNoEditorTargetPlatform
[2018.09.24-20.44.02:509][  0]LogTemp: Display: Loaded TP WindowsServerTargetPlatform
[2018.09.24-20.44.02:515][  0]LogTemp: Display: Loaded TP WindowsTargetPlatform
[2018.09.24-20.44.02:600][  0]LogTemp: Display: Loaded TP AndroidTargetPlatform
[2018.09.24-20.44.02:600][  0]LogTemp: Display: Loaded TP AndroidTargetPlatform
[2018.09.24-20.44.02:600][  0]LogTemp: Display: Loaded TP AndroidTargetPlatform
[2018.09.24-20.44.02:600][  0]LogTemp: Display: Loaded TP AndroidTargetPlatform
[2018.09.24-20.44.02:600][  0]LogTemp: Display: Loaded TP AndroidTargetPlatform
[2018.09.24-20.44.02:600][  0]LogTemp: Display: Loaded TP AndroidTargetPlatform
[2018.09.24-20.44.02:600][  0]LogTemp: Display: Loaded TP AndroidTargetPlatform
[2018.09.24-20.44.02:600][  0]LogTemp: Display: Loaded TP AndroidTargetPlatform
[2018.09.24-20.44.02:600][  0]LogTemp: Display: Loaded TP AndroidTargetPlatform
[2018.09.24-20.44.02:600][  0]LogTemp: Display: Loaded TP AndroidTargetPlatform
[2018.09.24-20.44.02:600][  0]LogTemp: Display: Loaded TP AndroidTargetPlatform
[2018.09.24-20.44.02:600][  0]LogTemp: Display: Loaded TP AndroidTargetPlatform
[2018.09.24-20.44.02:600][  0]LogTemp: Display: Loaded TP AndroidTargetPlatform
[2018.09.24-20.44.02:600][  0]LogTemp: Display: Loaded TP AndroidTargetPlatform
[2018.09.24-20.44.02:600][  0]LogTemp: Display: Loaded TP AndroidTargetPlatform
[2018.09.24-20.44.02:600][  0]LogTemp: Display: Loaded TP AndroidTargetPlatform
[2018.09.24-20.44.02:600][  0]LogTemp: Display: Loaded TP AndroidTargetPlatform
[2018.09.24-20.44.02:600][  0]LogTemp: Display: Loaded TP AndroidTargetPlatform
[2018.09.24-20.44.02:601][  0]LogTemp: Display: Loaded TP HTML5TargetPlatform
[2018.09.24-20.44.02:661][  0]LogTemp: Display: Loaded TP IOSTargetPlatform
[2018.09.24-20.44.02:661][  0]LogTemp: Display: Loaded TP IOSTargetPlatform
[2018.09.24-20.44.02:685][  0]LogTemp: Display: Loaded TP TVOSTargetPlatform
[2018.09.24-20.44.02:685][  0]LogTemp: Display: Loaded TP TVOSTargetPlatform
[2018.09.24-20.44.02:697][  0]LogTemp: Display: Loaded TP LinuxClientTargetPlatform
[2018.09.24-20.44.02:710][  0]LogTemp: Display: Loaded TP LinuxNoEditorTargetPlatform
[2018.09.24-20.44.02:722][  0]LogTemp: Display: Loaded TP LinuxServerTargetPlatform
[2018.09.24-20.44.02:735][  0]LogTemp: Display: Loaded TP LinuxTargetPlatform
[2018.09.24-20.44.02:744][  0]LogTemp: Display: Loaded TP LuminTargetPlatform
[2018.09.24-20.44.02:744][  0]LogTargetPlatformManager: Display: Building Assets For Windows
[2018.09.24-20.44.02:788][  0]LogXGEController: Cannot use XGE Controller as Incredibuild is not installed on this machine.
[2018.09.24-20.44.02:788][  0]LogShaderCompilers: Cannot use XGE Shader Compiler as Incredibuild is not installed on this machine.
[2018.09.24-20.44.02:788][  0]LogShaderCompilers: Display: Using Local Shader Compiler.
[2018.09.24-20.44.03:490][  0]LogDerivedDataCache: Display: Max Cache Size: 512 MB
[2018.09.24-20.44.03:542][  0]LogDerivedDataCache: Loaded boot cache 0.05s 71MB C:/Users/malin/AppData/Local/UnrealEngine/4.20/DerivedDataCache/Boot.ddc.
[2018.09.24-20.44.03:543][  0]LogDerivedDataCache: Display: Loaded Boot cache: C:/Users/malin/AppData/Local/UnrealEngine/4.20/DerivedDataCache/Boot.ddc
[2018.09.24-20.44.03:543][  0]LogDerivedDataCache: FDerivedDataBackendGraph:  Pak pak cache file ../../../../../Projet/Gamejam/GameJam/GameJamProject/DerivedDataCache/DDC.ddp not found, will not use a pak cache.
[2018.09.24-20.44.03:543][  0]LogDerivedDataCache: Unable to find inner node Pak for hierarchical cache Hierarchy.
[2018.09.24-20.44.03:543][  0]LogDerivedDataCache: FDerivedDataBackendGraph:  CompressedPak pak cache file ../../../../../Projet/Gamejam/GameJam/GameJamProject/DerivedDataCache/Compressed.ddp not found, will not use a pak cache.
[2018.09.24-20.44.03:543][  0]LogDerivedDataCache: Unable to find inner node CompressedPak for hierarchical cache Hierarchy.
[2018.09.24-20.44.03:556][  0]LogDerivedDataCache: Display: Pak cache opened for reading ../../../Engine/DerivedDataCache/Compressed.ddp.
[2018.09.24-20.44.03:568][  0]LogDerivedDataCache: Using Local data cache path C:/Users/malin/AppData/Local/UnrealEngine/Common/DerivedDataCache: Writable
[2018.09.24-20.44.03:568][  0]LogDerivedDataCache: Shared data cache path not found in *engine.ini, will not use an Shared cache.
[2018.09.24-20.44.03:568][  0]LogDerivedDataCache: Unable to find inner node Shared for hierarchical cache Hierarchy.
[2018.09.24-20.44.03:587][  0]LogMaterial: Verifying Global Shaders for PCD3D_SM5
[2018.09.24-20.44.03:588][  0]LogSlate: Using FreeType 2.6.0
[2018.09.24-20.44.03:589][  0]LogSlate: SlateFontServices - WITH_FREETYPE: 1, WITH_HARFBUZZ: 1
[2018.09.24-20.44.03:661][  0]LogAssetRegistry: FAssetRegistry took 0.0257 seconds to start up
[2018.09.24-20.44.03:975][  0]LogInit: Selected Device Profile: [Windows]
[2018.09.24-20.44.04:101][  0]LogSimplygon: Simplygon DLL not present - disabling.
[2018.09.24-20.44.04:104][  0]LogMeshReduction: Using SimplygonSwarm for distributed automatic mesh merging
[2018.09.24-20.44.04:104][  0]LogMeshReduction: Using ProxyLODMeshReduction for automatic mesh merging
[2018.09.24-20.44.04:104][  0]LogMeshReduction: Using QuadricMeshReduction for automatic static mesh reduction
[2018.09.24-20.44.04:104][  0]LogMeshReduction: No automatic skeletal mesh reduction module available
[2018.09.24-20.44.04:122][  0]LogNetVersion: GameJamProject 1.0.0, NetCL: 4212847, EngineNetVer: 5, GameNetVer: 0 (Checksum: 804558789)
[2018.09.24-20.44.04:633][  0]LogPackageLocalizationCache: Processed 11 localized package path(s) for 2 prioritized culture(s) in 0.090253 seconds
[2018.09.24-20.44.04:639][  0]LogUObjectArray: 38425 objects as part of root set at end of initial load.
[2018.09.24-20.44.04:639][  0]LogUObjectAllocator: 6690864 out of 0 bytes used by permanent object pool.
[2018.09.24-20.44.04:639][  0]LogUObjectArray: CloseDisregardForGC: 0/0 objects in disregard for GC pool
[2018.09.24-20.44.05:398][  0]LogTcpMessaging: Initializing TcpMessaging bridge
[2018.09.24-20.44.05:411][  0]LogUdpMessaging: Initializing bridge on interface 0.0.0.0:0 to multicast group 230.0.0.1:6666.
[2018.09.24-20.44.05:542][  0]SourceControl: Source control is disabled
[2018.09.24-20.44.05:952][  0]LogAndroidPermission: UAndroidPermissionCallbackProxy::GetInstance
[2018.09.24-20.44.06:001][  0]LogOcInput: OculusInput pre-init called
[2018.09.24-20.44.06:055][  0]LogEngine: Initializing Engine...
[2018.09.24-20.44.06:056][  0]LogHMD: Failed to initialize OpenVR with code 110
[2018.09.24-20.44.06:057][  0]LogStats: UGameplayTagsManager::ConstructGameplayTagTree: ImportINI prefixes -  0.000 s
[2018.09.24-20.44.06:057][  0]LogStats: UGameplayTagsManager::ConstructGameplayTagTree: Construct from data asset -  0.000 s
[2018.09.24-20.44.06:057][  0]LogStats: UGameplayTagsManager::ConstructGameplayTagTree: ImportINI -  0.000 s
[2018.09.24-20.44.06:057][  0]LogStats: UGameplayTagsManager::ConstructGameplayTagTree: GameplayTagTreeChangedEvent.Broadcast -  0.000 s
[2018.09.24-20.44.06:252][  0]LogInit: Initializing FReadOnlyCVARCache
[2018.09.24-20.44.06:261][  0]LogAIModule: Creating AISystem for world Untitled
[2018.09.24-20.44.06:270][  0]LogInit: XAudio2 using 'Razer (Realtek High Definition Audio)' : 2 channels at 48 kHz using 32 bits per sample (channel mask 0x3)
[2018.09.24-20.44.06:278][  0]LogInit: FAudioDevice initialized.
[2018.09.24-20.44.06:278][  0]LogNetVersion: Set ProjectVersion to 1.0.0.0. Version Checksum will be recalculated on next use.
[2018.09.24-20.44.06:349][  0]LogDerivedDataCache: Saved boot cache 0.07s 71MB C:/Users/malin/AppData/Local/UnrealEngine/4.20/DerivedDataCache/Boot.ddc.
[2018.09.24-20.44.06:353][  0]LogInit: Texture streaming: Enabled
[2018.09.24-20.44.06:365][  0]LogEngineSessionManager: EngineSessionManager initialized
[2018.09.24-20.44.06:375][  0]LogInit: Transaction tracking system initialized
[2018.09.24-20.44.06:390][  0]BlueprintLog: New page: Editor Load
[2018.09.24-20.44.06:444][  0]LocalizationService: Localization service is disabled
[2018.09.24-20.44.06:491][  0]LogLinker: Warning: Can't find file '/Game/Character/ThirdPersonBP/ThirdPersonOverview'
[2018.09.24-20.44.06:492][  0]LogLinker: Warning: Can't find file '/Game/Character/ThirdPersonBP/ThirdPersonOverview'
[2018.09.24-20.44.06:492][  0]LogUObjectGlobals: Warning: Failed to find object 'Class /Game/Character/ThirdPersonBP/ThirdPersonOverview.ThirdPersonOverview_C'
[2018.09.24-20.44.06:674][  0]LogCook: Display: Max memory allowance for cook 16384mb min free memory 0mb
[2018.09.24-20.44.06:674][  0]LogCook: Display: Mobile HDR setting 1
[2018.09.24-20.44.06:674][  0]LogGameplayTags: Display: UGameplayTagsManager::DoneAddingNativeTags. DelegateIsBound: 0
[2018.09.24-20.44.06:674][  0]LogStats: UGameplayTagsManager::ConstructGameplayTagTree: ImportINI prefixes -  0.000 s
[2018.09.24-20.44.06:674][  0]LogStats: UGameplayTagsManager::ConstructGameplayTagTree: Construct from data asset -  0.000 s
[2018.09.24-20.44.06:674][  0]LogStats: UGameplayTagsManager::ConstructGameplayTagTree: ImportINI -  0.000 s
[2018.09.24-20.44.06:674][  0]LogStats: UGameplayTagsManager::ConstructGameplayTagTree: GameplayTagTreeChangedEvent.Broadcast -  0.000 s
[2018.09.24-20.44.06:767][  0]LogFileCache: Scanning file cache for directory 'F:/Projet/Gamejam/GameJam/GameJamProject/Content/' took 0.01s
[2018.09.24-20.44.06:767][  0]Cmd: MAP LOAD FILE="../../../../../Projet/Gamejam/GameJam/GameJamProject/Content/Level/Start.umap" TEMPLATE=0 SHOWPROGRESS=1 FEATURELEVEL=3
[2018.09.24-20.44.06:767][  0]LightingResults: New page: Lighting Build
[2018.09.24-20.44.06:769][  0]MapCheck: New page: Map Check
[2018.09.24-20.44.06:769][  0]LightingResults: New page: Lighting Build
[2018.09.24-20.44.07:075][  0]LogBlueprint: Warning: Timeline OpenClosed Track NewTrack_0 in /Engine/Transient.REINST_BP_Doors_C_4 has an invalid curve.  Please fix!
[2018.09.24-20.44.07:117][  0]LogBlueprint: Error: [Compiler BP_PlayerCharacter] In use pin  <Unnamed>  no longer exists on node  Door Metal Interact . Please refresh node or break links to remove pin.
[2018.09.24-20.44.07:117][  0]LogBlueprint: Error: [Compiler BP_PlayerCharacter] In use pin  Target  no longer exists on node  Door Metal Interact . Please refresh node or break links to remove pin.
[2018.09.24-20.44.07:117][  0]LogBlueprint: Error: [Compiler BP_PlayerCharacter] Could not find a function named "DoorMetalInteract" in 'BPDoorMetal_C'.
Make sure 'BPDoorMetal_C' has been compiled for  Door Metal Interact
[2018.09.24-20.44.07:192][  0]LogBlueprint: Warning: [Compiler BP_PlayerCharacter] [0007,54] Compile of BP_PlayerCharacter failed. 3 Fatal Issue(s) 0 Warning(s) [in 147 ms] (/Game/Character/Blueprints/BP_PlayerCharacter.BP_PlayerCharacter)
[2018.09.24-20.44.07:806][  0]LogAIModule: Creating AISystem for world Start
[2018.09.24-20.44.07:844][  0]LogEditorServer: Finished looking for orphan Actors (0.000 secs)
[2018.09.24-20.44.07:869][  0]Cmd: MAP CHECKDEP NOCLEARLOG
[2018.09.24-20.44.07:939][  0]MapCheck: Map check complete: 0 Error(s), 0 Warning(s), took 69,27ms to complete.
[2018.09.24-20.44.07:939][  0]LogFileHelpers: Loading map 'Start' took 1.172
[2018.09.24-20.44.08:043][  0]LogSlate: Updating window title bar state: overlay mode, drag disabled, window buttons hidden, title bar hidden
[2018.09.24-20.44.08:053][  0]LogSlate: Updating window title bar state: overlay mode, drag disabled, window buttons hidden, title bar hidden
[2018.09.24-20.44.08:061][  0]LogSlate: Updating window title bar state: overlay mode, drag disabled, window buttons hidden, title bar hidden
[2018.09.24-20.44.08:068][  0]LogSlate: Updating window title bar state: overlay mode, drag disabled, window buttons hidden, title bar hidden
[2018.09.24-20.44.08:073][  0]LogCollectionManager: Loaded 0 collections in 0.000999 seconds
[2018.09.24-20.44.08:117][  0]LogFileCache: Scanning file cache for directory 'F:/Projet/Gamejam/GameJam/GameJamProject/Saved/Collections/' took 0.01s
[2018.09.24-20.44.08:118][  0]LogFileCache: Scanning file cache for directory 'F:/Projet/Gamejam/GameJam/GameJamProject/Content/Developers/malin/Collections/' took 0.01s
[2018.09.24-20.44.08:118][  0]LogFileCache: Scanning file cache for directory 'F:/Projet/Gamejam/GameJam/GameJamProject/Content/Collections/' took 0.01s
[2018.09.24-20.44.08:118][  0]LogCollectionManager: Rebuilt the GUID cache for 0 collections in 0.000000 seconds
[2018.09.24-20.44.08:126][  0]LogContentBrowser: Native class hierarchy populated in 0.0085 seconds. Added 2572 classes and 603 folders.
[2018.09.24-20.44.08:131][  0]LogContentBrowser: Native class hierarchy updated for 'WidgetCarousel' in 0.0002 seconds. Added 0 classes and 0 folders.
[2018.09.24-20.44.08:170][  0]LogContentBrowser: Native class hierarchy updated for 'AddContentDialog' in 0.0002 seconds. Added 0 classes and 0 folders.
[2018.09.24-20.44.08:174][  0]LogContentBrowser: Native class hierarchy updated for 'SceneOutliner' in 0.0002 seconds. Added 1 classes and 2 folders.
[2018.09.24-20.44.08:189][  0]LogSlate: Took 0.000235 seconds to synchronously load lazily loaded font '../../../Engine/Content/Slate/Fonts/Roboto-Regular.ttf' (155K)
[2018.09.24-20.44.08:189][  0]LogSlate: Took 0.000157 seconds to synchronously load lazily loaded font '../../../Engine/Content/Slate/Fonts/Roboto-Bold.ttf' (160K)
[2018.09.24-20.44.08:197][  0]LogSlate: Took 0.000203 seconds to synchronously load lazily loaded font '../../../Engine/Content/Editor/Slate/Fonts/FontAwesome.ttf' (139K)
[2018.09.24-20.44.08:272][  0]LogRenderer: Reallocating scene render targets to support 1300x628 Format 10 NumSamples 1 (Frame:1).
[2018.09.24-20.44.08:372][  0]LogContentBrowser: Native class hierarchy updated for 'HierarchicalLODOutliner' in 0.0002 seconds. Added 0 classes and 0 folders.
[2018.09.24-20.44.08:372][  0]LogLoad: (Engine Initialization) Total time: 8.72 seconds
[2018.09.24-20.44.08:372][  0]LogLoad: (Engine Initialization) Total Blueprint compile time: 0.00 seconds
[2018.09.24-20.44.08:381][  0]LogWindowsTextInputMethodSystem: Display: IME system now deactivated.
[2018.09.24-20.44.08:403][  0]LogContentStreaming: Texture pool size now 1000 MB
[2018.09.24-20.44.08:430][  0]LogSlate: Took 0.000118 seconds to synchronously load lazily loaded font '../../../Engine/Content/Slate/Fonts/Roboto-Light.ttf' (167K)
[2018.09.24-20.44.08:446][  1]LogAssetRegistry: Asset discovery search completed in 4.8065 seconds
[2018.09.24-20.44.08:448][  1]LogCollectionManager: Rebuilt the object cache for 0 collections in 0.000000 seconds (found 0 objects)
[2018.09.24-20.44.08:448][  1]LogCollectionManager: Fixed up redirectors for 0 collections in 0.000056 seconds (updated 0 objects)
[2018.09.24-20.44.09:418][ 98]LogSlate: Took 0.000162 seconds to synchronously load lazily loaded font '../../../Engine/Content/Slate/Fonts/Roboto-Light.ttf' (167K)
[2018.09.24-20.44.15:301][801]LogSlate: FSceneViewport::OnFocusLost() reason 0
[2018.09.24-20.44.16:319][818]LogAIModule: Creating AISystem for world Hospital
[2018.09.24-20.44.16:371][818]LogAssetEditorManager: Opening Asset editor for World /Game/Maps/Hospital.Hospital
[2018.09.24-20.44.16:398][818]Cmd: MAP LOAD FILE="../../../../../Projet/Gamejam/GameJam/GameJamProject/Content/Maps/Hospital.umap" TEMPLATE=0 SHOWPROGRESS=1 FEATURELEVEL=3
[2018.09.24-20.44.16:398][818]LightingResults: New page: Lighting Build
[2018.09.24-20.44.16:399][818]LoadErrors: New page: Loading map: Hospital.umap
[2018.09.24-20.44.16:400][818]MapCheck: New page: Map Check
[2018.09.24-20.44.16:400][818]LightingResults: New page: Lighting Build
[2018.09.24-20.44.16:498][818]LogEditorServer: Finished looking for orphan Actors (0.000 secs)
[2018.09.24-20.44.16:569][818]Cmd: MAP CHECKDEP NOCLEARLOG
[2018.09.24-20.44.16:674][818]MapCheck: Map check complete: 0 Error(s), 0 Warning(s), took 104,838ms to complete.
[2018.09.24-20.44.16:674][818]LogFileHelpers: Loading map 'Hospital' took 0.277
[2018.09.24-20.44.25:761][889]LogSlate: FSceneViewport::OnFocusLost() reason 0
[2018.09.24-20.44.25:867][898]LogAssetEditorManager: Opening Asset editor for Blueprint /Game/World/MetalDoors/BPDoorMetal.BPDoorMetal
[2018.09.24-20.44.26:269][898]LogContentBrowser: Native class hierarchy updated for 'BlueprintGraph' in 0.0006 seconds. Added 116 classes and 0 folders.
[2018.09.24-20.44.27:005][898]LogAssetEditorManager: Opening Asset editor for Blueprint /Game/Assets/Blueprint/BP_Doors.BP_Doors
[2018.09.24-20.44.27:309][898]LogAssetEditorManager: Opening Asset editor for Blueprint /Game/Character/Blueprints/BP_PlayerCharacter.BP_PlayerCharacter
[2018.09.24-20.44.27:654][898]LogAssetEditorManager: Opening Asset editor for Blueprint /Game/System/SystemeInteract/Bp_Key.Bp_Key
[2018.09.24-20.44.27:975][898]LogAssetEditorManager: Opening Asset editor for Blueprint /Game/System/SystemeInteract/Bp_Pile.Bp_Pile
[2018.09.24-20.44.28:289][898]LogAssetEditorManager: Opening Asset editor for WidgetBlueprint /Game/UMG/Ui_Hud.Ui_Hud
[2018.09.24-20.44.28:656][898]LogSlate: Took 0.000218 seconds to synchronously load lazily loaded font '../../../Engine/Content/Slate/Fonts/Roboto-BoldCondensed.ttf' (158K)
[2018.09.24-20.44.28:722][899]LogSlate: Took 0.000206 seconds to synchronously load lazily loaded font '../../../Engine/Content/Slate/Fonts/Roboto-Italic.ttf' (157K)
[2018.09.24-20.44.36:101][375]BlueprintLog: New page: Compile Ui_Hud
[2018.09.24-20.44.36:662][395]Cmd: OBJ SAVEPACKAGE PACKAGE="/Game/UMG/Ui_Hud" FILE="../../../../../Projet/Gamejam/GameJam/GameJamProject/Content/UMG/Ui_Hud.uasset" SILENT=true
[2018.09.24-20.44.36:728][395]LogSavePackage: Moving '../../../../../Projet/Gamejam/GameJam/GameJamProject/Saved/Ui_HudB8C068B64DDD47826D96D88E7F973002.tmp' to '../../../../../Projet/Gamejam/GameJam/GameJamProject/Content/UMG/Ui_Hud.uasset'
[2018.09.24-20.44.36:728][395]LogFileManager: Warning: DeleteFile was unable to delete '../../../../../Projet/Gamejam/GameJam/GameJamProject/Content/UMG/Ui_Hud.uasset', retrying in .5s...
[2018.09.24-20.44.37:230][395]LogFileManager: Error: Error deleting file '../../../../../Projet/Gamejam/GameJam/GameJamProject/Content/UMG/Ui_Hud.uasset'.
[2018.09.24-20.44.37:230][395]LogSavePackage: Error: Error saving '../../../../../Projet/Gamejam/GameJam/GameJamProject/Content/UMG/Ui_Hud.uasset'
[2018.09.24-20.44.38:652][395]LogSlate: Window 'Message' being destroyed
[2018.09.24-20.44.38:654][395]Cmd: OBJ SAVEPACKAGE PACKAGE="/Game/UMG/Ui_Hud" FILE="../../../../../Projet/Gamejam/GameJam/GameJamProject/Content/UMG/Ui_Hud.uasset" SILENT=true
[2018.09.24-20.44.38:714][395]LogSavePackage: Moving '../../../../../Projet/Gamejam/GameJam/GameJamProject/Saved/Ui_HudFCEA7FE0412B0102FC4BACA66C60BC84.tmp' to '../../../../../Projet/Gamejam/GameJam/GameJamProject/Content/UMG/Ui_Hud.uasset'
[2018.09.24-20.44.38:714][395]LogFileManager: Warning: DeleteFile was unable to delete '../../../../../Projet/Gamejam/GameJam/GameJamProject/Content/UMG/Ui_Hud.uasset', retrying in .5s...
[2018.09.24-20.44.39:215][395]LogFileManager: Error: Error deleting file '../../../../../Projet/Gamejam/GameJam/GameJamProject/Content/UMG/Ui_Hud.uasset'.
[2018.09.24-20.44.39:215][395]LogSavePackage: Error: Error saving '../../../../../Projet/Gamejam/GameJam/GameJamProject/Content/UMG/Ui_Hud.uasset'
[2018.09.24-20.44.41:041][395]LogSlate: Window 'Message' being destroyed
[2018.09.24-20.44.41:046][395]EditorErrors: New page: Save Output
[2018.09.24-20.44.41:046][395]EditorErrors: Warning: Error saving '../../../../../Projet/Gamejam/GameJam/GameJamProject/Content/UMG/Ui_Hud.uasset'
[2018.09.24-20.44.41:046][395]EditorErrors: Warning: Error saving '../../../../../Projet/Gamejam/GameJam/GameJamProject/Content/UMG/Ui_Hud.uasset'
[2018.09.24-20.44.41:879][395]LogSlate: Window 'Packages Failed To Save' being destroyed
[2018.09.24-20.45.06:005][666]LogWindowsTextInputMethodSystem: Display: IME system now deactivated.
[2018.09.24-20.45.06:006][666]LogWindowsTextInputMethodSystem: Display: IME system now deactivated.
[2018.09.24-20.45.22:329][262]BlueprintLog: New page: Compile BP_PlayerCharacter
[2018.09.24-20.45.22:554][262]LogBlueprint: Warning: [Compiler BP_PlayerCharacter] Could not find the function 'DoorMetalINt' called from  Door Metal INt
[2018.09.24-20.45.22:787][262]LogBlueprint: Warning: [Compiler BP_PlayerCharacter] [0083,13] Compile of BP_PlayerCharacter successful, but with 1 Warning(s) [in 458 ms] (/Game/Character/Blueprints/BP_PlayerCharacter.BP_PlayerCharacter)
[2018.09.24-20.45.23:756][306]Cmd: OBJ SAVEPACKAGE PACKAGE="/Game/Character/Blueprints/BP_PlayerCharacter" FILE="../../../../../Projet/Gamejam/GameJam/GameJamProject/Content/Character/Blueprints/BP_PlayerCharacter.uasset" SILENT=true
[2018.09.24-20.45.24:028][306]LogSavePackage: Moving '../../../../../Projet/Gamejam/GameJam/GameJamProject/Saved/BP_PlayerCharacter93D989EC45D74F755B321FACE9121850.tmp' to '../../../../../Projet/Gamejam/GameJam/GameJamProject/Content/Character/Blueprints/BP_PlayerCharacter.uasset'
[2018.09.24-20.45.24:029][306]LogFileManager: Warning: DeleteFile was unable to delete '../../../../../Projet/Gamejam/GameJam/GameJamProject/Content/Character/Blueprints/BP_PlayerCharacter.uasset', retrying in .5s...
[2018.09.24-20.45.24:529][306]LogFileManager: Error: Error deleting file '../../../../../Projet/Gamejam/GameJam/GameJamProject/Content/Character/Blueprints/BP_PlayerCharacter.uasset'.
[2018.09.24-20.45.24:529][306]LogSavePackage: Error: Error saving '../../../../../Projet/Gamejam/GameJam/GameJamProject/Content/Character/Blueprints/BP_PlayerCharacter.uasset'
[2018.09.24-20.45.26:970][306]LogSlate: Window 'Message' being destroyed
[2018.09.24-20.45.26:973][306]Cmd: OBJ SAVEPACKAGE PACKAGE="/Game/Character/Blueprints/BP_PlayerCharacter" FILE="../../../../../Projet/Gamejam/GameJam/GameJamProject/Content/Character/Blueprints/BP_PlayerCharacter.uasset" SILENT=true
[2018.09.24-20.45.27:218][306]LogSavePackage: Moving '../../../../../Projet/Gamejam/GameJam/GameJamProject/Saved/BP_PlayerCharacterFEC71825454876D3252166AB6F005238.tmp' to '../../../../../Projet/Gamejam/GameJam/GameJamProject/Content/Character/Blueprints/BP_PlayerCharacter.uasset'
[2018.09.24-20.45.27:218][306]LogFileManager: Warning: DeleteFile was unable to delete '../../../../../Projet/Gamejam/GameJam/GameJamProject/Content/Character/Blueprints/BP_PlayerCharacter.uasset', retrying in .5s...
[2018.09.24-20.45.27:719][306]LogFileManager: Error: Error deleting file '../../../../../Projet/Gamejam/GameJam/GameJamProject/Content/Character/Blueprints/BP_PlayerCharacter.uasset'.
[2018.09.24-20.45.27:719][306]LogSavePackage: Error: Error saving '../../../../../Projet/Gamejam/GameJam/GameJamProject/Content/Character/Blueprints/BP_PlayerCharacter.uasset'
[2018.09.24-20.45.29:494][306]LogSlate: Window 'Message' being destroyed
[2018.09.24-20.45.29:498][306]EditorErrors: New page: Save Output
[2018.09.24-20.45.29:498][306]EditorErrors: Warning: Error saving '../../../../../Projet/Gamejam/GameJam/GameJamProject/Content/Character/Blueprints/BP_PlayerCharacter.uasset'
[2018.09.24-20.45.29:498][306]EditorErrors: Warning: Error saving '../../../../../Projet/Gamejam/GameJam/GameJamProject/Content/Character/Blueprints/BP_PlayerCharacter.uasset'
[2018.09.24-20.45.32:340][507]LogSlate: Window 'Save Content' being destroyed
[2018.09.24-20.45.50:089][759]LogSlate: Window 'Save Content' being destroyed
[2018.09.24-20.45.55:642][316]LogSlate: FSceneViewport::OnFocusLost() reason 2
[2018.09.24-20.46.03:851][845]LogSlate: Window 'Bp_Pile' being destroyed
[2018.09.24-20.46.07:424][263]Cmd: OBJ SAVEPACKAGE PACKAGE="/Game/Maps/Hospital" FILE="../../../../../Projet/Gamejam/GameJam/GameJamProject/Content/Maps/Hospital.umap" SILENT=true AUTOSAVING=false KEEPDIRTY=false
[2018.09.24-20.46.08:374][263]LogSavePackage: Moving '../../../../../Projet/Gamejam/GameJam/GameJamProject/Saved/Hospital19EB050847D65C6D54AA9AB69937E217.tmp' to '../../../../../Projet/Gamejam/GameJam/GameJamProject/Content/Maps/Hospital.umap'
[2018.09.24-20.46.08:489][263]Cmd: OBJ SAVEPACKAGE PACKAGE="/Game/Maps/Hospital_BuiltData" FILE="../../../../../Projet/Gamejam/GameJam/GameJamProject/Content/Maps/Hospital_BuiltData.uasset" SILENT=true
[2018.09.24-20.46.09:086][263]LogSavePackage: Moving '../../../../../Projet/Gamejam/GameJam/GameJamProject/Saved/Hospital_BuiltDataD1A6BA1A4EBB99D229E29D84D7F03F14.tmp' to '../../../../../Projet/Gamejam/GameJam/GameJamProject/Content/Maps/Hospital_BuiltData.uasset'
[2018.09.24-20.46.10:982][488]LogWindowsTextInputMethodSystem: Display: IME system now deactivated.
[2018.09.24-20.46.10:983][488]LogWindowsTextInputMethodSystem: Display: IME system now deactivated.
[2018.09.24-20.46.14:180][860]LogSlate: FSceneViewport::OnFocusLost() reason 0
[2018.09.24-20.46.24:922][108]LogAssetEditorManager: Opening Asset editor for Blueprint /Game/Assets/Blueprint/BP_Doors_Child.BP_Doors_Child
[2018.09.24-20.46.25:282][109]LogRenderer: Reallocating scene render targets to support 1300x712 Format 10 NumSamples 1 (Frame:1).
[2018.09.24-20.46.51:292][182]LogBlueprint: Warning: Timeline Timeline_0 Track NewTrack_0 in /Game/Assets/Blueprint/BP_Doors_Child.BP_Doors_Child_C has an invalid curve.  Please fix!
[2018.09.24-20.46.52:000][182]LogWindows: Error: === Critical error: ===
[2018.09.24-20.46.52:000][182]LogWindows: Error: 
[2018.09.24-20.46.52:000][182]LogWindows: Error: Fatal error!
[2018.09.24-20.46.52:000][182]LogWindows: Error: 
[2018.09.24-20.46.52:000][182]LogWindows: Error: Unhandled Exception: EXCEPTION_ACCESS_VIOLATION reading address 0x00000028
[2018.09.24-20.46.52:000][182]LogWindows: Error: 
[2018.09.24-20.46.52:000][182]LogWindows: Error: [Callstack] 0x00007ff82f9a8b1e UE4Editor-BlueprintGraph.dll!UnknownFunction []
[2018.09.24-20.46.52:000][182]LogWindows: Error: [Callstack] 0x00007ff821f7d14e UE4Editor-UnrealEd.dll!UnknownFunction []
[2018.09.24-20.46.52:000][182]LogWindows: Error: [Callstack] 0x00007ff821f65ce0 UE4Editor-UnrealEd.dll!UnknownFunction []
[2018.09.24-20.46.52:000][182]LogWindows: Error: [Callstack] 0x00007ff8270dedc9 UE4Editor-Kismet.dll!UnknownFunction []
[2018.09.24-20.46.52:000][182]LogWindows: Error: [Callstack] 0x00007ff8270deb73 UE4Editor-Kismet.dll!UnknownFunction []
[2018.09.24-20.46.52:000][182]LogWindows: Error: [Callstack] 0x00007ff8270705b8 UE4Editor-Kismet.dll!UnknownFunction []
[2018.09.24-20.46.52:000][182]LogWindows: Error: [Callstack] 0x00007ff83bf324df UE4Editor-Slate.dll!UnknownFunction []
[2018.09.24-20.46.52:000][182]LogWindows: Error: [Callstack] 0x00007ff83bf7437e UE4Editor-Slate.dll!UnknownFunction []
[2018.09.24-20.46.52:000][182]LogWindows: Error: [Callstack] 0x00007ff820bfcd80 UE4Editor-GraphEditor.dll!UnknownFunction []
[2018.09.24-20.46.52:000][182]LogWindows: Error: [Callstack] 0x00007ff83bef70ac UE4Editor-Slate.dll!UnknownFunction []
[2018.09.24-20.46.52:000][182]LogWindows: Error: [Callstack] 0x00007ff83bf7606c UE4Editor-Slate.dll!UnknownFunction []
[2018.09.24-20.46.52:000][182]LogWindows: Error: [Callstack] 0x00007ff83bf69846 UE4Editor-Slate.dll!UnknownFunction []
[2018.09.24-20.46.52:000][182]LogWindows: Error: [Callstack] 0x00007ff85492ce45 UE4Editor-ApplicationCore.dll!UnknownFunction []
[2018.09.24-20.46.52:000][182]LogWindows: Error: [Callstack] 0x00007ff854920270 UE4Editor-ApplicationCore.dll!UnknownFunction []
[2018.09.24-20.46.52:000][182]LogWindows: Error: [Callstack] 0x00007ff85492f4c5 UE4Editor-ApplicationCore.dll!UnknownFunction []
[2018.09.24-20.46.52:000][182]LogWindows: Error: [Callstack] 0x00007ff85491c209 UE4Editor-ApplicationCore.dll!UnknownFunction []
[2018.09.24-20.46.52:000][182]LogWindows: Error: [Callstack] 0x00007ff87a6f6cc1 USER32.dll!UnknownFunction []
[2018.09.24-20.46.52:000][182]LogWindows: Error: [Callstack] 0x00007ff87a6f6693 USER32.dll!UnknownFunction []
[2018.09.24-20.46.52:000][182]LogWindows: Error: [Callstack] 0x00007ff854930646 UE4Editor-ApplicationCore.dll!UnknownFunction []
[2018.09.24-20.46.52:000][182]LogWindows: Error: [Callstack] 0x00007ff7951354e5 UE4Editor.exe!UnknownFunction []
[2018.09.24-20.46.52:000][182]LogWindows: Error: [Callstack] 0x00007ff795145b3c UE4Editor.exe!UnknownFunction []
[2018.09.24-20.46.52:000][182]LogWindows: Error: [Callstack] 0x00007ff795145bba UE4Editor.exe!UnknownFunction []
[2018.09.24-20.46.52:000][182]LogWindows: Error: [Callstack] 0x00007ff795153dac UE4Editor.exe!UnknownFunction []
[2018.09.24-20.46.52:000][182]LogWindows: Error: [Callstack] 0x00007ff795155aaa UE4Editor.exe!UnknownFunction []
[2018.09.24-20.46.52:000][182]LogWindows: Error: [Callstack] 0x00007ff87a523034 KERNEL32.DLL!UnknownFunction []
[2018.09.24-20.46.52:000][182]LogWindows: Error: [Callstack] 0x00007ff87c3b1461 ntdll.dll!UnknownFunction []
[2018.09.24-20.46.52:000][182]LogWindows: Error: 
[2018.09.24-20.46.52:013][182]LogExit: Executing StaticShutdownAfterError
[2018.09.24-20.46.52:017][182]LogWindows: FPlatformMisc::RequestExit(1)
[2018.09.24-20.46.52:028][182]Log file closed, 09/24/18 22:46:52
