Log file open, 09/23/18 23:23:39
LogWindows: Failed to load 'aqProf.dll' (GetLastError=126)
LogWindows: File 'aqProf.dll' does not exist
LogWindows: Failed to load 'VtuneApi.dll' (GetLastError=126)
LogWindows: File 'VtuneApi.dll' does not exist
LogWindows: Failed to load 'VtuneApi32e.dll' (GetLastError=126)
LogWindows: File 'VtuneApi32e.dll' does not exist
LogInit: Display: Running engine for game: GameJamProject
LogPlatformFile: Not using cached read wrapper
LogTaskGraph: Started task graph with 5 named threads and 11 total threads with 3 sets of task threads.
LogStats: Stats thread started at 6.016725
LogD3D11RHI: Loaded GFSDK_Aftermath_Lib.x64.dll
LogICUInternationalization: Display: ICU TimeZone Detection - Raw Offset: +1:00, Platform Override: ''
LogPluginManager: Mounting plugin Paper2D
LogPluginManager: Mounting plugin AISupport
LogPluginManager: Mounting plugin LightPropagationVolume
LogPluginManager: Mounting plugin CLionSourceCodeAccess
LogPluginManager: Mounting plugin CodeLiteSourceCodeAccess
LogPluginManager: Mounting plugin GitSourceControl
LogPluginManager: Mounting plugin KDevelopSourceCodeAccess
LogPluginManager: Mounting plugin NullSourceCodeAccess
LogPluginManager: Mounting plugin PerforceSourceControl
LogPluginManager: Mounting plugin SubversionSourceControl
LogPluginManager: Mounting plugin UObjectPlugin
LogPluginManager: Mounting plugin VisualStudioCodeSourceCodeAccess
LogPluginManager: Mounting plugin VisualStudioSourceCodeAccess
LogPluginManager: Mounting plugin XCodeSourceCodeAccess
LogPluginManager: Mounting plugin AssetManagerEditor
LogPluginManager: Mounting plugin CryptoKeys
LogPluginManager: Mounting plugin DataValidation
LogPluginManager: Mounting plugin EditorScriptingUtilities
LogPluginManager: Mounting plugin FacialAnimation
LogPluginManager: Mounting plugin GameplayTagsEditor
LogPluginManager: Mounting plugin MacGraphicsSwitching
LogPluginManager: Mounting plugin MeshEditor
LogPluginManager: Mounting plugin MobileLauncherProfileWizard
LogPluginManager: Mounting plugin PluginBrowser
LogPluginManager: Mounting plugin SpeedTreeImporter
LogPluginManager: Mounting plugin DatasmithContent
LogPluginManager: Mounting plugin AlembicImporter
LogPluginManager: Mounting plugin AppleImageUtils
LogPluginManager: Mounting plugin AppleVision
LogPluginManager: Mounting plugin BackChannel
LogPluginManager: Mounting plugin CharacterAI
LogPluginManager: Mounting plugin GeometryCache
LogPluginManager: Mounting plugin HTML5Networking
LogPluginManager: Mounting plugin ProxyLODPlugin
LogPluginManager: Mounting plugin MagicLeap
LogPluginManager: Mounting plugin MagicLeapEmulator
LogPluginManager: Mounting plugin MagicLeapMedia
LogPluginManager: Mounting plugin AndroidMedia
LogPluginManager: Mounting plugin AvfMedia
LogPluginManager: Mounting plugin ImgMedia
LogPluginManager: Mounting plugin LinearTimecode
LogPluginManager: Mounting plugin MediaCompositing
LogPluginManager: Mounting plugin MediaPlayerEditor
LogPluginManager: Mounting plugin WmfMedia
LogPluginManager: Mounting plugin TcpMessaging
LogPluginManager: Mounting plugin UdpMessaging
LogPluginManager: Mounting plugin ActorSequence
LogPluginManager: Mounting plugin LevelSequenceEditor
LogPluginManager: Mounting plugin MatineeToLevelSequence
LogPluginManager: Mounting plugin NetcodeUnitTest
LogPluginManager: Mounting plugin NUTUnrealEngine4
LogPluginManager: Mounting plugin OnlineSubsystemGooglePlay
LogPluginManager: Mounting plugin OnlineSubsystemIOS
LogPluginManager: Mounting plugin OnlineSubsystem
LogPluginManager: Mounting plugin OnlineSubsystemNull
LogPluginManager: Mounting plugin OnlineSubsystemUtils
LogPluginManager: Mounting plugin LauncherChunkInstaller
LogPluginManager: Mounting plugin AndroidDeviceProfileSelector
LogPluginManager: Mounting plugin AndroidMoviePlayer
LogPluginManager: Mounting plugin AndroidPermission
LogPluginManager: Mounting plugin AppleMoviePlayer
LogPluginManager: Mounting plugin ArchVisCharacter
LogPluginManager: Mounting plugin AudioCapture
LogPluginManager: Mounting plugin CableComponent
LogPluginManager: Mounting plugin CustomMeshComponent
LogPluginManager: Mounting plugin EditableMesh
LogPluginManager: Mounting plugin ExampleDeviceProfileSelector
LogPluginManager: Mounting plugin GoogleCloudMessaging
LogPluginManager: Mounting plugin ImmediatePhysics
LogPluginManager: Mounting plugin IOSDeviceProfileSelector
LogPluginManager: Mounting plugin LinuxDeviceProfileSelector
LogPluginManager: Mounting plugin LocationServicesBPLibrary
LogPluginManager: Mounting plugin MobilePatchingUtils
LogPluginManager: Mounting plugin OculusVR
LogPluginManager: Plugin shader directory ../../../Engine/Plugins/Runtime/Oculus/OculusVR/Shaders found
LogPluginManager: Mapping shader source directory ../../../Engine/Plugins/Runtime/Oculus/OculusVR/Shaders to virtual directory /Plugin/OculusVR
LogPluginManager: Mounting plugin PhysXVehicles
LogPluginManager: Mounting plugin ProceduralMeshComponent
LogPluginManager: Mounting plugin RuntimePhysXCooking
LogPluginManager: Mounting plugin SteamVR
LogPluginManager: Mounting plugin WindowsMoviePlayer
LogPluginManager: Mounting plugin DatasmithCADImporter
LogPluginManager: Mounting plugin DatasmithFBXImporter
LogPluginManager: Mounting plugin DatasmithImporter
LogPluginManager: Mounting plugin DatasmithMDLImporter
LogPluginManager: Mounting plugin StaticMeshEditorExtension
LogStreaming: Display: Took  0.623s to configure plugins.
LogInit: Using libcurl 7.55.1-DEV
LogInit:  - built for x86_64-pc-win32
LogInit:  - supports SSL with OpenSSL/1.0.2h
LogInit:  - supports HTTP deflate (compression) using libz 1.2.8
LogInit:  - other features:
LogInit:      CURL_VERSION_SSL
LogInit:      CURL_VERSION_LIBZ
LogInit:      CURL_VERSION_IPV6
LogInit:      CURL_VERSION_ASYNCHDNS
LogInit:      CURL_VERSION_LARGEFILE
LogInit:      CURL_VERSION_IDN
LogInit:  CurlRequestOptions (configurable via config and command line):
LogInit:  - bVerifyPeer = false  - Libcurl will NOT verify peer certificate
LogInit:  - bUseHttpProxy = false  - Libcurl will NOT use HTTP proxy
LogInit:  - bDontReuseConnections = false  - Libcurl will reuse connections
LogInit:  - CertBundlePath = nullptr  - Libcurl will use whatever was configured at build time.
LogInit:  - MaxHostConnections = 16  - Libcurl will limit the number of connections to a host
LogInit:  - LocalHostAddr = Default
LogInit:  - BufferSize = 65536
LogInit: WinSock: version 1.1 (2.2), MaxSocks=32767, MaxUdp=65467
LogInit: Build: ++UE4+Release-4.20-CL-4369336
LogInit: Engine Version: 4.20.3-4369336+++UE4+Release-4.20
LogInit: Compatible Engine Version: 4.20.0-4212847+++UE4+Release-4.20
LogInit: Net CL: 4212847
LogInit: OS: Windows 10 (), CPU:        Intel(R) Core(TM) i3-3110M CPU @ 2.40GHz, GPU: Intel(R) HD Graphics 4000
LogInit: Compiled (64-bit): Sep 17 2018 12:26:19
LogInit: Compiled with Visual C++: 19.13.26129.00
LogInit: Build Configuration: Development
LogInit: Branch Name: ++UE4+Release-4.20
LogInit: Command Line:  
LogInit: Base Directory: C:/Program Files/Epic Games/UE_4.20/Engine/Binaries/Win64/
LogInit: Installed Engine Build: 1
LogDevObjectVersion: Number of dev versions registered: 20
LogDevObjectVersion:   Dev-Blueprints (B0D832E4-1F89-4F0D-ACCF-7EB736FD4AA2): 10
LogDevObjectVersion:   Dev-Build (E1C64328-A22C-4D53-A36C-8E866417BD8C): 0
LogDevObjectVersion:   Dev-Core (375EC13C-06E4-48FB-B500-84F0262A717E): 2
LogDevObjectVersion:   Dev-Editor (E4B068ED-F494-42E9-A231-DA0B2E46BB41): 24
LogDevObjectVersion:   Dev-Framework (CFFC743F-43B0-4480-9391-14DF171D2073): 34
LogDevObjectVersion:   Dev-Mobile (B02B49B5-BB20-44E9-A304-32B752E40360): 2
LogDevObjectVersion:   Dev-Networking (A4E4105C-59A1-49B5-A7C5-40C4547EDFEE): 0
LogDevObjectVersion:   Dev-Online (39C831C9-5AE6-47DC-9A44-9C173E1C8E7C): 0
LogDevObjectVersion:   Dev-Physics (78F01B33-EBEA-4F98-B9B4-84EACCB95AA2): 0
LogDevObjectVersion:   Dev-Platform (6631380F-2D4D-43E0-8009-CF276956A95A): 0
LogDevObjectVersion:   Dev-Rendering (12F88B9F-8875-4AFC-A67C-D90C383ABD29): 26
LogDevObjectVersion:   Dev-Sequencer (7B5AE74C-D270-4C10-A958-57980B212A5A): 9
LogDevObjectVersion:   Dev-VR (D7296918-1DD6-4BDD-9DE2-64A83CC13884): 2
LogDevObjectVersion:   Dev-LoadTimes (C2A15278-BFE7-4AFE-6C17-90FF531DF755): 1
LogDevObjectVersion:   Private-Geometry (6EACA3D4-40EC-4CC1-B786-8BED09428FC5): 3
LogDevObjectVersion:   Dev-AnimPhys (29E575DD-E0A3-4627-9D10-D276232CDCEA): 17
LogDevObjectVersion:   Dev-ReflectionCapture (6B266CEC-1EC7-4B8F-A30B-E4D90942FC07): 1
LogDevObjectVersion:   Dev-Automation (0DF73D61-A23F-47EA-B727-89E90C41499A): 1
LogDevObjectVersion:   FortniteMain (601D1886-AC64-4F84-AA16-D3DE0DEAC7D6): 12
LogDevObjectVersion:   Dev-Enterprise (9DFFBCD6-494F-0158-E221-12823C92A888): 1
LogStreaming: Display: Took  0.005s to delete old logs.
LogInit: Presizing for max 8388607 objects, including 0 objects not considered by GC, pre-allocating 0 bytes for permanent pool.
LogInit: Object subsystem initialized
[2018.09.23-21.23.48:991][  0]LogInit: Selected Device Profile: [Windows]
[2018.09.23-21.23.48:992][  0]LogInit: Applying CVar settings loaded from the selected device profile: [Windows]
[2018.09.23-21.23.49:471][  0]LogHAL: Display: Platform has ~ 6 GB [6322470912 / 8589934592 / 6], which maps to Smaller [LargestMinGB=32, LargerMinGB=12, DefaultMinGB=8, SmallerMinGB=6, SmallestMinGB=0)
[2018.09.23-21.23.49:471][  0]LogInit: Setting Device Profile CVar: [[r.Vulkan.UseRealUBs:1]]
[2018.09.23-21.23.49:471][  0]LogInit: Going up to parent DeviceProfile []
[2018.09.23-21.23.49:625][  0]LogInit: Computer: PC_DONO
[2018.09.23-21.23.49:625][  0]LogInit: User: Donovan
[2018.09.23-21.23.49:625][  0]LogInit: CPU Page size=4096, Cores=2
[2018.09.23-21.23.49:625][  0]LogInit: High frequency timer resolution =2.338447 MHz
[2018.09.23-21.23.49:626][  0]LogMemory: Memory total: Physical=5.9GB (6GB approx)
[2018.09.23-21.23.49:626][  0]LogMemory: Platform Memory Stats for Windows
[2018.09.23-21.23.49:626][  0]LogMemory: Process Physical Memory: 100.92 MB used, 100.92 MB peak
[2018.09.23-21.23.49:626][  0]LogMemory: Process Virtual Memory: 84.21 MB used, 84.21 MB peak
[2018.09.23-21.23.49:626][  0]LogMemory: Physical Memory: 3232.87 MB used,  2796.71 MB free, 6029.58 MB total
[2018.09.23-21.23.49:626][  0]LogMemory: Virtual Memory: 4616.55 MB used,  2796.71 MB free, 134217728.00 MB total
[2018.09.23-21.23.53:175][  0]LogInit: Using OS detected language (fr-FR).
[2018.09.23-21.23.53:175][  0]LogInit: Using OS detected locale (fr-FR).
[2018.09.23-21.23.53:176][  0]LogTextLocalizationManager: No specific localization for 'fr-FR' exists, so the 'fr' localization will be used.
[2018.09.23-21.23.53:295][  0]LogStreaming: Display: Took  0.120s to InitEngineTextLocalization.
[2018.09.23-21.23.53:296][  0]LogInit: Setting process to per monitor DPI aware
[2018.09.23-21.23.54:463][  0]LogSlate: New Slate User Created.  User Index 0, Is Virtual User: 0
[2018.09.23-21.23.54:463][  0]LogSlate: Slate User Registered.  User Index 0, Is Virtual User: 0
[2018.09.23-21.24.10:681][  0]LogHMD: Failed to initialize OpenVR with code 110
[2018.09.23-21.24.10:681][  0]LogD3D11RHI: D3D11 adapters:
[2018.09.23-21.24.11:269][  0]LogD3D11RHI:    0. 'NVIDIA GeForce GT 720M' (Feature Level 11_0)
[2018.09.23-21.24.11:269][  0]LogD3D11RHI:       1999/0/3014 MB DedicatedVideo/DedicatedSystem/SharedSystem, Outputs:1, VendorId:0x10de
[2018.09.23-21.24.11:296][  0]LogD3D11RHI:    1. 'Intel(R) HD Graphics 4000' (Feature Level 11_0)
[2018.09.23-21.24.11:296][  0]LogD3D11RHI:       32/0/1760 MB DedicatedVideo/DedicatedSystem/SharedSystem, Outputs:0, VendorId:0x8086
[2018.09.23-21.24.11:470][  0]LogD3D11RHI:    2. 'Microsoft Basic Render Driver' (Feature Level 11_0)
[2018.09.23-21.24.11:470][  0]LogD3D11RHI:       0/0/3014 MB DedicatedVideo/DedicatedSystem/SharedSystem, Outputs:0, VendorId:0x1414
[2018.09.23-21.24.11:470][  0]LogD3D11RHI: Chosen D3D11 Adapter: 0
[2018.09.23-21.24.11:546][  0]LogD3D11RHI: Creating new Direct3DDevice
[2018.09.23-21.24.11:546][  0]LogD3D11RHI:     GPU DeviceId: 0x1140 (for the marketing name, search the web for "GPU Device Id")
[2018.09.23-21.24.11:546][  0]LogWindows: EnumDisplayDevices:
[2018.09.23-21.24.11:546][  0]LogWindows:    0. 'Intel(R) HD Graphics 4000' (P:1 D:1)
[2018.09.23-21.24.11:546][  0]LogWindows:    1. 'Intel(R) HD Graphics 4000' (P:0 D:0)
[2018.09.23-21.24.11:547][  0]LogWindows:    2. 'Intel(R) HD Graphics 4000' (P:0 D:0)
[2018.09.23-21.24.11:547][  0]LogWindows: DebugString: PrimaryIsNotTheChoosenAdapter PrimaryIsNotTheChoosenAdapter PrimaryIsNotTheChoosenAdapter FoundDriverCount:0 
[2018.09.23-21.24.11:547][  0]LogD3D11RHI:     Adapter Name: NVIDIA GeForce GT 720M
[2018.09.23-21.24.11:547][  0]LogD3D11RHI:   Driver Version: Unknown (internal:Unknown, unified:Unknown)
[2018.09.23-21.24.11:547][  0]LogD3D11RHI:      Driver Date: Unknown
[2018.09.23-21.24.11:613][  0]LogRHI: Texture pool is 1399 MB (70% of 1999 MB)
[2018.09.23-21.24.12:092][  0]LogD3D11RHI: Display: Timestamp queries are currently disabled on this hardware due to instability. Realtime GPU stats will not be available. You can override this behaviour by setting r.NVIDIATimestampWorkaround to 0
[2018.09.23-21.24.12:147][  0]LogD3D11RHI: Async texture creation enabled
[2018.09.23-21.24.12:298][  0]LogD3D11RHI: GPU Timing Frequency: 1000.000000 (Debug: 2 3)
[2018.09.23-21.24.12:591][  0]LogShaderCompilers: Guid format shader working directory is -32 characters bigger than the processId version (../../../../../../Users/Donovan/UE4_Project/GameJamProject/GameJam/GameJamProject/Intermediate/Shaders/WorkingDirectory/232/).
[2018.09.23-21.24.12:591][  0]LogShaderCompilers: Cleaned the shader compiler working directory 'C:/Users/Donovan/AppData/Local/Temp/UnrealShaderWorkingDir/477586AB4559863E13B8E1B621543D2B/'.
[2018.09.23-21.24.16:152][  0]LogTemp: Display: Loaded TP AllDesktopTargetPlatform
[2018.09.23-21.24.16:239][  0]LogTemp: Display: Loaded TP MacClientTargetPlatform
[2018.09.23-21.24.16:381][  0]LogTemp: Display: Loaded TP MacNoEditorTargetPlatform
[2018.09.23-21.24.16:504][  0]LogTemp: Display: Loaded TP MacServerTargetPlatform
[2018.09.23-21.24.16:613][  0]LogTemp: Display: Loaded TP MacTargetPlatform
[2018.09.23-21.24.16:695][  0]LogTemp: Display: Loaded TP WindowsClientTargetPlatform
[2018.09.23-21.24.16:785][  0]LogTemp: Display: Loaded TP WindowsNoEditorTargetPlatform
[2018.09.23-21.24.16:884][  0]LogTemp: Display: Loaded TP WindowsServerTargetPlatform
[2018.09.23-21.24.17:064][  0]LogTemp: Display: Loaded TP WindowsTargetPlatform
[2018.09.23-21.24.17:316][  0]LogTemp: Display: Loaded TP AndroidTargetPlatform
[2018.09.23-21.24.17:316][  0]LogTemp: Display: Loaded TP AndroidTargetPlatform
[2018.09.23-21.24.17:316][  0]LogTemp: Display: Loaded TP AndroidTargetPlatform
[2018.09.23-21.24.17:316][  0]LogTemp: Display: Loaded TP AndroidTargetPlatform
[2018.09.23-21.24.17:316][  0]LogTemp: Display: Loaded TP AndroidTargetPlatform
[2018.09.23-21.24.17:316][  0]LogTemp: Display: Loaded TP AndroidTargetPlatform
[2018.09.23-21.24.17:316][  0]LogTemp: Display: Loaded TP AndroidTargetPlatform
[2018.09.23-21.24.17:316][  0]LogTemp: Display: Loaded TP AndroidTargetPlatform
[2018.09.23-21.24.17:316][  0]LogTemp: Display: Loaded TP AndroidTargetPlatform
[2018.09.23-21.24.17:316][  0]LogTemp: Display: Loaded TP AndroidTargetPlatform
[2018.09.23-21.24.17:316][  0]LogTemp: Display: Loaded TP AndroidTargetPlatform
[2018.09.23-21.24.17:316][  0]LogTemp: Display: Loaded TP AndroidTargetPlatform
[2018.09.23-21.24.17:316][  0]LogTemp: Display: Loaded TP AndroidTargetPlatform
[2018.09.23-21.24.17:316][  0]LogTemp: Display: Loaded TP AndroidTargetPlatform
[2018.09.23-21.24.17:316][  0]LogTemp: Display: Loaded TP AndroidTargetPlatform
[2018.09.23-21.24.17:316][  0]LogTemp: Display: Loaded TP AndroidTargetPlatform
[2018.09.23-21.24.17:316][  0]LogTemp: Display: Loaded TP AndroidTargetPlatform
[2018.09.23-21.24.17:316][  0]LogTemp: Display: Loaded TP AndroidTargetPlatform
[2018.09.23-21.24.17:424][  0]LogTemp: Display: Loaded TP HTML5TargetPlatform
[2018.09.23-21.24.18:010][  0]LogTemp: Display: Loaded TP IOSTargetPlatform
[2018.09.23-21.24.18:010][  0]LogTemp: Display: Loaded TP IOSTargetPlatform
[2018.09.23-21.24.18:143][  0]LogTemp: Display: Loaded TP TVOSTargetPlatform
[2018.09.23-21.24.18:143][  0]LogTemp: Display: Loaded TP TVOSTargetPlatform
[2018.09.23-21.24.18:598][  0]LogTemp: Display: Loaded TP LinuxClientTargetPlatform
[2018.09.23-21.24.18:718][  0]LogTemp: Display: Loaded TP LinuxNoEditorTargetPlatform
[2018.09.23-21.24.18:769][  0]LogTemp: Display: Loaded TP LinuxServerTargetPlatform
[2018.09.23-21.24.18:876][  0]LogTemp: Display: Loaded TP LinuxTargetPlatform
[2018.09.23-21.24.19:229][  0]LogTemp: Display: Loaded TP LuminTargetPlatform
[2018.09.23-21.24.19:229][  0]LogTargetPlatformManager: Display: Building Assets For Windows
[2018.09.23-21.24.21:958][  0]LogXGEController: Cleaning working directory: C:/Users/Donovan/AppData/Local/Temp/UnrealXGEWorkingDir/
[2018.09.23-21.24.21:959][  0]LogXGEController: Cannot use XGE Controller as Incredibuild is not installed on this machine.
[2018.09.23-21.24.21:959][  0]LogShaderCompilers: Cannot use XGE Shader Compiler as Incredibuild is not installed on this machine.
[2018.09.23-21.24.21:959][  0]LogShaderCompilers: Display: Using Local Shader Compiler.
[2018.09.23-21.24.36:166][  0]LogDerivedDataCache: Display: Max Cache Size: 512 MB
[2018.09.23-21.24.37:361][  0]LogDerivedDataCache: Loaded boot cache 1.19s 72MB C:/Users/Donovan/AppData/Local/UnrealEngine/4.20/DerivedDataCache/Boot.ddc.
[2018.09.23-21.24.37:361][  0]LogDerivedDataCache: Display: Loaded Boot cache: C:/Users/Donovan/AppData/Local/UnrealEngine/4.20/DerivedDataCache/Boot.ddc
[2018.09.23-21.24.37:361][  0]LogDerivedDataCache: FDerivedDataBackendGraph:  Pak pak cache file ../../../../../../Users/Donovan/UE4_Project/GameJamProject/GameJam/GameJamProject/DerivedDataCache/DDC.ddp not found, will not use a pak cache.
[2018.09.23-21.24.37:361][  0]LogDerivedDataCache: Unable to find inner node Pak for hierarchical cache Hierarchy.
[2018.09.23-21.24.37:362][  0]LogDerivedDataCache: FDerivedDataBackendGraph:  CompressedPak pak cache file ../../../../../../Users/Donovan/UE4_Project/GameJamProject/GameJam/GameJamProject/DerivedDataCache/Compressed.ddp not found, will not use a pak cache.
[2018.09.23-21.24.37:362][  0]LogDerivedDataCache: Unable to find inner node CompressedPak for hierarchical cache Hierarchy.
[2018.09.23-21.24.37:445][  0]LogDerivedDataCache: Display: Pak cache opened for reading ../../../Engine/DerivedDataCache/Compressed.ddp.
[2018.09.23-21.24.37:479][  0]LogDerivedDataCache: Using Local data cache path C:/Users/Donovan/AppData/Local/UnrealEngine/Common/DerivedDataCache: Writable
[2018.09.23-21.24.37:479][  0]LogDerivedDataCache: Shared data cache path not found in *engine.ini, will not use an Shared cache.
[2018.09.23-21.24.37:479][  0]LogDerivedDataCache: Unable to find inner node Shared for hierarchical cache Hierarchy.
[2018.09.23-21.24.37:515][  0]LogMaterial: Verifying Global Shaders for PCD3D_SM5
[2018.09.23-21.24.37:583][  0]LogSlate: Using FreeType 2.6.0
[2018.09.23-21.24.37:700][  0]LogSlate: SlateFontServices - WITH_FREETYPE: 1, WITH_HARFBUZZ: 1
[2018.09.23-21.24.40:608][  0]LogAssetRegistry: FAssetRegistry took 0.0403 seconds to start up
[2018.09.23-21.24.43:743][  0]LogInit: Selected Device Profile: [Windows]
[2018.09.23-21.24.47:032][  0]LogSimplygon: Simplygon DLL not present - disabling.
[2018.09.23-21.24.48:341][  0]LogMeshReduction: Using SimplygonSwarm for distributed automatic mesh merging
[2018.09.23-21.24.48:353][  0]LogMeshReduction: Using ProxyLODMeshReduction for automatic mesh merging
[2018.09.23-21.24.48:371][  0]LogMeshReduction: Using QuadricMeshReduction for automatic static mesh reduction
[2018.09.23-21.24.48:371][  0]LogMeshReduction: No automatic skeletal mesh reduction module available
[2018.09.23-21.24.48:778][  0]LogNetVersion: GameJamProject 1.0.0, NetCL: 4212847, EngineNetVer: 5, GameNetVer: 0 (Checksum: 804558789)
[2018.09.23-21.24.56:642][  0]LogPackageLocalizationCache: Processed 13 localized package path(s) for 2 prioritized culture(s) in 0.220038 seconds
[2018.09.23-21.24.56:651][  0]LogUObjectArray: 38425 objects as part of root set at end of initial load.
[2018.09.23-21.24.56:651][  0]LogUObjectAllocator: 6690872 out of 0 bytes used by permanent object pool.
[2018.09.23-21.24.56:651][  0]LogUObjectArray: CloseDisregardForGC: 0/0 objects in disregard for GC pool
[2018.09.23-21.25.41:131][  0]LogTcpMessaging: Initializing TcpMessaging bridge
[2018.09.23-21.25.41:328][  0]LogUdpMessaging: Initializing bridge on interface 0.0.0.0:0 to multicast group 230.0.0.1:6666.
[2018.09.23-21.25.46:425][  0]SourceControl: Source control is disabled
[2018.09.23-21.25.46:452][  0]LogWindows: Warning: CreateProc failed: Le fichier spécifié est introuvable. (0x00000002)
[2018.09.23-21.25.46:452][  0]LogWindows: Warning: URL: F:/Logiciel/Jeux/Git/Git/bin/git.exe version
[2018.09.23-21.25.46:684][  0]LogWindows: Warning: CreateProc failed: Le fichier spécifié est introuvable. (0x00000002)
[2018.09.23-21.25.46:684][  0]LogWindows: Warning: URL: F:/Logiciel/Jeux/Git/Git/bin/git.exe version
[2018.09.23-21.25.46:717][  0]LogWindows: Warning: CreateProc failed: Le fichier spécifié est introuvable. (0x00000002)
[2018.09.23-21.25.46:717][  0]LogWindows: Warning: URL: F:/Logiciel/Jeux/Git/Git/bin/git.exe version
[2018.09.23-21.25.50:731][  0]LogAndroidPermission: UAndroidPermissionCallbackProxy::GetInstance
[2018.09.23-21.25.51:269][  0]LogOcInput: OculusInput pre-init called
[2018.09.23-21.26.02:656][  0]LogEngine: Initializing Engine...
[2018.09.23-21.26.02:855][  0]LogHMD: Failed to initialize OpenVR with code 110
[2018.09.23-21.26.02:989][  0]LogStats: UGameplayTagsManager::ConstructGameplayTagTree: ImportINI prefixes -  0.001 s
[2018.09.23-21.26.02:989][  0]LogStats: UGameplayTagsManager::ConstructGameplayTagTree: Construct from data asset -  0.000 s
[2018.09.23-21.26.02:990][  0]LogStats: UGameplayTagsManager::ConstructGameplayTagTree: ImportINI -  0.000 s
[2018.09.23-21.26.02:990][  0]LogStats: UGameplayTagsManager::ConstructGameplayTagTree: GameplayTagTreeChangedEvent.Broadcast -  0.000 s
[2018.09.23-21.26.03:687][  0]LogInit: Initializing FReadOnlyCVARCache
[2018.09.23-21.26.04:659][  0]LogAIModule: Creating AISystem for world Untitled
[2018.09.23-21.26.04:825][  0]LogInit: XAudio2 using 'Haut-parleurs (Realtek High Definition Audio)' : 2 channels at 48 kHz using 32 bits per sample (channel mask 0x3)
[2018.09.23-21.26.05:083][  0]LogInit: FAudioDevice initialized.
[2018.09.23-21.26.05:083][  0]LogNetVersion: Set ProjectVersion to 1.0.0.0. Version Checksum will be recalculated on next use.
[2018.09.23-21.26.05:513][  0]LogDerivedDataCache: Saved boot cache 0.43s 72MB C:/Users/Donovan/AppData/Local/UnrealEngine/4.20/DerivedDataCache/Boot.ddc.
[2018.09.23-21.26.05:528][  0]LogInit: Texture streaming: Enabled
[2018.09.23-21.26.08:288][  0]LogEngineSessionManager: EngineSessionManager initialized
[2018.09.23-21.26.10:221][  0]LogInit: Transaction tracking system initialized
[2018.09.23-21.26.11:308][  0]BlueprintLog: New page: Editor Load
[2018.09.23-21.26.13:770][  0]LocalizationService: Localization service is disabled
[2018.09.23-21.26.18:010][  0]LogFileCache: Scanning file cache for directory 'C:/Users/Donovan/UE4_Project/GameJamProject/GameJam/GameJamProject/Content/' took 0.02s
[2018.09.23-21.26.18:011][  0]LogCook: Display: Max memory allowance for cook 16384mb min free memory 0mb
[2018.09.23-21.26.18:011][  0]LogCook: Display: Mobile HDR setting 1
[2018.09.23-21.26.18:155][  0]LogGameplayTags: Display: UGameplayTagsManager::DoneAddingNativeTags. DelegateIsBound: 0
[2018.09.23-21.26.18:155][  0]LogStats: UGameplayTagsManager::ConstructGameplayTagTree: ImportINI prefixes -  0.000 s
[2018.09.23-21.26.18:155][  0]LogStats: UGameplayTagsManager::ConstructGameplayTagTree: Construct from data asset -  0.000 s
[2018.09.23-21.26.18:155][  0]LogStats: UGameplayTagsManager::ConstructGameplayTagTree: ImportINI -  0.000 s
[2018.09.23-21.26.18:155][  0]LogStats: UGameplayTagsManager::ConstructGameplayTagTree: GameplayTagTreeChangedEvent.Broadcast -  0.000 s
[2018.09.23-21.26.24:331][  0]LogWindows: Warning: CreateProc failed: Le fichier spécifié est introuvable. (0x00000002)
[2018.09.23-21.26.24:331][  0]LogWindows: Warning: URL: F:/Logiciel/Jeux/Git/Git/bin/git.exe version
[2018.09.23-21.26.24:341][  0]Cmd: MAP LOAD FILE="../../../../../../Users/Donovan/UE4_Project/GameJamProject/GameJam/GameJamProject/Content/Level/Start.umap" TEMPLATE=0 SHOWPROGRESS=1 FEATURELEVEL=3
[2018.09.23-21.26.24:352][  0]LightingResults: New page: Lighting Build
[2018.09.23-21.26.24:455][  0]MapCheck: New page: Map Check
[2018.09.23-21.26.24:455][  0]LightingResults: New page: Lighting Build
[2018.09.23-21.26.25:318][  0]LogBlueprint: Warning: Timeline OpenClosed Track NewTrack_0 in /Engine/Transient.REINST_BP_Doors_C_4 has an invalid curve.  Please fix!
[2018.09.23-21.26.33:577][  0]LogAIModule: Creating AISystem for world Start
[2018.09.23-21.26.35:908][  0]LogEditorServer: Finished looking for orphan Actors (0.000 secs)
[2018.09.23-21.26.36:084][  0]Cmd: MAP CHECKDEP NOCLEARLOG
[2018.09.23-21.26.36:255][  0]MapCheck: Map check complete: 0 Error(s), 0 Warning(s), took 170,164ms to complete.
[2018.09.23-21.26.36:255][  0]LogFileHelpers: Loading map 'Start' took 11.914
[2018.09.23-21.26.38:210][  0]LogCollectionManager: Loaded 0 collections in 0.003247 seconds
[2018.09.23-21.26.38:740][  0]LogFileCache: Scanning file cache for directory 'C:/Users/Donovan/UE4_Project/GameJamProject/GameJam/GameJamProject/Saved/Collections/' took 0.01s
[2018.09.23-21.26.38:740][  0]LogFileCache: Scanning file cache for directory 'C:/Users/Donovan/UE4_Project/GameJamProject/GameJam/GameJamProject/Content/Developers/Donovan/Collections/' took 0.01s
[2018.09.23-21.26.38:740][  0]LogFileCache: Scanning file cache for directory 'C:/Users/Donovan/UE4_Project/GameJamProject/GameJam/GameJamProject/Content/Collections/' took 0.01s
[2018.09.23-21.26.38:740][  0]LogCollectionManager: Rebuilt the GUID cache for 0 collections in 0.000000 seconds
[2018.09.23-21.26.38:871][  0]LogContentBrowser: Native class hierarchy populated in 0.0684 seconds. Added 2622 classes and 631 folders.
[2018.09.23-21.26.40:155][  0]LogContentBrowser: Native class hierarchy updated for 'WidgetCarousel' in 0.0004 seconds. Added 0 classes and 0 folders.
[2018.09.23-21.26.44:622][  0]LogContentBrowser: Native class hierarchy updated for 'AddContentDialog' in 0.0004 seconds. Added 0 classes and 0 folders.
[2018.09.23-21.26.44:660][  0]LogSlate: Updating window title bar state: overlay mode, drag disabled, window buttons hidden, title bar hidden
[2018.09.23-21.26.44:672][  0]LogSlate: Updating window title bar state: overlay mode, drag disabled, window buttons hidden, title bar hidden
[2018.09.23-21.26.44:685][  0]LogSlate: Updating window title bar state: overlay mode, drag disabled, window buttons hidden, title bar hidden
[2018.09.23-21.26.44:697][  0]LogSlate: Updating window title bar state: overlay mode, drag disabled, window buttons hidden, title bar hidden
[2018.09.23-21.26.44:852][  0]LogContentBrowser: Native class hierarchy updated for 'WorldBrowser' in 0.0004 seconds. Added 2 classes and 3 folders.
[2018.09.23-21.26.45:175][  0]LogSlate: Took 0.015135 seconds to synchronously load lazily loaded font '../../../Engine/Content/Slate/Fonts/Roboto-Regular.ttf' (155K)
[2018.09.23-21.26.45:234][  0]LogSlate: Took 0.019579 seconds to synchronously load lazily loaded font '../../../Engine/Content/Editor/Slate/Fonts/FontAwesome.ttf' (139K)
[2018.09.23-21.26.45:261][  0]LogSlate: Took 0.017585 seconds to synchronously load lazily loaded font '../../../Engine/Content/Slate/Fonts/Roboto-Bold.ttf' (160K)
[2018.09.23-21.26.45:955][  0]LogContentBrowser: Native class hierarchy updated for 'HierarchicalLODOutliner' in 0.0004 seconds. Added 0 classes and 0 folders.
[2018.09.23-21.26.45:955][  0]LogLoad: (Engine Initialization) Total time: 216.29 seconds
[2018.09.23-21.26.45:955][  0]LogLoad: (Engine Initialization) Total Blueprint compile time: 0.00 seconds
[2018.09.23-21.26.46:158][  0]LogContentStreaming: Texture pool size now 400 MB
[2018.09.23-21.26.46:773][  2]LogD3D11RHI: Timed out while waiting for GPU to catch up. (0.5 s)
[2018.09.23-21.26.46:806][  3]LogRenderer: Reallocating scene render targets to support 128x128 Format 9 NumSamples 1 (Frame:0).
[2018.09.23-21.26.48:348][  4]LogSlate: Took 0.084270 seconds to synchronously load lazily loaded font '../../../Engine/Content/Slate/Fonts/Roboto-Light.ttf' (167K)
[2018.09.23-21.26.48:411][  5]LogAssetRegistry: Asset discovery search completed in 127.8258 seconds
[2018.09.23-21.26.48:417][  5]LogCollectionManager: Rebuilt the object cache for 0 collections in 0.000001 seconds (found 0 objects)
[2018.09.23-21.26.48:417][  5]LogCollectionManager: Fixed up redirectors for 0 collections in 0.000223 seconds (updated 0 objects)
[2018.09.23-21.28.38:292][959]LogSlate: Took 0.000484 seconds to synchronously load lazily loaded font '../../../Engine/Content/Slate/Fonts/Roboto-Light.ttf' (167K)
[2018.09.23-21.28.38:426][959]LogFactory: FactoryCreateFile: Texture with ReimportTextureFactory (0 0 ../../../../../../Users/Donovan/UE4_Project/GameJamProject/GameJam/Asset/TextMenu/640x480_H.png)
[2018.09.23-21.28.38:539][959]LogTexture: Display: Building textures: 640x480_H (BGRA8, 600X250)
[2018.09.23-21.28.38:655][959]LogFactory: FactoryCreateFile: Texture with ReimportTextureFactory (0 0 ../../../../../../Users/Donovan/UE4_Project/GameJamProject/GameJam/Asset/TextMenu/640x480_N.png)
[2018.09.23-21.28.38:676][959]LogTexture: Display: Building textures: 640x480_N (BGRA8, 600X250)
[2018.09.23-21.28.38:702][959]LogFactory: FactoryCreateFile: Texture with ReimportTextureFactory (0 0 ../../../../../../Users/Donovan/UE4_Project/GameJamProject/GameJam/Asset/TextMenu/640x480_P.png)
[2018.09.23-21.28.38:729][959]LogTexture: Display: Building textures: 640x480_P (BGRA8, 600X250)
[2018.09.23-21.28.38:759][959]LogFactory: FactoryCreateFile: Texture with ReimportTextureFactory (0 0 ../../../../../../Users/Donovan/UE4_Project/GameJamProject/GameJam/Asset/TextMenu/1280x720_H.png)
[2018.09.23-21.28.38:783][959]LogTexture: Display: Building textures: 1280x720_H (BGRA8, 600X250)
[2018.09.23-21.28.38:809][959]LogFactory: FactoryCreateFile: Texture with ReimportTextureFactory (0 0 ../../../../../../Users/Donovan/UE4_Project/GameJamProject/GameJam/Asset/TextMenu/1280x720_N.png)
[2018.09.23-21.28.38:826][959]LogTexture: Display: Building textures: 1280x720_N (BGRA8, 600X250)
[2018.09.23-21.28.38:850][959]LogFactory: FactoryCreateFile: Texture with ReimportTextureFactory (0 0 ../../../../../../Users/Donovan/UE4_Project/GameJamProject/GameJam/Asset/TextMenu/1280x720_P.png)
[2018.09.23-21.28.38:868][959]LogTexture: Display: Building textures: 1280x720_P (BGRA8, 600X250)
[2018.09.23-21.28.38:903][959]LogFactory: FactoryCreateFile: Texture with ReimportTextureFactory (0 0 ../../../../../../Users/Donovan/UE4_Project/GameJamProject/GameJam/Asset/TextMenu/1920x1080_H.png)
[2018.09.23-21.28.38:924][959]LogTexture: Display: Building textures: 1920x1080_H (BGRA8, 600X250)
[2018.09.23-21.28.38:949][959]LogFactory: FactoryCreateFile: Texture with ReimportTextureFactory (0 0 ../../../../../../Users/Donovan/UE4_Project/GameJamProject/GameJam/Asset/TextMenu/1920x1080_N.png)
[2018.09.23-21.28.38:970][959]LogTexture: Display: Building textures: 1920x1080_N (BGRA8, 600X250)
[2018.09.23-21.28.38:993][959]LogFactory: FactoryCreateFile: Texture with ReimportTextureFactory (0 0 ../../../../../../Users/Donovan/UE4_Project/GameJamProject/GameJam/Asset/TextMenu/1920x1080_P.png)
[2018.09.23-21.28.39:015][959]LogTexture: Display: Building textures: 1920x1080_P (BGRA8, 600X250)
[2018.09.23-21.28.39:046][959]LogFactory: FactoryCreateFile: Texture with ReimportTextureFactory (0 0 ../../../../../../Users/Donovan/UE4_Project/GameJamProject/GameJam/Asset/TextMenu/Exit_H.png)
[2018.09.23-21.28.39:060][959]LogTexture: Display: Building textures: Exit_H (BGRA8, 600X250)
[2018.09.23-21.28.39:083][959]LogFactory: FactoryCreateFile: Texture with ReimportTextureFactory (0 0 ../../../../../../Users/Donovan/UE4_Project/GameJamProject/GameJam/Asset/TextMenu/Exit_N.png)
[2018.09.23-21.28.39:131][959]LogTexture: Display: Building textures: Exit_N (BGRA8, 600X250)
[2018.09.23-21.28.39:158][959]LogFactory: FactoryCreateFile: Texture with ReimportTextureFactory (0 0 ../../../../../../Users/Donovan/UE4_Project/GameJamProject/GameJam/Asset/TextMenu/Exit_P.png)
[2018.09.23-21.28.39:182][959]LogTexture: Display: Building textures: Exit_P (BGRA8, 600X250)
[2018.09.23-21.28.39:214][959]LogFactory: FactoryCreateFile: Texture with ReimportTextureFactory (0 0 ../../../../../../Users/Donovan/UE4_Project/GameJamProject/GameJam/Asset/TextMenu/Play_H.png)
[2018.09.23-21.28.39:231][959]LogTexture: Display: Building textures: Play_H (BGRA8, 600X250)
[2018.09.23-21.28.39:258][959]LogFactory: FactoryCreateFile: Texture with ReimportTextureFactory (0 0 ../../../../../../Users/Donovan/UE4_Project/GameJamProject/GameJam/Asset/TextMenu/Play_N.png)
[2018.09.23-21.28.39:276][959]LogTexture: Display: Building textures: Play_N (BGRA8, 600X250)
[2018.09.23-21.28.39:300][959]LogFactory: FactoryCreateFile: Texture with ReimportTextureFactory (0 0 ../../../../../../Users/Donovan/UE4_Project/GameJamProject/GameJam/Asset/TextMenu/Play_P.png)
[2018.09.23-21.28.39:318][959]LogTexture: Display: Building textures: Play_P (BGRA8, 600X250)
[2018.09.23-21.28.39:348][959]LogFactory: FactoryCreateFile: Texture with ReimportTextureFactory (0 0 ../../../../../../Users/Donovan/UE4_Project/GameJamProject/GameJam/Asset/TextMenu/Resume_H.png)
[2018.09.23-21.28.39:363][959]LogTexture: Display: Building textures: Resume_H (BGRA8, 600X250)
[2018.09.23-21.28.39:386][959]LogFactory: FactoryCreateFile: Texture with ReimportTextureFactory (0 0 ../../../../../../Users/Donovan/UE4_Project/GameJamProject/GameJam/Asset/TextMenu/Resume_N.png)
[2018.09.23-21.28.39:418][959]LogTexture: Display: Building textures: Resume_N (BGRA8, 600X250)
[2018.09.23-21.28.39:442][959]LogFactory: FactoryCreateFile: Texture with ReimportTextureFactory (0 0 ../../../../../../Users/Donovan/UE4_Project/GameJamProject/GameJam/Asset/TextMenu/Resume_P.png)
[2018.09.23-21.28.39:474][959]LogTexture: Display: Building textures: Resume_P (BGRA8, 600X250)
[2018.09.23-21.28.39:502][959]LogFactory: FactoryCreateFile: Texture with ReimportTextureFactory (0 0 ../../../../../../Users/Donovan/UE4_Project/GameJamProject/GameJam/Asset/TextMenu/Return_H.png)
[2018.09.23-21.28.39:529][959]LogTexture: Display: Building textures: Return_H (BGRA8, 600X250)
[2018.09.23-21.28.39:554][959]LogFactory: FactoryCreateFile: Texture with ReimportTextureFactory (0 0 ../../../../../../Users/Donovan/UE4_Project/GameJamProject/GameJam/Asset/TextMenu/Return_N.png)
[2018.09.23-21.28.39:572][959]LogTexture: Display: Building textures: Return_N (BGRA8, 600X250)
[2018.09.23-21.28.39:596][959]LogFactory: FactoryCreateFile: Texture with ReimportTextureFactory (0 0 ../../../../../../Users/Donovan/UE4_Project/GameJamProject/GameJam/Asset/TextMenu/Return_P.png)
[2018.09.23-21.28.39:619][959]LogTexture: Display: Building textures: Return_P (BGRA8, 600X250)
[2018.09.23-21.28.39:649][959]LogFactory: FactoryCreateFile: Texture with ReimportTextureFactory (0 0 ../../../../../../Users/Donovan/UE4_Project/GameJamProject/GameJam/Asset/TextMenu/Settings_H.png)
[2018.09.23-21.28.39:682][959]LogTexture: Display: Building textures: Settings_H (BGRA8, 600X250)
[2018.09.23-21.28.39:706][959]LogFactory: FactoryCreateFile: Texture with ReimportTextureFactory (0 0 ../../../../../../Users/Donovan/UE4_Project/GameJamProject/GameJam/Asset/TextMenu/Settings_N.png)
[2018.09.23-21.28.39:734][959]LogTexture: Display: Building textures: Settings_N (BGRA8, 600X250)
[2018.09.23-21.28.39:758][959]LogFactory: FactoryCreateFile: Texture with ReimportTextureFactory (0 0 ../../../../../../Users/Donovan/UE4_Project/GameJamProject/GameJam/Asset/TextMenu/Settings_P.png)
[2018.09.23-21.28.39:790][959]LogTexture: Display: Building textures: Settings_P (BGRA8, 600X250)
[2018.09.23-21.28.42:158][ 41]LogSlate: Window 'Save Content' being destroyed
[2018.09.23-21.28.42:329][ 41]LogSavePackage: Moving '../../../../../../Users/Donovan/UE4_Project/GameJamProject/GameJam/GameJamProject/Saved/1280x720_H5479A0AA453649BEFFC18E92729A3D1E.tmp' to '../../../../../../Users/Donovan/UE4_Project/GameJamProject/GameJam/GameJamProject/Content/UMG/TextureButton/1280x720_H.uasset'
[2018.09.23-21.28.42:366][ 41]LogSavePackage: Moving '../../../../../../Users/Donovan/UE4_Project/GameJamProject/GameJam/GameJamProject/Saved/1280x720_NF38802854923ACF30DE7438993C77DD3.tmp' to '../../../../../../Users/Donovan/UE4_Project/GameJamProject/GameJam/GameJamProject/Content/UMG/TextureButton/1280x720_N.uasset'
[2018.09.23-21.28.42:492][ 41]LogSavePackage: Moving '../../../../../../Users/Donovan/UE4_Project/GameJamProject/GameJam/GameJamProject/Saved/1280x720_PF85C268642A78925624BAB9F17A3C369.tmp' to '../../../../../../Users/Donovan/UE4_Project/GameJamProject/GameJam/GameJamProject/Content/UMG/TextureButton/1280x720_P.uasset'
[2018.09.23-21.28.42:528][ 41]LogSavePackage: Moving '../../../../../../Users/Donovan/UE4_Project/GameJamProject/GameJam/GameJamProject/Saved/1920x1080_HBC43548648BDB26162DDE58EE8120A9B.tmp' to '../../../../../../Users/Donovan/UE4_Project/GameJamProject/GameJam/GameJamProject/Content/UMG/TextureButton/1920x1080_H.uasset'
[2018.09.23-21.28.42:563][ 41]LogSavePackage: Moving '../../../../../../Users/Donovan/UE4_Project/GameJamProject/GameJam/GameJamProject/Saved/1920x1080_NE7382AE9416CC68ED54DD09CB4CEB547.tmp' to '../../../../../../Users/Donovan/UE4_Project/GameJamProject/GameJam/GameJamProject/Content/UMG/TextureButton/1920x1080_N.uasset'
[2018.09.23-21.28.42:619][ 41]LogSavePackage: Moving '../../../../../../Users/Donovan/UE4_Project/GameJamProject/GameJam/GameJamProject/Saved/1920x1080_P75A314234C08AC37D8A82EAFCE56E0DE.tmp' to '../../../../../../Users/Donovan/UE4_Project/GameJamProject/GameJam/GameJamProject/Content/UMG/TextureButton/1920x1080_P.uasset'
[2018.09.23-21.28.42:653][ 41]LogSavePackage: Moving '../../../../../../Users/Donovan/UE4_Project/GameJamProject/GameJam/GameJamProject/Saved/640x480_H43342CB4438B8B80D7D5A98805E71A43.tmp' to '../../../../../../Users/Donovan/UE4_Project/GameJamProject/GameJam/GameJamProject/Content/UMG/TextureButton/640x480_H.uasset'
[2018.09.23-21.28.42:690][ 41]LogSavePackage: Moving '../../../../../../Users/Donovan/UE4_Project/GameJamProject/GameJam/GameJamProject/Saved/640x480_NA80CDF81459E26FE27F9829C643EC26F.tmp' to '../../../../../../Users/Donovan/UE4_Project/GameJamProject/GameJam/GameJamProject/Content/UMG/TextureButton/640x480_N.uasset'
[2018.09.23-21.28.42:727][ 41]LogSavePackage: Moving '../../../../../../Users/Donovan/UE4_Project/GameJamProject/GameJam/GameJamProject/Saved/640x480_P53DF18894D5631D3ADFA9F90D31F5D88.tmp' to '../../../../../../Users/Donovan/UE4_Project/GameJamProject/GameJam/GameJamProject/Content/UMG/TextureButton/640x480_P.uasset'
[2018.09.23-21.28.42:740][ 41]Cmd: OBJ SAVEPACKAGE PACKAGE="/Game/UMG/TextureButton/Exit_H" FILE="../../../../../../Users/Donovan/UE4_Project/GameJamProject/GameJam/GameJamProject/Content/UMG/TextureButton/Exit_H.uasset" SILENT=true
[2018.09.23-21.28.42:764][ 41]LogSavePackage: Moving '../../../../../../Users/Donovan/UE4_Project/GameJamProject/GameJam/GameJamProject/Saved/Exit_HE04479D14AF638074FDA7E94A201A0D9.tmp' to '../../../../../../Users/Donovan/UE4_Project/GameJamProject/GameJam/GameJamProject/Content/UMG/TextureButton/Exit_H.uasset'
[2018.09.23-21.28.42:778][ 41]Cmd: OBJ SAVEPACKAGE PACKAGE="/Game/UMG/TextureButton/Exit_N" FILE="../../../../../../Users/Donovan/UE4_Project/GameJamProject/GameJam/GameJamProject/Content/UMG/TextureButton/Exit_N.uasset" SILENT=true
[2018.09.23-21.28.42:800][ 41]LogSavePackage: Moving '../../../../../../Users/Donovan/UE4_Project/GameJamProject/GameJam/GameJamProject/Saved/Exit_NAB8A57844BAC67AE00B9A394E400DA86.tmp' to '../../../../../../Users/Donovan/UE4_Project/GameJamProject/GameJam/GameJamProject/Content/UMG/TextureButton/Exit_N.uasset'
[2018.09.23-21.28.42:815][ 41]Cmd: OBJ SAVEPACKAGE PACKAGE="/Game/UMG/TextureButton/Exit_P" FILE="../../../../../../Users/Donovan/UE4_Project/GameJamProject/GameJam/GameJamProject/Content/UMG/TextureButton/Exit_P.uasset" SILENT=true
[2018.09.23-21.28.42:837][ 41]LogSavePackage: Moving '../../../../../../Users/Donovan/UE4_Project/GameJamProject/GameJam/GameJamProject/Saved/Exit_P30DC35F64F7C6C16ED17FDB865EC2B2A.tmp' to '../../../../../../Users/Donovan/UE4_Project/GameJamProject/GameJam/GameJamProject/Content/UMG/TextureButton/Exit_P.uasset'
[2018.09.23-21.28.42:851][ 41]Cmd: OBJ SAVEPACKAGE PACKAGE="/Game/UMG/TextureButton/Play_H" FILE="../../../../../../Users/Donovan/UE4_Project/GameJamProject/GameJam/GameJamProject/Content/UMG/TextureButton/Play_H.uasset" SILENT=true
[2018.09.23-21.28.42:872][ 41]LogSavePackage: Moving '../../../../../../Users/Donovan/UE4_Project/GameJamProject/GameJam/GameJamProject/Saved/Play_H2B7CA82C4EB716DF9166CAAA0D473BE4.tmp' to '../../../../../../Users/Donovan/UE4_Project/GameJamProject/GameJam/GameJamProject/Content/UMG/TextureButton/Play_H.uasset'
[2018.09.23-21.28.42:886][ 41]Cmd: OBJ SAVEPACKAGE PACKAGE="/Game/UMG/TextureButton/Play_N" FILE="../../../../../../Users/Donovan/UE4_Project/GameJamProject/GameJam/GameJamProject/Content/UMG/TextureButton/Play_N.uasset" SILENT=true
[2018.09.23-21.28.42:907][ 41]LogSavePackage: Moving '../../../../../../Users/Donovan/UE4_Project/GameJamProject/GameJam/GameJamProject/Saved/Play_NC57E508C4A4C63D1FA9FFEA060AAAAA5.tmp' to '../../../../../../Users/Donovan/UE4_Project/GameJamProject/GameJam/GameJamProject/Content/UMG/TextureButton/Play_N.uasset'
[2018.09.23-21.28.42:922][ 41]Cmd: OBJ SAVEPACKAGE PACKAGE="/Game/UMG/TextureButton/Play_P" FILE="../../../../../../Users/Donovan/UE4_Project/GameJamProject/GameJam/GameJamProject/Content/UMG/TextureButton/Play_P.uasset" SILENT=true
[2018.09.23-21.28.42:946][ 41]LogSavePackage: Moving '../../../../../../Users/Donovan/UE4_Project/GameJamProject/GameJam/GameJamProject/Saved/Play_P8E210AA34FD033B6C8481AB2632D081D.tmp' to '../../../../../../Users/Donovan/UE4_Project/GameJamProject/GameJam/GameJamProject/Content/UMG/TextureButton/Play_P.uasset'
[2018.09.23-21.28.42:979][ 41]LogSavePackage: Moving '../../../../../../Users/Donovan/UE4_Project/GameJamProject/GameJam/GameJamProject/Saved/Resume_H6D74CB7C4AC0792ACE563A93602308E4.tmp' to '../../../../../../Users/Donovan/UE4_Project/GameJamProject/GameJam/GameJamProject/Content/UMG/TextureButton/Resume_H.uasset'
[2018.09.23-21.28.43:015][ 41]LogSavePackage: Moving '../../../../../../Users/Donovan/UE4_Project/GameJamProject/GameJam/GameJamProject/Saved/Resume_N93FDE7024611D6064D51FA9CE40B34FE.tmp' to '../../../../../../Users/Donovan/UE4_Project/GameJamProject/GameJam/GameJamProject/Content/UMG/TextureButton/Resume_N.uasset'
[2018.09.23-21.28.43:085][ 41]LogSavePackage: Moving '../../../../../../Users/Donovan/UE4_Project/GameJamProject/GameJam/GameJamProject/Saved/Resume_P13309E1A4ED159001615F79396063B24.tmp' to '../../../../../../Users/Donovan/UE4_Project/GameJamProject/GameJam/GameJamProject/Content/UMG/TextureButton/Resume_P.uasset'
[2018.09.23-21.28.43:121][ 41]LogSavePackage: Moving '../../../../../../Users/Donovan/UE4_Project/GameJamProject/GameJam/GameJamProject/Saved/Return_H33B90E1444D1772079E89981B188B5B9.tmp' to '../../../../../../Users/Donovan/UE4_Project/GameJamProject/GameJam/GameJamProject/Content/UMG/TextureButton/Return_H.uasset'
[2018.09.23-21.28.43:158][ 41]LogSavePackage: Moving '../../../../../../Users/Donovan/UE4_Project/GameJamProject/GameJam/GameJamProject/Saved/Return_NB404413243431962D4B8FA8B6D507ACA.tmp' to '../../../../../../Users/Donovan/UE4_Project/GameJamProject/GameJam/GameJamProject/Content/UMG/TextureButton/Return_N.uasset'
[2018.09.23-21.28.43:194][ 41]LogSavePackage: Moving '../../../../../../Users/Donovan/UE4_Project/GameJamProject/GameJam/GameJamProject/Saved/Return_P65F5B0D94AD2BCB03F23BD9B29C45A69.tmp' to '../../../../../../Users/Donovan/UE4_Project/GameJamProject/GameJam/GameJamProject/Content/UMG/TextureButton/Return_P.uasset'
[2018.09.23-21.28.43:229][ 41]LogSavePackage: Moving '../../../../../../Users/Donovan/UE4_Project/GameJamProject/GameJam/GameJamProject/Saved/Settings_HA81F9A994C48627B898178B599AD3F38.tmp' to '../../../../../../Users/Donovan/UE4_Project/GameJamProject/GameJam/GameJamProject/Content/UMG/TextureButton/Settings_H.uasset'
[2018.09.23-21.28.43:265][ 41]LogSavePackage: Moving '../../../../../../Users/Donovan/UE4_Project/GameJamProject/GameJam/GameJamProject/Saved/Settings_NA8D996AA4F5A2C1CDF4B1CA4CD1C31E5.tmp' to '../../../../../../Users/Donovan/UE4_Project/GameJamProject/GameJam/GameJamProject/Content/UMG/TextureButton/Settings_N.uasset'
[2018.09.23-21.28.43:313][ 41]LogSavePackage: Moving '../../../../../../Users/Donovan/UE4_Project/GameJamProject/GameJam/GameJamProject/Saved/Settings_P6753401641AE7ACDC34CBF8265675223.tmp' to '../../../../../../Users/Donovan/UE4_Project/GameJamProject/GameJam/GameJamProject/Content/UMG/TextureButton/Settings_P.uasset'
[2018.09.23-21.29.34:187][169]Cmd: OBJ SAVEPACKAGE PACKAGE="/Game/UMG/Wb_MenuStart" FILE="../../../../../../Users/Donovan/UE4_Project/GameJamProject/GameJam/GameJamProject/Content/UMG/Wb_MenuStart.uasset" SILENT=true
