Log file open, 09/21/18 16:13:05
LogWindows: Failed to load 'aqProf.dll' (GetLastError=126)
LogWindows: File 'aqProf.dll' does not exist
LogWindows: Failed to load 'VSPerf140.dll' (GetLastError=126)
LogWindows: File 'VSPerf140.dll' does not exist
LogWindows: Failed to load 'VtuneApi.dll' (GetLastError=126)
LogWindows: File 'VtuneApi.dll' does not exist
LogWindows: Failed to load 'VtuneApi32e.dll' (GetLastError=126)
LogWindows: File 'VtuneApi32e.dll' does not exist
LogInit: Display: Running engine for game: GameJamProject
LogPlatformFile: Not using cached read wrapper
LogTaskGraph: Started task graph with 5 named threads and 14 total threads with 3 sets of task threads.
LogStats: Stats thread started at 0.171512
LogD3D11RHI: Loaded GFSDK_Aftermath_Lib.x64.dll
LogICUInternationalization: Display: ICU TimeZone Detection - Raw Offset: +1:00, Platform Override: ''
LogPluginManager: Mounting plugin Paper2D
LogPluginManager: Mounting plugin AISupport
LogPluginManager: Mounting plugin LightPropagationVolume
LogPluginManager: Mounting plugin CLionSourceCodeAccess
LogPluginManager: Mounting plugin CodeLiteSourceCodeAccess
LogPluginManager: Mounting plugin GitSourceControl
LogPluginManager: Mounting plugin KDevelopSourceCodeAccess
LogPluginManager: Mounting plugin NullSourceCodeAccess
LogPluginManager: Mounting plugin PerforceSourceControl
LogPluginManager: Mounting plugin SubversionSourceControl
LogPluginManager: Mounting plugin UObjectPlugin
LogPluginManager: Mounting plugin VisualStudioCodeSourceCodeAccess
LogPluginManager: Mounting plugin VisualStudioSourceCodeAccess
LogPluginManager: Mounting plugin XCodeSourceCodeAccess
LogPluginManager: Mounting plugin AssetManagerEditor
LogPluginManager: Mounting plugin CryptoKeys
LogPluginManager: Mounting plugin DataValidation
LogPluginManager: Mounting plugin FacialAnimation
LogPluginManager: Mounting plugin GameplayTagsEditor
LogPluginManager: Mounting plugin MacGraphicsSwitching
LogPluginManager: Mounting plugin MeshEditor
LogPluginManager: Mounting plugin MobileLauncherProfileWizard
LogPluginManager: Mounting plugin PluginBrowser
LogPluginManager: Mounting plugin SpeedTreeImporter
LogPluginManager: Mounting plugin DatasmithContent
LogPluginManager: Mounting plugin AlembicImporter
LogPluginManager: Mounting plugin AppleImageUtils
LogPluginManager: Mounting plugin AppleVision
LogPluginManager: Mounting plugin BackChannel
LogPluginManager: Mounting plugin CharacterAI
LogPluginManager: Mounting plugin GeometryCache
LogPluginManager: Mounting plugin HTML5Networking
LogPluginManager: Mounting plugin ProxyLODPlugin
LogPluginManager: Mounting plugin MagicLeap
LogPluginManager: Mounting plugin MagicLeapEmulator
LogPluginManager: Mounting plugin MagicLeapMedia
LogPluginManager: Mounting plugin AndroidMedia
LogPluginManager: Mounting plugin AvfMedia
LogPluginManager: Mounting plugin ImgMedia
LogPluginManager: Mounting plugin LinearTimecode
LogPluginManager: Mounting plugin MediaCompositing
LogPluginManager: Mounting plugin MediaPlayerEditor
LogPluginManager: Mounting plugin WmfMedia
LogPluginManager: Mounting plugin TcpMessaging
LogPluginManager: Mounting plugin UdpMessaging
LogPluginManager: Mounting plugin ActorSequence
LogPluginManager: Mounting plugin LevelSequenceEditor
LogPluginManager: Mounting plugin MatineeToLevelSequence
LogPluginManager: Mounting plugin NetcodeUnitTest
LogPluginManager: Mounting plugin NUTUnrealEngine4
LogPluginManager: Mounting plugin OnlineSubsystemGooglePlay
LogPluginManager: Mounting plugin OnlineSubsystemIOS
LogPluginManager: Mounting plugin OnlineSubsystem
LogPluginManager: Mounting plugin OnlineSubsystemNull
LogPluginManager: Mounting plugin OnlineSubsystemUtils
LogPluginManager: Mounting plugin LauncherChunkInstaller
LogPluginManager: Mounting plugin AndroidDeviceProfileSelector
LogPluginManager: Mounting plugin AndroidMoviePlayer
LogPluginManager: Mounting plugin AndroidPermission
LogPluginManager: Mounting plugin AppleMoviePlayer
LogPluginManager: Mounting plugin ArchVisCharacter
LogPluginManager: Mounting plugin AudioCapture
LogPluginManager: Mounting plugin CableComponent
LogPluginManager: Mounting plugin CustomMeshComponent
LogPluginManager: Mounting plugin EditableMesh
LogPluginManager: Mounting plugin ExampleDeviceProfileSelector
LogPluginManager: Mounting plugin GoogleCloudMessaging
LogPluginManager: Mounting plugin ImmediatePhysics
LogPluginManager: Mounting plugin IOSDeviceProfileSelector
LogPluginManager: Mounting plugin LinuxDeviceProfileSelector
LogPluginManager: Mounting plugin LocationServicesBPLibrary
LogPluginManager: Mounting plugin MobilePatchingUtils
LogPluginManager: Mounting plugin OculusVR
LogPluginManager: Plugin shader directory ../../../Engine/Plugins/Runtime/Oculus/OculusVR/Shaders found
LogPluginManager: Mapping shader source directory ../../../Engine/Plugins/Runtime/Oculus/OculusVR/Shaders to virtual directory /Plugin/OculusVR
LogPluginManager: Mounting plugin PhysXVehicles
LogPluginManager: Mounting plugin ProceduralMeshComponent
LogPluginManager: Mounting plugin RuntimePhysXCooking
LogPluginManager: Mounting plugin SteamVR
LogPluginManager: Mounting plugin WindowsMoviePlayer
LogStreaming: Display: Took  0.124s to configure plugins.
LogInit: Using libcurl 7.55.1-DEV
LogInit:  - built for x86_64-pc-win32
LogInit:  - supports SSL with OpenSSL/1.0.2h
LogInit:  - supports HTTP deflate (compression) using libz 1.2.8
LogInit:  - other features:
LogInit:      CURL_VERSION_SSL
LogInit:      CURL_VERSION_LIBZ
LogInit:      CURL_VERSION_IPV6
LogInit:      CURL_VERSION_ASYNCHDNS
LogInit:      CURL_VERSION_LARGEFILE
LogInit:      CURL_VERSION_IDN
LogInit:  CurlRequestOptions (configurable via config and command line):
LogInit:  - bVerifyPeer = false  - Libcurl will NOT verify peer certificate
LogInit:  - bUseHttpProxy = false  - Libcurl will NOT use HTTP proxy
LogInit:  - bDontReuseConnections = false  - Libcurl will reuse connections
LogInit:  - CertBundlePath = nullptr  - Libcurl will use whatever was configured at build time.
LogInit:  - MaxHostConnections = 16  - Libcurl will limit the number of connections to a host
LogInit:  - LocalHostAddr = Default
LogInit:  - BufferSize = 65536
LogInit: WinSock: version 1.1 (2.2), MaxSocks=32767, MaxUdp=65467
LogInit: Build: ++UE4+Release-4.20-CL-4302132
LogInit: Engine Version: 4.20.2-4302132+++UE4+Release-4.20
LogInit: Compatible Engine Version: 4.20.0-4212847+++UE4+Release-4.20
LogInit: Net CL: 4212847
LogInit: OS: Windows 10 (), CPU: Intel(R) Core(TM) i5-4690K CPU @ 3.50GHz, GPU: NVIDIA GeForce GTX 1070
LogInit: Compiled (64-bit): Aug 21 2018 02:06:06
LogInit: Compiled with Visual C++: 19.13.26129.00
LogInit: Build Configuration: Development
LogInit: Branch Name: ++UE4+Release-4.20
LogInit: Command Line:  
LogInit: Base Directory: F:/Unreal Engine/UE_4.20/Engine/Binaries/Win64/
LogInit: Installed Engine Build: 1
LogDevObjectVersion: Number of dev versions registered: 20
LogDevObjectVersion:   Dev-Blueprints (B0D832E4-1F89-4F0D-ACCF-7EB736FD4AA2): 10
LogDevObjectVersion:   Dev-Build (E1C64328-A22C-4D53-A36C-8E866417BD8C): 0
LogDevObjectVersion:   Dev-Core (375EC13C-06E4-48FB-B500-84F0262A717E): 2
LogDevObjectVersion:   Dev-Editor (E4B068ED-F494-42E9-A231-DA0B2E46BB41): 24
LogDevObjectVersion:   Dev-Framework (CFFC743F-43B0-4480-9391-14DF171D2073): 34
LogDevObjectVersion:   Dev-Mobile (B02B49B5-BB20-44E9-A304-32B752E40360): 2
LogDevObjectVersion:   Dev-Networking (A4E4105C-59A1-49B5-A7C5-40C4547EDFEE): 0
LogDevObjectVersion:   Dev-Online (39C831C9-5AE6-47DC-9A44-9C173E1C8E7C): 0
LogDevObjectVersion:   Dev-Physics (78F01B33-EBEA-4F98-B9B4-84EACCB95AA2): 0
LogDevObjectVersion:   Dev-Platform (6631380F-2D4D-43E0-8009-CF276956A95A): 0
LogDevObjectVersion:   Dev-Rendering (12F88B9F-8875-4AFC-A67C-D90C383ABD29): 26
LogDevObjectVersion:   Dev-Sequencer (7B5AE74C-D270-4C10-A958-57980B212A5A): 9
LogDevObjectVersion:   Dev-VR (D7296918-1DD6-4BDD-9DE2-64A83CC13884): 2
LogDevObjectVersion:   Dev-LoadTimes (C2A15278-BFE7-4AFE-6C17-90FF531DF755): 1
LogDevObjectVersion:   Private-Geometry (6EACA3D4-40EC-4CC1-B786-8BED09428FC5): 3
LogDevObjectVersion:   Dev-AnimPhys (29E575DD-E0A3-4627-9D10-D276232CDCEA): 17
LogDevObjectVersion:   Dev-ReflectionCapture (6B266CEC-1EC7-4B8F-A30B-E4D90942FC07): 1
LogDevObjectVersion:   Dev-Automation (0DF73D61-A23F-47EA-B727-89E90C41499A): 1
LogDevObjectVersion:   FortniteMain (601D1886-AC64-4F84-AA16-D3DE0DEAC7D6): 12
LogDevObjectVersion:   Dev-Enterprise (9DFFBCD6-494F-0158-E221-12823C92A888): 1
LogStreaming: Display: Took  0.001s to delete old logs.
LogInit: Presizing for max 8388607 objects, including 0 objects not considered by GC, pre-allocating 0 bytes for permanent pool.
LogInit: Object subsystem initialized
[2018.09.21-14.13.06:101][  0]LogInit: Selected Device Profile: [Windows]
[2018.09.21-14.13.06:102][  0]LogInit: Applying CVar settings loaded from the selected device profile: [Windows]
[2018.09.21-14.13.06:150][  0]LogHAL: Display: Platform has ~ 16 GB [17126174720 / 17179869184 / 16], which maps to Larger [LargestMinGB=32, LargerMinGB=12, DefaultMinGB=8, SmallerMinGB=6, SmallestMinGB=0)
[2018.09.21-14.13.06:153][  0]LogInit: Setting Device Profile CVar: [[r.Vulkan.UseRealUBs:1]]
[2018.09.21-14.13.06:154][  0]LogInit: Going up to parent DeviceProfile []
[2018.09.21-14.13.06:177][  0]LogInit: Computer: PC-ALEX
[2018.09.21-14.13.06:177][  0]LogInit: User: malin
[2018.09.21-14.13.06:177][  0]LogInit: CPU Page size=4096, Cores=4
[2018.09.21-14.13.06:177][  0]LogInit: High frequency timer resolution =3.417984 MHz
[2018.09.21-14.13.06:177][  0]LogMemory: Memory total: Physical=15.9GB (16GB approx)
[2018.09.21-14.13.06:177][  0]LogMemory: Platform Memory Stats for Windows
[2018.09.21-14.13.06:177][  0]LogMemory: Process Physical Memory: 100.56 MB used, 100.56 MB peak
[2018.09.21-14.13.06:177][  0]LogMemory: Process Virtual Memory: 84.22 MB used, 84.22 MB peak
[2018.09.21-14.13.06:177][  0]LogMemory: Physical Memory: 5345.05 MB used,  10987.75 MB free, 16332.79 MB total
[2018.09.21-14.13.06:177][  0]LogMemory: Virtual Memory: 4620.27 MB used,  10987.75 MB free, 134217728.00 MB total
[2018.09.21-14.13.06:650][  0]LogInit: Using OS detected language (fr-FR).
[2018.09.21-14.13.06:650][  0]LogInit: Using OS detected locale (fr-FR).
[2018.09.21-14.13.06:670][  0]LogTextLocalizationManager: No specific localization for 'fr-FR' exists, so the 'fr' localization will be used.
[2018.09.21-14.13.06:755][  0]LogStreaming: Display: Took  0.089s to InitEngineTextLocalization.
[2018.09.21-14.13.06:768][  0]LogInit: Setting process to per monitor DPI aware
[2018.09.21-14.13.07:143][  0]LogSlate: New Slate User Created.  User Index 0, Is Virtual User: 0
[2018.09.21-14.13.07:143][  0]LogSlate: Slate User Registered.  User Index 0, Is Virtual User: 0
[2018.09.21-14.13.15:228][  0]LogHMD: Failed to initialize OpenVR with code 110
[2018.09.21-14.13.15:228][  0]LogD3D11RHI: D3D11 adapters:
[2018.09.21-14.13.15:295][  0]LogD3D11RHI:    0. 'NVIDIA GeForce GTX 1070' (Feature Level 11_0)
[2018.09.21-14.13.15:295][  0]LogD3D11RHI:       8088/0/8166 MB DedicatedVideo/DedicatedSystem/SharedSystem, Outputs:2, VendorId:0x10de
[2018.09.21-14.13.15:296][  0]LogD3D11RHI:    1. 'Microsoft Basic Render Driver' (Feature Level 11_0)
[2018.09.21-14.13.15:296][  0]LogD3D11RHI:       0/0/8166 MB DedicatedVideo/DedicatedSystem/SharedSystem, Outputs:0, VendorId:0x1414
[2018.09.21-14.13.15:296][  0]LogD3D11RHI: Chosen D3D11 Adapter: 0
[2018.09.21-14.13.15:302][  0]LogD3D11RHI: Creating new Direct3DDevice
[2018.09.21-14.13.15:302][  0]LogD3D11RHI:     GPU DeviceId: 0x1b81 (for the marketing name, search the web for "GPU Device Id")
[2018.09.21-14.13.15:316][  0]LogWindows: EnumDisplayDevices:
[2018.09.21-14.13.15:316][  0]LogWindows:    0. 'NVIDIA GeForce GTX 1070' (P:1 D:1)
[2018.09.21-14.13.15:316][  0]LogWindows:    1. 'NVIDIA GeForce GTX 1070' (P:0 D:1)
[2018.09.21-14.13.15:316][  0]LogWindows:    2. 'NVIDIA GeForce GTX 1070' (P:0 D:0)
[2018.09.21-14.13.15:316][  0]LogWindows:    3. 'NVIDIA GeForce GTX 1070' (P:0 D:0)
[2018.09.21-14.13.15:316][  0]LogWindows: DebugString: FoundDriverCount:4 
[2018.09.21-14.13.15:316][  0]LogD3D11RHI:     Adapter Name: NVIDIA GeForce GTX 1070
[2018.09.21-14.13.15:323][  0]LogD3D11RHI:   Driver Version: 411.63 (internal:24.21.14.1163, unified:411.63)
[2018.09.21-14.13.15:323][  0]LogD3D11RHI:      Driver Date: 9-18-2018
[2018.09.21-14.13.15:323][  0]LogRHI: Texture pool is 5661 MB (70% of 8088 MB)
[2018.09.21-14.13.15:367][  0]LogD3D11RHI: Async texture creation enabled
[2018.09.21-14.13.15:584][  0]LogD3D11RHI: GPU Timing Frequency: 1000.000000 (Debug: 2 2)
[2018.09.21-14.13.15:681][  0]LogShaderCompilers: Guid format shader working directory is -6 characters bigger than the processId version (../../../../../Projet/Gamejam/GameJam/GameJamProject/Intermediate/Shaders/WorkingDirectory/6748/).
[2018.09.21-14.13.15:681][  0]LogShaderCompilers: Cleaned the shader compiler working directory 'C:/Users/malin/AppData/Local/Temp/UnrealShaderWorkingDir/D96F530A48BB15658A5E73A20E17F0F4/'.
[2018.09.21-14.13.15:970][  0]LogTemp: Display: Loaded TP AllDesktopTargetPlatform
[2018.09.21-14.13.16:003][  0]LogTemp: Display: Loaded TP MacClientTargetPlatform
[2018.09.21-14.13.16:028][  0]LogTemp: Display: Loaded TP MacNoEditorTargetPlatform
[2018.09.21-14.13.16:059][  0]LogTemp: Display: Loaded TP MacServerTargetPlatform
[2018.09.21-14.13.16:099][  0]LogTemp: Display: Loaded TP MacTargetPlatform
[2018.09.21-14.13.16:134][  0]LogTemp: Display: Loaded TP WindowsClientTargetPlatform
[2018.09.21-14.13.16:173][  0]LogTemp: Display: Loaded TP WindowsNoEditorTargetPlatform
[2018.09.21-14.13.16:206][  0]LogTemp: Display: Loaded TP WindowsServerTargetPlatform
[2018.09.21-14.13.16:241][  0]LogTemp: Display: Loaded TP WindowsTargetPlatform
[2018.09.21-14.13.16:352][  0]LogTemp: Display: Loaded TP AndroidTargetPlatform
[2018.09.21-14.13.16:352][  0]LogTemp: Display: Loaded TP AndroidTargetPlatform
[2018.09.21-14.13.16:352][  0]LogTemp: Display: Loaded TP AndroidTargetPlatform
[2018.09.21-14.13.16:352][  0]LogTemp: Display: Loaded TP AndroidTargetPlatform
[2018.09.21-14.13.16:352][  0]LogTemp: Display: Loaded TP AndroidTargetPlatform
[2018.09.21-14.13.16:352][  0]LogTemp: Display: Loaded TP AndroidTargetPlatform
[2018.09.21-14.13.16:352][  0]LogTemp: Display: Loaded TP AndroidTargetPlatform
[2018.09.21-14.13.16:352][  0]LogTemp: Display: Loaded TP AndroidTargetPlatform
[2018.09.21-14.13.16:352][  0]LogTemp: Display: Loaded TP AndroidTargetPlatform
[2018.09.21-14.13.16:352][  0]LogTemp: Display: Loaded TP AndroidTargetPlatform
[2018.09.21-14.13.16:352][  0]LogTemp: Display: Loaded TP AndroidTargetPlatform
[2018.09.21-14.13.16:352][  0]LogTemp: Display: Loaded TP AndroidTargetPlatform
[2018.09.21-14.13.16:352][  0]LogTemp: Display: Loaded TP AndroidTargetPlatform
[2018.09.21-14.13.16:352][  0]LogTemp: Display: Loaded TP AndroidTargetPlatform
[2018.09.21-14.13.16:352][  0]LogTemp: Display: Loaded TP AndroidTargetPlatform
[2018.09.21-14.13.16:353][  0]LogTemp: Display: Loaded TP AndroidTargetPlatform
[2018.09.21-14.13.16:353][  0]LogTemp: Display: Loaded TP AndroidTargetPlatform
[2018.09.21-14.13.16:353][  0]LogTemp: Display: Loaded TP AndroidTargetPlatform
[2018.09.21-14.13.16:373][  0]LogTemp: Display: Loaded TP HTML5TargetPlatform
[2018.09.21-14.13.16:497][  0]LogTemp: Display: Loaded TP IOSTargetPlatform
[2018.09.21-14.13.16:497][  0]LogTemp: Display: Loaded TP IOSTargetPlatform
[2018.09.21-14.13.16:546][  0]LogTemp: Display: Loaded TP TVOSTargetPlatform
[2018.09.21-14.13.16:546][  0]LogTemp: Display: Loaded TP TVOSTargetPlatform
[2018.09.21-14.13.16:580][  0]LogTemp: Display: Loaded TP LinuxClientTargetPlatform
[2018.09.21-14.13.16:612][  0]LogTemp: Display: Loaded TP LinuxNoEditorTargetPlatform
[2018.09.21-14.13.16:650][  0]LogTemp: Display: Loaded TP LinuxServerTargetPlatform
[2018.09.21-14.13.16:689][  0]LogTemp: Display: Loaded TP LinuxTargetPlatform
[2018.09.21-14.13.16:717][  0]LogTemp: Display: Loaded TP LuminTargetPlatform
[2018.09.21-14.13.16:717][  0]LogTargetPlatformManager: Display: Building Assets For Windows
[2018.09.21-14.13.17:416][  0]LogXGEController: Cannot use XGE Controller as Incredibuild is not installed on this machine.
[2018.09.21-14.13.17:416][  0]LogShaderCompilers: Cannot use XGE Shader Compiler as Incredibuild is not installed on this machine.
[2018.09.21-14.13.17:416][  0]LogShaderCompilers: Display: Using Local Shader Compiler.
[2018.09.21-14.13.20:816][  0]LogDerivedDataCache: Display: Max Cache Size: 512 MB
[2018.09.21-14.13.21:062][  0]LogDerivedDataCache: Loaded boot cache 0.25s 71MB C:/Users/malin/AppData/Local/UnrealEngine/4.20/DerivedDataCache/Boot.ddc.
[2018.09.21-14.13.21:063][  0]LogDerivedDataCache: Display: Loaded Boot cache: C:/Users/malin/AppData/Local/UnrealEngine/4.20/DerivedDataCache/Boot.ddc
[2018.09.21-14.13.21:063][  0]LogDerivedDataCache: FDerivedDataBackendGraph:  Pak pak cache file ../../../../../Projet/Gamejam/GameJam/GameJamProject/DerivedDataCache/DDC.ddp not found, will not use a pak cache.
[2018.09.21-14.13.21:063][  0]LogDerivedDataCache: Unable to find inner node Pak for hierarchical cache Hierarchy.
[2018.09.21-14.13.21:063][  0]LogDerivedDataCache: FDerivedDataBackendGraph:  CompressedPak pak cache file ../../../../../Projet/Gamejam/GameJam/GameJamProject/DerivedDataCache/Compressed.ddp not found, will not use a pak cache.
[2018.09.21-14.13.21:063][  0]LogDerivedDataCache: Unable to find inner node CompressedPak for hierarchical cache Hierarchy.
[2018.09.21-14.13.21:116][  0]LogDerivedDataCache: Display: Pak cache opened for reading ../../../Engine/DerivedDataCache/Compressed.ddp.
[2018.09.21-14.13.21:129][  0]LogDerivedDataCache: Using Local data cache path C:/Users/malin/AppData/Local/UnrealEngine/Common/DerivedDataCache: Writable
[2018.09.21-14.13.21:129][  0]LogDerivedDataCache: Shared data cache path not found in *engine.ini, will not use an Shared cache.
[2018.09.21-14.13.21:129][  0]LogDerivedDataCache: Unable to find inner node Shared for hierarchical cache Hierarchy.
[2018.09.21-14.13.21:203][  0]LogMaterial: Verifying Global Shaders for PCD3D_SM5
[2018.09.21-14.13.21:243][  0]LogSlate: Using FreeType 2.6.0
[2018.09.21-14.13.21:295][  0]LogSlate: SlateFontServices - WITH_FREETYPE: 1, WITH_HARFBUZZ: 1
[2018.09.21-14.13.21:828][  0]LogAssetRegistry: FAssetRegistry took 0.0369 seconds to start up
[2018.09.21-14.13.24:556][  0]LogInit: Selected Device Profile: [Windows]
[2018.09.21-14.13.26:513][  0]LogAssetRegistry: Error: Failed to open file for write ../../../../../Projet/Gamejam/GameJam/GameJamProject/Intermediate/CachedAssetRegistry.bin
[2018.09.21-14.13.26:513][  0]LogSimplygon: Simplygon DLL not present - disabling.
[2018.09.21-14.13.26:632][  0]LogMeshReduction: Using SimplygonSwarm for distributed automatic mesh merging
[2018.09.21-14.13.26:632][  0]LogMeshReduction: Using ProxyLODMeshReduction for automatic mesh merging
[2018.09.21-14.13.26:633][  0]LogMeshReduction: Using QuadricMeshReduction for automatic static mesh reduction
[2018.09.21-14.13.26:633][  0]LogMeshReduction: No automatic skeletal mesh reduction module available
[2018.09.21-14.13.26:847][  0]LogNetVersion: GameJamProject 1.0.0, NetCL: 4212847, EngineNetVer: 5, GameNetVer: 0 (Checksum: 804558789)
[2018.09.21-14.13.30:002][  0]LogAssetRegistry: Error: Failed to open file for write ../../../../../Projet/Gamejam/GameJam/GameJamProject/Intermediate/AssetRegistryCache/127937be.bin
[2018.09.21-14.13.30:021][  0]LogAssetRegistry: Error: Failed to open file for write ../../../../../Projet/Gamejam/GameJam/GameJamProject/Intermediate/AssetRegistryCache/554a256d.bin
[2018.09.21-14.13.30:028][  0]LogAssetRegistry: Error: Failed to open file for write ../../../../../Projet/Gamejam/GameJam/GameJamProject/Intermediate/AssetRegistryCache/dcde9730.bin
[2018.09.21-14.13.30:035][  0]LogAssetRegistry: Error: Failed to open file for write ../../../../../Projet/Gamejam/GameJam/GameJamProject/Intermediate/AssetRegistryCache/61d825c9.bin
[2018.09.21-14.13.30:039][  0]LogAssetRegistry: Error: Failed to open file for write ../../../../../Projet/Gamejam/GameJam/GameJamProject/Intermediate/AssetRegistryCache/3ebcc83c.bin
[2018.09.21-14.13.30:046][  0]LogAssetRegistry: Error: Failed to open file for write ../../../../../Projet/Gamejam/GameJam/GameJamProject/Intermediate/AssetRegistryCache/c7b76bc1.bin
[2018.09.21-14.13.30:052][  0]LogAssetRegistry: Error: Failed to open file for write ../../../../../Projet/Gamejam/GameJam/GameJamProject/Intermediate/AssetRegistryCache/a7f3a7fa.bin
[2018.09.21-14.13.30:056][  0]LogAssetRegistry: Error: Failed to open file for write ../../../../../Projet/Gamejam/GameJam/GameJamProject/Intermediate/AssetRegistryCache/87e3b5e5.bin
[2018.09.21-14.13.30:064][  0]LogAssetRegistry: Error: Failed to open file for write ../../../../../Projet/Gamejam/GameJam/GameJamProject/Intermediate/AssetRegistryCache/3893907e.bin
[2018.09.21-14.13.30:071][  0]LogAssetRegistry: Error: Failed to open file for write ../../../../../Projet/Gamejam/GameJam/GameJamProject/Intermediate/AssetRegistryCache/0cd8bb5e.bin
[2018.09.21-14.13.30:078][  0]LogAssetRegistry: Error: Failed to open file for write ../../../../../Projet/Gamejam/GameJam/GameJamProject/Intermediate/AssetRegistryCache/86e9a306.bin
[2018.09.21-14.13.30:085][  0]LogAssetRegistry: Error: Failed to open file for write ../../../../../Projet/Gamejam/GameJam/GameJamProject/Intermediate/AssetRegistryCache/f7095c5d.bin
[2018.09.21-14.13.30:091][  0]LogPackageLocalizationCache: Processed 11 localized package path(s) for 2 prioritized culture(s) in 0.094086 seconds
[2018.09.21-14.13.30:132][  0]LogUObjectArray: 38425 objects as part of root set at end of initial load.
[2018.09.21-14.13.30:132][  0]LogUObjectAllocator: 6690864 out of 0 bytes used by permanent object pool.
[2018.09.21-14.13.30:132][  0]LogUObjectArray: CloseDisregardForGC: 0/0 objects in disregard for GC pool
[2018.09.21-14.13.37:137][  0]LogConfig: Warning: Failed to saved backup for config[InternationalizationExport]
[2018.09.21-14.13.38:001][  0]LogTcpMessaging: Initializing TcpMessaging bridge
[2018.09.21-14.13.38:037][  0]LogUdpMessaging: Initializing bridge on interface 0.0.0.0:0 to multicast group 230.0.0.1:6666.
[2018.09.21-14.13.38:893][  0]SourceControl: Source control is disabled
[2018.09.21-14.13.40:792][  0]LogAndroidPermission: UAndroidPermissionCallbackProxy::GetInstance
[2018.09.21-14.13.40:987][  0]LogOcInput: OculusInput pre-init called
[2018.09.21-14.13.41:509][  0]LogEngine: Initializing Engine...
[2018.09.21-14.13.41:534][  0]LogHMD: Failed to initialize OpenVR with code 110
[2018.09.21-14.13.41:551][  0]LogStats: UGameplayTagsManager::ConstructGameplayTagTree: ImportINI prefixes -  0.001 s
[2018.09.21-14.13.41:551][  0]LogStats: UGameplayTagsManager::ConstructGameplayTagTree: Construct from data asset -  0.000 s
[2018.09.21-14.13.41:551][  0]LogStats: UGameplayTagsManager::ConstructGameplayTagTree: ImportINI -  0.000 s
[2018.09.21-14.13.41:551][  0]LogStats: UGameplayTagsManager::ConstructGameplayTagTree: GameplayTagTreeChangedEvent.Broadcast -  0.000 s
[2018.09.21-14.13.42:120][  0]LogInit: Initializing FReadOnlyCVARCache
[2018.09.21-14.13.42:398][  0]LogAIModule: Creating AISystem for world Untitled
[2018.09.21-14.13.42:551][  0]LogInit: XAudio2 using 'PLG2888UH (NVIDIA High Definition Audio)' : 2 channels at 48 kHz using 16 bits per sample (channel mask 0x3)
[2018.09.21-14.13.42:613][  0]LogInit: FAudioDevice initialized.
[2018.09.21-14.13.42:613][  0]LogNetVersion: Set ProjectVersion to 1.0.0.0. Version Checksum will be recalculated on next use.
[2018.09.21-14.13.42:620][  0]LogDerivedDataCache: Error: Could not save memory cache C:/Users/malin/AppData/Local/UnrealEngine/4.20/DerivedDataCache/Boot.ddc.
[2018.09.21-14.13.42:620][  0]LogInit: Texture streaming: Enabled
[2018.09.21-14.13.42:725][  0]LogEngineSessionManager: EngineSessionManager initialized
[2018.09.21-14.13.42:789][  0]LogInit: Transaction tracking system initialized
[2018.09.21-14.13.43:081][  0]BlueprintLog: New page: Editor Load
[2018.09.21-14.13.44:132][  0]LocalizationService: Localization service is disabled
[2018.09.21-14.13.44:556][  0]LogLinker: Warning: Can't find file '/Game/Character/ThirdPersonBP/ThirdPersonOverview'
[2018.09.21-14.13.44:556][  0]LogLinker: Warning: Can't find file '/Game/Character/ThirdPersonBP/ThirdPersonOverview'
[2018.09.21-14.13.44:556][  0]LogUObjectGlobals: Warning: Failed to find object 'Class /Game/Character/ThirdPersonBP/ThirdPersonOverview.ThirdPersonOverview_C'
[2018.09.21-14.13.47:177][  0]LogFileCache: Scanning file cache for directory 'F:/Projet/Gamejam/GameJam/GameJamProject/Content/' took 0.02s
[2018.09.21-14.13.47:177][  0]LogCook: Display: Max memory allowance for cook 16384mb min free memory 0mb
[2018.09.21-14.13.47:200][  0]LogCook: Display: Mobile HDR setting 1
[2018.09.21-14.13.47:209][  0]LogGameplayTags: Display: UGameplayTagsManager::DoneAddingNativeTags. DelegateIsBound: 0
[2018.09.21-14.13.47:209][  0]LogStats: UGameplayTagsManager::ConstructGameplayTagTree: ImportINI prefixes -  0.000 s
[2018.09.21-14.13.47:209][  0]LogStats: UGameplayTagsManager::ConstructGameplayTagTree: Construct from data asset -  0.000 s
[2018.09.21-14.13.47:209][  0]LogStats: UGameplayTagsManager::ConstructGameplayTagTree: ImportINI -  0.000 s
[2018.09.21-14.13.47:209][  0]LogStats: UGameplayTagsManager::ConstructGameplayTagTree: GameplayTagTreeChangedEvent.Broadcast -  0.000 s
[2018.09.21-14.13.48:821][  0]Cmd: MAP LOAD FILE="../../../../../Projet/Gamejam/GameJam/GameJamProject/Content/Level/Start.umap" TEMPLATE=0 SHOWPROGRESS=1 FEATURELEVEL=3
[2018.09.21-14.13.48:832][  0]LightingResults: New page: Lighting Build
[2018.09.21-14.13.48:961][  0]MapCheck: New page: Map Check
[2018.09.21-14.13.48:961][  0]LightingResults: New page: Lighting Build
[2018.09.21-14.13.52:547][  0]LogBlueprint: Warning: Timeline OpenClosed Track NewTrack_0 in /Engine/Transient.REINST_BP_Doors_C_4 has an invalid curve.  Please fix!
[2018.09.21-14.13.54:853][  0]LogAIModule: Creating AISystem for world Start
[2018.09.21-14.13.55:534][  0]LogEditorServer: Finished looking for orphan Actors (0.000 secs)
[2018.09.21-14.13.55:634][  0]Cmd: MAP CHECKDEP NOCLEARLOG
[2018.09.21-14.13.55:718][  0]MapCheck: Map check complete: 0 Error(s), 0 Warning(s), took 84,083ms to complete.
[2018.09.21-14.13.55:718][  0]LogFileHelpers: Loading map 'Start' took 6.907
[2018.09.21-14.13.56:636][  0]LogSlate: Updating window title bar state: overlay mode, drag disabled, window buttons hidden, title bar hidden
[2018.09.21-14.13.56:645][  0]LogSlate: Updating window title bar state: overlay mode, drag disabled, window buttons hidden, title bar hidden
[2018.09.21-14.13.56:652][  0]LogSlate: Updating window title bar state: overlay mode, drag disabled, window buttons hidden, title bar hidden
[2018.09.21-14.13.56:659][  0]LogSlate: Updating window title bar state: overlay mode, drag disabled, window buttons hidden, title bar hidden
[2018.09.21-14.13.56:692][  0]LogCollectionManager: Loaded 0 collections in 0.001177 seconds
[2018.09.21-14.13.56:794][  0]LogFileCache: Scanning file cache for directory 'F:/Projet/Gamejam/GameJam/GameJamProject/Saved/Collections/' took 0.01s
[2018.09.21-14.13.56:794][  0]LogFileCache: Scanning file cache for directory 'F:/Projet/Gamejam/GameJam/GameJamProject/Content/Developers/malin/Collections/' took 0.01s
[2018.09.21-14.13.56:794][  0]LogFileCache: Scanning file cache for directory 'F:/Projet/Gamejam/GameJam/GameJamProject/Content/Collections/' took 0.01s
[2018.09.21-14.13.56:794][  0]LogCollectionManager: Rebuilt the GUID cache for 0 collections in 0.000000 seconds
[2018.09.21-14.13.56:802][  0]LogContentBrowser: Native class hierarchy populated in 0.0083 seconds. Added 2572 classes and 603 folders.
[2018.09.21-14.13.56:864][  0]LogContentBrowser: Native class hierarchy updated for 'WidgetCarousel' in 0.0002 seconds. Added 0 classes and 0 folders.
[2018.09.21-14.13.57:596][  0]LogContentBrowser: Native class hierarchy updated for 'AddContentDialog' in 0.0002 seconds. Added 0 classes and 0 folders.
[2018.09.21-14.13.57:632][  0]LogContentBrowser: Native class hierarchy updated for 'SceneOutliner' in 0.0003 seconds. Added 1 classes and 2 folders.
[2018.09.21-14.13.57:967][  0]LogSlate: Took 0.009656 seconds to synchronously load lazily loaded font '../../../Engine/Content/Slate/Fonts/Roboto-Regular.ttf' (155K)
[2018.09.21-14.13.57:987][  0]LogSlate: Took 0.011861 seconds to synchronously load lazily loaded font '../../../Engine/Content/Slate/Fonts/Roboto-Bold.ttf' (160K)
[2018.09.21-14.13.58:033][  0]LogSlate: Took 0.016308 seconds to synchronously load lazily loaded font '../../../Engine/Content/Editor/Slate/Fonts/FontAwesome.ttf' (139K)
[2018.09.21-14.13.58:356][  0]LogRenderer: Reallocating scene render targets to support 1284x672 Format 10 NumSamples 1 (Frame:1).
[2018.09.21-14.13.58:822][  0]LogContentBrowser: Native class hierarchy updated for 'HierarchicalLODOutliner' in 0.0003 seconds. Added 0 classes and 0 folders.
[2018.09.21-14.13.58:822][  0]LogLoad: (Engine Initialization) Total time: 54.21 seconds
[2018.09.21-14.13.58:822][  0]LogLoad: (Engine Initialization) Total Blueprint compile time: 0.00 seconds
[2018.09.21-14.13.58:960][  0]LogContentStreaming: Texture pool size now 1000 MB
[2018.09.21-14.13.59:189][  1]LogSlate: Took 0.025021 seconds to synchronously load lazily loaded font '../../../Engine/Content/Slate/Fonts/Roboto-Light.ttf' (167K)
[2018.09.21-14.13.59:278][  2]LogAssetRegistry: Asset discovery search completed in 37.4733 seconds
[2018.09.21-14.13.59:281][  2]LogCollectionManager: Rebuilt the object cache for 0 collections in 0.000001 seconds (found 0 objects)
[2018.09.21-14.13.59:281][  2]LogCollectionManager: Fixed up redirectors for 0 collections in 0.000114 seconds (updated 0 objects)
