Log file open, 09/14/18 18:06:44
LogWindows: Failed to load 'aqProf.dll' (GetLastError=126)
LogWindows: File 'aqProf.dll' does not exist
LogWindows: Failed to load 'VSPerf140.dll' (GetLastError=126)
LogWindows: File 'VSPerf140.dll' does not exist
LogWindows: Failed to load 'VtuneApi.dll' (GetLastError=126)
LogWindows: File 'VtuneApi.dll' does not exist
LogWindows: Failed to load 'VtuneApi32e.dll' (GetLastError=126)
LogWindows: File 'VtuneApi32e.dll' does not exist
LogInit: Display: Running engine for game: GameJamProject
LogPlatformFile: Not using cached read wrapper
LogTaskGraph: Started task graph with 5 named threads and 14 total threads with 3 sets of task threads.
LogStats: Stats thread started at 0.176353
LogD3D11RHI: Loaded GFSDK_Aftermath_Lib.x64.dll
LogICUInternationalization: Display: ICU TimeZone Detection - Raw Offset: +1:00, Platform Override: ''
LogPluginManager: Mounting plugin Paper2D
LogPluginManager: Mounting plugin AISupport
LogPluginManager: Mounting plugin LightPropagationVolume
LogPluginManager: Mounting plugin CLionSourceCodeAccess
LogPluginManager: Mounting plugin CodeLiteSourceCodeAccess
LogPluginManager: Mounting plugin GitSourceControl
LogPluginManager: Mounting plugin KDevelopSourceCodeAccess
LogPluginManager: Mounting plugin NullSourceCodeAccess
LogPluginManager: Mounting plugin PerforceSourceControl
LogPluginManager: Mounting plugin SubversionSourceControl
LogPluginManager: Mounting plugin UObjectPlugin
LogPluginManager: Mounting plugin VisualStudioCodeSourceCodeAccess
LogPluginManager: Mounting plugin VisualStudioSourceCodeAccess
LogPluginManager: Mounting plugin XCodeSourceCodeAccess
LogPluginManager: Mounting plugin AssetManagerEditor
LogPluginManager: Mounting plugin CryptoKeys
LogPluginManager: Mounting plugin DataValidation
LogPluginManager: Mounting plugin FacialAnimation
LogPluginManager: Mounting plugin GameplayTagsEditor
LogPluginManager: Mounting plugin MacGraphicsSwitching
LogPluginManager: Mounting plugin MeshEditor
LogPluginManager: Mounting plugin MobileLauncherProfileWizard
LogPluginManager: Mounting plugin PluginBrowser
LogPluginManager: Mounting plugin SpeedTreeImporter
LogPluginManager: Mounting plugin DatasmithContent
LogPluginManager: Mounting plugin AlembicImporter
LogPluginManager: Mounting plugin AppleImageUtils
LogPluginManager: Mounting plugin AppleVision
LogPluginManager: Mounting plugin BackChannel
LogPluginManager: Mounting plugin CharacterAI
LogPluginManager: Mounting plugin GeometryCache
LogPluginManager: Mounting plugin HTML5Networking
LogPluginManager: Mounting plugin ProxyLODPlugin
LogPluginManager: Mounting plugin MagicLeap
LogPluginManager: Mounting plugin MagicLeapEmulator
LogPluginManager: Mounting plugin MagicLeapMedia
LogPluginManager: Mounting plugin AndroidMedia
LogPluginManager: Mounting plugin AvfMedia
LogPluginManager: Mounting plugin ImgMedia
LogPluginManager: Mounting plugin LinearTimecode
LogPluginManager: Mounting plugin MediaCompositing
LogPluginManager: Mounting plugin MediaPlayerEditor
LogPluginManager: Mounting plugin WmfMedia
LogPluginManager: Mounting plugin TcpMessaging
LogPluginManager: Mounting plugin UdpMessaging
LogPluginManager: Mounting plugin ActorSequence
LogPluginManager: Mounting plugin LevelSequenceEditor
LogPluginManager: Mounting plugin MatineeToLevelSequence
LogPluginManager: Mounting plugin NetcodeUnitTest
LogPluginManager: Mounting plugin NUTUnrealEngine4
LogPluginManager: Mounting plugin OnlineSubsystemGooglePlay
LogPluginManager: Mounting plugin OnlineSubsystemIOS
LogPluginManager: Mounting plugin OnlineSubsystem
LogPluginManager: Mounting plugin OnlineSubsystemNull
LogPluginManager: Mounting plugin OnlineSubsystemUtils
LogPluginManager: Mounting plugin LauncherChunkInstaller
LogPluginManager: Mounting plugin AndroidDeviceProfileSelector
LogPluginManager: Mounting plugin AndroidMoviePlayer
LogPluginManager: Mounting plugin AndroidPermission
LogPluginManager: Mounting plugin AppleMoviePlayer
LogPluginManager: Mounting plugin ArchVisCharacter
LogPluginManager: Mounting plugin AudioCapture
LogPluginManager: Mounting plugin CableComponent
LogPluginManager: Mounting plugin CustomMeshComponent
LogPluginManager: Mounting plugin EditableMesh
LogPluginManager: Mounting plugin ExampleDeviceProfileSelector
LogPluginManager: Mounting plugin GoogleCloudMessaging
LogPluginManager: Mounting plugin ImmediatePhysics
LogPluginManager: Mounting plugin IOSDeviceProfileSelector
LogPluginManager: Mounting plugin LinuxDeviceProfileSelector
LogPluginManager: Mounting plugin LocationServicesBPLibrary
LogPluginManager: Mounting plugin MobilePatchingUtils
LogPluginManager: Mounting plugin OculusVR
LogPluginManager: Plugin shader directory ../../../Engine/Plugins/Runtime/Oculus/OculusVR/Shaders found
LogPluginManager: Mapping shader source directory ../../../Engine/Plugins/Runtime/Oculus/OculusVR/Shaders to virtual directory /Plugin/OculusVR
LogPluginManager: Mounting plugin PhysXVehicles
LogPluginManager: Mounting plugin ProceduralMeshComponent
LogPluginManager: Mounting plugin RuntimePhysXCooking
LogPluginManager: Mounting plugin SteamVR
LogPluginManager: Mounting plugin WindowsMoviePlayer
LogStreaming: Display: Took  0.081s to configure plugins.
LogInit: Using libcurl 7.55.1-DEV
LogInit:  - built for x86_64-pc-win32
LogInit:  - supports SSL with OpenSSL/1.0.2h
LogInit:  - supports HTTP deflate (compression) using libz 1.2.8
LogInit:  - other features:
LogInit:      CURL_VERSION_SSL
LogInit:      CURL_VERSION_LIBZ
LogInit:      CURL_VERSION_IPV6
LogInit:      CURL_VERSION_ASYNCHDNS
LogInit:      CURL_VERSION_LARGEFILE
LogInit:      CURL_VERSION_IDN
LogInit:  CurlRequestOptions (configurable via config and command line):
LogInit:  - bVerifyPeer = false  - Libcurl will NOT verify peer certificate
LogInit:  - bUseHttpProxy = false  - Libcurl will NOT use HTTP proxy
LogInit:  - bDontReuseConnections = false  - Libcurl will reuse connections
LogInit:  - CertBundlePath = nullptr  - Libcurl will use whatever was configured at build time.
LogInit:  - MaxHostConnections = 16  - Libcurl will limit the number of connections to a host
LogInit:  - LocalHostAddr = Default
LogInit:  - BufferSize = 65536
LogInit: WinSock: version 1.1 (2.2), MaxSocks=32767, MaxUdp=65467
LogInit: Build: ++UE4+Release-4.20-CL-4302132
LogInit: Engine Version: 4.20.2-4302132+++UE4+Release-4.20
LogInit: Compatible Engine Version: 4.20.0-4212847+++UE4+Release-4.20
LogInit: Net CL: 4212847
LogInit: OS: Windows 10 (), CPU: Intel(R) Core(TM) i5-4690K CPU @ 3.50GHz, GPU: NVIDIA GeForce GTX 1070
LogInit: Compiled (64-bit): Aug 21 2018 02:06:06
LogInit: Compiled with Visual C++: 19.13.26129.00
LogInit: Build Configuration: Development
LogInit: Branch Name: ++UE4+Release-4.20
LogInit: Command Line:  
LogInit: Base Directory: F:/Unreal Engine/UE_4.20/Engine/Binaries/Win64/
LogInit: Installed Engine Build: 1
LogDevObjectVersion: Number of dev versions registered: 20
LogDevObjectVersion:   Dev-Blueprints (B0D832E4-1F89-4F0D-ACCF-7EB736FD4AA2): 10
LogDevObjectVersion:   Dev-Build (E1C64328-A22C-4D53-A36C-8E866417BD8C): 0
LogDevObjectVersion:   Dev-Core (375EC13C-06E4-48FB-B500-84F0262A717E): 2
LogDevObjectVersion:   Dev-Editor (E4B068ED-F494-42E9-A231-DA0B2E46BB41): 24
LogDevObjectVersion:   Dev-Framework (CFFC743F-43B0-4480-9391-14DF171D2073): 34
LogDevObjectVersion:   Dev-Mobile (B02B49B5-BB20-44E9-A304-32B752E40360): 2
LogDevObjectVersion:   Dev-Networking (A4E4105C-59A1-49B5-A7C5-40C4547EDFEE): 0
LogDevObjectVersion:   Dev-Online (39C831C9-5AE6-47DC-9A44-9C173E1C8E7C): 0
LogDevObjectVersion:   Dev-Physics (78F01B33-EBEA-4F98-B9B4-84EACCB95AA2): 0
LogDevObjectVersion:   Dev-Platform (6631380F-2D4D-43E0-8009-CF276956A95A): 0
LogDevObjectVersion:   Dev-Rendering (12F88B9F-8875-4AFC-A67C-D90C383ABD29): 26
LogDevObjectVersion:   Dev-Sequencer (7B5AE74C-D270-4C10-A958-57980B212A5A): 9
LogDevObjectVersion:   Dev-VR (D7296918-1DD6-4BDD-9DE2-64A83CC13884): 2
LogDevObjectVersion:   Dev-LoadTimes (C2A15278-BFE7-4AFE-6C17-90FF531DF755): 1
LogDevObjectVersion:   Private-Geometry (6EACA3D4-40EC-4CC1-B786-8BED09428FC5): 3
LogDevObjectVersion:   Dev-AnimPhys (29E575DD-E0A3-4627-9D10-D276232CDCEA): 17
LogDevObjectVersion:   Dev-ReflectionCapture (6B266CEC-1EC7-4B8F-A30B-E4D90942FC07): 1
LogDevObjectVersion:   Dev-Automation (0DF73D61-A23F-47EA-B727-89E90C41499A): 1
LogDevObjectVersion:   FortniteMain (601D1886-AC64-4F84-AA16-D3DE0DEAC7D6): 12
LogDevObjectVersion:   Dev-Enterprise (9DFFBCD6-494F-0158-E221-12823C92A888): 1
LogStreaming: Display: Took  0.001s to delete old logs.
LogInit: Presizing for max 8388607 objects, including 0 objects not considered by GC, pre-allocating 0 bytes for permanent pool.
LogInit: Object subsystem initialized
[2018.09.14-16.06.44:739][  0]LogInit: Selected Device Profile: [Windows]
[2018.09.14-16.06.44:739][  0]LogInit: Applying CVar settings loaded from the selected device profile: [Windows]
[2018.09.14-16.06.44:751][  0]LogHAL: Display: Platform has ~ 16 GB [17126174720 / 17179869184 / 16], which maps to Larger [LargestMinGB=32, LargerMinGB=12, DefaultMinGB=8, SmallerMinGB=6, SmallestMinGB=0)
[2018.09.14-16.06.44:751][  0]LogInit: Setting Device Profile CVar: [[r.Vulkan.UseRealUBs:1]]
[2018.09.14-16.06.44:751][  0]LogInit: Going up to parent DeviceProfile []
[2018.09.14-16.06.44:751][  0]LogInit: Computer: PC-ALEX
[2018.09.14-16.06.44:751][  0]LogInit: User: malin
[2018.09.14-16.06.44:751][  0]LogInit: CPU Page size=4096, Cores=4
[2018.09.14-16.06.44:751][  0]LogInit: High frequency timer resolution =3.417984 MHz
[2018.09.14-16.06.44:751][  0]LogMemory: Memory total: Physical=15.9GB (16GB approx)
[2018.09.14-16.06.44:751][  0]LogMemory: Platform Memory Stats for Windows
[2018.09.14-16.06.44:751][  0]LogMemory: Process Physical Memory: 100.10 MB used, 100.10 MB peak
[2018.09.14-16.06.44:751][  0]LogMemory: Process Virtual Memory: 90.67 MB used, 90.67 MB peak
[2018.09.14-16.06.44:751][  0]LogMemory: Physical Memory: 5699.57 MB used,  10633.23 MB free, 16332.79 MB total
[2018.09.14-16.06.44:751][  0]LogMemory: Virtual Memory: 4626.71 MB used,  10633.23 MB free, 134217728.00 MB total
[2018.09.14-16.06.44:767][  0]LogInit: Using OS detected language (fr-FR).
[2018.09.14-16.06.44:767][  0]LogInit: Using OS detected locale (fr-FR).
[2018.09.14-16.06.44:768][  0]LogTextLocalizationManager: No specific localization for 'fr-FR' exists, so the 'fr' localization will be used.
[2018.09.14-16.06.44:769][  0]LogStreaming: Display: Took  0.002s to InitEngineTextLocalization.
[2018.09.14-16.06.44:769][  0]LogInit: Setting process to per monitor DPI aware
[2018.09.14-16.06.44:799][  0]LogSlate: New Slate User Created.  User Index 0, Is Virtual User: 0
[2018.09.14-16.06.44:799][  0]LogSlate: Slate User Registered.  User Index 0, Is Virtual User: 0
[2018.09.14-16.06.44:970][  0]LogHMD: Failed to initialize OpenVR with code 110
[2018.09.14-16.06.44:970][  0]LogD3D11RHI: D3D11 adapters:
[2018.09.14-16.06.45:010][  0]LogD3D11RHI:    0. 'NVIDIA GeForce GTX 1070' (Feature Level 11_0)
[2018.09.14-16.06.45:010][  0]LogD3D11RHI:       8088/0/8166 MB DedicatedVideo/DedicatedSystem/SharedSystem, Outputs:2, VendorId:0x10de
[2018.09.14-16.06.45:011][  0]LogD3D11RHI:    1. 'Microsoft Basic Render Driver' (Feature Level 11_0)
[2018.09.14-16.06.45:011][  0]LogD3D11RHI:       0/0/8166 MB DedicatedVideo/DedicatedSystem/SharedSystem, Outputs:0, VendorId:0x1414
[2018.09.14-16.06.45:011][  0]LogD3D11RHI: Chosen D3D11 Adapter: 0
[2018.09.14-16.06.45:016][  0]LogD3D11RHI: Creating new Direct3DDevice
[2018.09.14-16.06.45:016][  0]LogD3D11RHI:     GPU DeviceId: 0x1b81 (for the marketing name, search the web for "GPU Device Id")
[2018.09.14-16.06.45:016][  0]LogWindows: EnumDisplayDevices:
[2018.09.14-16.06.45:016][  0]LogWindows:    0. 'NVIDIA GeForce GTX 1070' (P:1 D:1)
[2018.09.14-16.06.45:016][  0]LogWindows:    1. 'NVIDIA GeForce GTX 1070' (P:0 D:1)
[2018.09.14-16.06.45:016][  0]LogWindows:    2. 'NVIDIA GeForce GTX 1070' (P:0 D:0)
[2018.09.14-16.06.45:017][  0]LogWindows:    3. 'NVIDIA GeForce GTX 1070' (P:0 D:0)
[2018.09.14-16.06.45:017][  0]LogWindows: DebugString: FoundDriverCount:4 
[2018.09.14-16.06.45:017][  0]LogD3D11RHI:     Adapter Name: NVIDIA GeForce GTX 1070
[2018.09.14-16.06.45:017][  0]LogD3D11RHI:   Driver Version: 399.24 (internal:24.21.13.9924, unified:399.24)
[2018.09.14-16.06.45:017][  0]LogD3D11RHI:      Driver Date: 9-5-2018
[2018.09.14-16.06.45:017][  0]LogRHI: Texture pool is 5661 MB (70% of 8088 MB)
[2018.09.14-16.06.45:047][  0]LogD3D11RHI: Async texture creation enabled
[2018.09.14-16.06.45:089][  0]LogD3D11RHI: GPU Timing Frequency: 1000.000000 (Debug: 2 2)
[2018.09.14-16.06.45:132][  0]LogShaderCompilers: Guid format shader working directory is -6 characters bigger than the processId version (../../../../../Projet/Gamejam/GameJam/GameJamProject/Intermediate/Shaders/WorkingDirectory/8288/).
[2018.09.14-16.06.45:132][  0]LogShaderCompilers: Cleaned the shader compiler working directory 'C:/Users/malin/AppData/Local/Temp/UnrealShaderWorkingDir/10203670441CDEDF1E1C1EA1C21B1D12/'.
[2018.09.14-16.06.45:372][  0]LogTemp: Display: Loaded TP AllDesktopTargetPlatform
[2018.09.14-16.06.45:384][  0]LogTemp: Display: Loaded TP MacClientTargetPlatform
[2018.09.14-16.06.45:396][  0]LogTemp: Display: Loaded TP MacNoEditorTargetPlatform
[2018.09.14-16.06.45:408][  0]LogTemp: Display: Loaded TP MacServerTargetPlatform
[2018.09.14-16.06.45:421][  0]LogTemp: Display: Loaded TP MacTargetPlatform
[2018.09.14-16.06.45:435][  0]LogTemp: Display: Loaded TP WindowsClientTargetPlatform
[2018.09.14-16.06.45:447][  0]LogTemp: Display: Loaded TP WindowsNoEditorTargetPlatform
[2018.09.14-16.06.45:460][  0]LogTemp: Display: Loaded TP WindowsServerTargetPlatform
[2018.09.14-16.06.45:466][  0]LogTemp: Display: Loaded TP WindowsTargetPlatform
[2018.09.14-16.06.45:545][  0]LogTemp: Display: Loaded TP AndroidTargetPlatform
[2018.09.14-16.06.45:545][  0]LogTemp: Display: Loaded TP AndroidTargetPlatform
[2018.09.14-16.06.45:545][  0]LogTemp: Display: Loaded TP AndroidTargetPlatform
[2018.09.14-16.06.45:545][  0]LogTemp: Display: Loaded TP AndroidTargetPlatform
[2018.09.14-16.06.45:545][  0]LogTemp: Display: Loaded TP AndroidTargetPlatform
[2018.09.14-16.06.45:545][  0]LogTemp: Display: Loaded TP AndroidTargetPlatform
[2018.09.14-16.06.45:545][  0]LogTemp: Display: Loaded TP AndroidTargetPlatform
[2018.09.14-16.06.45:545][  0]LogTemp: Display: Loaded TP AndroidTargetPlatform
[2018.09.14-16.06.45:545][  0]LogTemp: Display: Loaded TP AndroidTargetPlatform
[2018.09.14-16.06.45:545][  0]LogTemp: Display: Loaded TP AndroidTargetPlatform
[2018.09.14-16.06.45:545][  0]LogTemp: Display: Loaded TP AndroidTargetPlatform
[2018.09.14-16.06.45:545][  0]LogTemp: Display: Loaded TP AndroidTargetPlatform
[2018.09.14-16.06.45:545][  0]LogTemp: Display: Loaded TP AndroidTargetPlatform
[2018.09.14-16.06.45:545][  0]LogTemp: Display: Loaded TP AndroidTargetPlatform
[2018.09.14-16.06.45:545][  0]LogTemp: Display: Loaded TP AndroidTargetPlatform
[2018.09.14-16.06.45:545][  0]LogTemp: Display: Loaded TP AndroidTargetPlatform
[2018.09.14-16.06.45:545][  0]LogTemp: Display: Loaded TP AndroidTargetPlatform
[2018.09.14-16.06.45:545][  0]LogTemp: Display: Loaded TP AndroidTargetPlatform
[2018.09.14-16.06.45:546][  0]LogTemp: Display: Loaded TP HTML5TargetPlatform
[2018.09.14-16.06.45:603][  0]LogTemp: Display: Loaded TP IOSTargetPlatform
[2018.09.14-16.06.45:603][  0]LogTemp: Display: Loaded TP IOSTargetPlatform
[2018.09.14-16.06.45:625][  0]LogTemp: Display: Loaded TP TVOSTargetPlatform
[2018.09.14-16.06.45:625][  0]LogTemp: Display: Loaded TP TVOSTargetPlatform
[2018.09.14-16.06.45:637][  0]LogTemp: Display: Loaded TP LinuxClientTargetPlatform
[2018.09.14-16.06.45:649][  0]LogTemp: Display: Loaded TP LinuxNoEditorTargetPlatform
[2018.09.14-16.06.45:661][  0]LogTemp: Display: Loaded TP LinuxServerTargetPlatform
[2018.09.14-16.06.45:673][  0]LogTemp: Display: Loaded TP LinuxTargetPlatform
[2018.09.14-16.06.45:681][  0]LogTemp: Display: Loaded TP LuminTargetPlatform
[2018.09.14-16.06.45:682][  0]LogTargetPlatformManager: Display: Building Assets For Windows
[2018.09.14-16.06.45:726][  0]LogXGEController: Cannot use XGE Controller as Incredibuild is not installed on this machine.
[2018.09.14-16.06.45:726][  0]LogShaderCompilers: Cannot use XGE Shader Compiler as Incredibuild is not installed on this machine.
[2018.09.14-16.06.45:726][  0]LogShaderCompilers: Display: Using Local Shader Compiler.
[2018.09.14-16.06.46:422][  0]LogDerivedDataCache: Display: Max Cache Size: 512 MB
[2018.09.14-16.06.46:480][  0]LogDerivedDataCache: Loaded boot cache 0.06s 71MB C:/Users/malin/AppData/Local/UnrealEngine/4.20/DerivedDataCache/Boot.ddc.
[2018.09.14-16.06.46:481][  0]LogDerivedDataCache: Display: Loaded Boot cache: C:/Users/malin/AppData/Local/UnrealEngine/4.20/DerivedDataCache/Boot.ddc
[2018.09.14-16.06.46:481][  0]LogDerivedDataCache: FDerivedDataBackendGraph:  Pak pak cache file ../../../../../Projet/Gamejam/GameJam/GameJamProject/DerivedDataCache/DDC.ddp not found, will not use a pak cache.
[2018.09.14-16.06.46:481][  0]LogDerivedDataCache: Unable to find inner node Pak for hierarchical cache Hierarchy.
[2018.09.14-16.06.46:481][  0]LogDerivedDataCache: FDerivedDataBackendGraph:  CompressedPak pak cache file ../../../../../Projet/Gamejam/GameJam/GameJamProject/DerivedDataCache/Compressed.ddp not found, will not use a pak cache.
[2018.09.14-16.06.46:481][  0]LogDerivedDataCache: Unable to find inner node CompressedPak for hierarchical cache Hierarchy.
[2018.09.14-16.06.46:493][  0]LogDerivedDataCache: Display: Pak cache opened for reading ../../../Engine/DerivedDataCache/Compressed.ddp.
[2018.09.14-16.06.46:505][  0]LogDerivedDataCache: Using Local data cache path C:/Users/malin/AppData/Local/UnrealEngine/Common/DerivedDataCache: Writable
[2018.09.14-16.06.46:505][  0]LogDerivedDataCache: Shared data cache path not found in *engine.ini, will not use an Shared cache.
[2018.09.14-16.06.46:505][  0]LogDerivedDataCache: Unable to find inner node Shared for hierarchical cache Hierarchy.
[2018.09.14-16.06.46:522][  0]LogMaterial: Verifying Global Shaders for PCD3D_SM5
[2018.09.14-16.06.46:523][  0]LogSlate: Using FreeType 2.6.0
[2018.09.14-16.06.46:524][  0]LogSlate: SlateFontServices - WITH_FREETYPE: 1, WITH_HARFBUZZ: 1
[2018.09.14-16.06.46:595][  0]LogAssetRegistry: FAssetRegistry took 0.0259 seconds to start up
[2018.09.14-16.06.46:879][  0]LogInit: Selected Device Profile: [Windows]
[2018.09.14-16.06.46:922][  0]LogSimplygon: Simplygon DLL not present - disabling.
[2018.09.14-16.06.46:925][  0]LogMeshReduction: Using SimplygonSwarm for distributed automatic mesh merging
[2018.09.14-16.06.46:925][  0]LogMeshReduction: Using ProxyLODMeshReduction for automatic mesh merging
[2018.09.14-16.06.46:925][  0]LogMeshReduction: Using QuadricMeshReduction for automatic static mesh reduction
[2018.09.14-16.06.46:925][  0]LogMeshReduction: No automatic skeletal mesh reduction module available
[2018.09.14-16.06.47:019][  0]LogNetVersion: GameJamProject 1.0.0, NetCL: 4212847, EngineNetVer: 5, GameNetVer: 0 (Checksum: 804558789)
[2018.09.14-16.06.47:459][  0]LogPackageLocalizationCache: Processed 11 localized package path(s) for 2 prioritized culture(s) in 0.082400 seconds
[2018.09.14-16.06.47:465][  0]LogUObjectArray: 38425 objects as part of root set at end of initial load.
[2018.09.14-16.06.47:465][  0]LogUObjectAllocator: 6690872 out of 0 bytes used by permanent object pool.
[2018.09.14-16.06.47:465][  0]LogUObjectArray: CloseDisregardForGC: 0/0 objects in disregard for GC pool
[2018.09.14-16.06.48:235][  0]LogTcpMessaging: Initializing TcpMessaging bridge
[2018.09.14-16.06.48:247][  0]LogUdpMessaging: Initializing bridge on interface 0.0.0.0:0 to multicast group 230.0.0.1:6666.
[2018.09.14-16.06.48:387][  0]SourceControl: Source control is disabled
[2018.09.14-16.06.48:820][  0]LogAndroidPermission: UAndroidPermissionCallbackProxy::GetInstance
[2018.09.14-16.06.48:870][  0]LogOcInput: OculusInput pre-init called
[2018.09.14-16.06.48:925][  0]LogEngine: Initializing Engine...
[2018.09.14-16.06.48:926][  0]LogHMD: Failed to initialize OpenVR with code 110
[2018.09.14-16.06.48:927][  0]LogStats: UGameplayTagsManager::ConstructGameplayTagTree: ImportINI prefixes -  0.000 s
[2018.09.14-16.06.48:927][  0]LogStats: UGameplayTagsManager::ConstructGameplayTagTree: Construct from data asset -  0.000 s
[2018.09.14-16.06.48:927][  0]LogStats: UGameplayTagsManager::ConstructGameplayTagTree: ImportINI -  0.000 s
[2018.09.14-16.06.48:927][  0]LogStats: UGameplayTagsManager::ConstructGameplayTagTree: GameplayTagTreeChangedEvent.Broadcast -  0.000 s
[2018.09.14-16.06.49:124][  0]LogInit: Initializing FReadOnlyCVARCache
[2018.09.14-16.06.49:134][  0]LogAIModule: Creating AISystem for world Untitled
[2018.09.14-16.06.49:143][  0]LogInit: XAudio2 using 'Razer (Realtek High Definition Audio)' : 2 channels at 48 kHz using 32 bits per sample (channel mask 0x3)
[2018.09.14-16.06.49:151][  0]LogInit: FAudioDevice initialized.
[2018.09.14-16.06.49:152][  0]LogNetVersion: Set ProjectVersion to 1.0.0.0. Version Checksum will be recalculated on next use.
[2018.09.14-16.06.49:223][  0]LogDerivedDataCache: Saved boot cache 0.07s 71MB C:/Users/malin/AppData/Local/UnrealEngine/4.20/DerivedDataCache/Boot.ddc.
[2018.09.14-16.06.49:235][  0]LogInit: Texture streaming: Enabled
[2018.09.14-16.06.49:246][  0]LogEngineSessionManager: EngineSessionManager initialized
[2018.09.14-16.06.49:256][  0]LogInit: Transaction tracking system initialized
[2018.09.14-16.06.49:272][  0]BlueprintLog: New page: Editor Load
[2018.09.14-16.06.49:328][  0]LocalizationService: Localization service is disabled
[2018.09.14-16.06.49:378][  0]LogLinker: Warning: Can't find file '/Game/Character/ThirdPersonBP/ThirdPersonOverview'
[2018.09.14-16.06.49:378][  0]LogLinker: Warning: Can't find file '/Game/Character/ThirdPersonBP/ThirdPersonOverview'
[2018.09.14-16.06.49:378][  0]LogUObjectGlobals: Warning: Failed to find object 'Class /Game/Character/ThirdPersonBP/ThirdPersonOverview.ThirdPersonOverview_C'
[2018.09.14-16.06.49:546][  0]LogCook: Display: Max memory allowance for cook 16384mb min free memory 0mb
[2018.09.14-16.06.49:546][  0]LogCook: Display: Mobile HDR setting 1
[2018.09.14-16.06.49:546][  0]LogGameplayTags: Display: UGameplayTagsManager::DoneAddingNativeTags. DelegateIsBound: 0
[2018.09.14-16.06.49:546][  0]LogStats: UGameplayTagsManager::ConstructGameplayTagTree: ImportINI prefixes -  0.000 s
[2018.09.14-16.06.49:546][  0]LogStats: UGameplayTagsManager::ConstructGameplayTagTree: Construct from data asset -  0.000 s
[2018.09.14-16.06.49:546][  0]LogStats: UGameplayTagsManager::ConstructGameplayTagTree: ImportINI -  0.000 s
[2018.09.14-16.06.49:546][  0]LogStats: UGameplayTagsManager::ConstructGameplayTagTree: GameplayTagTreeChangedEvent.Broadcast -  0.000 s
[2018.09.14-16.06.49:641][  0]LogFileCache: Scanning file cache for directory 'F:/Projet/Gamejam/GameJam/GameJamProject/Content/' took 0.01s
[2018.09.14-16.06.49:641][  0]Cmd: MAP LOAD FILE="../../../../../Projet/Gamejam/GameJam/GameJamProject/Content/Level/Start.umap" TEMPLATE=0 SHOWPROGRESS=1 FEATURELEVEL=3
[2018.09.14-16.06.49:642][  0]LightingResults: New page: Lighting Build
[2018.09.14-16.06.49:644][  0]MapCheck: New page: Map Check
[2018.09.14-16.06.49:644][  0]LightingResults: New page: Lighting Build
[2018.09.14-16.06.49:841][  0]LogAIModule: Creating AISystem for world Start
[2018.09.14-16.06.49:894][  0]LogEditorServer: Finished looking for orphan Actors (0.000 secs)
[2018.09.14-16.06.49:915][  0]Cmd: MAP CHECKDEP NOCLEARLOG
[2018.09.14-16.06.49:968][  0]MapCheck: Map check complete: 0 Error(s), 0 Warning(s), took 52,63ms to complete.
[2018.09.14-16.06.49:968][  0]LogFileHelpers: Loading map 'Start' took 0.327
[2018.09.14-16.06.50:060][  0]LogSlate: Updating window title bar state: overlay mode, drag disabled, window buttons hidden, title bar hidden
[2018.09.14-16.06.50:068][  0]LogSlate: Updating window title bar state: overlay mode, drag disabled, window buttons hidden, title bar hidden
[2018.09.14-16.06.50:075][  0]LogSlate: Updating window title bar state: overlay mode, drag disabled, window buttons hidden, title bar hidden
[2018.09.14-16.06.50:083][  0]LogSlate: Updating window title bar state: overlay mode, drag disabled, window buttons hidden, title bar hidden
[2018.09.14-16.06.50:087][  0]LogCollectionManager: Loaded 0 collections in 0.001080 seconds
[2018.09.14-16.06.50:130][  0]LogFileCache: Scanning file cache for directory 'F:/Projet/Gamejam/GameJam/GameJamProject/Saved/Collections/' took 0.01s
[2018.09.14-16.06.50:130][  0]LogFileCache: Scanning file cache for directory 'F:/Projet/Gamejam/GameJam/GameJamProject/Content/Developers/malin/Collections/' took 0.01s
[2018.09.14-16.06.50:130][  0]LogFileCache: Scanning file cache for directory 'F:/Projet/Gamejam/GameJam/GameJamProject/Content/Collections/' took 0.01s
[2018.09.14-16.06.50:130][  0]LogCollectionManager: Rebuilt the GUID cache for 0 collections in 0.000000 seconds
[2018.09.14-16.06.50:139][  0]LogContentBrowser: Native class hierarchy populated in 0.0084 seconds. Added 2572 classes and 603 folders.
[2018.09.14-16.06.50:144][  0]LogContentBrowser: Native class hierarchy updated for 'WidgetCarousel' in 0.0002 seconds. Added 0 classes and 0 folders.
[2018.09.14-16.06.50:185][  0]LogContentBrowser: Native class hierarchy updated for 'AddContentDialog' in 0.0002 seconds. Added 0 classes and 0 folders.
[2018.09.14-16.06.50:189][  0]LogContentBrowser: Native class hierarchy updated for 'SceneOutliner' in 0.0003 seconds. Added 1 classes and 2 folders.
[2018.09.14-16.06.50:202][  0]LogSlate: Took 0.000219 seconds to synchronously load lazily loaded font '../../../Engine/Content/Slate/Fonts/Roboto-Regular.ttf' (155K)
[2018.09.14-16.06.50:204][  0]LogSlate: Took 0.000170 seconds to synchronously load lazily loaded font '../../../Engine/Content/Slate/Fonts/Roboto-Bold.ttf' (160K)
[2018.09.14-16.06.50:209][  0]LogSlate: Took 0.000176 seconds to synchronously load lazily loaded font '../../../Engine/Content/Editor/Slate/Fonts/FontAwesome.ttf' (139K)
[2018.09.14-16.06.50:281][  0]LogRenderer: Reallocating scene render targets to support 1284x672 Format 10 NumSamples 1 (Frame:1).
[2018.09.14-16.06.50:373][  0]LogContentBrowser: Native class hierarchy updated for 'HierarchicalLODOutliner' in 0.0003 seconds. Added 0 classes and 0 folders.
[2018.09.14-16.06.50:373][  0]LogLoad: (Engine Initialization) Total time: 16.12 seconds
[2018.09.14-16.06.50:373][  0]LogLoad: (Engine Initialization) Total Blueprint compile time: 0.00 seconds
[2018.09.14-16.06.50:408][  0]LogContentStreaming: Texture pool size now 1000 MB
[2018.09.14-16.06.50:436][  0]LogSlate: Took 0.000129 seconds to synchronously load lazily loaded font '../../../Engine/Content/Slate/Fonts/Roboto-Light.ttf' (167K)
[2018.09.14-16.06.50:453][  1]LogAssetRegistry: Asset discovery search completed in 3.8799 seconds
[2018.09.14-16.06.50:454][  1]LogCollectionManager: Rebuilt the object cache for 0 collections in 0.000000 seconds (found 0 objects)
[2018.09.14-16.06.50:455][  1]LogCollectionManager: Fixed up redirectors for 0 collections in 0.000040 seconds (updated 0 objects)
[2018.09.14-16.07.00:978][636]LogSlate: FSceneViewport::OnFocusLost() reason 0
[2018.09.14-16.07.02:734][841]SourceControl: fatal: F:/Unreal Engine/UE_4.20/Engine/Content: 'F:/Unreal Engine/UE_4.20/Engine/Content' is outside repository
[2018.09.14-16.07.08:431][841]LogSlate: Window 'Submit Files' being destroyed
[2018.09.14-16.07.11:424][841]LogSourceControl: commit successful: [master 43b9734] stamina
[2018.09.14-16.07.11:888][841]SourceControl: [master 43b9734] stamina
[2018.09.14-16.07.11:888][841]SourceControl:  45 files changed, 79 insertions(+), 3 deletions(-)
[2018.09.14-16.07.11:888][841]SourceControl:  create mode 100644 GameJamProject/Config/DefaultInput.ini
[2018.09.14-16.07.11:888][841]SourceControl:  create mode 100644 GameJamProject/Content/Character/Animations/ThirdPersonIdle.uasset
[2018.09.14-16.07.11:888][841]SourceControl:  create mode 100644 GameJamProject/Content/Character/Animations/ThirdPersonJump_End.uasset
[2018.09.14-16.07.11:888][841]SourceControl:  create mode 100644 GameJamProject/Content/Character/Animations/ThirdPersonJump_Loop.uasset
[2018.09.14-16.07.11:888][841]SourceControl:  create mode 100644 GameJamProject/Content/Character/Animations/ThirdPersonJump_Start.uasset
[2018.09.14-16.07.11:888][841]SourceControl:  create mode 100644 GameJamProject/Content/Character/Animations/ThirdPersonRun.uasset
[2018.09.14-16.07.11:888][841]SourceControl:  create mode 100644 GameJamProject/Content/Character/Animations/ThirdPersonWalk.uasset
[2018.09.14-16.07.11:888][841]SourceControl:  create mode 100644 GameJamProject/Content/Character/Animations/ThirdPerson_AnimBP.uasset
[2018.09.14-16.07.11:888][841]SourceControl:  create mode 100644 GameJamProject/Content/Character/Animations/ThirdPerson_IdleRun_2D.uasset
[2018.09.14-16.07.11:888][841]SourceControl:  create mode 100644 GameJamProject/Content/Character/Animations/ThirdPerson_Jump.uasset
[2018.09.14-16.07.11:888][841]SourceControl:  create mode 100644 GameJamProject/Content/Character/Blueprints/ThirdPersonCharacter.uasset
[2018.09.14-16.07.11:888][841]SourceControl:  create mode 100644 GameJamProject/Content/Character/Blueprints/ThirdPersonGameMode.uasset
[2018.09.14-16.07.11:888][841]SourceControl:  create mode 100644 GameJamProject/Content/Character/Character/Materials/M_UE4Man_Body.uasset
[2018.09.14-16.07.11:888][841]SourceControl:  create mode 100644 GameJamProject/Content/Character/Character/Materials/M_UE4Man_ChestLogo.uasset
[2018.09.14-16.07.11:888][841]SourceControl:  create mode 100644 GameJamProject/Content/Character/Character/Materials/MaterialLayers/ML_GlossyBlack_Latex_UE4.uasset
[2018.09.14-16.07.11:888][841]SourceControl:  create mode 100644 GameJamProject/Content/Character/Character/Materials/MaterialLayers/ML_Plastic_Shiny_Beige.uasset
[2018.09.14-16.07.11:888][841]SourceControl:  create mode 100644 GameJamProject/Content/Character/Character/Materials/MaterialLayers/ML_Plastic_Shiny_Beige_LOGO.uasset
[2018.09.14-16.07.11:888][841]SourceControl:  create mode 100644 GameJamProject/Content/Character/Character/Materials/MaterialLayers/ML_SoftMetal_UE4.uasset
[2018.09.14-16.07.11:888][841]SourceControl:  create mode 100644 GameJamProject/Content/Character/Character/Materials/MaterialLayers/T_ML_Aluminum01.uasset
[2018.09.14-16.07.11:888][841]SourceControl:  create mode 100644 GameJamProject/Content/Character/Character/Materials/MaterialLayers/T_ML_Aluminum01_N.uasset
[2018.09.14-16.07.11:888][841]SourceControl:  create mode 100644 GameJamProject/Content/Character/Character/Materials/MaterialLayers/T_ML_Rubber_Blue_01_D.uasset
[2018.09.14-16.07.11:888][841]SourceControl:  create mode 100644 GameJamProject/Content/Character/Character/Materials/MaterialLayers/T_ML_Rubber_Blue_01_N.uasset
[2018.09.14-16.07.11:888][841]SourceControl:  create mode 100644 GameJamProject/Content/Character/Character/Mesh/SK_Mannequin.uasset
[2018.09.14-16.07.11:888][841]SourceControl:  create mode 100644 GameJamProject/Content/Character/Character/Mesh/SK_Mannequin_PhysicsAsset.uasset
[2018.09.14-16.07.11:888][841]SourceControl:  create mode 100644 GameJamProject/Content/Character/Character/Mesh/UE4_Mannequin_Skeleton.uasset
[2018.09.14-16.07.11:888][841]SourceControl:  create mode 100644 GameJamProject/Content/Character/Character/Textures/UE4Man_Logo_N.uasset
[2018.09.14-16.07.11:888][841]SourceControl:  create mode 100644 GameJamProject/Content/Character/Character/Textures/UE4_LOGO_CARD.uasset
[2018.09.14-16.07.11:888][841]SourceControl:  create mode 100644 GameJamProject/Content/Character/Character/Textures/UE4_Mannequin_MAT_MASKA.uasset
[2018.09.14-16.07.11:888][841]SourceControl:  create mode 100644 GameJamProject/Content/Character/Character/Textures/UE4_Mannequin__normals.uasset
[2018.09.14-16.07.11:888][841]SourceControl:  create mode 100644 GameJamProject/Content/Character/Data/EStaminaConsumptionAction.uasset
[2018.09.14-16.07.11:888][841]SourceControl:  create mode 100644 GameJamProject/Content/Character/Data/SStaminaConceptionValues.uasset
[2018.09.14-16.07.11:888][841]SourceControl:  create mode 100644 GameJamProject/Content/Geometry/Meshes/1M_Cube.uasset
[2018.09.14-16.07.11:888][841]SourceControl:  create mode 100644 GameJamProject/Content/Geometry/Meshes/1M_Cube_Chamfer.uasset
[2018.09.14-16.07.11:888][841]SourceControl:  create mode 100644 GameJamProject/Content/Geometry/Meshes/Bump_StaticMesh.uasset
[2018.09.14-16.07.11:888][841]SourceControl:  create mode 100644 GameJamProject/Content/Geometry/Meshes/CubeMaterial.uasset
[2018.09.14-16.07.11:888][841]SourceControl:  create mode 100644 GameJamProject/Content/Geometry/Meshes/LeftArm_StaticMesh.uasset
[2018.09.14-16.07.11:888][841]SourceControl:  create mode 100644 GameJamProject/Content/Geometry/Meshes/Linear_Stair_StaticMesh.uasset
[2018.09.14-16.07.11:888][841]SourceControl:  create mode 100644 GameJamProject/Content/Geometry/Meshes/RampMaterial.uasset
[2018.09.14-16.07.11:888][841]SourceControl:  create mode 100644 GameJamProject/Content/Geometry/Meshes/Ramp_StaticMesh.uasset
[2018.09.14-16.07.11:888][841]SourceControl:  create mode 100644 GameJamProject/Content/Geometry/Meshes/RightArm_StaticMesh.uasset
[2018.09.14-16.07.11:888][841]SourceControl:  create mode 100644 GameJamProject/Content/Geometry/Meshes/TemplateFloor.uasset
[2018.09.14-16.07.11:888][841]SourceControl:  create mode 100644 GameJamProject/Content/UMG/Ui_Hud.uasset
[2018.09.14-16.07.11:898][841]SourceControl: Commited [master 43b9734] stamina.
[2018.09.14-16.08.15:159][620]LogSlate: FSceneViewport::OnFocusLost() reason 0
[2018.09.14-16.08.19:642][129]LogSlate: Took 0.000189 seconds to synchronously load lazily loaded font '../../../Engine/Content/Slate/Fonts/Roboto-Light.ttf' (167K)
[2018.09.14-16.08.19:649][129]LogAssetEditorManager: Opening Asset editor for WidgetBlueprint /Game/UMG/Ui_Hud.Ui_Hud
[2018.09.14-16.08.20:080][129]LogContentBrowser: Native class hierarchy updated for 'BlueprintGraph' in 0.0006 seconds. Added 116 classes and 0 folders.
[2018.09.14-16.08.20:811][129]LogSlate: Took 0.000208 seconds to synchronously load lazily loaded font '../../../Engine/Content/Slate/Fonts/Roboto-BoldCondensed.ttf' (158K)
